<?xml version="1.0" encoding="UTF-8"?>
<testsuite xmlns:xsi="http://www.w3.org/2001/XMLSchema-instance" xsi:noNamespaceSchemaLocation="https://maven.apache.org/surefire/maven-surefire-plugin/xsd/surefire-test-report-3.0.xsd" version="3.0" name="no.hvl.dat110.unit.tests.TestFilePeers" time="25.427" tests="1" errors="1" skipped="0" failures="0">
  <properties>
    <property name="java.specification.version" value="14"/>
    <property name="sun.jnu.encoding" value="UTF-8"/>
    <property name="java.class.path" value="/mnt/c/Users/xdani/IdeaProjects/dat110-project3-dht-startcode/target/test-classes:/mnt/c/Users/xdani/IdeaProjects/dat110-project3-dht-startcode/target/classes:/home/dhav/.m2/repository/org/apache/logging/log4j/log4j-core/2.20.0/log4j-core-2.20.0.jar:/home/dhav/.m2/repository/org/apache/logging/log4j/log4j-api/2.20.0/log4j-api-2.20.0.jar:/home/dhav/.m2/repository/org/junit/jupiter/junit-jupiter-api/5.9.2/junit-jupiter-api-5.9.2.jar:/home/dhav/.m2/repository/org/opentest4j/opentest4j/1.2.0/opentest4j-1.2.0.jar:/home/dhav/.m2/repository/org/junit/platform/junit-platform-commons/1.9.2/junit-platform-commons-1.9.2.jar:/home/dhav/.m2/repository/org/apiguardian/apiguardian-api/1.1.2/apiguardian-api-1.1.2.jar:"/>
    <property name="java.vm.vendor" value="BellSoft"/>
    <property name="sun.arch.data.model" value="64"/>
    <property name="java.vendor.url" value="https://bell-sw.com/"/>
    <property name="user.timezone" value="Europe/Oslo"/>
    <property name="java.vm.specification.version" value="14"/>
    <property name="os.name" value="Linux"/>
    <property name="sun.java.launcher" value="SUN_STANDARD"/>
    <property name="sun.boot.library.path" value="/opt/java14/lib"/>
    <property name="sun.java.command" value="/mnt/c/Users/xdani/IdeaProjects/dat110-project3-dht-startcode/target/surefire/surefirebooter-20250416151840389_3.jar /mnt/c/Users/xdani/IdeaProjects/dat110-project3-dht-startcode/target/surefire 2025-04-16T15-18-39_946-jvmRun1 surefire-20250416151840389_1tmp surefire_0-20250416151840389_2tmp"/>
    <property name="jdk.debug" value="release"/>
    <property name="surefire.test.class.path" value="/mnt/c/Users/xdani/IdeaProjects/dat110-project3-dht-startcode/target/test-classes:/mnt/c/Users/xdani/IdeaProjects/dat110-project3-dht-startcode/target/classes:/home/dhav/.m2/repository/org/apache/logging/log4j/log4j-core/2.20.0/log4j-core-2.20.0.jar:/home/dhav/.m2/repository/org/apache/logging/log4j/log4j-api/2.20.0/log4j-api-2.20.0.jar:/home/dhav/.m2/repository/org/junit/jupiter/junit-jupiter-api/5.9.2/junit-jupiter-api-5.9.2.jar:/home/dhav/.m2/repository/org/opentest4j/opentest4j/1.2.0/opentest4j-1.2.0.jar:/home/dhav/.m2/repository/org/junit/platform/junit-platform-commons/1.9.2/junit-platform-commons-1.9.2.jar:/home/dhav/.m2/repository/org/apiguardian/apiguardian-api/1.1.2/apiguardian-api-1.1.2.jar:"/>
    <property name="sun.cpu.endian" value="little"/>
    <property name="user.home" value="/home/dhav"/>
    <property name="user.language" value="en"/>
    <property name="java.specification.vendor" value="Oracle Corporation"/>
    <property name="java.version.date" value="2020-07-14"/>
    <property name="java.home" value="/opt/java14"/>
    <property name="file.separator" value="/"/>
    <property name="basedir" value="/mnt/c/Users/xdani/IdeaProjects/dat110-project3-dht-startcode"/>
    <property name="java.vm.compressedOopsMode" value="32-bit"/>
    <property name="line.separator" value="&#10;"/>
    <property name="java.specification.name" value="Java Platform API Specification"/>
    <property name="java.vm.specification.vendor" value="Oracle Corporation"/>
    <property name="surefire.real.class.path" value="/mnt/c/Users/xdani/IdeaProjects/dat110-project3-dht-startcode/target/surefire/surefirebooter-20250416151840389_3.jar"/>
    <property name="sun.management.compiler" value="HotSpot 64-Bit Tiered Compilers"/>
    <property name="java.runtime.version" value="14.0.2+13"/>
    <property name="user.name" value="dhav"/>
    <property name="path.separator" value=":"/>
    <property name="os.version" value="5.15.167.4-microsoft-standard-WSL2"/>
    <property name="java.runtime.name" value="OpenJDK Runtime Environment"/>
    <property name="file.encoding" value="UTF-8"/>
    <property name="java.vm.name" value="OpenJDK 64-Bit Server VM"/>
    <property name="localRepository" value="/home/dhav/.m2/repository"/>
    <property name="java.vendor.url.bug" value="https://bell-sw.com/support"/>
    <property name="java.io.tmpdir" value="/tmp"/>
    <property name="java.version" value="14.0.2"/>
    <property name="user.dir" value="/mnt/c/Users/xdani/IdeaProjects/dat110-project3-dht-startcode"/>
    <property name="os.arch" value="amd64"/>
    <property name="java.vm.specification.name" value="Java Virtual Machine Specification"/>
    <property name="java.library.path" value="/usr/java/packages/lib:/usr/lib64:/lib64:/lib:/usr/lib"/>
    <property name="java.vm.info" value="mixed mode, sharing"/>
    <property name="java.vendor" value="BellSoft"/>
    <property name="java.vm.version" value="14.0.2+13"/>
    <property name="sun.io.unicode.encoding" value="UnicodeLittle"/>
    <property name="java.class.version" value="58.0"/>
  </properties>
  <testcase name="test" classname="no.hvl.dat110.unit.tests.TestFilePeers" time="0.011">
    <error type="java.lang.NullPointerException"><![CDATA[java.lang.NullPointerException
	at no.hvl.dat110.unit.tests.TestFilePeers.lambda$test$0(TestFilePeers.java:50)
	at java.base/java.lang.Iterable.forEach(Iterable.java:75)
	at no.hvl.dat110.unit.tests.TestFilePeers.test(TestFilePeers.java:49)
	at java.base/jdk.internal.reflect.NativeMethodAccessorImpl.invoke0(Native Method)
	at java.base/jdk.internal.reflect.NativeMethodAccessorImpl.invoke(NativeMethodAccessorImpl.java:62)
	at java.base/jdk.internal.reflect.DelegatingMethodAccessorImpl.invoke(DelegatingMethodAccessorImpl.java:43)
	at java.base/java.lang.reflect.Method.invoke(Method.java:564)
	at org.junit.platform.commons.util.ReflectionUtils.invokeMethod(ReflectionUtils.java:727)
	at org.junit.jupiter.engine.execution.MethodInvocation.proceed(MethodInvocation.java:60)
	at org.junit.jupiter.engine.execution.InvocationInterceptorChain$ValidatingInvocation.proceed(InvocationInterceptorChain.java:131)
	at org.junit.jupiter.engine.extension.TimeoutExtension.intercept(TimeoutExtension.java:156)
	at org.junit.jupiter.engine.extension.TimeoutExtension.interceptTestableMethod(TimeoutExtension.java:147)
	at org.junit.jupiter.engine.extension.TimeoutExtension.interceptTestMethod(TimeoutExtension.java:86)
	at org.junit.jupiter.engine.execution.InterceptingExecutableInvoker$ReflectiveInterceptorCall.lambda$ofVoidMethod$0(InterceptingExecutableInvoker.java:103)
	at org.junit.jupiter.engine.execution.InterceptingExecutableInvoker.lambda$invoke$0(InterceptingExecutableInvoker.java:93)
	at org.junit.jupiter.engine.execution.InvocationInterceptorChain$InterceptedInvocation.proceed(InvocationInterceptorChain.java:106)
	at org.junit.jupiter.engine.execution.InvocationInterceptorChain.proceed(InvocationInterceptorChain.java:64)
	at org.junit.jupiter.engine.execution.InvocationInterceptorChain.chainAndInvoke(InvocationInterceptorChain.java:45)
	at org.junit.jupiter.engine.execution.InvocationInterceptorChain.invoke(InvocationInterceptorChain.java:37)
	at org.junit.jupiter.engine.execution.InterceptingExecutableInvoker.invoke(InterceptingExecutableInvoker.java:92)
	at org.junit.jupiter.engine.execution.InterceptingExecutableInvoker.invoke(InterceptingExecutableInvoker.java:86)
	at org.junit.jupiter.engine.descriptor.TestMethodTestDescriptor.lambda$invokeTestMethod$7(TestMethodTestDescriptor.java:217)
	at org.junit.platform.engine.support.hierarchical.ThrowableCollector.execute(ThrowableCollector.java:73)
	at org.junit.jupiter.engine.descriptor.TestMethodTestDescriptor.invokeTestMethod(TestMethodTestDescriptor.java:213)
	at org.junit.jupiter.engine.descriptor.TestMethodTestDescriptor.execute(TestMethodTestDescriptor.java:138)
	at org.junit.jupiter.engine.descriptor.TestMethodTestDescriptor.execute(TestMethodTestDescriptor.java:68)
	at org.junit.platform.engine.support.hierarchical.NodeTestTask.lambda$executeRecursively$6(NodeTestTask.java:151)
	at org.junit.platform.engine.support.hierarchical.ThrowableCollector.execute(ThrowableCollector.java:73)
	at org.junit.platform.engine.support.hierarchical.NodeTestTask.lambda$executeRecursively$8(NodeTestTask.java:141)
	at org.junit.platform.engine.support.hierarchical.Node.around(Node.java:137)
	at org.junit.platform.engine.support.hierarchical.NodeTestTask.lambda$executeRecursively$9(NodeTestTask.java:139)
	at org.junit.platform.engine.support.hierarchical.ThrowableCollector.execute(ThrowableCollector.java:73)
	at org.junit.platform.engine.support.hierarchical.NodeTestTask.executeRecursively(NodeTestTask.java:138)
	at org.junit.platform.engine.support.hierarchical.NodeTestTask.execute(NodeTestTask.java:95)
	at java.base/java.util.ArrayList.forEach(ArrayList.java:1511)
	at org.junit.platform.engine.support.hierarchical.SameThreadHierarchicalTestExecutorService.invokeAll(SameThreadHierarchicalTestExecutorService.java:41)
	at org.junit.platform.engine.support.hierarchical.NodeTestTask.lambda$executeRecursively$6(NodeTestTask.java:155)
	at org.junit.platform.engine.support.hierarchical.ThrowableCollector.execute(ThrowableCollector.java:73)
	at org.junit.platform.engine.support.hierarchical.NodeTestTask.lambda$executeRecursively$8(NodeTestTask.java:141)
	at org.junit.platform.engine.support.hierarchical.Node.around(Node.java:137)
	at org.junit.platform.engine.support.hierarchical.NodeTestTask.lambda$executeRecursively$9(NodeTestTask.java:139)
	at org.junit.platform.engine.support.hierarchical.ThrowableCollector.execute(ThrowableCollector.java:73)
	at org.junit.platform.engine.support.hierarchical.NodeTestTask.executeRecursively(NodeTestTask.java:138)
	at org.junit.platform.engine.support.hierarchical.NodeTestTask.execute(NodeTestTask.java:95)
	at java.base/java.util.ArrayList.forEach(ArrayList.java:1511)
	at org.junit.platform.engine.support.hierarchical.SameThreadHierarchicalTestExecutorService.invokeAll(SameThreadHierarchicalTestExecutorService.java:41)
	at org.junit.platform.engine.support.hierarchical.NodeTestTask.lambda$executeRecursively$6(NodeTestTask.java:155)
	at org.junit.platform.engine.support.hierarchical.ThrowableCollector.execute(ThrowableCollector.java:73)
	at org.junit.platform.engine.support.hierarchical.NodeTestTask.lambda$executeRecursively$8(NodeTestTask.java:141)
	at org.junit.platform.engine.support.hierarchical.Node.around(Node.java:137)
	at org.junit.platform.engine.support.hierarchical.NodeTestTask.lambda$executeRecursively$9(NodeTestTask.java:139)
	at org.junit.platform.engine.support.hierarchical.ThrowableCollector.execute(ThrowableCollector.java:73)
	at org.junit.platform.engine.support.hierarchical.NodeTestTask.executeRecursively(NodeTestTask.java:138)
	at org.junit.platform.engine.support.hierarchical.NodeTestTask.execute(NodeTestTask.java:95)
	at org.junit.platform.engine.support.hierarchical.SameThreadHierarchicalTestExecutorService.submit(SameThreadHierarchicalTestExecutorService.java:35)
	at org.junit.platform.engine.support.hierarchical.HierarchicalTestExecutor.execute(HierarchicalTestExecutor.java:57)
	at org.junit.platform.engine.support.hierarchical.HierarchicalTestEngine.execute(HierarchicalTestEngine.java:54)
	at org.junit.platform.launcher.core.EngineExecutionOrchestrator.execute(EngineExecutionOrchestrator.java:147)
	at org.junit.platform.launcher.core.EngineExecutionOrchestrator.execute(EngineExecutionOrchestrator.java:127)
	at org.junit.platform.launcher.core.EngineExecutionOrchestrator.execute(EngineExecutionOrchestrator.java:90)
	at org.junit.platform.launcher.core.EngineExecutionOrchestrator.lambda$execute$0(EngineExecutionOrchestrator.java:55)
	at org.junit.platform.launcher.core.EngineExecutionOrchestrator.withInterceptedStreams(EngineExecutionOrchestrator.java:102)
	at org.junit.platform.launcher.core.EngineExecutionOrchestrator.execute(EngineExecutionOrchestrator.java:54)
	at org.junit.platform.launcher.core.DefaultLauncher.execute(DefaultLauncher.java:114)
	at org.junit.platform.launcher.core.DefaultLauncher.execute(DefaultLauncher.java:86)
	at org.junit.platform.launcher.core.DefaultLauncherSession$DelegatingLauncher.execute(DefaultLauncherSession.java:86)
	at org.apache.maven.surefire.junitplatform.LazyLauncher.execute(LazyLauncher.java:55)
	at org.apache.maven.surefire.junitplatform.JUnitPlatformProvider.execute(JUnitPlatformProvider.java:223)
	at org.apache.maven.surefire.junitplatform.JUnitPlatformProvider.invokeAllTests(JUnitPlatformProvider.java:175)
	at org.apache.maven.surefire.junitplatform.JUnitPlatformProvider.invoke(JUnitPlatformProvider.java:139)
	at org.apache.maven.surefire.booter.ForkedBooter.runSuitesInProcess(ForkedBooter.java:456)
	at org.apache.maven.surefire.booter.ForkedBooter.execute(ForkedBooter.java:169)
	at org.apache.maven.surefire.booter.ForkedBooter.run(ForkedBooter.java:595)
	at org.apache.maven.surefire.booter.ForkedBooter.main(ForkedBooter.java:581)
]]></error>
    <system-out><![CDATA[2025-04-16 15:18:43 INFO  NodeServer:50 - process1 server is running... 
process1:9091
2025-04-16 15:18:43 INFO  ChordProtocols:107 - New ring created. Node = process1 | Successor = process1 | Predecessor = null
2025-04-16 15:18:45 INFO  NodeServer:50 - process2 server is running... 
process1:9091
2025-04-16 15:18:45 INFO  ChordProtocols:67 - JoinRing-randomNode = process1
2025-04-16 15:18:45 INFO  ChordProtocols:157 - Fixing the FingerTable for Node: process2
2025-04-16 15:18:45 INFO  ChordProtocols:167 - Finger table entry 0: process1
2025-04-16 15:18:45 INFO  ChordProtocols:167 - Finger table entry 1: process1
2025-04-16 15:18:45 INFO  ChordProtocols:167 - Finger table entry 2: process1
2025-04-16 15:18:45 INFO  ChordProtocols:167 - Finger table entry 3: process1
2025-04-16 15:18:45 INFO  ChordProtocols:167 - Finger table entry 4: process1
2025-04-16 15:18:45 INFO  ChordProtocols:167 - Finger table entry 5: process1
2025-04-16 15:18:45 INFO  ChordProtocols:167 - Finger table entry 6: process1
2025-04-16 15:18:45 INFO  ChordProtocols:167 - Finger table entry 7: process1
2025-04-16 15:18:45 INFO  ChordProtocols:167 - Finger table entry 8: process1
2025-04-16 15:18:45 INFO  ChordProtocols:167 - Finger table entry 9: process1
2025-04-16 15:18:45 INFO  ChordProtocols:167 - Finger table entry 10: process1
2025-04-16 15:18:45 INFO  ChordProtocols:167 - Finger table entry 11: process1
2025-04-16 15:18:45 INFO  ChordProtocols:167 - Finger table entry 12: process1
2025-04-16 15:18:45 INFO  ChordProtocols:167 - Finger table entry 13: process1
2025-04-16 15:18:45 INFO  ChordProtocols:167 - Finger table entry 14: process1
2025-04-16 15:18:45 INFO  ChordProtocols:167 - Finger table entry 15: process1
2025-04-16 15:18:45 INFO  ChordProtocols:167 - Finger table entry 16: process1
2025-04-16 15:18:45 INFO  ChordProtocols:167 - Finger table entry 17: process1
2025-04-16 15:18:45 INFO  ChordProtocols:167 - Finger table entry 18: process1
2025-04-16 15:18:45 INFO  ChordProtocols:167 - Finger table entry 19: process1
2025-04-16 15:18:45 INFO  ChordProtocols:167 - Finger table entry 20: process1
2025-04-16 15:18:45 INFO  ChordProtocols:167 - Finger table entry 21: process1
2025-04-16 15:18:45 INFO  ChordProtocols:167 - Finger table entry 22: process1
2025-04-16 15:18:45 INFO  ChordProtocols:167 - Finger table entry 23: process1
2025-04-16 15:18:45 INFO  ChordProtocols:167 - Finger table entry 24: process1
2025-04-16 15:18:45 INFO  ChordProtocols:167 - Finger table entry 25: process1
2025-04-16 15:18:45 INFO  ChordProtocols:167 - Finger table entry 26: process1
2025-04-16 15:18:45 INFO  ChordProtocols:167 - Finger table entry 27: process1
2025-04-16 15:18:45 INFO  ChordProtocols:167 - Finger table entry 28: process1
2025-04-16 15:18:45 INFO  ChordProtocols:167 - Finger table entry 29: process1
2025-04-16 15:18:45 INFO  ChordProtocols:167 - Finger table entry 30: process1
2025-04-16 15:18:45 INFO  ChordProtocols:167 - Finger table entry 31: process1
2025-04-16 15:18:45 INFO  ChordProtocols:167 - Finger table entry 32: process1
2025-04-16 15:18:45 INFO  ChordProtocols:167 - Finger table entry 33: process1
2025-04-16 15:18:45 INFO  ChordProtocols:167 - Finger table entry 34: process1
2025-04-16 15:18:45 INFO  ChordProtocols:167 - Finger table entry 35: process1
2025-04-16 15:18:45 INFO  ChordProtocols:167 - Finger table entry 36: process1
2025-04-16 15:18:45 INFO  ChordProtocols:167 - Finger table entry 37: process1
2025-04-16 15:18:45 INFO  ChordProtocols:167 - Finger table entry 38: process1
2025-04-16 15:18:45 INFO  ChordProtocols:167 - Finger table entry 39: process1
2025-04-16 15:18:45 INFO  ChordProtocols:167 - Finger table entry 40: process1
2025-04-16 15:18:45 INFO  ChordProtocols:167 - Finger table entry 41: process1
2025-04-16 15:18:45 INFO  ChordProtocols:167 - Finger table entry 42: process1
2025-04-16 15:18:45 INFO  ChordProtocols:167 - Finger table entry 43: process1
2025-04-16 15:18:45 INFO  ChordProtocols:167 - Finger table entry 44: process1
2025-04-16 15:18:45 INFO  ChordProtocols:167 - Finger table entry 45: process1
2025-04-16 15:18:45 INFO  ChordProtocols:167 - Finger table entry 46: process1
2025-04-16 15:18:45 INFO  ChordProtocols:167 - Finger table entry 47: process1
2025-04-16 15:18:45 INFO  ChordProtocols:167 - Finger table entry 48: process1
2025-04-16 15:18:45 INFO  ChordProtocols:167 - Finger table entry 49: process1
2025-04-16 15:18:45 INFO  ChordProtocols:167 - Finger table entry 50: process1
2025-04-16 15:18:45 INFO  ChordProtocols:167 - Finger table entry 51: process1
2025-04-16 15:18:45 INFO  ChordProtocols:167 - Finger table entry 52: process1
2025-04-16 15:18:45 INFO  ChordProtocols:167 - Finger table entry 53: process1
2025-04-16 15:18:45 INFO  ChordProtocols:167 - Finger table entry 54: process1
2025-04-16 15:18:45 INFO  ChordProtocols:167 - Finger table entry 55: process1
2025-04-16 15:18:45 INFO  ChordProtocols:167 - Finger table entry 56: process1
2025-04-16 15:18:45 INFO  ChordProtocols:167 - Finger table entry 57: process1
2025-04-16 15:18:45 INFO  ChordProtocols:167 - Finger table entry 58: process1
2025-04-16 15:18:45 INFO  ChordProtocols:167 - Finger table entry 59: process1
2025-04-16 15:18:45 INFO  ChordProtocols:167 - Finger table entry 60: process1
2025-04-16 15:18:45 INFO  ChordProtocols:167 - Finger table entry 61: process1
2025-04-16 15:18:45 INFO  ChordProtocols:167 - Finger table entry 62: process1
2025-04-16 15:18:45 INFO  ChordProtocols:167 - Finger table entry 63: process1
2025-04-16 15:18:45 INFO  ChordProtocols:167 - Finger table entry 64: process1
2025-04-16 15:18:45 INFO  ChordProtocols:167 - Finger table entry 65: process1
2025-04-16 15:18:45 INFO  ChordProtocols:167 - Finger table entry 66: process1
2025-04-16 15:18:45 INFO  ChordProtocols:167 - Finger table entry 67: process1
2025-04-16 15:18:45 INFO  ChordProtocols:167 - Finger table entry 68: process1
2025-04-16 15:18:45 INFO  ChordProtocols:167 - Finger table entry 69: process1
2025-04-16 15:18:45 INFO  ChordProtocols:167 - Finger table entry 70: process1
2025-04-16 15:18:45 INFO  ChordProtocols:167 - Finger table entry 71: process1
2025-04-16 15:18:45 INFO  ChordProtocols:167 - Finger table entry 72: process1
2025-04-16 15:18:45 INFO  ChordProtocols:167 - Finger table entry 73: process1
2025-04-16 15:18:45 INFO  ChordProtocols:167 - Finger table entry 74: process1
2025-04-16 15:18:45 INFO  ChordProtocols:167 - Finger table entry 75: process1
2025-04-16 15:18:45 INFO  ChordProtocols:167 - Finger table entry 76: process1
2025-04-16 15:18:45 INFO  ChordProtocols:167 - Finger table entry 77: process1
2025-04-16 15:18:45 INFO  ChordProtocols:167 - Finger table entry 78: process1
2025-04-16 15:18:45 INFO  ChordProtocols:167 - Finger table entry 79: process1
2025-04-16 15:18:45 INFO  ChordProtocols:167 - Finger table entry 80: process1
2025-04-16 15:18:45 INFO  ChordProtocols:167 - Finger table entry 81: process1
2025-04-16 15:18:45 INFO  ChordProtocols:167 - Finger table entry 82: process1
2025-04-16 15:18:45 INFO  ChordProtocols:167 - Finger table entry 83: process1
2025-04-16 15:18:45 INFO  ChordProtocols:167 - Finger table entry 84: process1
2025-04-16 15:18:45 INFO  ChordProtocols:167 - Finger table entry 85: process1
2025-04-16 15:18:45 INFO  ChordProtocols:167 - Finger table entry 86: process1
2025-04-16 15:18:45 INFO  ChordProtocols:167 - Finger table entry 87: process1
2025-04-16 15:18:45 INFO  ChordProtocols:167 - Finger table entry 88: process1
2025-04-16 15:18:45 INFO  ChordProtocols:167 - Finger table entry 89: process1
2025-04-16 15:18:45 INFO  ChordProtocols:167 - Finger table entry 90: process1
2025-04-16 15:18:45 INFO  ChordProtocols:167 - Finger table entry 91: process1
2025-04-16 15:18:45 INFO  ChordProtocols:167 - Finger table entry 92: process1
2025-04-16 15:18:45 INFO  ChordProtocols:167 - Finger table entry 93: process1
2025-04-16 15:18:45 INFO  ChordProtocols:167 - Finger table entry 94: process1
2025-04-16 15:18:45 INFO  ChordProtocols:167 - Finger table entry 95: process1
2025-04-16 15:18:45 INFO  ChordProtocols:167 - Finger table entry 96: process1
2025-04-16 15:18:45 INFO  ChordProtocols:167 - Finger table entry 97: process1
2025-04-16 15:18:45 INFO  ChordProtocols:167 - Finger table entry 98: process1
2025-04-16 15:18:45 INFO  ChordProtocols:167 - Finger table entry 99: process1
2025-04-16 15:18:45 INFO  ChordProtocols:167 - Finger table entry 100: process1
2025-04-16 15:18:45 INFO  ChordProtocols:167 - Finger table entry 101: process1
2025-04-16 15:18:45 INFO  ChordProtocols:167 - Finger table entry 102: process1
2025-04-16 15:18:45 INFO  ChordProtocols:167 - Finger table entry 103: process1
2025-04-16 15:18:45 INFO  ChordProtocols:167 - Finger table entry 104: process1
2025-04-16 15:18:45 INFO  ChordProtocols:167 - Finger table entry 105: process1
2025-04-16 15:18:45 INFO  ChordProtocols:167 - Finger table entry 106: process1
2025-04-16 15:18:45 INFO  ChordProtocols:167 - Finger table entry 107: process1
2025-04-16 15:18:45 INFO  ChordProtocols:167 - Finger table entry 108: process1
2025-04-16 15:18:45 INFO  ChordProtocols:167 - Finger table entry 109: process1
2025-04-16 15:18:45 INFO  ChordProtocols:167 - Finger table entry 110: process1
2025-04-16 15:18:45 INFO  ChordProtocols:167 - Finger table entry 111: process1
2025-04-16 15:18:45 INFO  ChordProtocols:167 - Finger table entry 112: process1
2025-04-16 15:18:45 INFO  ChordProtocols:167 - Finger table entry 113: process1
2025-04-16 15:18:45 INFO  ChordProtocols:167 - Finger table entry 114: process1
2025-04-16 15:18:45 INFO  ChordProtocols:167 - Finger table entry 115: process1
2025-04-16 15:18:45 INFO  ChordProtocols:167 - Finger table entry 116: process1
2025-04-16 15:18:45 INFO  ChordProtocols:167 - Finger table entry 117: process1
2025-04-16 15:18:45 INFO  ChordProtocols:167 - Finger table entry 118: process1
2025-04-16 15:18:45 INFO  ChordProtocols:167 - Finger table entry 119: process1
2025-04-16 15:18:45 INFO  ChordProtocols:167 - Finger table entry 120: process1
2025-04-16 15:18:45 INFO  ChordProtocols:167 - Finger table entry 121: process1
2025-04-16 15:18:45 INFO  ChordProtocols:167 - Finger table entry 122: process1
2025-04-16 15:18:45 INFO  ChordProtocols:167 - Finger table entry 123: process1
2025-04-16 15:18:45 INFO  ChordProtocols:167 - Finger table entry 124: process1
2025-04-16 15:18:45 INFO  ChordProtocols:167 - Finger table entry 125: process1
2025-04-16 15:18:45 INFO  ChordProtocols:167 - Finger table entry 126: process1
2025-04-16 15:18:45 INFO  ChordProtocols:167 - Finger table entry 127: process1
2025-04-16 15:18:45 INFO  ChordProtocols:167 - Finger table entry 128: process1
2025-04-16 15:18:45 INFO  ChordProtocols:167 - Finger table entry 129: process1
2025-04-16 15:18:45 INFO  ChordProtocols:167 - Finger table entry 130: process1
2025-04-16 15:18:45 INFO  ChordProtocols:167 - Finger table entry 131: process1
2025-04-16 15:18:45 INFO  ChordProtocols:167 - Finger table entry 132: process1
2025-04-16 15:18:45 INFO  ChordProtocols:167 - Finger table entry 133: process1
2025-04-16 15:18:45 INFO  ChordProtocols:167 - Finger table entry 134: process1
2025-04-16 15:18:45 INFO  ChordProtocols:167 - Finger table entry 135: process1
2025-04-16 15:18:45 INFO  ChordProtocols:167 - Finger table entry 136: process1
2025-04-16 15:18:45 INFO  ChordProtocols:167 - Finger table entry 137: process1
2025-04-16 15:18:45 INFO  ChordProtocols:167 - Finger table entry 138: process1
2025-04-16 15:18:45 INFO  ChordProtocols:167 - Finger table entry 139: process1
2025-04-16 15:18:45 INFO  ChordProtocols:167 - Finger table entry 140: process1
2025-04-16 15:18:45 INFO  ChordProtocols:167 - Finger table entry 141: process1
2025-04-16 15:18:45 INFO  ChordProtocols:167 - Finger table entry 142: process1
2025-04-16 15:18:45 INFO  ChordProtocols:167 - Finger table entry 143: process1
2025-04-16 15:18:45 INFO  ChordProtocols:167 - Finger table entry 144: process1
2025-04-16 15:18:45 INFO  ChordProtocols:167 - Finger table entry 145: process1
2025-04-16 15:18:45 INFO  ChordProtocols:167 - Finger table entry 146: process1
2025-04-16 15:18:45 INFO  ChordProtocols:167 - Finger table entry 147: process1
2025-04-16 15:18:45 INFO  ChordProtocols:167 - Finger table entry 148: process1
2025-04-16 15:18:45 INFO  ChordProtocols:167 - Finger table entry 149: process1
2025-04-16 15:18:45 INFO  ChordProtocols:167 - Finger table entry 150: process1
2025-04-16 15:18:45 INFO  ChordProtocols:167 - Finger table entry 151: process1
2025-04-16 15:18:45 INFO  ChordProtocols:167 - Finger table entry 152: process1
2025-04-16 15:18:45 INFO  ChordProtocols:167 - Finger table entry 153: process1
2025-04-16 15:18:45 INFO  ChordProtocols:167 - Finger table entry 154: process1
2025-04-16 15:18:45 INFO  ChordProtocols:167 - Finger table entry 155: process1
2025-04-16 15:18:45 INFO  ChordProtocols:167 - Finger table entry 156: process1
2025-04-16 15:18:45 INFO  ChordProtocols:167 - Finger table entry 157: process1
2025-04-16 15:18:45 INFO  ChordProtocols:167 - Finger table entry 158: process1
2025-04-16 15:18:45 INFO  ChordProtocols:167 - Finger table entry 159: process1
2025-04-16 15:18:45 INFO  ChordLookup:73 - Copy file keys that are <= process2 from successor process1 to process2
2025-04-16 15:18:45 INFO  ChordLookup:94 - Finished copying file keys from successor process1 to process2
2025-04-16 15:18:45 INFO  ChordProtocols:85 - process2 is between null | process1
2025-04-16 15:18:47 INFO  NodeServer:50 - process3 server is running... 
process1:9091
2025-04-16 15:18:47 INFO  ChordProtocols:67 - JoinRing-randomNode = process1
2025-04-16 15:18:47 INFO  ChordProtocols:157 - Fixing the FingerTable for Node: process3
2025-04-16 15:18:47 INFO  ChordProtocols:167 - Finger table entry 0: process1
2025-04-16 15:18:47 INFO  ChordProtocols:167 - Finger table entry 1: process1
2025-04-16 15:18:47 INFO  ChordProtocols:167 - Finger table entry 2: process1
2025-04-16 15:18:47 INFO  ChordProtocols:167 - Finger table entry 3: process1
2025-04-16 15:18:47 INFO  ChordProtocols:167 - Finger table entry 4: process1
2025-04-16 15:18:47 INFO  ChordProtocols:167 - Finger table entry 5: process1
2025-04-16 15:18:47 INFO  ChordProtocols:167 - Finger table entry 6: process1
2025-04-16 15:18:47 INFO  ChordProtocols:167 - Finger table entry 7: process1
2025-04-16 15:18:47 INFO  ChordProtocols:167 - Finger table entry 8: process1
2025-04-16 15:18:47 INFO  ChordProtocols:167 - Finger table entry 9: process1
2025-04-16 15:18:47 INFO  ChordProtocols:167 - Finger table entry 10: process1
2025-04-16 15:18:47 INFO  ChordProtocols:167 - Finger table entry 11: process1
2025-04-16 15:18:47 INFO  ChordProtocols:167 - Finger table entry 12: process1
2025-04-16 15:18:47 INFO  ChordProtocols:167 - Finger table entry 13: process1
2025-04-16 15:18:47 INFO  ChordProtocols:167 - Finger table entry 14: process1
2025-04-16 15:18:47 INFO  ChordProtocols:167 - Finger table entry 15: process1
2025-04-16 15:18:47 INFO  ChordProtocols:167 - Finger table entry 16: process1
2025-04-16 15:18:47 INFO  ChordProtocols:167 - Finger table entry 17: process1
2025-04-16 15:18:47 INFO  ChordProtocols:167 - Finger table entry 18: process1
2025-04-16 15:18:47 INFO  ChordProtocols:167 - Finger table entry 19: process1
2025-04-16 15:18:47 INFO  ChordProtocols:167 - Finger table entry 20: process1
2025-04-16 15:18:47 INFO  ChordProtocols:167 - Finger table entry 21: process1
2025-04-16 15:18:47 INFO  ChordProtocols:167 - Finger table entry 22: process1
2025-04-16 15:18:47 INFO  ChordProtocols:167 - Finger table entry 23: process1
2025-04-16 15:18:47 INFO  ChordProtocols:167 - Finger table entry 24: process1
2025-04-16 15:18:47 INFO  ChordProtocols:167 - Finger table entry 25: process1
2025-04-16 15:18:47 INFO  ChordProtocols:167 - Finger table entry 26: process1
2025-04-16 15:18:47 INFO  ChordProtocols:167 - Finger table entry 27: process1
2025-04-16 15:18:47 INFO  ChordProtocols:167 - Finger table entry 28: process1
2025-04-16 15:18:47 INFO  ChordProtocols:167 - Finger table entry 29: process1
2025-04-16 15:18:47 INFO  ChordProtocols:167 - Finger table entry 30: process1
2025-04-16 15:18:47 INFO  ChordProtocols:167 - Finger table entry 31: process1
2025-04-16 15:18:47 INFO  ChordProtocols:167 - Finger table entry 32: process1
2025-04-16 15:18:47 INFO  ChordProtocols:167 - Finger table entry 33: process1
2025-04-16 15:18:47 INFO  ChordProtocols:167 - Finger table entry 34: process1
2025-04-16 15:18:47 INFO  ChordProtocols:167 - Finger table entry 35: process1
2025-04-16 15:18:47 INFO  ChordProtocols:167 - Finger table entry 36: process1
2025-04-16 15:18:47 INFO  ChordProtocols:167 - Finger table entry 37: process1
2025-04-16 15:18:47 INFO  ChordProtocols:167 - Finger table entry 38: process1
2025-04-16 15:18:47 INFO  ChordProtocols:167 - Finger table entry 39: process1
2025-04-16 15:18:47 INFO  ChordProtocols:167 - Finger table entry 40: process1
2025-04-16 15:18:47 INFO  ChordProtocols:167 - Finger table entry 41: process1
2025-04-16 15:18:47 INFO  ChordProtocols:167 - Finger table entry 42: process1
2025-04-16 15:18:47 INFO  ChordProtocols:167 - Finger table entry 43: process1
2025-04-16 15:18:47 INFO  ChordProtocols:167 - Finger table entry 44: process1
2025-04-16 15:18:47 INFO  ChordProtocols:167 - Finger table entry 45: process1
2025-04-16 15:18:47 INFO  ChordProtocols:167 - Finger table entry 46: process1
2025-04-16 15:18:47 INFO  ChordProtocols:167 - Finger table entry 47: process1
2025-04-16 15:18:47 INFO  ChordProtocols:167 - Finger table entry 48: process1
2025-04-16 15:18:47 INFO  ChordProtocols:167 - Finger table entry 49: process1
2025-04-16 15:18:47 INFO  ChordProtocols:167 - Finger table entry 50: process1
2025-04-16 15:18:47 INFO  ChordProtocols:167 - Finger table entry 51: process1
2025-04-16 15:18:47 INFO  ChordProtocols:167 - Finger table entry 52: process1
2025-04-16 15:18:47 INFO  ChordProtocols:167 - Finger table entry 53: process1
2025-04-16 15:18:47 INFO  ChordProtocols:167 - Finger table entry 54: process1
2025-04-16 15:18:47 INFO  ChordProtocols:167 - Finger table entry 55: process1
2025-04-16 15:18:47 INFO  ChordProtocols:167 - Finger table entry 56: process1
2025-04-16 15:18:47 INFO  ChordProtocols:167 - Finger table entry 57: process1
2025-04-16 15:18:47 INFO  ChordProtocols:167 - Finger table entry 58: process1
2025-04-16 15:18:47 INFO  ChordProtocols:167 - Finger table entry 59: process1
2025-04-16 15:18:47 INFO  ChordProtocols:167 - Finger table entry 60: process1
2025-04-16 15:18:47 INFO  ChordProtocols:167 - Finger table entry 61: process1
2025-04-16 15:18:47 INFO  ChordProtocols:167 - Finger table entry 62: process1
2025-04-16 15:18:47 INFO  ChordProtocols:167 - Finger table entry 63: process1
2025-04-16 15:18:47 INFO  ChordProtocols:167 - Finger table entry 64: process1
2025-04-16 15:18:47 INFO  ChordProtocols:167 - Finger table entry 65: process1
2025-04-16 15:18:47 INFO  ChordProtocols:167 - Finger table entry 66: process1
2025-04-16 15:18:47 INFO  ChordProtocols:167 - Finger table entry 67: process1
2025-04-16 15:18:47 INFO  ChordProtocols:167 - Finger table entry 68: process1
2025-04-16 15:18:47 INFO  ChordProtocols:167 - Finger table entry 69: process1
2025-04-16 15:18:47 INFO  ChordProtocols:167 - Finger table entry 70: process1
2025-04-16 15:18:47 INFO  ChordProtocols:167 - Finger table entry 71: process1
2025-04-16 15:18:47 INFO  ChordProtocols:167 - Finger table entry 72: process1
2025-04-16 15:18:47 INFO  ChordProtocols:167 - Finger table entry 73: process1
2025-04-16 15:18:47 INFO  ChordProtocols:167 - Finger table entry 74: process1
2025-04-16 15:18:47 INFO  ChordProtocols:167 - Finger table entry 75: process1
2025-04-16 15:18:47 INFO  ChordProtocols:167 - Finger table entry 76: process1
2025-04-16 15:18:47 INFO  ChordProtocols:167 - Finger table entry 77: process1
2025-04-16 15:18:47 INFO  ChordProtocols:167 - Finger table entry 78: process1
2025-04-16 15:18:47 INFO  ChordProtocols:167 - Finger table entry 79: process1
2025-04-16 15:18:47 INFO  ChordProtocols:167 - Finger table entry 80: process1
2025-04-16 15:18:47 INFO  ChordProtocols:167 - Finger table entry 81: process1
2025-04-16 15:18:47 INFO  ChordProtocols:167 - Finger table entry 82: process1
2025-04-16 15:18:47 INFO  ChordProtocols:167 - Finger table entry 83: process1
2025-04-16 15:18:47 INFO  ChordProtocols:167 - Finger table entry 84: process1
2025-04-16 15:18:47 INFO  ChordProtocols:167 - Finger table entry 85: process1
2025-04-16 15:18:47 INFO  ChordProtocols:167 - Finger table entry 86: process1
2025-04-16 15:18:47 INFO  ChordProtocols:167 - Finger table entry 87: process1
2025-04-16 15:18:47 INFO  ChordProtocols:167 - Finger table entry 88: process1
2025-04-16 15:18:47 INFO  ChordProtocols:167 - Finger table entry 89: process1
2025-04-16 15:18:47 INFO  ChordProtocols:167 - Finger table entry 90: process1
2025-04-16 15:18:47 INFO  ChordProtocols:167 - Finger table entry 91: process1
2025-04-16 15:18:47 INFO  ChordProtocols:167 - Finger table entry 92: process1
2025-04-16 15:18:47 INFO  ChordProtocols:167 - Finger table entry 93: process1
2025-04-16 15:18:47 INFO  ChordProtocols:167 - Finger table entry 94: process1
2025-04-16 15:18:47 INFO  ChordProtocols:167 - Finger table entry 95: process1
2025-04-16 15:18:47 INFO  ChordProtocols:167 - Finger table entry 96: process1
2025-04-16 15:18:47 INFO  ChordProtocols:167 - Finger table entry 97: process1
2025-04-16 15:18:47 INFO  ChordProtocols:167 - Finger table entry 98: process1
2025-04-16 15:18:47 INFO  ChordProtocols:167 - Finger table entry 99: process1
2025-04-16 15:18:47 INFO  ChordProtocols:167 - Finger table entry 100: process1
2025-04-16 15:18:47 INFO  ChordProtocols:167 - Finger table entry 101: process1
2025-04-16 15:18:47 INFO  ChordProtocols:167 - Finger table entry 102: process1
2025-04-16 15:18:47 INFO  ChordProtocols:167 - Finger table entry 103: process1
2025-04-16 15:18:47 INFO  ChordProtocols:167 - Finger table entry 104: process1
2025-04-16 15:18:47 INFO  ChordProtocols:167 - Finger table entry 105: process1
2025-04-16 15:18:47 INFO  ChordProtocols:167 - Finger table entry 106: process1
2025-04-16 15:18:47 INFO  ChordProtocols:167 - Finger table entry 107: process1
2025-04-16 15:18:47 INFO  ChordProtocols:167 - Finger table entry 108: process1
2025-04-16 15:18:47 INFO  ChordProtocols:167 - Finger table entry 109: process1
2025-04-16 15:18:47 INFO  ChordProtocols:167 - Finger table entry 110: process1
2025-04-16 15:18:47 INFO  ChordProtocols:167 - Finger table entry 111: process1
2025-04-16 15:18:47 INFO  ChordProtocols:167 - Finger table entry 112: process1
2025-04-16 15:18:47 INFO  ChordProtocols:167 - Finger table entry 113: process1
2025-04-16 15:18:47 INFO  ChordProtocols:167 - Finger table entry 114: process1
2025-04-16 15:18:47 INFO  ChordProtocols:167 - Finger table entry 115: process1
2025-04-16 15:18:47 INFO  ChordProtocols:167 - Finger table entry 116: process1
2025-04-16 15:18:47 INFO  ChordProtocols:167 - Finger table entry 117: process1
2025-04-16 15:18:47 INFO  ChordProtocols:167 - Finger table entry 118: process1
2025-04-16 15:18:47 INFO  ChordProtocols:167 - Finger table entry 119: process1
2025-04-16 15:18:47 INFO  ChordProtocols:167 - Finger table entry 120: process1
2025-04-16 15:18:47 INFO  ChordProtocols:167 - Finger table entry 121: process1
2025-04-16 15:18:47 INFO  ChordProtocols:167 - Finger table entry 122: process1
2025-04-16 15:18:47 INFO  ChordProtocols:167 - Finger table entry 123: process1
2025-04-16 15:18:47 INFO  ChordProtocols:167 - Finger table entry 124: process1
2025-04-16 15:18:47 INFO  ChordProtocols:167 - Finger table entry 125: process1
2025-04-16 15:18:47 INFO  ChordProtocols:167 - Finger table entry 126: process1
2025-04-16 15:18:47 INFO  ChordProtocols:167 - Finger table entry 127: process1
2025-04-16 15:18:47 INFO  ChordProtocols:167 - Finger table entry 128: process1
2025-04-16 15:18:47 INFO  ChordProtocols:167 - Finger table entry 129: process1
2025-04-16 15:18:47 INFO  ChordProtocols:167 - Finger table entry 130: process1
2025-04-16 15:18:47 INFO  ChordProtocols:167 - Finger table entry 131: process1
2025-04-16 15:18:47 INFO  ChordProtocols:167 - Finger table entry 132: process1
2025-04-16 15:18:47 INFO  ChordProtocols:167 - Finger table entry 133: process1
2025-04-16 15:18:47 INFO  ChordProtocols:167 - Finger table entry 134: process1
2025-04-16 15:18:47 INFO  ChordProtocols:167 - Finger table entry 135: process1
2025-04-16 15:18:47 INFO  ChordProtocols:167 - Finger table entry 136: process1
2025-04-16 15:18:47 INFO  ChordProtocols:167 - Finger table entry 137: process1
2025-04-16 15:18:47 INFO  ChordProtocols:167 - Finger table entry 138: process1
2025-04-16 15:18:47 INFO  ChordProtocols:167 - Finger table entry 139: process1
2025-04-16 15:18:47 INFO  ChordProtocols:167 - Finger table entry 140: process1
2025-04-16 15:18:47 INFO  ChordProtocols:167 - Finger table entry 141: process1
2025-04-16 15:18:47 INFO  ChordProtocols:167 - Finger table entry 142: process1
2025-04-16 15:18:47 INFO  ChordProtocols:167 - Finger table entry 143: process1
2025-04-16 15:18:47 INFO  ChordProtocols:167 - Finger table entry 144: process1
2025-04-16 15:18:47 INFO  ChordProtocols:167 - Finger table entry 145: process1
2025-04-16 15:18:47 INFO  ChordProtocols:167 - Finger table entry 146: process1
2025-04-16 15:18:47 INFO  ChordProtocols:167 - Finger table entry 147: process1
2025-04-16 15:18:47 INFO  ChordProtocols:167 - Finger table entry 148: process1
2025-04-16 15:18:47 INFO  ChordProtocols:167 - Finger table entry 149: process1
2025-04-16 15:18:47 INFO  ChordProtocols:167 - Finger table entry 150: process1
2025-04-16 15:18:47 INFO  ChordProtocols:167 - Finger table entry 151: process1
2025-04-16 15:18:47 INFO  ChordProtocols:167 - Finger table entry 152: process1
2025-04-16 15:18:47 INFO  ChordProtocols:167 - Finger table entry 153: process1
2025-04-16 15:18:47 INFO  ChordProtocols:167 - Finger table entry 154: process1
2025-04-16 15:18:47 INFO  ChordProtocols:167 - Finger table entry 155: process1
2025-04-16 15:18:47 INFO  ChordProtocols:167 - Finger table entry 156: process1
2025-04-16 15:18:47 INFO  ChordProtocols:167 - Finger table entry 157: process1
2025-04-16 15:18:47 INFO  ChordProtocols:167 - Finger table entry 158: process1
2025-04-16 15:18:47 INFO  ChordProtocols:167 - Finger table entry 159: process1
2025-04-16 15:18:47 INFO  ChordLookup:73 - Copy file keys that are <= process3 from successor process1 to process3
2025-04-16 15:18:47 INFO  ChordLookup:94 - Finished copying file keys from successor process1 to process3
2025-04-16 15:18:47 INFO  ChordProtocols:85 - process3 is between null | process1
2025-04-16 15:18:48 INFO  StabilizationProtocols:130 - Updating the successor for Node: process1
2025-04-16 15:18:48 INFO  StabilizationProtocols:165 - Finished updating the successor for Node: process1
2025-04-16 15:18:48 INFO  StabilizationProtocols:84 - Stabilizing ring from process1...
2025-04-16 15:18:48 INFO  StabilizationProtocols:91 - Stabilize ring: succnode = process1
2025-04-16 15:18:48 INFO  StabilizationProtocols:113 - Finished stabilizing chordring from process1
2025-04-16 15:18:48 INFO  ChordProtocols:157 - Fixing the FingerTable for Node: process1
2025-04-16 15:18:48 INFO  ChordProtocols:167 - Finger table entry 0: process1
2025-04-16 15:18:48 INFO  ChordProtocols:167 - Finger table entry 1: process1
2025-04-16 15:18:48 INFO  ChordProtocols:167 - Finger table entry 2: process1
2025-04-16 15:18:48 INFO  ChordProtocols:167 - Finger table entry 3: process1
2025-04-16 15:18:48 INFO  ChordProtocols:167 - Finger table entry 4: process1
2025-04-16 15:18:48 INFO  ChordProtocols:167 - Finger table entry 5: process1
2025-04-16 15:18:48 INFO  ChordProtocols:167 - Finger table entry 6: process1
2025-04-16 15:18:48 INFO  ChordProtocols:167 - Finger table entry 7: process1
2025-04-16 15:18:48 INFO  ChordProtocols:167 - Finger table entry 8: process1
2025-04-16 15:18:48 INFO  ChordProtocols:167 - Finger table entry 9: process1
2025-04-16 15:18:48 INFO  ChordProtocols:167 - Finger table entry 10: process1
2025-04-16 15:18:48 INFO  ChordProtocols:167 - Finger table entry 11: process1
2025-04-16 15:18:48 INFO  ChordProtocols:167 - Finger table entry 12: process1
2025-04-16 15:18:48 INFO  ChordProtocols:167 - Finger table entry 13: process1
2025-04-16 15:18:48 INFO  ChordProtocols:167 - Finger table entry 14: process1
2025-04-16 15:18:48 INFO  ChordProtocols:167 - Finger table entry 15: process1
2025-04-16 15:18:48 INFO  ChordProtocols:167 - Finger table entry 16: process1
2025-04-16 15:18:48 INFO  ChordProtocols:167 - Finger table entry 17: process1
2025-04-16 15:18:48 INFO  ChordProtocols:167 - Finger table entry 18: process1
2025-04-16 15:18:48 INFO  ChordProtocols:167 - Finger table entry 19: process1
2025-04-16 15:18:48 INFO  ChordProtocols:167 - Finger table entry 20: process1
2025-04-16 15:18:48 INFO  ChordProtocols:167 - Finger table entry 21: process1
2025-04-16 15:18:48 INFO  ChordProtocols:167 - Finger table entry 22: process1
2025-04-16 15:18:48 INFO  ChordProtocols:167 - Finger table entry 23: process1
2025-04-16 15:18:48 INFO  ChordProtocols:167 - Finger table entry 24: process1
2025-04-16 15:18:48 INFO  ChordProtocols:167 - Finger table entry 25: process1
2025-04-16 15:18:48 INFO  ChordProtocols:167 - Finger table entry 26: process1
2025-04-16 15:18:48 INFO  ChordProtocols:167 - Finger table entry 27: process1
2025-04-16 15:18:48 INFO  ChordProtocols:167 - Finger table entry 28: process1
2025-04-16 15:18:48 INFO  ChordProtocols:167 - Finger table entry 29: process1
2025-04-16 15:18:48 INFO  ChordProtocols:167 - Finger table entry 30: process1
2025-04-16 15:18:48 INFO  ChordProtocols:167 - Finger table entry 31: process1
2025-04-16 15:18:48 INFO  ChordProtocols:167 - Finger table entry 32: process1
2025-04-16 15:18:48 INFO  ChordProtocols:167 - Finger table entry 33: process1
2025-04-16 15:18:48 INFO  ChordProtocols:167 - Finger table entry 34: process1
2025-04-16 15:18:48 INFO  ChordProtocols:167 - Finger table entry 35: process1
2025-04-16 15:18:48 INFO  ChordProtocols:167 - Finger table entry 36: process1
2025-04-16 15:18:48 INFO  ChordProtocols:167 - Finger table entry 37: process1
2025-04-16 15:18:48 INFO  ChordProtocols:167 - Finger table entry 38: process1
2025-04-16 15:18:48 INFO  ChordProtocols:167 - Finger table entry 39: process1
2025-04-16 15:18:48 INFO  ChordProtocols:167 - Finger table entry 40: process1
2025-04-16 15:18:48 INFO  ChordProtocols:167 - Finger table entry 41: process1
2025-04-16 15:18:48 INFO  ChordProtocols:167 - Finger table entry 42: process1
2025-04-16 15:18:48 INFO  ChordProtocols:167 - Finger table entry 43: process1
2025-04-16 15:18:48 INFO  ChordProtocols:167 - Finger table entry 44: process1
2025-04-16 15:18:48 INFO  ChordProtocols:167 - Finger table entry 45: process1
2025-04-16 15:18:48 INFO  ChordProtocols:167 - Finger table entry 46: process1
2025-04-16 15:18:48 INFO  ChordProtocols:167 - Finger table entry 47: process1
2025-04-16 15:18:48 INFO  ChordProtocols:167 - Finger table entry 48: process1
2025-04-16 15:18:48 INFO  ChordProtocols:167 - Finger table entry 49: process1
2025-04-16 15:18:48 INFO  ChordProtocols:167 - Finger table entry 50: process1
2025-04-16 15:18:48 INFO  ChordProtocols:167 - Finger table entry 51: process1
2025-04-16 15:18:48 INFO  ChordProtocols:167 - Finger table entry 52: process1
2025-04-16 15:18:48 INFO  ChordProtocols:167 - Finger table entry 53: process1
2025-04-16 15:18:48 INFO  ChordProtocols:167 - Finger table entry 54: process1
2025-04-16 15:18:48 INFO  ChordProtocols:167 - Finger table entry 55: process1
2025-04-16 15:18:48 INFO  ChordProtocols:167 - Finger table entry 56: process1
2025-04-16 15:18:48 INFO  ChordProtocols:167 - Finger table entry 57: process1
2025-04-16 15:18:48 INFO  ChordProtocols:167 - Finger table entry 58: process1
2025-04-16 15:18:48 INFO  ChordProtocols:167 - Finger table entry 59: process1
2025-04-16 15:18:48 INFO  ChordProtocols:167 - Finger table entry 60: process1
2025-04-16 15:18:48 INFO  ChordProtocols:167 - Finger table entry 61: process1
2025-04-16 15:18:48 INFO  ChordProtocols:167 - Finger table entry 62: process1
2025-04-16 15:18:48 INFO  ChordProtocols:167 - Finger table entry 63: process1
2025-04-16 15:18:48 INFO  ChordProtocols:167 - Finger table entry 64: process1
2025-04-16 15:18:48 INFO  ChordProtocols:167 - Finger table entry 65: process1
2025-04-16 15:18:48 INFO  ChordProtocols:167 - Finger table entry 66: process1
2025-04-16 15:18:48 INFO  ChordProtocols:167 - Finger table entry 67: process1
2025-04-16 15:18:48 INFO  ChordProtocols:167 - Finger table entry 68: process1
2025-04-16 15:18:48 INFO  ChordProtocols:167 - Finger table entry 69: process1
2025-04-16 15:18:48 INFO  ChordProtocols:167 - Finger table entry 70: process1
2025-04-16 15:18:48 INFO  ChordProtocols:167 - Finger table entry 71: process1
2025-04-16 15:18:48 INFO  ChordProtocols:167 - Finger table entry 72: process1
2025-04-16 15:18:48 INFO  ChordProtocols:167 - Finger table entry 73: process1
2025-04-16 15:18:48 INFO  ChordProtocols:167 - Finger table entry 74: process1
2025-04-16 15:18:48 INFO  ChordProtocols:167 - Finger table entry 75: process1
2025-04-16 15:18:48 INFO  ChordProtocols:167 - Finger table entry 76: process1
2025-04-16 15:18:48 INFO  ChordProtocols:167 - Finger table entry 77: process1
2025-04-16 15:18:48 INFO  ChordProtocols:167 - Finger table entry 78: process1
2025-04-16 15:18:48 INFO  ChordProtocols:167 - Finger table entry 79: process1
2025-04-16 15:18:48 INFO  ChordProtocols:167 - Finger table entry 80: process1
2025-04-16 15:18:48 INFO  ChordProtocols:167 - Finger table entry 81: process1
2025-04-16 15:18:48 INFO  ChordProtocols:167 - Finger table entry 82: process1
2025-04-16 15:18:48 INFO  ChordProtocols:167 - Finger table entry 83: process1
2025-04-16 15:18:48 INFO  ChordProtocols:167 - Finger table entry 84: process1
2025-04-16 15:18:48 INFO  ChordProtocols:167 - Finger table entry 85: process1
2025-04-16 15:18:48 INFO  ChordProtocols:167 - Finger table entry 86: process1
2025-04-16 15:18:48 INFO  ChordProtocols:167 - Finger table entry 87: process1
2025-04-16 15:18:48 INFO  ChordProtocols:167 - Finger table entry 88: process1
2025-04-16 15:18:48 INFO  ChordProtocols:167 - Finger table entry 89: process1
2025-04-16 15:18:48 INFO  ChordProtocols:167 - Finger table entry 90: process1
2025-04-16 15:18:48 INFO  ChordProtocols:167 - Finger table entry 91: process1
2025-04-16 15:18:48 INFO  ChordProtocols:167 - Finger table entry 92: process1
2025-04-16 15:18:48 INFO  ChordProtocols:167 - Finger table entry 93: process1
2025-04-16 15:18:48 INFO  ChordProtocols:167 - Finger table entry 94: process1
2025-04-16 15:18:48 INFO  ChordProtocols:167 - Finger table entry 95: process1
2025-04-16 15:18:48 INFO  ChordProtocols:167 - Finger table entry 96: process1
2025-04-16 15:18:48 INFO  ChordProtocols:167 - Finger table entry 97: process1
2025-04-16 15:18:48 INFO  ChordProtocols:167 - Finger table entry 98: process1
2025-04-16 15:18:48 INFO  ChordProtocols:167 - Finger table entry 99: process1
2025-04-16 15:18:48 INFO  ChordProtocols:167 - Finger table entry 100: process1
2025-04-16 15:18:48 INFO  ChordProtocols:167 - Finger table entry 101: process1
2025-04-16 15:18:48 INFO  ChordProtocols:167 - Finger table entry 102: process1
2025-04-16 15:18:48 INFO  ChordProtocols:167 - Finger table entry 103: process1
2025-04-16 15:18:48 INFO  ChordProtocols:167 - Finger table entry 104: process1
2025-04-16 15:18:48 INFO  ChordProtocols:167 - Finger table entry 105: process1
2025-04-16 15:18:48 INFO  ChordProtocols:167 - Finger table entry 106: process1
2025-04-16 15:18:48 INFO  ChordProtocols:167 - Finger table entry 107: process1
2025-04-16 15:18:48 INFO  ChordProtocols:167 - Finger table entry 108: process1
2025-04-16 15:18:48 INFO  ChordProtocols:167 - Finger table entry 109: process1
2025-04-16 15:18:48 INFO  ChordProtocols:167 - Finger table entry 110: process1
2025-04-16 15:18:48 INFO  ChordProtocols:167 - Finger table entry 111: process1
2025-04-16 15:18:48 INFO  ChordProtocols:167 - Finger table entry 112: process1
2025-04-16 15:18:48 INFO  ChordProtocols:167 - Finger table entry 113: process1
2025-04-16 15:18:48 INFO  ChordProtocols:167 - Finger table entry 114: process1
2025-04-16 15:18:48 INFO  ChordProtocols:167 - Finger table entry 115: process1
2025-04-16 15:18:48 INFO  ChordProtocols:167 - Finger table entry 116: process1
2025-04-16 15:18:48 INFO  ChordProtocols:167 - Finger table entry 117: process1
2025-04-16 15:18:48 INFO  ChordProtocols:167 - Finger table entry 118: process1
2025-04-16 15:18:48 INFO  ChordProtocols:167 - Finger table entry 119: process1
2025-04-16 15:18:48 INFO  ChordProtocols:167 - Finger table entry 120: process1
2025-04-16 15:18:48 INFO  ChordProtocols:167 - Finger table entry 121: process1
2025-04-16 15:18:48 INFO  ChordProtocols:167 - Finger table entry 122: process1
2025-04-16 15:18:48 INFO  ChordProtocols:167 - Finger table entry 123: process1
2025-04-16 15:18:48 INFO  ChordProtocols:167 - Finger table entry 124: process1
2025-04-16 15:18:48 INFO  ChordProtocols:167 - Finger table entry 125: process1
2025-04-16 15:18:48 INFO  ChordProtocols:167 - Finger table entry 126: process1
2025-04-16 15:18:48 INFO  ChordProtocols:167 - Finger table entry 127: process1
2025-04-16 15:18:48 INFO  ChordProtocols:167 - Finger table entry 128: process1
2025-04-16 15:18:48 INFO  ChordProtocols:167 - Finger table entry 129: process1
2025-04-16 15:18:48 INFO  ChordProtocols:167 - Finger table entry 130: process1
2025-04-16 15:18:48 INFO  ChordProtocols:167 - Finger table entry 131: process1
2025-04-16 15:18:48 INFO  ChordProtocols:167 - Finger table entry 132: process1
2025-04-16 15:18:48 INFO  ChordProtocols:167 - Finger table entry 133: process1
2025-04-16 15:18:48 INFO  ChordProtocols:167 - Finger table entry 134: process1
2025-04-16 15:18:48 INFO  ChordProtocols:167 - Finger table entry 135: process1
2025-04-16 15:18:48 INFO  ChordProtocols:167 - Finger table entry 136: process1
2025-04-16 15:18:48 INFO  ChordProtocols:167 - Finger table entry 137: process1
2025-04-16 15:18:48 INFO  ChordProtocols:167 - Finger table entry 138: process1
2025-04-16 15:18:48 INFO  ChordProtocols:167 - Finger table entry 139: process1
2025-04-16 15:18:48 INFO  ChordProtocols:167 - Finger table entry 140: process1
2025-04-16 15:18:48 INFO  ChordProtocols:167 - Finger table entry 141: process1
2025-04-16 15:18:48 INFO  ChordProtocols:167 - Finger table entry 142: process1
2025-04-16 15:18:48 INFO  ChordProtocols:167 - Finger table entry 143: process1
2025-04-16 15:18:48 INFO  ChordProtocols:167 - Finger table entry 144: process1
2025-04-16 15:18:48 INFO  ChordProtocols:167 - Finger table entry 145: process1
2025-04-16 15:18:48 INFO  ChordProtocols:167 - Finger table entry 146: process1
2025-04-16 15:18:48 INFO  ChordProtocols:167 - Finger table entry 147: process1
2025-04-16 15:18:48 INFO  ChordProtocols:167 - Finger table entry 148: process1
2025-04-16 15:18:48 INFO  ChordProtocols:167 - Finger table entry 149: process1
2025-04-16 15:18:48 INFO  ChordProtocols:167 - Finger table entry 150: process1
2025-04-16 15:18:48 INFO  ChordProtocols:167 - Finger table entry 151: process1
2025-04-16 15:18:48 INFO  ChordProtocols:167 - Finger table entry 152: process1
2025-04-16 15:18:48 INFO  ChordProtocols:167 - Finger table entry 153: process1
2025-04-16 15:18:48 INFO  ChordProtocols:167 - Finger table entry 154: process1
2025-04-16 15:18:48 INFO  ChordProtocols:167 - Finger table entry 155: process1
2025-04-16 15:18:48 INFO  ChordProtocols:167 - Finger table entry 156: process1
2025-04-16 15:18:48 INFO  ChordProtocols:167 - Finger table entry 157: process1
2025-04-16 15:18:48 INFO  ChordProtocols:167 - Finger table entry 158: process1
2025-04-16 15:18:48 INFO  ChordProtocols:167 - Finger table entry 159: process1
2025-04-16 15:18:48 INFO  StabilizationProtocols:60 - Checking the predecessor for Node: process1
==================================
Node Identifier = 53937554629190552131995290006614509577
Node IP address = process1
successor(process1) = process1
predecessor(process1) = process2
Current File keys for process1 => []
==================================
2025-04-16 15:18:49 INFO  NodeServer:50 - process4 server is running... 
process1:9091
2025-04-16 15:18:49 INFO  ChordProtocols:67 - JoinRing-randomNode = process1
2025-04-16 15:18:49 INFO  ChordProtocols:157 - Fixing the FingerTable for Node: process4
2025-04-16 15:18:49 INFO  ChordProtocols:167 - Finger table entry 0: process1
2025-04-16 15:18:49 INFO  ChordProtocols:167 - Finger table entry 1: process1
2025-04-16 15:18:49 INFO  ChordProtocols:167 - Finger table entry 2: process1
2025-04-16 15:18:49 INFO  ChordProtocols:167 - Finger table entry 3: process1
2025-04-16 15:18:49 INFO  ChordProtocols:167 - Finger table entry 4: process1
2025-04-16 15:18:49 INFO  ChordProtocols:167 - Finger table entry 5: process1
2025-04-16 15:18:49 INFO  ChordProtocols:167 - Finger table entry 6: process1
2025-04-16 15:18:49 INFO  ChordProtocols:167 - Finger table entry 7: process1
2025-04-16 15:18:49 INFO  ChordProtocols:167 - Finger table entry 8: process1
2025-04-16 15:18:49 INFO  ChordProtocols:167 - Finger table entry 9: process1
2025-04-16 15:18:49 INFO  ChordProtocols:167 - Finger table entry 10: process1
2025-04-16 15:18:49 INFO  ChordProtocols:167 - Finger table entry 11: process1
2025-04-16 15:18:49 INFO  ChordProtocols:167 - Finger table entry 12: process1
2025-04-16 15:18:49 INFO  ChordProtocols:167 - Finger table entry 13: process1
2025-04-16 15:18:49 INFO  ChordProtocols:167 - Finger table entry 14: process1
2025-04-16 15:18:49 INFO  ChordProtocols:167 - Finger table entry 15: process1
2025-04-16 15:18:49 INFO  ChordProtocols:167 - Finger table entry 16: process1
2025-04-16 15:18:49 INFO  ChordProtocols:167 - Finger table entry 17: process1
2025-04-16 15:18:49 INFO  ChordProtocols:167 - Finger table entry 18: process1
2025-04-16 15:18:49 INFO  ChordProtocols:167 - Finger table entry 19: process1
2025-04-16 15:18:49 INFO  ChordProtocols:167 - Finger table entry 20: process1
2025-04-16 15:18:49 INFO  ChordProtocols:167 - Finger table entry 21: process1
2025-04-16 15:18:49 INFO  ChordProtocols:167 - Finger table entry 22: process1
2025-04-16 15:18:49 INFO  ChordProtocols:167 - Finger table entry 23: process1
2025-04-16 15:18:49 INFO  ChordProtocols:167 - Finger table entry 24: process1
2025-04-16 15:18:49 INFO  ChordProtocols:167 - Finger table entry 25: process1
2025-04-16 15:18:49 INFO  ChordProtocols:167 - Finger table entry 26: process1
2025-04-16 15:18:49 INFO  ChordProtocols:167 - Finger table entry 27: process1
2025-04-16 15:18:49 INFO  ChordProtocols:167 - Finger table entry 28: process1
2025-04-16 15:18:49 INFO  ChordProtocols:167 - Finger table entry 29: process1
2025-04-16 15:18:49 INFO  ChordProtocols:167 - Finger table entry 30: process1
2025-04-16 15:18:49 INFO  ChordProtocols:167 - Finger table entry 31: process1
2025-04-16 15:18:49 INFO  ChordProtocols:167 - Finger table entry 32: process1
2025-04-16 15:18:49 INFO  ChordProtocols:167 - Finger table entry 33: process1
2025-04-16 15:18:49 INFO  ChordProtocols:167 - Finger table entry 34: process1
2025-04-16 15:18:49 INFO  ChordProtocols:167 - Finger table entry 35: process1
2025-04-16 15:18:49 INFO  ChordProtocols:167 - Finger table entry 36: process1
2025-04-16 15:18:49 INFO  ChordProtocols:167 - Finger table entry 37: process1
2025-04-16 15:18:49 INFO  ChordProtocols:167 - Finger table entry 38: process1
2025-04-16 15:18:49 INFO  ChordProtocols:167 - Finger table entry 39: process1
2025-04-16 15:18:49 INFO  ChordProtocols:167 - Finger table entry 40: process1
2025-04-16 15:18:49 INFO  ChordProtocols:167 - Finger table entry 41: process1
2025-04-16 15:18:49 INFO  ChordProtocols:167 - Finger table entry 42: process1
2025-04-16 15:18:49 INFO  ChordProtocols:167 - Finger table entry 43: process1
2025-04-16 15:18:49 INFO  ChordProtocols:167 - Finger table entry 44: process1
2025-04-16 15:18:49 INFO  ChordProtocols:167 - Finger table entry 45: process1
2025-04-16 15:18:49 INFO  ChordProtocols:167 - Finger table entry 46: process1
2025-04-16 15:18:49 INFO  ChordProtocols:167 - Finger table entry 47: process1
2025-04-16 15:18:49 INFO  ChordProtocols:167 - Finger table entry 48: process1
2025-04-16 15:18:49 INFO  ChordProtocols:167 - Finger table entry 49: process1
2025-04-16 15:18:49 INFO  ChordProtocols:167 - Finger table entry 50: process1
2025-04-16 15:18:49 INFO  ChordProtocols:167 - Finger table entry 51: process1
2025-04-16 15:18:49 INFO  ChordProtocols:167 - Finger table entry 52: process1
2025-04-16 15:18:49 INFO  ChordProtocols:167 - Finger table entry 53: process1
2025-04-16 15:18:49 INFO  ChordProtocols:167 - Finger table entry 54: process1
2025-04-16 15:18:49 INFO  ChordProtocols:167 - Finger table entry 55: process1
2025-04-16 15:18:49 INFO  ChordProtocols:167 - Finger table entry 56: process1
2025-04-16 15:18:49 INFO  ChordProtocols:167 - Finger table entry 57: process1
2025-04-16 15:18:49 INFO  ChordProtocols:167 - Finger table entry 58: process1
2025-04-16 15:18:49 INFO  ChordProtocols:167 - Finger table entry 59: process1
2025-04-16 15:18:49 INFO  ChordProtocols:167 - Finger table entry 60: process1
2025-04-16 15:18:49 INFO  ChordProtocols:167 - Finger table entry 61: process1
2025-04-16 15:18:49 INFO  ChordProtocols:167 - Finger table entry 62: process1
2025-04-16 15:18:49 INFO  ChordProtocols:167 - Finger table entry 63: process1
2025-04-16 15:18:49 INFO  ChordProtocols:167 - Finger table entry 64: process1
2025-04-16 15:18:49 INFO  ChordProtocols:167 - Finger table entry 65: process1
2025-04-16 15:18:49 INFO  ChordProtocols:167 - Finger table entry 66: process1
2025-04-16 15:18:49 INFO  ChordProtocols:167 - Finger table entry 67: process1
2025-04-16 15:18:49 INFO  ChordProtocols:167 - Finger table entry 68: process1
2025-04-16 15:18:49 INFO  ChordProtocols:167 - Finger table entry 69: process1
2025-04-16 15:18:49 INFO  ChordProtocols:167 - Finger table entry 70: process1
2025-04-16 15:18:49 INFO  ChordProtocols:167 - Finger table entry 71: process1
2025-04-16 15:18:49 INFO  ChordProtocols:167 - Finger table entry 72: process1
2025-04-16 15:18:49 INFO  ChordProtocols:167 - Finger table entry 73: process1
2025-04-16 15:18:49 INFO  ChordProtocols:167 - Finger table entry 74: process1
2025-04-16 15:18:50 INFO  ChordProtocols:167 - Finger table entry 75: process1
2025-04-16 15:18:50 INFO  ChordProtocols:167 - Finger table entry 76: process1
2025-04-16 15:18:50 INFO  ChordProtocols:167 - Finger table entry 77: process1
2025-04-16 15:18:50 INFO  ChordProtocols:167 - Finger table entry 78: process1
2025-04-16 15:18:50 INFO  ChordProtocols:167 - Finger table entry 79: process1
2025-04-16 15:18:50 INFO  ChordProtocols:167 - Finger table entry 80: process1
2025-04-16 15:18:50 INFO  ChordProtocols:167 - Finger table entry 81: process1
2025-04-16 15:18:50 INFO  ChordProtocols:167 - Finger table entry 82: process1
2025-04-16 15:18:50 INFO  ChordProtocols:167 - Finger table entry 83: process1
2025-04-16 15:18:50 INFO  ChordProtocols:167 - Finger table entry 84: process1
2025-04-16 15:18:50 INFO  ChordProtocols:167 - Finger table entry 85: process1
2025-04-16 15:18:50 INFO  ChordProtocols:167 - Finger table entry 86: process1
2025-04-16 15:18:50 INFO  ChordProtocols:167 - Finger table entry 87: process1
2025-04-16 15:18:50 INFO  ChordProtocols:167 - Finger table entry 88: process1
2025-04-16 15:18:50 INFO  ChordProtocols:167 - Finger table entry 89: process1
2025-04-16 15:18:50 INFO  ChordProtocols:167 - Finger table entry 90: process1
2025-04-16 15:18:50 INFO  ChordProtocols:167 - Finger table entry 91: process1
2025-04-16 15:18:50 INFO  ChordProtocols:167 - Finger table entry 92: process1
2025-04-16 15:18:50 INFO  ChordProtocols:167 - Finger table entry 93: process1
2025-04-16 15:18:50 INFO  ChordProtocols:167 - Finger table entry 94: process1
2025-04-16 15:18:50 INFO  ChordProtocols:167 - Finger table entry 95: process1
2025-04-16 15:18:50 INFO  ChordProtocols:167 - Finger table entry 96: process1
2025-04-16 15:18:50 INFO  ChordProtocols:167 - Finger table entry 97: process1
2025-04-16 15:18:50 INFO  ChordProtocols:167 - Finger table entry 98: process1
2025-04-16 15:18:50 INFO  ChordProtocols:167 - Finger table entry 99: process1
2025-04-16 15:18:50 INFO  ChordProtocols:167 - Finger table entry 100: process1
2025-04-16 15:18:50 INFO  ChordProtocols:167 - Finger table entry 101: process1
2025-04-16 15:18:50 INFO  ChordProtocols:167 - Finger table entry 102: process1
2025-04-16 15:18:50 INFO  ChordProtocols:167 - Finger table entry 103: process1
2025-04-16 15:18:50 INFO  ChordProtocols:167 - Finger table entry 104: process1
2025-04-16 15:18:50 INFO  ChordProtocols:167 - Finger table entry 105: process1
2025-04-16 15:18:50 INFO  ChordProtocols:167 - Finger table entry 106: process1
2025-04-16 15:18:50 INFO  ChordProtocols:167 - Finger table entry 107: process1
2025-04-16 15:18:50 INFO  ChordProtocols:167 - Finger table entry 108: process1
2025-04-16 15:18:50 INFO  ChordProtocols:167 - Finger table entry 109: process1
2025-04-16 15:18:50 INFO  ChordProtocols:167 - Finger table entry 110: process1
2025-04-16 15:18:50 INFO  ChordProtocols:167 - Finger table entry 111: process1
2025-04-16 15:18:50 INFO  ChordProtocols:167 - Finger table entry 112: process1
2025-04-16 15:18:50 INFO  ChordProtocols:167 - Finger table entry 113: process1
2025-04-16 15:18:50 INFO  ChordProtocols:167 - Finger table entry 114: process1
2025-04-16 15:18:50 INFO  ChordProtocols:167 - Finger table entry 115: process1
2025-04-16 15:18:50 INFO  ChordProtocols:167 - Finger table entry 116: process1
2025-04-16 15:18:50 INFO  ChordProtocols:167 - Finger table entry 117: process1
2025-04-16 15:18:50 INFO  ChordProtocols:167 - Finger table entry 118: process1
2025-04-16 15:18:50 INFO  ChordProtocols:167 - Finger table entry 119: process1
2025-04-16 15:18:50 INFO  ChordProtocols:167 - Finger table entry 120: process1
2025-04-16 15:18:50 INFO  ChordProtocols:167 - Finger table entry 121: process1
2025-04-16 15:18:50 INFO  ChordProtocols:167 - Finger table entry 122: process1
2025-04-16 15:18:50 INFO  ChordProtocols:167 - Finger table entry 123: process1
2025-04-16 15:18:50 INFO  ChordProtocols:167 - Finger table entry 124: process1
2025-04-16 15:18:50 INFO  ChordProtocols:167 - Finger table entry 125: process1
2025-04-16 15:18:50 INFO  ChordProtocols:167 - Finger table entry 126: process1
2025-04-16 15:18:50 INFO  ChordProtocols:167 - Finger table entry 127: process1
2025-04-16 15:18:50 INFO  ChordProtocols:167 - Finger table entry 128: process1
2025-04-16 15:18:50 INFO  ChordProtocols:167 - Finger table entry 129: process1
2025-04-16 15:18:50 INFO  ChordProtocols:167 - Finger table entry 130: process1
2025-04-16 15:18:50 INFO  ChordProtocols:167 - Finger table entry 131: process1
2025-04-16 15:18:50 INFO  ChordProtocols:167 - Finger table entry 132: process1
2025-04-16 15:18:50 INFO  ChordProtocols:167 - Finger table entry 133: process1
2025-04-16 15:18:50 INFO  ChordProtocols:167 - Finger table entry 134: process1
2025-04-16 15:18:50 INFO  ChordProtocols:167 - Finger table entry 135: process1
2025-04-16 15:18:50 INFO  ChordProtocols:167 - Finger table entry 136: process1
2025-04-16 15:18:50 INFO  ChordProtocols:167 - Finger table entry 137: process1
2025-04-16 15:18:50 INFO  ChordProtocols:167 - Finger table entry 138: process1
2025-04-16 15:18:50 INFO  ChordProtocols:167 - Finger table entry 139: process1
2025-04-16 15:18:50 INFO  ChordProtocols:167 - Finger table entry 140: process1
2025-04-16 15:18:50 INFO  ChordProtocols:167 - Finger table entry 141: process1
2025-04-16 15:18:50 INFO  ChordProtocols:167 - Finger table entry 142: process1
2025-04-16 15:18:50 INFO  ChordProtocols:167 - Finger table entry 143: process1
2025-04-16 15:18:50 INFO  ChordProtocols:167 - Finger table entry 144: process1
2025-04-16 15:18:50 INFO  ChordProtocols:167 - Finger table entry 145: process1
2025-04-16 15:18:50 INFO  ChordProtocols:167 - Finger table entry 146: process1
2025-04-16 15:18:50 INFO  ChordProtocols:167 - Finger table entry 147: process1
2025-04-16 15:18:50 INFO  ChordProtocols:167 - Finger table entry 148: process1
2025-04-16 15:18:50 INFO  ChordProtocols:167 - Finger table entry 149: process1
2025-04-16 15:18:50 INFO  ChordProtocols:167 - Finger table entry 150: process1
2025-04-16 15:18:50 INFO  ChordProtocols:167 - Finger table entry 151: process1
2025-04-16 15:18:50 INFO  ChordProtocols:167 - Finger table entry 152: process1
2025-04-16 15:18:50 INFO  ChordProtocols:167 - Finger table entry 153: process1
2025-04-16 15:18:50 INFO  ChordProtocols:167 - Finger table entry 154: process1
2025-04-16 15:18:50 INFO  ChordProtocols:167 - Finger table entry 155: process1
2025-04-16 15:18:50 INFO  ChordProtocols:167 - Finger table entry 156: process1
2025-04-16 15:18:50 INFO  ChordProtocols:167 - Finger table entry 157: process1
2025-04-16 15:18:50 INFO  ChordProtocols:167 - Finger table entry 158: process1
2025-04-16 15:18:50 INFO  ChordProtocols:167 - Finger table entry 159: process1
2025-04-16 15:18:50 INFO  ChordLookup:73 - Copy file keys that are <= process4 from successor process1 to process4
2025-04-16 15:18:50 INFO  ChordLookup:94 - Finished copying file keys from successor process1 to process4
2025-04-16 15:18:50 INFO  ChordProtocols:85 - process4 is between null | process1
2025-04-16 15:18:50 INFO  StabilizationProtocols:130 - Updating the successor for Node: process1
2025-04-16 15:18:50 INFO  StabilizationProtocols:165 - Finished updating the successor for Node: process1
2025-04-16 15:18:50 INFO  StabilizationProtocols:84 - Stabilizing ring from process1...
2025-04-16 15:18:50 INFO  StabilizationProtocols:91 - Stabilize ring: succnode = process1
2025-04-16 15:18:50 INFO  StabilizationProtocols:113 - Finished stabilizing chordring from process1
2025-04-16 15:18:50 INFO  ChordProtocols:157 - Fixing the FingerTable for Node: process1
2025-04-16 15:18:50 INFO  ChordProtocols:167 - Finger table entry 0: process1
2025-04-16 15:18:50 INFO  ChordProtocols:167 - Finger table entry 1: process1
2025-04-16 15:18:50 INFO  ChordProtocols:167 - Finger table entry 2: process1
2025-04-16 15:18:50 INFO  ChordProtocols:167 - Finger table entry 3: process1
2025-04-16 15:18:50 INFO  ChordProtocols:167 - Finger table entry 4: process1
2025-04-16 15:18:50 INFO  ChordProtocols:167 - Finger table entry 5: process1
2025-04-16 15:18:50 INFO  ChordProtocols:167 - Finger table entry 6: process1
2025-04-16 15:18:50 INFO  ChordProtocols:167 - Finger table entry 7: process1
2025-04-16 15:18:50 INFO  ChordProtocols:167 - Finger table entry 8: process1
2025-04-16 15:18:50 INFO  ChordProtocols:167 - Finger table entry 9: process1
2025-04-16 15:18:50 INFO  ChordProtocols:167 - Finger table entry 10: process1
2025-04-16 15:18:50 INFO  ChordProtocols:167 - Finger table entry 11: process1
2025-04-16 15:18:50 INFO  ChordProtocols:167 - Finger table entry 12: process1
2025-04-16 15:18:50 INFO  ChordProtocols:167 - Finger table entry 13: process1
2025-04-16 15:18:50 INFO  ChordProtocols:167 - Finger table entry 14: process1
2025-04-16 15:18:50 INFO  ChordProtocols:167 - Finger table entry 15: process1
2025-04-16 15:18:50 INFO  ChordProtocols:167 - Finger table entry 16: process1
2025-04-16 15:18:50 INFO  ChordProtocols:167 - Finger table entry 17: process1
2025-04-16 15:18:50 INFO  ChordProtocols:167 - Finger table entry 18: process1
2025-04-16 15:18:50 INFO  ChordProtocols:167 - Finger table entry 19: process1
2025-04-16 15:18:50 INFO  ChordProtocols:167 - Finger table entry 20: process1
2025-04-16 15:18:50 INFO  ChordProtocols:167 - Finger table entry 21: process1
2025-04-16 15:18:50 INFO  ChordProtocols:167 - Finger table entry 22: process1
2025-04-16 15:18:50 INFO  ChordProtocols:167 - Finger table entry 23: process1
2025-04-16 15:18:50 INFO  ChordProtocols:167 - Finger table entry 24: process1
2025-04-16 15:18:50 INFO  ChordProtocols:167 - Finger table entry 25: process1
2025-04-16 15:18:50 INFO  ChordProtocols:167 - Finger table entry 26: process1
2025-04-16 15:18:50 INFO  ChordProtocols:167 - Finger table entry 27: process1
2025-04-16 15:18:50 INFO  ChordProtocols:167 - Finger table entry 28: process1
2025-04-16 15:18:50 INFO  ChordProtocols:167 - Finger table entry 29: process1
2025-04-16 15:18:50 INFO  ChordProtocols:167 - Finger table entry 30: process1
2025-04-16 15:18:50 INFO  ChordProtocols:167 - Finger table entry 31: process1
2025-04-16 15:18:50 INFO  ChordProtocols:167 - Finger table entry 32: process1
2025-04-16 15:18:50 INFO  ChordProtocols:167 - Finger table entry 33: process1
2025-04-16 15:18:50 INFO  ChordProtocols:167 - Finger table entry 34: process1
2025-04-16 15:18:50 INFO  ChordProtocols:167 - Finger table entry 35: process1
2025-04-16 15:18:50 INFO  ChordProtocols:167 - Finger table entry 36: process1
2025-04-16 15:18:50 INFO  ChordProtocols:167 - Finger table entry 37: process1
2025-04-16 15:18:50 INFO  ChordProtocols:167 - Finger table entry 38: process1
2025-04-16 15:18:50 INFO  ChordProtocols:167 - Finger table entry 39: process1
2025-04-16 15:18:50 INFO  ChordProtocols:167 - Finger table entry 40: process1
2025-04-16 15:18:50 INFO  ChordProtocols:167 - Finger table entry 41: process1
2025-04-16 15:18:50 INFO  ChordProtocols:167 - Finger table entry 42: process1
2025-04-16 15:18:50 INFO  ChordProtocols:167 - Finger table entry 43: process1
2025-04-16 15:18:50 INFO  ChordProtocols:167 - Finger table entry 44: process1
2025-04-16 15:18:50 INFO  ChordProtocols:167 - Finger table entry 45: process1
2025-04-16 15:18:50 INFO  ChordProtocols:167 - Finger table entry 46: process1
2025-04-16 15:18:50 INFO  ChordProtocols:167 - Finger table entry 47: process1
2025-04-16 15:18:50 INFO  ChordProtocols:167 - Finger table entry 48: process1
2025-04-16 15:18:50 INFO  ChordProtocols:167 - Finger table entry 49: process1
2025-04-16 15:18:50 INFO  ChordProtocols:167 - Finger table entry 50: process1
2025-04-16 15:18:50 INFO  ChordProtocols:167 - Finger table entry 51: process1
2025-04-16 15:18:50 INFO  ChordProtocols:167 - Finger table entry 52: process1
2025-04-16 15:18:50 INFO  ChordProtocols:167 - Finger table entry 53: process1
2025-04-16 15:18:50 INFO  ChordProtocols:167 - Finger table entry 54: process1
2025-04-16 15:18:50 INFO  ChordProtocols:167 - Finger table entry 55: process1
2025-04-16 15:18:50 INFO  ChordProtocols:167 - Finger table entry 56: process1
2025-04-16 15:18:50 INFO  ChordProtocols:167 - Finger table entry 57: process1
2025-04-16 15:18:50 INFO  ChordProtocols:167 - Finger table entry 58: process1
2025-04-16 15:18:50 INFO  ChordProtocols:167 - Finger table entry 59: process1
2025-04-16 15:18:50 INFO  ChordProtocols:167 - Finger table entry 60: process1
2025-04-16 15:18:50 INFO  ChordProtocols:167 - Finger table entry 61: process1
2025-04-16 15:18:50 INFO  ChordProtocols:167 - Finger table entry 62: process1
2025-04-16 15:18:50 INFO  ChordProtocols:167 - Finger table entry 63: process1
2025-04-16 15:18:50 INFO  ChordProtocols:167 - Finger table entry 64: process1
2025-04-16 15:18:50 INFO  ChordProtocols:167 - Finger table entry 65: process1
2025-04-16 15:18:50 INFO  ChordProtocols:167 - Finger table entry 66: process1
2025-04-16 15:18:50 INFO  ChordProtocols:167 - Finger table entry 67: process1
2025-04-16 15:18:50 INFO  ChordProtocols:167 - Finger table entry 68: process1
2025-04-16 15:18:50 INFO  ChordProtocols:167 - Finger table entry 69: process1
2025-04-16 15:18:50 INFO  ChordProtocols:167 - Finger table entry 70: process1
2025-04-16 15:18:50 INFO  ChordProtocols:167 - Finger table entry 71: process1
2025-04-16 15:18:50 INFO  ChordProtocols:167 - Finger table entry 72: process1
2025-04-16 15:18:50 INFO  ChordProtocols:167 - Finger table entry 73: process1
2025-04-16 15:18:50 INFO  ChordProtocols:167 - Finger table entry 74: process1
2025-04-16 15:18:50 INFO  ChordProtocols:167 - Finger table entry 75: process1
2025-04-16 15:18:50 INFO  ChordProtocols:167 - Finger table entry 76: process1
2025-04-16 15:18:50 INFO  ChordProtocols:167 - Finger table entry 77: process1
2025-04-16 15:18:50 INFO  ChordProtocols:167 - Finger table entry 78: process1
2025-04-16 15:18:50 INFO  ChordProtocols:167 - Finger table entry 79: process1
2025-04-16 15:18:50 INFO  ChordProtocols:167 - Finger table entry 80: process1
2025-04-16 15:18:50 INFO  ChordProtocols:167 - Finger table entry 81: process1
2025-04-16 15:18:50 INFO  ChordProtocols:167 - Finger table entry 82: process1
2025-04-16 15:18:50 INFO  ChordProtocols:167 - Finger table entry 83: process1
2025-04-16 15:18:50 INFO  ChordProtocols:167 - Finger table entry 84: process1
2025-04-16 15:18:50 INFO  ChordProtocols:167 - Finger table entry 85: process1
2025-04-16 15:18:50 INFO  ChordProtocols:167 - Finger table entry 86: process1
2025-04-16 15:18:50 INFO  ChordProtocols:167 - Finger table entry 87: process1
2025-04-16 15:18:50 INFO  ChordProtocols:167 - Finger table entry 88: process1
2025-04-16 15:18:50 INFO  ChordProtocols:167 - Finger table entry 89: process1
2025-04-16 15:18:50 INFO  ChordProtocols:167 - Finger table entry 90: process1
2025-04-16 15:18:50 INFO  ChordProtocols:167 - Finger table entry 91: process1
2025-04-16 15:18:50 INFO  ChordProtocols:167 - Finger table entry 92: process1
2025-04-16 15:18:50 INFO  ChordProtocols:167 - Finger table entry 93: process1
2025-04-16 15:18:50 INFO  ChordProtocols:167 - Finger table entry 94: process1
2025-04-16 15:18:50 INFO  ChordProtocols:167 - Finger table entry 95: process1
2025-04-16 15:18:50 INFO  ChordProtocols:167 - Finger table entry 96: process1
2025-04-16 15:18:50 INFO  ChordProtocols:167 - Finger table entry 97: process1
2025-04-16 15:18:50 INFO  ChordProtocols:167 - Finger table entry 98: process1
2025-04-16 15:18:50 INFO  ChordProtocols:167 - Finger table entry 99: process1
2025-04-16 15:18:50 INFO  ChordProtocols:167 - Finger table entry 100: process1
2025-04-16 15:18:50 INFO  ChordProtocols:167 - Finger table entry 101: process1
2025-04-16 15:18:50 INFO  ChordProtocols:167 - Finger table entry 102: process1
2025-04-16 15:18:50 INFO  ChordProtocols:167 - Finger table entry 103: process1
2025-04-16 15:18:50 INFO  ChordProtocols:167 - Finger table entry 104: process1
2025-04-16 15:18:50 INFO  ChordProtocols:167 - Finger table entry 105: process1
2025-04-16 15:18:50 INFO  ChordProtocols:167 - Finger table entry 106: process1
2025-04-16 15:18:50 INFO  ChordProtocols:167 - Finger table entry 107: process1
2025-04-16 15:18:50 INFO  ChordProtocols:167 - Finger table entry 108: process1
2025-04-16 15:18:50 INFO  ChordProtocols:167 - Finger table entry 109: process1
2025-04-16 15:18:50 INFO  ChordProtocols:167 - Finger table entry 110: process1
2025-04-16 15:18:50 INFO  ChordProtocols:167 - Finger table entry 111: process1
2025-04-16 15:18:50 INFO  ChordProtocols:167 - Finger table entry 112: process1
2025-04-16 15:18:50 INFO  ChordProtocols:167 - Finger table entry 113: process1
2025-04-16 15:18:50 INFO  ChordProtocols:167 - Finger table entry 114: process1
2025-04-16 15:18:50 INFO  ChordProtocols:167 - Finger table entry 115: process1
2025-04-16 15:18:50 INFO  ChordProtocols:167 - Finger table entry 116: process1
2025-04-16 15:18:50 INFO  ChordProtocols:167 - Finger table entry 117: process1
2025-04-16 15:18:50 INFO  ChordProtocols:167 - Finger table entry 118: process1
2025-04-16 15:18:50 INFO  ChordProtocols:167 - Finger table entry 119: process1
2025-04-16 15:18:50 INFO  ChordProtocols:167 - Finger table entry 120: process1
2025-04-16 15:18:50 INFO  ChordProtocols:167 - Finger table entry 121: process1
2025-04-16 15:18:50 INFO  ChordProtocols:167 - Finger table entry 122: process1
2025-04-16 15:18:50 INFO  ChordProtocols:167 - Finger table entry 123: process1
2025-04-16 15:18:50 INFO  ChordProtocols:167 - Finger table entry 124: process1
2025-04-16 15:18:50 INFO  ChordProtocols:167 - Finger table entry 125: process1
2025-04-16 15:18:50 INFO  ChordProtocols:167 - Finger table entry 126: process1
2025-04-16 15:18:50 INFO  ChordProtocols:167 - Finger table entry 127: process1
2025-04-16 15:18:50 INFO  ChordProtocols:167 - Finger table entry 128: process1
2025-04-16 15:18:50 INFO  ChordProtocols:167 - Finger table entry 129: process1
2025-04-16 15:18:50 INFO  ChordProtocols:167 - Finger table entry 130: process1
2025-04-16 15:18:50 INFO  ChordProtocols:167 - Finger table entry 131: process1
2025-04-16 15:18:50 INFO  ChordProtocols:167 - Finger table entry 132: process1
2025-04-16 15:18:50 INFO  ChordProtocols:167 - Finger table entry 133: process1
2025-04-16 15:18:50 INFO  ChordProtocols:167 - Finger table entry 134: process1
2025-04-16 15:18:50 INFO  ChordProtocols:167 - Finger table entry 135: process1
2025-04-16 15:18:50 INFO  ChordProtocols:167 - Finger table entry 136: process1
2025-04-16 15:18:50 INFO  ChordProtocols:167 - Finger table entry 137: process1
2025-04-16 15:18:50 INFO  ChordProtocols:167 - Finger table entry 138: process1
2025-04-16 15:18:50 INFO  ChordProtocols:167 - Finger table entry 139: process1
2025-04-16 15:18:50 INFO  ChordProtocols:167 - Finger table entry 140: process1
2025-04-16 15:18:50 INFO  ChordProtocols:167 - Finger table entry 141: process1
2025-04-16 15:18:50 INFO  ChordProtocols:167 - Finger table entry 142: process1
2025-04-16 15:18:50 INFO  ChordProtocols:167 - Finger table entry 143: process1
2025-04-16 15:18:50 INFO  ChordProtocols:167 - Finger table entry 144: process1
2025-04-16 15:18:50 INFO  ChordProtocols:167 - Finger table entry 145: process1
2025-04-16 15:18:50 INFO  ChordProtocols:167 - Finger table entry 146: process1
2025-04-16 15:18:50 INFO  ChordProtocols:167 - Finger table entry 147: process1
2025-04-16 15:18:50 INFO  ChordProtocols:167 - Finger table entry 148: process1
2025-04-16 15:18:50 INFO  ChordProtocols:167 - Finger table entry 149: process1
2025-04-16 15:18:50 INFO  ChordProtocols:167 - Finger table entry 150: process1
2025-04-16 15:18:50 INFO  ChordProtocols:167 - Finger table entry 151: process1
2025-04-16 15:18:50 INFO  ChordProtocols:167 - Finger table entry 152: process1
2025-04-16 15:18:50 INFO  ChordProtocols:167 - Finger table entry 153: process1
2025-04-16 15:18:50 INFO  ChordProtocols:167 - Finger table entry 154: process1
2025-04-16 15:18:50 INFO  ChordProtocols:167 - Finger table entry 155: process1
2025-04-16 15:18:50 INFO  ChordProtocols:167 - Finger table entry 156: process1
2025-04-16 15:18:50 INFO  ChordProtocols:167 - Finger table entry 157: process1
2025-04-16 15:18:50 INFO  ChordProtocols:167 - Finger table entry 158: process1
2025-04-16 15:18:50 INFO  ChordProtocols:167 - Finger table entry 159: process1
2025-04-16 15:18:50 INFO  StabilizationProtocols:60 - Checking the predecessor for Node: process1
==================================
Node Identifier = 53937554629190552131995290006614509577
Node IP address = process1
successor(process1) = process1
predecessor(process1) = process2
Current File keys for process1 => []
==================================
2025-04-16 15:18:50 INFO  StabilizationProtocols:130 - Updating the successor for Node: process2
2025-04-16 15:18:50 INFO  StabilizationProtocols:84 - Stabilizing ring from process2...
2025-04-16 15:18:50 INFO  StabilizationProtocols:91 - Stabilize ring: succnode = process1
2025-04-16 15:18:50 INFO  StabilizationProtocols:113 - Finished stabilizing chordring from process2
2025-04-16 15:18:50 INFO  ChordProtocols:157 - Fixing the FingerTable for Node: process2
2025-04-16 15:18:50 INFO  ChordProtocols:167 - Finger table entry 0: process1
2025-04-16 15:18:50 INFO  ChordProtocols:167 - Finger table entry 1: process1
2025-04-16 15:18:50 INFO  ChordProtocols:167 - Finger table entry 2: process1
2025-04-16 15:18:50 INFO  ChordProtocols:167 - Finger table entry 3: process1
2025-04-16 15:18:50 INFO  ChordProtocols:167 - Finger table entry 4: process1
2025-04-16 15:18:50 INFO  ChordProtocols:167 - Finger table entry 5: process1
2025-04-16 15:18:50 INFO  ChordProtocols:167 - Finger table entry 6: process1
2025-04-16 15:18:50 INFO  ChordProtocols:167 - Finger table entry 7: process1
2025-04-16 15:18:50 INFO  ChordProtocols:167 - Finger table entry 8: process1
2025-04-16 15:18:50 INFO  ChordProtocols:167 - Finger table entry 9: process1
2025-04-16 15:18:50 INFO  ChordProtocols:167 - Finger table entry 10: process1
2025-04-16 15:18:50 INFO  ChordProtocols:167 - Finger table entry 11: process1
2025-04-16 15:18:50 INFO  ChordProtocols:167 - Finger table entry 12: process1
2025-04-16 15:18:50 INFO  ChordProtocols:167 - Finger table entry 13: process1
2025-04-16 15:18:50 INFO  ChordProtocols:167 - Finger table entry 14: process1
2025-04-16 15:18:50 INFO  ChordProtocols:167 - Finger table entry 15: process1
2025-04-16 15:18:50 INFO  ChordProtocols:167 - Finger table entry 16: process1
2025-04-16 15:18:50 INFO  ChordProtocols:167 - Finger table entry 17: process1
2025-04-16 15:18:50 INFO  ChordProtocols:167 - Finger table entry 18: process1
2025-04-16 15:18:50 INFO  ChordProtocols:167 - Finger table entry 19: process1
2025-04-16 15:18:50 INFO  ChordProtocols:167 - Finger table entry 20: process1
2025-04-16 15:18:50 INFO  ChordProtocols:167 - Finger table entry 21: process1
2025-04-16 15:18:50 INFO  ChordProtocols:167 - Finger table entry 22: process1
2025-04-16 15:18:50 INFO  ChordProtocols:167 - Finger table entry 23: process1
2025-04-16 15:18:50 INFO  ChordProtocols:167 - Finger table entry 24: process1
2025-04-16 15:18:50 INFO  ChordProtocols:167 - Finger table entry 25: process1
2025-04-16 15:18:50 INFO  ChordProtocols:167 - Finger table entry 26: process1
2025-04-16 15:18:50 INFO  ChordProtocols:167 - Finger table entry 27: process1
2025-04-16 15:18:50 INFO  ChordProtocols:167 - Finger table entry 28: process1
2025-04-16 15:18:50 INFO  ChordProtocols:167 - Finger table entry 29: process1
2025-04-16 15:18:50 INFO  ChordProtocols:167 - Finger table entry 30: process1
2025-04-16 15:18:50 INFO  ChordProtocols:167 - Finger table entry 31: process1
2025-04-16 15:18:50 INFO  ChordProtocols:167 - Finger table entry 32: process1
2025-04-16 15:18:50 INFO  ChordProtocols:167 - Finger table entry 33: process1
2025-04-16 15:18:50 INFO  ChordProtocols:167 - Finger table entry 34: process1
2025-04-16 15:18:50 INFO  ChordProtocols:167 - Finger table entry 35: process1
2025-04-16 15:18:50 INFO  ChordProtocols:167 - Finger table entry 36: process1
2025-04-16 15:18:50 INFO  ChordProtocols:167 - Finger table entry 37: process1
2025-04-16 15:18:50 INFO  ChordProtocols:167 - Finger table entry 38: process1
2025-04-16 15:18:50 INFO  ChordProtocols:167 - Finger table entry 39: process1
2025-04-16 15:18:50 INFO  ChordProtocols:167 - Finger table entry 40: process1
2025-04-16 15:18:50 INFO  ChordProtocols:167 - Finger table entry 41: process1
2025-04-16 15:18:50 INFO  ChordProtocols:167 - Finger table entry 42: process1
2025-04-16 15:18:50 INFO  ChordProtocols:167 - Finger table entry 43: process1
2025-04-16 15:18:50 INFO  ChordProtocols:167 - Finger table entry 44: process1
2025-04-16 15:18:50 INFO  ChordProtocols:167 - Finger table entry 45: process1
2025-04-16 15:18:50 INFO  ChordProtocols:167 - Finger table entry 46: process1
2025-04-16 15:18:50 INFO  ChordProtocols:167 - Finger table entry 47: process1
2025-04-16 15:18:50 INFO  ChordProtocols:167 - Finger table entry 48: process1
2025-04-16 15:18:50 INFO  ChordProtocols:167 - Finger table entry 49: process1
2025-04-16 15:18:50 INFO  ChordProtocols:167 - Finger table entry 50: process1
2025-04-16 15:18:50 INFO  ChordProtocols:167 - Finger table entry 51: process1
2025-04-16 15:18:50 INFO  ChordProtocols:167 - Finger table entry 52: process1
2025-04-16 15:18:50 INFO  ChordProtocols:167 - Finger table entry 53: process1
2025-04-16 15:18:50 INFO  ChordProtocols:167 - Finger table entry 54: process1
2025-04-16 15:18:50 INFO  ChordProtocols:167 - Finger table entry 55: process1
2025-04-16 15:18:50 INFO  ChordProtocols:167 - Finger table entry 56: process1
2025-04-16 15:18:50 INFO  ChordProtocols:167 - Finger table entry 57: process1
2025-04-16 15:18:50 INFO  ChordProtocols:167 - Finger table entry 58: process1
2025-04-16 15:18:50 INFO  ChordProtocols:167 - Finger table entry 59: process1
2025-04-16 15:18:50 INFO  ChordProtocols:167 - Finger table entry 60: process1
2025-04-16 15:18:50 INFO  ChordProtocols:167 - Finger table entry 61: process1
2025-04-16 15:18:50 INFO  ChordProtocols:167 - Finger table entry 62: process1
2025-04-16 15:18:50 INFO  ChordProtocols:167 - Finger table entry 63: process1
2025-04-16 15:18:50 INFO  ChordProtocols:167 - Finger table entry 64: process1
2025-04-16 15:18:50 INFO  ChordProtocols:167 - Finger table entry 65: process1
2025-04-16 15:18:50 INFO  ChordProtocols:167 - Finger table entry 66: process1
2025-04-16 15:18:50 INFO  ChordProtocols:167 - Finger table entry 67: process1
2025-04-16 15:18:50 INFO  ChordProtocols:167 - Finger table entry 68: process1
2025-04-16 15:18:50 INFO  ChordProtocols:167 - Finger table entry 69: process1
2025-04-16 15:18:50 INFO  ChordProtocols:167 - Finger table entry 70: process1
2025-04-16 15:18:50 INFO  ChordProtocols:167 - Finger table entry 71: process1
2025-04-16 15:18:50 INFO  ChordProtocols:167 - Finger table entry 72: process1
2025-04-16 15:18:50 INFO  ChordProtocols:167 - Finger table entry 73: process1
2025-04-16 15:18:50 INFO  ChordProtocols:167 - Finger table entry 74: process1
2025-04-16 15:18:50 INFO  ChordProtocols:167 - Finger table entry 75: process1
2025-04-16 15:18:50 INFO  ChordProtocols:167 - Finger table entry 76: process1
2025-04-16 15:18:50 INFO  ChordProtocols:167 - Finger table entry 77: process1
2025-04-16 15:18:50 INFO  ChordProtocols:167 - Finger table entry 78: process1
2025-04-16 15:18:50 INFO  ChordProtocols:167 - Finger table entry 79: process1
2025-04-16 15:18:50 INFO  ChordProtocols:167 - Finger table entry 80: process1
2025-04-16 15:18:50 INFO  ChordProtocols:167 - Finger table entry 81: process1
2025-04-16 15:18:50 INFO  ChordProtocols:167 - Finger table entry 82: process1
2025-04-16 15:18:50 INFO  ChordProtocols:167 - Finger table entry 83: process1
2025-04-16 15:18:50 INFO  ChordProtocols:167 - Finger table entry 84: process1
2025-04-16 15:18:50 INFO  ChordProtocols:167 - Finger table entry 85: process1
2025-04-16 15:18:50 INFO  ChordProtocols:167 - Finger table entry 86: process1
2025-04-16 15:18:50 INFO  ChordProtocols:167 - Finger table entry 87: process1
2025-04-16 15:18:50 INFO  ChordProtocols:167 - Finger table entry 88: process1
2025-04-16 15:18:50 INFO  ChordProtocols:167 - Finger table entry 89: process1
2025-04-16 15:18:50 INFO  ChordProtocols:167 - Finger table entry 90: process1
2025-04-16 15:18:50 INFO  ChordProtocols:167 - Finger table entry 91: process1
2025-04-16 15:18:50 INFO  ChordProtocols:167 - Finger table entry 92: process1
2025-04-16 15:18:50 INFO  ChordProtocols:167 - Finger table entry 93: process1
2025-04-16 15:18:50 INFO  ChordProtocols:167 - Finger table entry 94: process1
2025-04-16 15:18:50 INFO  ChordProtocols:167 - Finger table entry 95: process1
2025-04-16 15:18:50 INFO  ChordProtocols:167 - Finger table entry 96: process1
2025-04-16 15:18:50 INFO  ChordProtocols:167 - Finger table entry 97: process1
2025-04-16 15:18:50 INFO  ChordProtocols:167 - Finger table entry 98: process1
2025-04-16 15:18:50 INFO  ChordProtocols:167 - Finger table entry 99: process1
2025-04-16 15:18:50 INFO  ChordProtocols:167 - Finger table entry 100: process1
2025-04-16 15:18:50 INFO  ChordProtocols:167 - Finger table entry 101: process1
2025-04-16 15:18:50 INFO  ChordProtocols:167 - Finger table entry 102: process1
2025-04-16 15:18:50 INFO  ChordProtocols:167 - Finger table entry 103: process1
2025-04-16 15:18:50 INFO  ChordProtocols:167 - Finger table entry 104: process1
2025-04-16 15:18:50 INFO  ChordProtocols:167 - Finger table entry 105: process1
2025-04-16 15:18:50 INFO  ChordProtocols:167 - Finger table entry 106: process1
2025-04-16 15:18:50 INFO  ChordProtocols:167 - Finger table entry 107: process1
2025-04-16 15:18:50 INFO  ChordProtocols:167 - Finger table entry 108: process1
2025-04-16 15:18:50 INFO  ChordProtocols:167 - Finger table entry 109: process1
2025-04-16 15:18:50 INFO  ChordProtocols:167 - Finger table entry 110: process1
2025-04-16 15:18:50 INFO  ChordProtocols:167 - Finger table entry 111: process1
2025-04-16 15:18:50 INFO  ChordProtocols:167 - Finger table entry 112: process1
2025-04-16 15:18:50 INFO  ChordProtocols:167 - Finger table entry 113: process1
2025-04-16 15:18:50 INFO  ChordProtocols:167 - Finger table entry 114: process1
2025-04-16 15:18:50 INFO  ChordProtocols:167 - Finger table entry 115: process1
2025-04-16 15:18:50 INFO  ChordProtocols:167 - Finger table entry 116: process1
2025-04-16 15:18:50 INFO  ChordProtocols:167 - Finger table entry 117: process1
2025-04-16 15:18:50 INFO  ChordProtocols:167 - Finger table entry 118: process1
2025-04-16 15:18:50 INFO  ChordProtocols:167 - Finger table entry 119: process1
2025-04-16 15:18:50 INFO  ChordProtocols:167 - Finger table entry 120: process1
2025-04-16 15:18:50 INFO  ChordProtocols:167 - Finger table entry 121: process1
2025-04-16 15:18:50 INFO  ChordProtocols:167 - Finger table entry 122: process1
2025-04-16 15:18:50 INFO  ChordProtocols:167 - Finger table entry 123: process1
2025-04-16 15:18:50 INFO  ChordProtocols:167 - Finger table entry 124: process1
2025-04-16 15:18:50 INFO  ChordProtocols:167 - Finger table entry 125: process1
2025-04-16 15:18:50 INFO  ChordProtocols:167 - Finger table entry 126: process1
2025-04-16 15:18:50 INFO  ChordProtocols:167 - Finger table entry 127: process1
2025-04-16 15:18:50 INFO  ChordProtocols:167 - Finger table entry 128: process1
2025-04-16 15:18:50 INFO  ChordProtocols:167 - Finger table entry 129: process1
2025-04-16 15:18:50 INFO  ChordProtocols:167 - Finger table entry 130: process1
2025-04-16 15:18:50 INFO  ChordProtocols:167 - Finger table entry 131: process1
2025-04-16 15:18:50 INFO  ChordProtocols:167 - Finger table entry 132: process1
2025-04-16 15:18:50 INFO  ChordProtocols:167 - Finger table entry 133: process1
2025-04-16 15:18:50 INFO  ChordProtocols:167 - Finger table entry 134: process1
2025-04-16 15:18:50 INFO  ChordProtocols:167 - Finger table entry 135: process1
2025-04-16 15:18:50 INFO  ChordProtocols:167 - Finger table entry 136: process1
2025-04-16 15:18:50 INFO  ChordProtocols:167 - Finger table entry 137: process1
2025-04-16 15:18:50 INFO  ChordProtocols:167 - Finger table entry 138: process1
2025-04-16 15:18:50 INFO  ChordProtocols:167 - Finger table entry 139: process1
2025-04-16 15:18:50 INFO  ChordProtocols:167 - Finger table entry 140: process1
2025-04-16 15:18:50 INFO  ChordProtocols:167 - Finger table entry 141: process1
2025-04-16 15:18:50 INFO  ChordProtocols:167 - Finger table entry 142: process1
2025-04-16 15:18:50 INFO  ChordProtocols:167 - Finger table entry 143: process1
2025-04-16 15:18:50 INFO  ChordProtocols:167 - Finger table entry 144: process1
2025-04-16 15:18:50 INFO  ChordProtocols:167 - Finger table entry 145: process1
2025-04-16 15:18:50 INFO  ChordProtocols:167 - Finger table entry 146: process1
2025-04-16 15:18:50 INFO  ChordProtocols:167 - Finger table entry 147: process1
2025-04-16 15:18:50 INFO  ChordProtocols:167 - Finger table entry 148: process1
2025-04-16 15:18:50 INFO  ChordProtocols:167 - Finger table entry 149: process1
2025-04-16 15:18:50 INFO  ChordProtocols:167 - Finger table entry 150: process1
2025-04-16 15:18:50 INFO  ChordProtocols:167 - Finger table entry 151: process1
2025-04-16 15:18:50 INFO  ChordProtocols:167 - Finger table entry 152: process1
2025-04-16 15:18:50 INFO  ChordProtocols:167 - Finger table entry 153: process1
2025-04-16 15:18:50 INFO  ChordProtocols:167 - Finger table entry 154: process1
2025-04-16 15:18:50 INFO  ChordProtocols:167 - Finger table entry 155: process1
2025-04-16 15:18:50 INFO  ChordProtocols:167 - Finger table entry 156: process1
2025-04-16 15:18:50 INFO  ChordProtocols:167 - Finger table entry 157: process1
2025-04-16 15:18:50 INFO  ChordProtocols:167 - Finger table entry 158: process1
2025-04-16 15:18:50 INFO  ChordProtocols:167 - Finger table entry 159: process1
2025-04-16 15:18:50 INFO  StabilizationProtocols:60 - Checking the predecessor for Node: process2
==================================
Node Identifier = 15618062003214643351512781541041391612
Node IP address = process2
successor(process2) = process1
predecessor(process2) = process2
Current File keys for process2 => []
==================================
2025-04-16 15:18:52 INFO  NodeServer:50 - process5 server is running... 
process1:9091
2025-04-16 15:18:52 INFO  ChordProtocols:67 - JoinRing-randomNode = process1
2025-04-16 15:18:52 INFO  ChordProtocols:157 - Fixing the FingerTable for Node: process5
2025-04-16 15:18:52 INFO  ChordProtocols:167 - Finger table entry 0: process1
2025-04-16 15:18:52 INFO  ChordProtocols:167 - Finger table entry 1: process1
2025-04-16 15:18:52 INFO  ChordProtocols:167 - Finger table entry 2: process1
2025-04-16 15:18:52 INFO  ChordProtocols:167 - Finger table entry 3: process1
2025-04-16 15:18:52 INFO  ChordProtocols:167 - Finger table entry 4: process1
2025-04-16 15:18:52 INFO  ChordProtocols:167 - Finger table entry 5: process1
2025-04-16 15:18:52 INFO  ChordProtocols:167 - Finger table entry 6: process1
2025-04-16 15:18:52 INFO  ChordProtocols:167 - Finger table entry 7: process1
2025-04-16 15:18:52 INFO  ChordProtocols:167 - Finger table entry 8: process1
2025-04-16 15:18:52 INFO  ChordProtocols:167 - Finger table entry 9: process1
2025-04-16 15:18:52 INFO  ChordProtocols:167 - Finger table entry 10: process1
2025-04-16 15:18:52 INFO  ChordProtocols:167 - Finger table entry 11: process1
2025-04-16 15:18:52 INFO  ChordProtocols:167 - Finger table entry 12: process1
2025-04-16 15:18:52 INFO  ChordProtocols:167 - Finger table entry 13: process1
2025-04-16 15:18:52 INFO  ChordProtocols:167 - Finger table entry 14: process1
2025-04-16 15:18:52 INFO  ChordProtocols:167 - Finger table entry 15: process1
2025-04-16 15:18:52 INFO  ChordProtocols:167 - Finger table entry 16: process1
2025-04-16 15:18:52 INFO  ChordProtocols:167 - Finger table entry 17: process1
2025-04-16 15:18:52 INFO  ChordProtocols:167 - Finger table entry 18: process1
2025-04-16 15:18:52 INFO  ChordProtocols:167 - Finger table entry 19: process1
2025-04-16 15:18:52 INFO  ChordProtocols:167 - Finger table entry 20: process1
2025-04-16 15:18:52 INFO  ChordProtocols:167 - Finger table entry 21: process1
2025-04-16 15:18:52 INFO  ChordProtocols:167 - Finger table entry 22: process1
2025-04-16 15:18:52 INFO  ChordProtocols:167 - Finger table entry 23: process1
2025-04-16 15:18:52 INFO  ChordProtocols:167 - Finger table entry 24: process1
2025-04-16 15:18:52 INFO  ChordProtocols:167 - Finger table entry 25: process1
2025-04-16 15:18:52 INFO  ChordProtocols:167 - Finger table entry 26: process1
2025-04-16 15:18:52 INFO  ChordProtocols:167 - Finger table entry 27: process1
2025-04-16 15:18:52 INFO  ChordProtocols:167 - Finger table entry 28: process1
2025-04-16 15:18:52 INFO  ChordProtocols:167 - Finger table entry 29: process1
2025-04-16 15:18:52 INFO  ChordProtocols:167 - Finger table entry 30: process1
2025-04-16 15:18:52 INFO  ChordProtocols:167 - Finger table entry 31: process1
2025-04-16 15:18:52 INFO  ChordProtocols:167 - Finger table entry 32: process1
2025-04-16 15:18:52 INFO  ChordProtocols:167 - Finger table entry 33: process1
2025-04-16 15:18:52 INFO  ChordProtocols:167 - Finger table entry 34: process1
2025-04-16 15:18:52 INFO  ChordProtocols:167 - Finger table entry 35: process1
2025-04-16 15:18:52 INFO  ChordProtocols:167 - Finger table entry 36: process1
2025-04-16 15:18:52 INFO  ChordProtocols:167 - Finger table entry 37: process1
2025-04-16 15:18:52 INFO  ChordProtocols:167 - Finger table entry 38: process1
2025-04-16 15:18:52 INFO  ChordProtocols:167 - Finger table entry 39: process1
2025-04-16 15:18:52 INFO  ChordProtocols:167 - Finger table entry 40: process1
2025-04-16 15:18:52 INFO  ChordProtocols:167 - Finger table entry 41: process1
2025-04-16 15:18:52 INFO  ChordProtocols:167 - Finger table entry 42: process1
2025-04-16 15:18:52 INFO  ChordProtocols:167 - Finger table entry 43: process1
2025-04-16 15:18:52 INFO  ChordProtocols:167 - Finger table entry 44: process1
2025-04-16 15:18:52 INFO  ChordProtocols:167 - Finger table entry 45: process1
2025-04-16 15:18:52 INFO  ChordProtocols:167 - Finger table entry 46: process1
2025-04-16 15:18:52 INFO  ChordProtocols:167 - Finger table entry 47: process1
2025-04-16 15:18:52 INFO  ChordProtocols:167 - Finger table entry 48: process1
2025-04-16 15:18:52 INFO  ChordProtocols:167 - Finger table entry 49: process1
2025-04-16 15:18:52 INFO  ChordProtocols:167 - Finger table entry 50: process1
2025-04-16 15:18:52 INFO  ChordProtocols:167 - Finger table entry 51: process1
2025-04-16 15:18:52 INFO  ChordProtocols:167 - Finger table entry 52: process1
2025-04-16 15:18:52 INFO  ChordProtocols:167 - Finger table entry 53: process1
2025-04-16 15:18:52 INFO  ChordProtocols:167 - Finger table entry 54: process1
2025-04-16 15:18:52 INFO  ChordProtocols:167 - Finger table entry 55: process1
2025-04-16 15:18:52 INFO  ChordProtocols:167 - Finger table entry 56: process1
2025-04-16 15:18:52 INFO  ChordProtocols:167 - Finger table entry 57: process1
2025-04-16 15:18:52 INFO  ChordProtocols:167 - Finger table entry 58: process1
2025-04-16 15:18:52 INFO  ChordProtocols:167 - Finger table entry 59: process1
2025-04-16 15:18:52 INFO  ChordProtocols:167 - Finger table entry 60: process1
2025-04-16 15:18:52 INFO  ChordProtocols:167 - Finger table entry 61: process1
2025-04-16 15:18:52 INFO  ChordProtocols:167 - Finger table entry 62: process1
2025-04-16 15:18:52 INFO  ChordProtocols:167 - Finger table entry 63: process1
2025-04-16 15:18:52 INFO  ChordProtocols:167 - Finger table entry 64: process1
2025-04-16 15:18:52 INFO  ChordProtocols:167 - Finger table entry 65: process1
2025-04-16 15:18:52 INFO  ChordProtocols:167 - Finger table entry 66: process1
2025-04-16 15:18:52 INFO  ChordProtocols:167 - Finger table entry 67: process1
2025-04-16 15:18:52 INFO  ChordProtocols:167 - Finger table entry 68: process1
2025-04-16 15:18:52 INFO  ChordProtocols:167 - Finger table entry 69: process1
2025-04-16 15:18:52 INFO  ChordProtocols:167 - Finger table entry 70: process1
2025-04-16 15:18:52 INFO  ChordProtocols:167 - Finger table entry 71: process1
2025-04-16 15:18:52 INFO  ChordProtocols:167 - Finger table entry 72: process1
2025-04-16 15:18:52 INFO  ChordProtocols:167 - Finger table entry 73: process1
2025-04-16 15:18:52 INFO  ChordProtocols:167 - Finger table entry 74: process1
2025-04-16 15:18:52 INFO  ChordProtocols:167 - Finger table entry 75: process1
2025-04-16 15:18:52 INFO  ChordProtocols:167 - Finger table entry 76: process1
2025-04-16 15:18:52 INFO  ChordProtocols:167 - Finger table entry 77: process1
2025-04-16 15:18:52 INFO  ChordProtocols:167 - Finger table entry 78: process1
2025-04-16 15:18:52 INFO  ChordProtocols:167 - Finger table entry 79: process1
2025-04-16 15:18:52 INFO  ChordProtocols:167 - Finger table entry 80: process1
2025-04-16 15:18:52 INFO  ChordProtocols:167 - Finger table entry 81: process1
2025-04-16 15:18:52 INFO  ChordProtocols:167 - Finger table entry 82: process1
2025-04-16 15:18:52 INFO  ChordProtocols:167 - Finger table entry 83: process1
2025-04-16 15:18:52 INFO  ChordProtocols:167 - Finger table entry 84: process1
2025-04-16 15:18:52 INFO  ChordProtocols:167 - Finger table entry 85: process1
2025-04-16 15:18:52 INFO  ChordProtocols:167 - Finger table entry 86: process1
2025-04-16 15:18:52 INFO  ChordProtocols:167 - Finger table entry 87: process1
2025-04-16 15:18:52 INFO  ChordProtocols:167 - Finger table entry 88: process1
2025-04-16 15:18:52 INFO  ChordProtocols:167 - Finger table entry 89: process1
2025-04-16 15:18:52 INFO  ChordProtocols:167 - Finger table entry 90: process1
2025-04-16 15:18:52 INFO  ChordProtocols:167 - Finger table entry 91: process1
2025-04-16 15:18:52 INFO  ChordProtocols:167 - Finger table entry 92: process1
2025-04-16 15:18:52 INFO  ChordProtocols:167 - Finger table entry 93: process1
2025-04-16 15:18:52 INFO  ChordProtocols:167 - Finger table entry 94: process1
2025-04-16 15:18:52 INFO  ChordProtocols:167 - Finger table entry 95: process1
2025-04-16 15:18:52 INFO  ChordProtocols:167 - Finger table entry 96: process1
2025-04-16 15:18:52 INFO  ChordProtocols:167 - Finger table entry 97: process1
2025-04-16 15:18:52 INFO  ChordProtocols:167 - Finger table entry 98: process1
2025-04-16 15:18:52 INFO  ChordProtocols:167 - Finger table entry 99: process1
2025-04-16 15:18:52 INFO  ChordProtocols:167 - Finger table entry 100: process1
2025-04-16 15:18:52 INFO  ChordProtocols:167 - Finger table entry 101: process1
2025-04-16 15:18:52 INFO  ChordProtocols:167 - Finger table entry 102: process1
2025-04-16 15:18:52 INFO  ChordProtocols:167 - Finger table entry 103: process1
2025-04-16 15:18:52 INFO  ChordProtocols:167 - Finger table entry 104: process1
2025-04-16 15:18:52 INFO  ChordProtocols:167 - Finger table entry 105: process1
2025-04-16 15:18:52 INFO  ChordProtocols:167 - Finger table entry 106: process1
2025-04-16 15:18:52 INFO  ChordProtocols:167 - Finger table entry 107: process1
2025-04-16 15:18:52 INFO  ChordProtocols:167 - Finger table entry 108: process1
2025-04-16 15:18:52 INFO  ChordProtocols:167 - Finger table entry 109: process1
2025-04-16 15:18:52 INFO  ChordProtocols:167 - Finger table entry 110: process1
2025-04-16 15:18:52 INFO  ChordProtocols:167 - Finger table entry 111: process1
2025-04-16 15:18:52 INFO  ChordProtocols:167 - Finger table entry 112: process1
2025-04-16 15:18:52 INFO  ChordProtocols:167 - Finger table entry 113: process1
2025-04-16 15:18:52 INFO  ChordProtocols:167 - Finger table entry 114: process1
2025-04-16 15:18:52 INFO  ChordProtocols:167 - Finger table entry 115: process1
2025-04-16 15:18:52 INFO  ChordProtocols:167 - Finger table entry 116: process1
2025-04-16 15:18:52 INFO  ChordProtocols:167 - Finger table entry 117: process1
2025-04-16 15:18:52 INFO  ChordProtocols:167 - Finger table entry 118: process1
2025-04-16 15:18:52 INFO  ChordProtocols:167 - Finger table entry 119: process1
2025-04-16 15:18:52 INFO  ChordProtocols:167 - Finger table entry 120: process1
2025-04-16 15:18:52 INFO  ChordProtocols:167 - Finger table entry 121: process1
2025-04-16 15:18:52 INFO  ChordProtocols:167 - Finger table entry 122: process1
2025-04-16 15:18:52 INFO  ChordProtocols:167 - Finger table entry 123: process1
2025-04-16 15:18:52 INFO  ChordProtocols:167 - Finger table entry 124: process1
2025-04-16 15:18:52 INFO  ChordProtocols:167 - Finger table entry 125: process1
2025-04-16 15:18:52 INFO  ChordProtocols:167 - Finger table entry 126: process1
2025-04-16 15:18:52 INFO  ChordProtocols:167 - Finger table entry 127: process1
2025-04-16 15:18:52 INFO  ChordProtocols:167 - Finger table entry 128: process1
2025-04-16 15:18:52 INFO  ChordProtocols:167 - Finger table entry 129: process1
2025-04-16 15:18:52 INFO  ChordProtocols:167 - Finger table entry 130: process1
2025-04-16 15:18:52 INFO  ChordProtocols:167 - Finger table entry 131: process1
2025-04-16 15:18:52 INFO  ChordProtocols:167 - Finger table entry 132: process1
2025-04-16 15:18:52 INFO  ChordProtocols:167 - Finger table entry 133: process1
2025-04-16 15:18:52 INFO  ChordProtocols:167 - Finger table entry 134: process1
2025-04-16 15:18:52 INFO  ChordProtocols:167 - Finger table entry 135: process1
2025-04-16 15:18:52 INFO  ChordProtocols:167 - Finger table entry 136: process1
2025-04-16 15:18:52 INFO  ChordProtocols:167 - Finger table entry 137: process1
2025-04-16 15:18:52 INFO  ChordProtocols:167 - Finger table entry 138: process1
2025-04-16 15:18:52 INFO  ChordProtocols:167 - Finger table entry 139: process1
2025-04-16 15:18:52 INFO  ChordProtocols:167 - Finger table entry 140: process1
2025-04-16 15:18:52 INFO  ChordProtocols:167 - Finger table entry 141: process1
2025-04-16 15:18:52 INFO  ChordProtocols:167 - Finger table entry 142: process1
2025-04-16 15:18:52 INFO  ChordProtocols:167 - Finger table entry 143: process1
2025-04-16 15:18:52 INFO  ChordProtocols:167 - Finger table entry 144: process1
2025-04-16 15:18:52 INFO  ChordProtocols:167 - Finger table entry 145: process1
2025-04-16 15:18:52 INFO  ChordProtocols:167 - Finger table entry 146: process1
2025-04-16 15:18:52 INFO  ChordProtocols:167 - Finger table entry 147: process1
2025-04-16 15:18:52 INFO  ChordProtocols:167 - Finger table entry 148: process1
2025-04-16 15:18:52 INFO  ChordProtocols:167 - Finger table entry 149: process1
2025-04-16 15:18:52 INFO  ChordProtocols:167 - Finger table entry 150: process1
2025-04-16 15:18:52 INFO  ChordProtocols:167 - Finger table entry 151: process1
2025-04-16 15:18:52 INFO  ChordProtocols:167 - Finger table entry 152: process1
2025-04-16 15:18:52 INFO  ChordProtocols:167 - Finger table entry 153: process1
2025-04-16 15:18:52 INFO  ChordProtocols:167 - Finger table entry 154: process1
2025-04-16 15:18:52 INFO  ChordProtocols:167 - Finger table entry 155: process1
2025-04-16 15:18:52 INFO  ChordProtocols:167 - Finger table entry 156: process1
2025-04-16 15:18:52 INFO  ChordProtocols:167 - Finger table entry 157: process1
2025-04-16 15:18:52 INFO  ChordProtocols:167 - Finger table entry 158: process1
2025-04-16 15:18:52 INFO  ChordProtocols:167 - Finger table entry 159: process1
2025-04-16 15:18:52 INFO  ChordLookup:73 - Copy file keys that are <= process5 from successor process1 to process5
2025-04-16 15:18:52 INFO  ChordLookup:94 - Finished copying file keys from successor process1 to process5
2025-04-16 15:18:52 INFO  ChordProtocols:85 - process5 is between null | process1
2025-04-16 15:18:52 INFO  StabilizationProtocols:130 - Updating the successor for Node: process1
2025-04-16 15:18:52 INFO  StabilizationProtocols:165 - Finished updating the successor for Node: process1
2025-04-16 15:18:52 INFO  StabilizationProtocols:84 - Stabilizing ring from process1...
2025-04-16 15:18:52 INFO  StabilizationProtocols:91 - Stabilize ring: succnode = process1
2025-04-16 15:18:52 INFO  StabilizationProtocols:113 - Finished stabilizing chordring from process1
2025-04-16 15:18:52 INFO  ChordProtocols:157 - Fixing the FingerTable for Node: process1
2025-04-16 15:18:52 INFO  ChordProtocols:167 - Finger table entry 0: process1
2025-04-16 15:18:52 INFO  ChordProtocols:167 - Finger table entry 1: process1
2025-04-16 15:18:52 INFO  ChordProtocols:167 - Finger table entry 2: process1
2025-04-16 15:18:52 INFO  ChordProtocols:167 - Finger table entry 3: process1
2025-04-16 15:18:52 INFO  ChordProtocols:167 - Finger table entry 4: process1
2025-04-16 15:18:52 INFO  ChordProtocols:167 - Finger table entry 5: process1
2025-04-16 15:18:52 INFO  ChordProtocols:167 - Finger table entry 6: process1
2025-04-16 15:18:52 INFO  ChordProtocols:167 - Finger table entry 7: process1
2025-04-16 15:18:52 INFO  ChordProtocols:167 - Finger table entry 8: process1
2025-04-16 15:18:52 INFO  ChordProtocols:167 - Finger table entry 9: process1
2025-04-16 15:18:52 INFO  ChordProtocols:167 - Finger table entry 10: process1
2025-04-16 15:18:52 INFO  ChordProtocols:167 - Finger table entry 11: process1
2025-04-16 15:18:52 INFO  ChordProtocols:167 - Finger table entry 12: process1
2025-04-16 15:18:52 INFO  ChordProtocols:167 - Finger table entry 13: process1
2025-04-16 15:18:52 INFO  ChordProtocols:167 - Finger table entry 14: process1
2025-04-16 15:18:52 INFO  ChordProtocols:167 - Finger table entry 15: process1
2025-04-16 15:18:52 INFO  ChordProtocols:167 - Finger table entry 16: process1
2025-04-16 15:18:52 INFO  ChordProtocols:167 - Finger table entry 17: process1
2025-04-16 15:18:52 INFO  ChordProtocols:167 - Finger table entry 18: process1
2025-04-16 15:18:52 INFO  ChordProtocols:167 - Finger table entry 19: process1
2025-04-16 15:18:52 INFO  ChordProtocols:167 - Finger table entry 20: process1
2025-04-16 15:18:52 INFO  ChordProtocols:167 - Finger table entry 21: process1
2025-04-16 15:18:52 INFO  ChordProtocols:167 - Finger table entry 22: process1
2025-04-16 15:18:52 INFO  ChordProtocols:167 - Finger table entry 23: process1
2025-04-16 15:18:52 INFO  ChordProtocols:167 - Finger table entry 24: process1
2025-04-16 15:18:52 INFO  ChordProtocols:167 - Finger table entry 25: process1
2025-04-16 15:18:52 INFO  ChordProtocols:167 - Finger table entry 26: process1
2025-04-16 15:18:52 INFO  ChordProtocols:167 - Finger table entry 27: process1
2025-04-16 15:18:52 INFO  ChordProtocols:167 - Finger table entry 28: process1
2025-04-16 15:18:52 INFO  ChordProtocols:167 - Finger table entry 29: process1
2025-04-16 15:18:52 INFO  ChordProtocols:167 - Finger table entry 30: process1
2025-04-16 15:18:52 INFO  ChordProtocols:167 - Finger table entry 31: process1
2025-04-16 15:18:52 INFO  ChordProtocols:167 - Finger table entry 32: process1
2025-04-16 15:18:52 INFO  ChordProtocols:167 - Finger table entry 33: process1
2025-04-16 15:18:52 INFO  ChordProtocols:167 - Finger table entry 34: process1
2025-04-16 15:18:52 INFO  ChordProtocols:167 - Finger table entry 35: process1
2025-04-16 15:18:52 INFO  ChordProtocols:167 - Finger table entry 36: process1
2025-04-16 15:18:52 INFO  ChordProtocols:167 - Finger table entry 37: process1
2025-04-16 15:18:52 INFO  ChordProtocols:167 - Finger table entry 38: process1
2025-04-16 15:18:52 INFO  ChordProtocols:167 - Finger table entry 39: process1
2025-04-16 15:18:52 INFO  ChordProtocols:167 - Finger table entry 40: process1
2025-04-16 15:18:52 INFO  ChordProtocols:167 - Finger table entry 41: process1
2025-04-16 15:18:52 INFO  ChordProtocols:167 - Finger table entry 42: process1
2025-04-16 15:18:52 INFO  ChordProtocols:167 - Finger table entry 43: process1
2025-04-16 15:18:52 INFO  ChordProtocols:167 - Finger table entry 44: process1
2025-04-16 15:18:52 INFO  ChordProtocols:167 - Finger table entry 45: process1
2025-04-16 15:18:52 INFO  ChordProtocols:167 - Finger table entry 46: process1
2025-04-16 15:18:52 INFO  ChordProtocols:167 - Finger table entry 47: process1
2025-04-16 15:18:52 INFO  ChordProtocols:167 - Finger table entry 48: process1
2025-04-16 15:18:52 INFO  ChordProtocols:167 - Finger table entry 49: process1
2025-04-16 15:18:52 INFO  ChordProtocols:167 - Finger table entry 50: process1
2025-04-16 15:18:52 INFO  ChordProtocols:167 - Finger table entry 51: process1
2025-04-16 15:18:52 INFO  ChordProtocols:167 - Finger table entry 52: process1
2025-04-16 15:18:52 INFO  ChordProtocols:167 - Finger table entry 53: process1
2025-04-16 15:18:52 INFO  ChordProtocols:167 - Finger table entry 54: process1
2025-04-16 15:18:52 INFO  ChordProtocols:167 - Finger table entry 55: process1
2025-04-16 15:18:52 INFO  ChordProtocols:167 - Finger table entry 56: process1
2025-04-16 15:18:52 INFO  ChordProtocols:167 - Finger table entry 57: process1
2025-04-16 15:18:52 INFO  ChordProtocols:167 - Finger table entry 58: process1
2025-04-16 15:18:52 INFO  ChordProtocols:167 - Finger table entry 59: process1
2025-04-16 15:18:52 INFO  ChordProtocols:167 - Finger table entry 60: process1
2025-04-16 15:18:52 INFO  ChordProtocols:167 - Finger table entry 61: process1
2025-04-16 15:18:52 INFO  ChordProtocols:167 - Finger table entry 62: process1
2025-04-16 15:18:52 INFO  ChordProtocols:167 - Finger table entry 63: process1
2025-04-16 15:18:52 INFO  ChordProtocols:167 - Finger table entry 64: process1
2025-04-16 15:18:52 INFO  ChordProtocols:167 - Finger table entry 65: process1
2025-04-16 15:18:52 INFO  ChordProtocols:167 - Finger table entry 66: process1
2025-04-16 15:18:52 INFO  ChordProtocols:167 - Finger table entry 67: process1
2025-04-16 15:18:52 INFO  ChordProtocols:167 - Finger table entry 68: process1
2025-04-16 15:18:52 INFO  ChordProtocols:167 - Finger table entry 69: process1
2025-04-16 15:18:52 INFO  ChordProtocols:167 - Finger table entry 70: process1
2025-04-16 15:18:52 INFO  ChordProtocols:167 - Finger table entry 71: process1
2025-04-16 15:18:52 INFO  ChordProtocols:167 - Finger table entry 72: process1
2025-04-16 15:18:52 INFO  ChordProtocols:167 - Finger table entry 73: process1
2025-04-16 15:18:52 INFO  ChordProtocols:167 - Finger table entry 74: process1
2025-04-16 15:18:52 INFO  ChordProtocols:167 - Finger table entry 75: process1
2025-04-16 15:18:52 INFO  ChordProtocols:167 - Finger table entry 76: process1
2025-04-16 15:18:52 INFO  ChordProtocols:167 - Finger table entry 77: process1
2025-04-16 15:18:52 INFO  ChordProtocols:167 - Finger table entry 78: process1
2025-04-16 15:18:52 INFO  ChordProtocols:167 - Finger table entry 79: process1
2025-04-16 15:18:52 INFO  ChordProtocols:167 - Finger table entry 80: process1
2025-04-16 15:18:52 INFO  ChordProtocols:167 - Finger table entry 81: process1
2025-04-16 15:18:52 INFO  ChordProtocols:167 - Finger table entry 82: process1
2025-04-16 15:18:52 INFO  ChordProtocols:167 - Finger table entry 83: process1
2025-04-16 15:18:52 INFO  ChordProtocols:167 - Finger table entry 84: process1
2025-04-16 15:18:52 INFO  ChordProtocols:167 - Finger table entry 85: process1
2025-04-16 15:18:52 INFO  ChordProtocols:167 - Finger table entry 86: process1
2025-04-16 15:18:52 INFO  ChordProtocols:167 - Finger table entry 87: process1
2025-04-16 15:18:52 INFO  ChordProtocols:167 - Finger table entry 88: process1
2025-04-16 15:18:52 INFO  ChordProtocols:167 - Finger table entry 89: process1
2025-04-16 15:18:52 INFO  ChordProtocols:167 - Finger table entry 90: process1
2025-04-16 15:18:52 INFO  ChordProtocols:167 - Finger table entry 91: process1
2025-04-16 15:18:52 INFO  ChordProtocols:167 - Finger table entry 92: process1
2025-04-16 15:18:52 INFO  ChordProtocols:167 - Finger table entry 93: process1
2025-04-16 15:18:52 INFO  ChordProtocols:167 - Finger table entry 94: process1
2025-04-16 15:18:52 INFO  ChordProtocols:167 - Finger table entry 95: process1
2025-04-16 15:18:52 INFO  ChordProtocols:167 - Finger table entry 96: process1
2025-04-16 15:18:52 INFO  ChordProtocols:167 - Finger table entry 97: process1
2025-04-16 15:18:52 INFO  ChordProtocols:167 - Finger table entry 98: process1
2025-04-16 15:18:52 INFO  ChordProtocols:167 - Finger table entry 99: process1
2025-04-16 15:18:52 INFO  ChordProtocols:167 - Finger table entry 100: process1
2025-04-16 15:18:52 INFO  ChordProtocols:167 - Finger table entry 101: process1
2025-04-16 15:18:52 INFO  ChordProtocols:167 - Finger table entry 102: process1
2025-04-16 15:18:52 INFO  ChordProtocols:167 - Finger table entry 103: process1
2025-04-16 15:18:52 INFO  ChordProtocols:167 - Finger table entry 104: process1
2025-04-16 15:18:52 INFO  ChordProtocols:167 - Finger table entry 105: process1
2025-04-16 15:18:52 INFO  ChordProtocols:167 - Finger table entry 106: process1
2025-04-16 15:18:52 INFO  ChordProtocols:167 - Finger table entry 107: process1
2025-04-16 15:18:52 INFO  ChordProtocols:167 - Finger table entry 108: process1
2025-04-16 15:18:52 INFO  ChordProtocols:167 - Finger table entry 109: process1
2025-04-16 15:18:52 INFO  ChordProtocols:167 - Finger table entry 110: process1
2025-04-16 15:18:52 INFO  ChordProtocols:167 - Finger table entry 111: process1
2025-04-16 15:18:52 INFO  ChordProtocols:167 - Finger table entry 112: process1
2025-04-16 15:18:52 INFO  ChordProtocols:167 - Finger table entry 113: process1
2025-04-16 15:18:52 INFO  ChordProtocols:167 - Finger table entry 114: process1
2025-04-16 15:18:52 INFO  ChordProtocols:167 - Finger table entry 115: process1
2025-04-16 15:18:52 INFO  ChordProtocols:167 - Finger table entry 116: process1
2025-04-16 15:18:52 INFO  ChordProtocols:167 - Finger table entry 117: process1
2025-04-16 15:18:52 INFO  ChordProtocols:167 - Finger table entry 118: process1
2025-04-16 15:18:52 INFO  ChordProtocols:167 - Finger table entry 119: process1
2025-04-16 15:18:52 INFO  ChordProtocols:167 - Finger table entry 120: process1
2025-04-16 15:18:52 INFO  ChordProtocols:167 - Finger table entry 121: process1
2025-04-16 15:18:52 INFO  ChordProtocols:167 - Finger table entry 122: process1
2025-04-16 15:18:52 INFO  ChordProtocols:167 - Finger table entry 123: process1
2025-04-16 15:18:52 INFO  ChordProtocols:167 - Finger table entry 124: process1
2025-04-16 15:18:52 INFO  ChordProtocols:167 - Finger table entry 125: process1
2025-04-16 15:18:52 INFO  ChordProtocols:167 - Finger table entry 126: process1
2025-04-16 15:18:52 INFO  ChordProtocols:167 - Finger table entry 127: process1
2025-04-16 15:18:52 INFO  ChordProtocols:167 - Finger table entry 128: process1
2025-04-16 15:18:52 INFO  ChordProtocols:167 - Finger table entry 129: process1
2025-04-16 15:18:52 INFO  ChordProtocols:167 - Finger table entry 130: process1
2025-04-16 15:18:52 INFO  ChordProtocols:167 - Finger table entry 131: process1
2025-04-16 15:18:52 INFO  ChordProtocols:167 - Finger table entry 132: process1
2025-04-16 15:18:52 INFO  ChordProtocols:167 - Finger table entry 133: process1
2025-04-16 15:18:52 INFO  ChordProtocols:167 - Finger table entry 134: process1
2025-04-16 15:18:52 INFO  ChordProtocols:167 - Finger table entry 135: process1
2025-04-16 15:18:52 INFO  ChordProtocols:167 - Finger table entry 136: process1
2025-04-16 15:18:52 INFO  ChordProtocols:167 - Finger table entry 137: process1
2025-04-16 15:18:52 INFO  ChordProtocols:167 - Finger table entry 138: process1
2025-04-16 15:18:52 INFO  ChordProtocols:167 - Finger table entry 139: process1
2025-04-16 15:18:52 INFO  ChordProtocols:167 - Finger table entry 140: process1
2025-04-16 15:18:52 INFO  ChordProtocols:167 - Finger table entry 141: process1
2025-04-16 15:18:52 INFO  ChordProtocols:167 - Finger table entry 142: process1
2025-04-16 15:18:52 INFO  ChordProtocols:167 - Finger table entry 143: process1
2025-04-16 15:18:52 INFO  ChordProtocols:167 - Finger table entry 144: process1
2025-04-16 15:18:52 INFO  ChordProtocols:167 - Finger table entry 145: process1
2025-04-16 15:18:52 INFO  ChordProtocols:167 - Finger table entry 146: process1
2025-04-16 15:18:52 INFO  ChordProtocols:167 - Finger table entry 147: process1
2025-04-16 15:18:52 INFO  ChordProtocols:167 - Finger table entry 148: process1
2025-04-16 15:18:52 INFO  ChordProtocols:167 - Finger table entry 149: process1
2025-04-16 15:18:52 INFO  ChordProtocols:167 - Finger table entry 150: process1
2025-04-16 15:18:52 INFO  ChordProtocols:167 - Finger table entry 151: process1
2025-04-16 15:18:52 INFO  ChordProtocols:167 - Finger table entry 152: process1
2025-04-16 15:18:52 INFO  ChordProtocols:167 - Finger table entry 153: process1
2025-04-16 15:18:52 INFO  ChordProtocols:167 - Finger table entry 154: process1
2025-04-16 15:18:52 INFO  ChordProtocols:167 - Finger table entry 155: process1
2025-04-16 15:18:52 INFO  ChordProtocols:167 - Finger table entry 156: process1
2025-04-16 15:18:52 INFO  ChordProtocols:167 - Finger table entry 157: process1
2025-04-16 15:18:52 INFO  ChordProtocols:167 - Finger table entry 158: process1
2025-04-16 15:18:52 INFO  ChordProtocols:167 - Finger table entry 159: process1
2025-04-16 15:18:52 INFO  StabilizationProtocols:60 - Checking the predecessor for Node: process1
==================================
Node Identifier = 53937554629190552131995290006614509577
Node IP address = process1
successor(process1) = process1
predecessor(process1) = process2
Current File keys for process1 => []
==================================
2025-04-16 15:18:52 INFO  StabilizationProtocols:130 - Updating the successor for Node: process2
2025-04-16 15:18:52 INFO  StabilizationProtocols:84 - Stabilizing ring from process2...
2025-04-16 15:18:52 INFO  StabilizationProtocols:91 - Stabilize ring: succnode = process1
2025-04-16 15:18:52 INFO  StabilizationProtocols:113 - Finished stabilizing chordring from process2
2025-04-16 15:18:52 INFO  ChordProtocols:157 - Fixing the FingerTable for Node: process2
2025-04-16 15:18:52 INFO  ChordProtocols:167 - Finger table entry 0: process1
2025-04-16 15:18:52 INFO  ChordProtocols:167 - Finger table entry 1: process1
2025-04-16 15:18:52 INFO  ChordProtocols:167 - Finger table entry 2: process1
2025-04-16 15:18:52 INFO  ChordProtocols:167 - Finger table entry 3: process1
2025-04-16 15:18:52 INFO  ChordProtocols:167 - Finger table entry 4: process1
2025-04-16 15:18:52 INFO  ChordProtocols:167 - Finger table entry 5: process1
2025-04-16 15:18:52 INFO  ChordProtocols:167 - Finger table entry 6: process1
2025-04-16 15:18:52 INFO  ChordProtocols:167 - Finger table entry 7: process1
2025-04-16 15:18:52 INFO  ChordProtocols:167 - Finger table entry 8: process1
2025-04-16 15:18:52 INFO  ChordProtocols:167 - Finger table entry 9: process1
2025-04-16 15:18:52 INFO  ChordProtocols:167 - Finger table entry 10: process1
2025-04-16 15:18:52 INFO  ChordProtocols:167 - Finger table entry 11: process1
2025-04-16 15:18:52 INFO  ChordProtocols:167 - Finger table entry 12: process1
2025-04-16 15:18:52 INFO  ChordProtocols:167 - Finger table entry 13: process1
2025-04-16 15:18:52 INFO  ChordProtocols:167 - Finger table entry 14: process1
2025-04-16 15:18:52 INFO  ChordProtocols:167 - Finger table entry 15: process1
2025-04-16 15:18:52 INFO  ChordProtocols:167 - Finger table entry 16: process1
2025-04-16 15:18:52 INFO  ChordProtocols:167 - Finger table entry 17: process1
2025-04-16 15:18:52 INFO  ChordProtocols:167 - Finger table entry 18: process1
2025-04-16 15:18:52 INFO  ChordProtocols:167 - Finger table entry 19: process1
2025-04-16 15:18:52 INFO  ChordProtocols:167 - Finger table entry 20: process1
2025-04-16 15:18:52 INFO  ChordProtocols:167 - Finger table entry 21: process1
2025-04-16 15:18:52 INFO  ChordProtocols:167 - Finger table entry 22: process1
2025-04-16 15:18:52 INFO  ChordProtocols:167 - Finger table entry 23: process1
2025-04-16 15:18:52 INFO  ChordProtocols:167 - Finger table entry 24: process1
2025-04-16 15:18:52 INFO  ChordProtocols:167 - Finger table entry 25: process1
2025-04-16 15:18:52 INFO  ChordProtocols:167 - Finger table entry 26: process1
2025-04-16 15:18:52 INFO  ChordProtocols:167 - Finger table entry 27: process1
2025-04-16 15:18:52 INFO  ChordProtocols:167 - Finger table entry 28: process1
2025-04-16 15:18:52 INFO  ChordProtocols:167 - Finger table entry 29: process1
2025-04-16 15:18:52 INFO  ChordProtocols:167 - Finger table entry 30: process1
2025-04-16 15:18:52 INFO  ChordProtocols:167 - Finger table entry 31: process1
2025-04-16 15:18:52 INFO  ChordProtocols:167 - Finger table entry 32: process1
2025-04-16 15:18:52 INFO  ChordProtocols:167 - Finger table entry 33: process1
2025-04-16 15:18:52 INFO  ChordProtocols:167 - Finger table entry 34: process1
2025-04-16 15:18:52 INFO  ChordProtocols:167 - Finger table entry 35: process1
2025-04-16 15:18:52 INFO  ChordProtocols:167 - Finger table entry 36: process1
2025-04-16 15:18:52 INFO  ChordProtocols:167 - Finger table entry 37: process1
2025-04-16 15:18:52 INFO  ChordProtocols:167 - Finger table entry 38: process1
2025-04-16 15:18:52 INFO  ChordProtocols:167 - Finger table entry 39: process1
2025-04-16 15:18:52 INFO  ChordProtocols:167 - Finger table entry 40: process1
2025-04-16 15:18:52 INFO  ChordProtocols:167 - Finger table entry 41: process1
2025-04-16 15:18:52 INFO  ChordProtocols:167 - Finger table entry 42: process1
2025-04-16 15:18:52 INFO  ChordProtocols:167 - Finger table entry 43: process1
2025-04-16 15:18:52 INFO  ChordProtocols:167 - Finger table entry 44: process1
2025-04-16 15:18:52 INFO  ChordProtocols:167 - Finger table entry 45: process1
2025-04-16 15:18:52 INFO  ChordProtocols:167 - Finger table entry 46: process1
2025-04-16 15:18:52 INFO  ChordProtocols:167 - Finger table entry 47: process1
2025-04-16 15:18:52 INFO  ChordProtocols:167 - Finger table entry 48: process1
2025-04-16 15:18:52 INFO  ChordProtocols:167 - Finger table entry 49: process1
2025-04-16 15:18:52 INFO  ChordProtocols:167 - Finger table entry 50: process1
2025-04-16 15:18:52 INFO  ChordProtocols:167 - Finger table entry 51: process1
2025-04-16 15:18:52 INFO  ChordProtocols:167 - Finger table entry 52: process1
2025-04-16 15:18:52 INFO  ChordProtocols:167 - Finger table entry 53: process1
2025-04-16 15:18:52 INFO  ChordProtocols:167 - Finger table entry 54: process1
2025-04-16 15:18:52 INFO  ChordProtocols:167 - Finger table entry 55: process1
2025-04-16 15:18:52 INFO  ChordProtocols:167 - Finger table entry 56: process1
2025-04-16 15:18:52 INFO  ChordProtocols:167 - Finger table entry 57: process1
2025-04-16 15:18:52 INFO  ChordProtocols:167 - Finger table entry 58: process1
2025-04-16 15:18:52 INFO  ChordProtocols:167 - Finger table entry 59: process1
2025-04-16 15:18:52 INFO  ChordProtocols:167 - Finger table entry 60: process1
2025-04-16 15:18:52 INFO  ChordProtocols:167 - Finger table entry 61: process1
2025-04-16 15:18:52 INFO  ChordProtocols:167 - Finger table entry 62: process1
2025-04-16 15:18:52 INFO  ChordProtocols:167 - Finger table entry 63: process1
2025-04-16 15:18:52 INFO  ChordProtocols:167 - Finger table entry 64: process1
2025-04-16 15:18:52 INFO  ChordProtocols:167 - Finger table entry 65: process1
2025-04-16 15:18:52 INFO  ChordProtocols:167 - Finger table entry 66: process1
2025-04-16 15:18:52 INFO  ChordProtocols:167 - Finger table entry 67: process1
2025-04-16 15:18:52 INFO  ChordProtocols:167 - Finger table entry 68: process1
2025-04-16 15:18:52 INFO  ChordProtocols:167 - Finger table entry 69: process1
2025-04-16 15:18:52 INFO  ChordProtocols:167 - Finger table entry 70: process1
2025-04-16 15:18:52 INFO  ChordProtocols:167 - Finger table entry 71: process1
2025-04-16 15:18:52 INFO  ChordProtocols:167 - Finger table entry 72: process1
2025-04-16 15:18:52 INFO  ChordProtocols:167 - Finger table entry 73: process1
2025-04-16 15:18:52 INFO  ChordProtocols:167 - Finger table entry 74: process1
2025-04-16 15:18:52 INFO  ChordProtocols:167 - Finger table entry 75: process1
2025-04-16 15:18:52 INFO  ChordProtocols:167 - Finger table entry 76: process1
2025-04-16 15:18:52 INFO  ChordProtocols:167 - Finger table entry 77: process1
2025-04-16 15:18:52 INFO  ChordProtocols:167 - Finger table entry 78: process1
2025-04-16 15:18:52 INFO  ChordProtocols:167 - Finger table entry 79: process1
2025-04-16 15:18:52 INFO  ChordProtocols:167 - Finger table entry 80: process1
2025-04-16 15:18:52 INFO  ChordProtocols:167 - Finger table entry 81: process1
2025-04-16 15:18:52 INFO  ChordProtocols:167 - Finger table entry 82: process1
2025-04-16 15:18:52 INFO  ChordProtocols:167 - Finger table entry 83: process1
2025-04-16 15:18:52 INFO  ChordProtocols:167 - Finger table entry 84: process1
2025-04-16 15:18:52 INFO  ChordProtocols:167 - Finger table entry 85: process1
2025-04-16 15:18:52 INFO  ChordProtocols:167 - Finger table entry 86: process1
2025-04-16 15:18:52 INFO  ChordProtocols:167 - Finger table entry 87: process1
2025-04-16 15:18:52 INFO  ChordProtocols:167 - Finger table entry 88: process1
2025-04-16 15:18:52 INFO  ChordProtocols:167 - Finger table entry 89: process1
2025-04-16 15:18:52 INFO  ChordProtocols:167 - Finger table entry 90: process1
2025-04-16 15:18:52 INFO  ChordProtocols:167 - Finger table entry 91: process1
2025-04-16 15:18:52 INFO  ChordProtocols:167 - Finger table entry 92: process1
2025-04-16 15:18:52 INFO  ChordProtocols:167 - Finger table entry 93: process1
2025-04-16 15:18:52 INFO  ChordProtocols:167 - Finger table entry 94: process1
2025-04-16 15:18:52 INFO  ChordProtocols:167 - Finger table entry 95: process1
2025-04-16 15:18:52 INFO  ChordProtocols:167 - Finger table entry 96: process1
2025-04-16 15:18:52 INFO  ChordProtocols:167 - Finger table entry 97: process1
2025-04-16 15:18:52 INFO  ChordProtocols:167 - Finger table entry 98: process1
2025-04-16 15:18:52 INFO  ChordProtocols:167 - Finger table entry 99: process1
2025-04-16 15:18:52 INFO  ChordProtocols:167 - Finger table entry 100: process1
2025-04-16 15:18:52 INFO  ChordProtocols:167 - Finger table entry 101: process1
2025-04-16 15:18:52 INFO  ChordProtocols:167 - Finger table entry 102: process1
2025-04-16 15:18:52 INFO  ChordProtocols:167 - Finger table entry 103: process1
2025-04-16 15:18:52 INFO  ChordProtocols:167 - Finger table entry 104: process1
2025-04-16 15:18:52 INFO  ChordProtocols:167 - Finger table entry 105: process1
2025-04-16 15:18:52 INFO  ChordProtocols:167 - Finger table entry 106: process1
2025-04-16 15:18:52 INFO  ChordProtocols:167 - Finger table entry 107: process1
2025-04-16 15:18:52 INFO  ChordProtocols:167 - Finger table entry 108: process1
2025-04-16 15:18:52 INFO  ChordProtocols:167 - Finger table entry 109: process1
2025-04-16 15:18:52 INFO  ChordProtocols:167 - Finger table entry 110: process1
2025-04-16 15:18:52 INFO  ChordProtocols:167 - Finger table entry 111: process1
2025-04-16 15:18:52 INFO  ChordProtocols:167 - Finger table entry 112: process1
2025-04-16 15:18:52 INFO  ChordProtocols:167 - Finger table entry 113: process1
2025-04-16 15:18:52 INFO  ChordProtocols:167 - Finger table entry 114: process1
2025-04-16 15:18:52 INFO  ChordProtocols:167 - Finger table entry 115: process1
2025-04-16 15:18:52 INFO  ChordProtocols:167 - Finger table entry 116: process1
2025-04-16 15:18:52 INFO  ChordProtocols:167 - Finger table entry 117: process1
2025-04-16 15:18:52 INFO  ChordProtocols:167 - Finger table entry 118: process1
2025-04-16 15:18:52 INFO  ChordProtocols:167 - Finger table entry 119: process1
2025-04-16 15:18:52 INFO  ChordProtocols:167 - Finger table entry 120: process1
2025-04-16 15:18:52 INFO  ChordProtocols:167 - Finger table entry 121: process1
2025-04-16 15:18:52 INFO  ChordProtocols:167 - Finger table entry 122: process1
2025-04-16 15:18:52 INFO  ChordProtocols:167 - Finger table entry 123: process1
2025-04-16 15:18:52 INFO  ChordProtocols:167 - Finger table entry 124: process1
2025-04-16 15:18:52 INFO  ChordProtocols:167 - Finger table entry 125: process1
2025-04-16 15:18:52 INFO  ChordProtocols:167 - Finger table entry 126: process1
2025-04-16 15:18:52 INFO  ChordProtocols:167 - Finger table entry 127: process1
2025-04-16 15:18:52 INFO  ChordProtocols:167 - Finger table entry 128: process1
2025-04-16 15:18:52 INFO  ChordProtocols:167 - Finger table entry 129: process1
2025-04-16 15:18:52 INFO  ChordProtocols:167 - Finger table entry 130: process1
2025-04-16 15:18:52 INFO  ChordProtocols:167 - Finger table entry 131: process1
2025-04-16 15:18:52 INFO  ChordProtocols:167 - Finger table entry 132: process1
2025-04-16 15:18:52 INFO  ChordProtocols:167 - Finger table entry 133: process1
2025-04-16 15:18:52 INFO  ChordProtocols:167 - Finger table entry 134: process1
2025-04-16 15:18:52 INFO  ChordProtocols:167 - Finger table entry 135: process1
2025-04-16 15:18:52 INFO  ChordProtocols:167 - Finger table entry 136: process1
2025-04-16 15:18:52 INFO  ChordProtocols:167 - Finger table entry 137: process1
2025-04-16 15:18:52 INFO  ChordProtocols:167 - Finger table entry 138: process1
2025-04-16 15:18:52 INFO  ChordProtocols:167 - Finger table entry 139: process1
2025-04-16 15:18:52 INFO  ChordProtocols:167 - Finger table entry 140: process1
2025-04-16 15:18:52 INFO  ChordProtocols:167 - Finger table entry 141: process1
2025-04-16 15:18:52 INFO  ChordProtocols:167 - Finger table entry 142: process1
2025-04-16 15:18:52 INFO  ChordProtocols:167 - Finger table entry 143: process1
2025-04-16 15:18:52 INFO  ChordProtocols:167 - Finger table entry 144: process1
2025-04-16 15:18:52 INFO  ChordProtocols:167 - Finger table entry 145: process1
2025-04-16 15:18:52 INFO  ChordProtocols:167 - Finger table entry 146: process1
2025-04-16 15:18:52 INFO  ChordProtocols:167 - Finger table entry 147: process1
2025-04-16 15:18:52 INFO  ChordProtocols:167 - Finger table entry 148: process1
2025-04-16 15:18:52 INFO  ChordProtocols:167 - Finger table entry 149: process1
2025-04-16 15:18:52 INFO  ChordProtocols:167 - Finger table entry 150: process1
2025-04-16 15:18:52 INFO  ChordProtocols:167 - Finger table entry 151: process1
2025-04-16 15:18:52 INFO  ChordProtocols:167 - Finger table entry 152: process1
2025-04-16 15:18:52 INFO  ChordProtocols:167 - Finger table entry 153: process1
2025-04-16 15:18:52 INFO  ChordProtocols:167 - Finger table entry 154: process1
2025-04-16 15:18:52 INFO  ChordProtocols:167 - Finger table entry 155: process1
2025-04-16 15:18:52 INFO  ChordProtocols:167 - Finger table entry 156: process1
2025-04-16 15:18:52 INFO  ChordProtocols:167 - Finger table entry 157: process1
2025-04-16 15:18:52 INFO  ChordProtocols:167 - Finger table entry 158: process1
2025-04-16 15:18:52 INFO  ChordProtocols:167 - Finger table entry 159: process1
2025-04-16 15:18:52 INFO  StabilizationProtocols:60 - Checking the predecessor for Node: process2
==================================
Node Identifier = 15618062003214643351512781541041391612
Node IP address = process2
successor(process2) = process1
predecessor(process2) = process2
Current File keys for process2 => []
==================================
2025-04-16 15:18:52 INFO  StabilizationProtocols:130 - Updating the successor for Node: process3
2025-04-16 15:18:52 INFO  StabilizationProtocols:165 - Finished updating the successor for Node: process3
2025-04-16 15:18:52 INFO  StabilizationProtocols:84 - Stabilizing ring from process3...
2025-04-16 15:18:52 INFO  StabilizationProtocols:91 - Stabilize ring: succnode = process1
2025-04-16 15:18:52 INFO  ChordLookup:73 - Copy file keys that are <= process3 from successor process1 to process3
2025-04-16 15:18:52 INFO  ChordLookup:94 - Finished copying file keys from successor process1 to process3
2025-04-16 15:18:52 INFO  StabilizationProtocols:113 - Finished stabilizing chordring from process3
2025-04-16 15:18:52 INFO  ChordProtocols:157 - Fixing the FingerTable for Node: process3
2025-04-16 15:18:52 INFO  ChordProtocols:167 - Finger table entry 0: process2
2025-04-16 15:18:52 INFO  ChordProtocols:167 - Finger table entry 1: process2
2025-04-16 15:18:52 INFO  ChordProtocols:167 - Finger table entry 2: process2
2025-04-16 15:18:52 INFO  ChordProtocols:167 - Finger table entry 3: process2
2025-04-16 15:18:52 INFO  ChordProtocols:167 - Finger table entry 4: process2
2025-04-16 15:18:52 INFO  ChordProtocols:167 - Finger table entry 5: process2
2025-04-16 15:18:52 INFO  ChordProtocols:167 - Finger table entry 6: process2
2025-04-16 15:18:52 INFO  ChordProtocols:167 - Finger table entry 7: process2
2025-04-16 15:18:52 INFO  ChordProtocols:167 - Finger table entry 8: process2
2025-04-16 15:18:52 INFO  ChordProtocols:167 - Finger table entry 9: process2
2025-04-16 15:18:52 INFO  ChordProtocols:167 - Finger table entry 10: process2
2025-04-16 15:18:52 INFO  ChordProtocols:167 - Finger table entry 11: process2
2025-04-16 15:18:52 INFO  ChordProtocols:167 - Finger table entry 12: process2
2025-04-16 15:18:52 INFO  ChordProtocols:167 - Finger table entry 13: process2
2025-04-16 15:18:52 INFO  ChordProtocols:167 - Finger table entry 14: process2
2025-04-16 15:18:52 INFO  ChordProtocols:167 - Finger table entry 15: process2
2025-04-16 15:18:52 INFO  ChordProtocols:167 - Finger table entry 16: process2
2025-04-16 15:18:52 INFO  ChordProtocols:167 - Finger table entry 17: process2
2025-04-16 15:18:52 INFO  ChordProtocols:167 - Finger table entry 18: process2
2025-04-16 15:18:52 INFO  ChordProtocols:167 - Finger table entry 19: process2
2025-04-16 15:18:52 INFO  ChordProtocols:167 - Finger table entry 20: process2
2025-04-16 15:18:52 INFO  ChordProtocols:167 - Finger table entry 21: process2
2025-04-16 15:18:52 INFO  ChordProtocols:167 - Finger table entry 22: process2
2025-04-16 15:18:52 INFO  ChordProtocols:167 - Finger table entry 23: process2
2025-04-16 15:18:52 INFO  ChordProtocols:167 - Finger table entry 24: process2
2025-04-16 15:18:52 INFO  ChordProtocols:167 - Finger table entry 25: process2
2025-04-16 15:18:52 INFO  ChordProtocols:167 - Finger table entry 26: process2
2025-04-16 15:18:52 INFO  ChordProtocols:167 - Finger table entry 27: process2
2025-04-16 15:18:52 INFO  ChordProtocols:167 - Finger table entry 28: process2
2025-04-16 15:18:52 INFO  ChordProtocols:167 - Finger table entry 29: process2
2025-04-16 15:18:52 INFO  ChordProtocols:167 - Finger table entry 30: process2
2025-04-16 15:18:52 INFO  ChordProtocols:167 - Finger table entry 31: process2
2025-04-16 15:18:52 INFO  ChordProtocols:167 - Finger table entry 32: process2
2025-04-16 15:18:52 INFO  ChordProtocols:167 - Finger table entry 33: process2
2025-04-16 15:18:52 INFO  ChordProtocols:167 - Finger table entry 34: process2
2025-04-16 15:18:52 INFO  ChordProtocols:167 - Finger table entry 35: process2
2025-04-16 15:18:52 INFO  ChordProtocols:167 - Finger table entry 36: process2
2025-04-16 15:18:52 INFO  ChordProtocols:167 - Finger table entry 37: process2
2025-04-16 15:18:52 INFO  ChordProtocols:167 - Finger table entry 38: process2
2025-04-16 15:18:52 INFO  ChordProtocols:167 - Finger table entry 39: process2
2025-04-16 15:18:52 INFO  ChordProtocols:167 - Finger table entry 40: process2
2025-04-16 15:18:52 INFO  ChordProtocols:167 - Finger table entry 41: process2
2025-04-16 15:18:52 INFO  ChordProtocols:167 - Finger table entry 42: process2
2025-04-16 15:18:52 INFO  ChordProtocols:167 - Finger table entry 43: process2
2025-04-16 15:18:52 INFO  ChordProtocols:167 - Finger table entry 44: process2
2025-04-16 15:18:52 INFO  ChordProtocols:167 - Finger table entry 45: process2
2025-04-16 15:18:52 INFO  ChordProtocols:167 - Finger table entry 46: process2
2025-04-16 15:18:52 INFO  ChordProtocols:167 - Finger table entry 47: process2
2025-04-16 15:18:52 INFO  ChordProtocols:167 - Finger table entry 48: process2
2025-04-16 15:18:52 INFO  ChordProtocols:167 - Finger table entry 49: process2
2025-04-16 15:18:52 INFO  ChordProtocols:167 - Finger table entry 50: process2
2025-04-16 15:18:52 INFO  ChordProtocols:167 - Finger table entry 51: process2
2025-04-16 15:18:52 INFO  ChordProtocols:167 - Finger table entry 52: process2
2025-04-16 15:18:52 INFO  ChordProtocols:167 - Finger table entry 53: process2
2025-04-16 15:18:52 INFO  ChordProtocols:167 - Finger table entry 54: process2
2025-04-16 15:18:52 INFO  ChordProtocols:167 - Finger table entry 55: process2
2025-04-16 15:18:52 INFO  ChordProtocols:167 - Finger table entry 56: process2
2025-04-16 15:18:52 INFO  ChordProtocols:167 - Finger table entry 57: process2
2025-04-16 15:18:52 INFO  ChordProtocols:167 - Finger table entry 58: process2
2025-04-16 15:18:52 INFO  ChordProtocols:167 - Finger table entry 59: process2
2025-04-16 15:18:52 INFO  ChordProtocols:167 - Finger table entry 60: process2
2025-04-16 15:18:52 INFO  ChordProtocols:167 - Finger table entry 61: process2
2025-04-16 15:18:52 INFO  ChordProtocols:167 - Finger table entry 62: process2
2025-04-16 15:18:52 INFO  ChordProtocols:167 - Finger table entry 63: process2
2025-04-16 15:18:52 INFO  ChordProtocols:167 - Finger table entry 64: process2
2025-04-16 15:18:52 INFO  ChordProtocols:167 - Finger table entry 65: process2
2025-04-16 15:18:52 INFO  ChordProtocols:167 - Finger table entry 66: process2
2025-04-16 15:18:52 INFO  ChordProtocols:167 - Finger table entry 67: process2
2025-04-16 15:18:52 INFO  ChordProtocols:167 - Finger table entry 68: process2
2025-04-16 15:18:52 INFO  ChordProtocols:167 - Finger table entry 69: process2
2025-04-16 15:18:52 INFO  ChordProtocols:167 - Finger table entry 70: process2
2025-04-16 15:18:52 INFO  ChordProtocols:167 - Finger table entry 71: process2
2025-04-16 15:18:52 INFO  ChordProtocols:167 - Finger table entry 72: process2
2025-04-16 15:18:52 INFO  ChordProtocols:167 - Finger table entry 73: process2
2025-04-16 15:18:52 INFO  ChordProtocols:167 - Finger table entry 74: process2
2025-04-16 15:18:52 INFO  ChordProtocols:167 - Finger table entry 75: process2
2025-04-16 15:18:52 INFO  ChordProtocols:167 - Finger table entry 76: process2
2025-04-16 15:18:53 INFO  ChordProtocols:167 - Finger table entry 77: process2
2025-04-16 15:18:53 INFO  ChordProtocols:167 - Finger table entry 78: process2
2025-04-16 15:18:53 INFO  ChordProtocols:167 - Finger table entry 79: process2
2025-04-16 15:18:53 INFO  ChordProtocols:167 - Finger table entry 80: process2
2025-04-16 15:18:53 INFO  ChordProtocols:167 - Finger table entry 81: process2
2025-04-16 15:18:53 INFO  ChordProtocols:167 - Finger table entry 82: process2
2025-04-16 15:18:53 INFO  ChordProtocols:167 - Finger table entry 83: process2
2025-04-16 15:18:53 INFO  ChordProtocols:167 - Finger table entry 84: process2
2025-04-16 15:18:53 INFO  ChordProtocols:167 - Finger table entry 85: process2
2025-04-16 15:18:53 INFO  ChordProtocols:167 - Finger table entry 86: process2
2025-04-16 15:18:53 INFO  ChordProtocols:167 - Finger table entry 87: process2
2025-04-16 15:18:53 INFO  ChordProtocols:167 - Finger table entry 88: process2
2025-04-16 15:18:53 INFO  ChordProtocols:167 - Finger table entry 89: process2
2025-04-16 15:18:53 INFO  ChordProtocols:167 - Finger table entry 90: process2
2025-04-16 15:18:53 INFO  ChordProtocols:167 - Finger table entry 91: process2
2025-04-16 15:18:53 INFO  ChordProtocols:167 - Finger table entry 92: process2
2025-04-16 15:18:53 INFO  ChordProtocols:167 - Finger table entry 93: process2
2025-04-16 15:18:53 INFO  ChordProtocols:167 - Finger table entry 94: process2
2025-04-16 15:18:53 INFO  ChordProtocols:167 - Finger table entry 95: process2
2025-04-16 15:18:53 INFO  ChordProtocols:167 - Finger table entry 96: process2
2025-04-16 15:18:53 INFO  ChordProtocols:167 - Finger table entry 97: process2
2025-04-16 15:18:53 INFO  ChordProtocols:167 - Finger table entry 98: process2
2025-04-16 15:18:53 INFO  ChordProtocols:167 - Finger table entry 99: process2
2025-04-16 15:18:53 INFO  ChordProtocols:167 - Finger table entry 100: process2
2025-04-16 15:18:53 INFO  ChordProtocols:167 - Finger table entry 101: process2
2025-04-16 15:18:53 INFO  ChordProtocols:167 - Finger table entry 102: process2
2025-04-16 15:18:53 INFO  ChordProtocols:167 - Finger table entry 103: process2
2025-04-16 15:18:53 INFO  ChordProtocols:167 - Finger table entry 104: process2
2025-04-16 15:18:53 INFO  ChordProtocols:167 - Finger table entry 105: process2
2025-04-16 15:18:53 INFO  ChordProtocols:167 - Finger table entry 106: process2
2025-04-16 15:18:53 INFO  ChordProtocols:167 - Finger table entry 107: process2
2025-04-16 15:18:53 INFO  ChordProtocols:167 - Finger table entry 108: process2
2025-04-16 15:18:53 INFO  ChordProtocols:167 - Finger table entry 109: process2
2025-04-16 15:18:53 INFO  ChordProtocols:167 - Finger table entry 110: process2
2025-04-16 15:18:53 INFO  ChordProtocols:167 - Finger table entry 111: process2
2025-04-16 15:18:53 INFO  ChordProtocols:167 - Finger table entry 112: process2
2025-04-16 15:18:53 INFO  ChordProtocols:167 - Finger table entry 113: process2
2025-04-16 15:18:53 INFO  ChordProtocols:167 - Finger table entry 114: process2
2025-04-16 15:18:53 INFO  ChordProtocols:167 - Finger table entry 115: process2
2025-04-16 15:18:53 INFO  ChordProtocols:167 - Finger table entry 116: process2
2025-04-16 15:18:53 INFO  ChordProtocols:167 - Finger table entry 117: process2
2025-04-16 15:18:53 INFO  ChordProtocols:167 - Finger table entry 118: process2
2025-04-16 15:18:53 INFO  ChordProtocols:167 - Finger table entry 119: process2
2025-04-16 15:18:53 INFO  ChordProtocols:167 - Finger table entry 120: process2
2025-04-16 15:18:53 INFO  ChordProtocols:167 - Finger table entry 121: process2
2025-04-16 15:18:53 INFO  ChordProtocols:167 - Finger table entry 122: process2
2025-04-16 15:18:53 INFO  ChordProtocols:167 - Finger table entry 123: process2
2025-04-16 15:18:53 INFO  ChordProtocols:167 - Finger table entry 124: process2
2025-04-16 15:18:53 INFO  ChordProtocols:167 - Finger table entry 125: process2
2025-04-16 15:18:53 INFO  ChordProtocols:167 - Finger table entry 126: process2
2025-04-16 15:18:53 INFO  ChordProtocols:167 - Finger table entry 127: process2
2025-04-16 15:18:53 INFO  ChordProtocols:167 - Finger table entry 128: process2
2025-04-16 15:18:53 INFO  ChordProtocols:167 - Finger table entry 129: process2
2025-04-16 15:18:53 INFO  ChordProtocols:167 - Finger table entry 130: process2
2025-04-16 15:18:53 INFO  ChordProtocols:167 - Finger table entry 131: process2
2025-04-16 15:18:53 INFO  ChordProtocols:167 - Finger table entry 132: process2
2025-04-16 15:18:53 INFO  ChordProtocols:167 - Finger table entry 133: process2
2025-04-16 15:18:53 INFO  ChordProtocols:167 - Finger table entry 134: process2
2025-04-16 15:18:53 INFO  ChordProtocols:167 - Finger table entry 135: process2
2025-04-16 15:18:53 INFO  ChordProtocols:167 - Finger table entry 136: process2
2025-04-16 15:18:53 INFO  ChordProtocols:167 - Finger table entry 137: process2
2025-04-16 15:18:53 INFO  ChordProtocols:167 - Finger table entry 138: process2
2025-04-16 15:18:53 INFO  ChordProtocols:167 - Finger table entry 139: process2
2025-04-16 15:18:53 INFO  ChordProtocols:167 - Finger table entry 140: process2
2025-04-16 15:18:53 INFO  ChordProtocols:167 - Finger table entry 141: process2
2025-04-16 15:18:53 INFO  ChordProtocols:167 - Finger table entry 142: process2
2025-04-16 15:18:53 INFO  ChordProtocols:167 - Finger table entry 143: process2
2025-04-16 15:18:53 INFO  ChordProtocols:167 - Finger table entry 144: process2
2025-04-16 15:18:53 INFO  ChordProtocols:167 - Finger table entry 145: process2
2025-04-16 15:18:53 INFO  ChordProtocols:167 - Finger table entry 146: process2
2025-04-16 15:18:53 INFO  ChordProtocols:167 - Finger table entry 147: process2
2025-04-16 15:18:53 INFO  ChordProtocols:167 - Finger table entry 148: process2
2025-04-16 15:18:53 INFO  ChordProtocols:167 - Finger table entry 149: process2
2025-04-16 15:18:53 INFO  ChordProtocols:167 - Finger table entry 150: process2
2025-04-16 15:18:53 INFO  ChordProtocols:167 - Finger table entry 151: process2
2025-04-16 15:18:53 INFO  ChordProtocols:167 - Finger table entry 152: process2
2025-04-16 15:18:53 INFO  ChordProtocols:167 - Finger table entry 153: process2
2025-04-16 15:18:53 INFO  ChordProtocols:167 - Finger table entry 154: process2
2025-04-16 15:18:53 INFO  ChordProtocols:167 - Finger table entry 155: process2
2025-04-16 15:18:53 INFO  ChordProtocols:167 - Finger table entry 156: process2
2025-04-16 15:18:53 INFO  ChordProtocols:167 - Finger table entry 157: process2
2025-04-16 15:18:53 INFO  ChordProtocols:167 - Finger table entry 158: process2
2025-04-16 15:18:53 INFO  ChordProtocols:167 - Finger table entry 159: process2
2025-04-16 15:18:53 INFO  StabilizationProtocols:60 - Checking the predecessor for Node: process3
==================================
Node Identifier = 66910184482037901621933403444034052414
Node IP address = process3
successor(process3) = process2
predecessor(process3) = process3
Current File keys for process3 => []
==================================
2025-04-16 15:18:54 INFO  StabilizationProtocols:130 - Updating the successor for Node: process1
2025-04-16 15:18:54 INFO  StabilizationProtocols:165 - Finished updating the successor for Node: process1
2025-04-16 15:18:54 INFO  StabilizationProtocols:84 - Stabilizing ring from process1...
2025-04-16 15:18:54 INFO  StabilizationProtocols:91 - Stabilize ring: succnode = process1
2025-04-16 15:18:54 INFO  StabilizationProtocols:113 - Finished stabilizing chordring from process1
2025-04-16 15:18:54 INFO  ChordProtocols:157 - Fixing the FingerTable for Node: process1
2025-04-16 15:18:54 INFO  ChordProtocols:167 - Finger table entry 0: process1
2025-04-16 15:18:54 INFO  ChordProtocols:167 - Finger table entry 1: process1
2025-04-16 15:18:54 INFO  ChordProtocols:167 - Finger table entry 2: process1
2025-04-16 15:18:54 INFO  ChordProtocols:167 - Finger table entry 3: process1
2025-04-16 15:18:54 INFO  ChordProtocols:167 - Finger table entry 4: process1
2025-04-16 15:18:54 INFO  ChordProtocols:167 - Finger table entry 5: process1
2025-04-16 15:18:54 INFO  ChordProtocols:167 - Finger table entry 6: process1
2025-04-16 15:18:54 INFO  ChordProtocols:167 - Finger table entry 7: process1
2025-04-16 15:18:54 INFO  ChordProtocols:167 - Finger table entry 8: process1
2025-04-16 15:18:54 INFO  ChordProtocols:167 - Finger table entry 9: process1
2025-04-16 15:18:54 INFO  ChordProtocols:167 - Finger table entry 10: process1
2025-04-16 15:18:54 INFO  ChordProtocols:167 - Finger table entry 11: process1
2025-04-16 15:18:54 INFO  ChordProtocols:167 - Finger table entry 12: process1
2025-04-16 15:18:54 INFO  ChordProtocols:167 - Finger table entry 13: process1
2025-04-16 15:18:54 INFO  ChordProtocols:167 - Finger table entry 14: process1
2025-04-16 15:18:54 INFO  ChordProtocols:167 - Finger table entry 15: process1
2025-04-16 15:18:54 INFO  ChordProtocols:167 - Finger table entry 16: process1
2025-04-16 15:18:54 INFO  ChordProtocols:167 - Finger table entry 17: process1
2025-04-16 15:18:54 INFO  ChordProtocols:167 - Finger table entry 18: process1
2025-04-16 15:18:54 INFO  ChordProtocols:167 - Finger table entry 19: process1
2025-04-16 15:18:54 INFO  ChordProtocols:167 - Finger table entry 20: process1
2025-04-16 15:18:54 INFO  ChordProtocols:167 - Finger table entry 21: process1
2025-04-16 15:18:54 INFO  ChordProtocols:167 - Finger table entry 22: process1
2025-04-16 15:18:54 INFO  ChordProtocols:167 - Finger table entry 23: process1
2025-04-16 15:18:54 INFO  ChordProtocols:167 - Finger table entry 24: process1
2025-04-16 15:18:54 INFO  ChordProtocols:167 - Finger table entry 25: process1
2025-04-16 15:18:54 INFO  ChordProtocols:167 - Finger table entry 26: process1
2025-04-16 15:18:54 INFO  ChordProtocols:167 - Finger table entry 27: process1
2025-04-16 15:18:54 INFO  ChordProtocols:167 - Finger table entry 28: process1
2025-04-16 15:18:54 INFO  ChordProtocols:167 - Finger table entry 29: process1
2025-04-16 15:18:54 INFO  ChordProtocols:167 - Finger table entry 30: process1
2025-04-16 15:18:54 INFO  ChordProtocols:167 - Finger table entry 31: process1
2025-04-16 15:18:54 INFO  ChordProtocols:167 - Finger table entry 32: process1
2025-04-16 15:18:54 INFO  ChordProtocols:167 - Finger table entry 33: process1
2025-04-16 15:18:54 INFO  ChordProtocols:167 - Finger table entry 34: process1
2025-04-16 15:18:54 INFO  ChordProtocols:167 - Finger table entry 35: process1
2025-04-16 15:18:54 INFO  ChordProtocols:167 - Finger table entry 36: process1
2025-04-16 15:18:54 INFO  ChordProtocols:167 - Finger table entry 37: process1
2025-04-16 15:18:54 INFO  ChordProtocols:167 - Finger table entry 38: process1
2025-04-16 15:18:54 INFO  ChordProtocols:167 - Finger table entry 39: process1
2025-04-16 15:18:54 INFO  ChordProtocols:167 - Finger table entry 40: process1
2025-04-16 15:18:54 INFO  ChordProtocols:167 - Finger table entry 41: process1
2025-04-16 15:18:54 INFO  ChordProtocols:167 - Finger table entry 42: process1
2025-04-16 15:18:54 INFO  ChordProtocols:167 - Finger table entry 43: process1
2025-04-16 15:18:54 INFO  ChordProtocols:167 - Finger table entry 44: process1
2025-04-16 15:18:54 INFO  ChordProtocols:167 - Finger table entry 45: process1
2025-04-16 15:18:54 INFO  ChordProtocols:167 - Finger table entry 46: process1
2025-04-16 15:18:54 INFO  ChordProtocols:167 - Finger table entry 47: process1
2025-04-16 15:18:54 INFO  ChordProtocols:167 - Finger table entry 48: process1
2025-04-16 15:18:54 INFO  ChordProtocols:167 - Finger table entry 49: process1
2025-04-16 15:18:54 INFO  ChordProtocols:167 - Finger table entry 50: process1
2025-04-16 15:18:54 INFO  ChordProtocols:167 - Finger table entry 51: process1
2025-04-16 15:18:54 INFO  ChordProtocols:167 - Finger table entry 52: process1
2025-04-16 15:18:54 INFO  ChordProtocols:167 - Finger table entry 53: process1
2025-04-16 15:18:54 INFO  ChordProtocols:167 - Finger table entry 54: process1
2025-04-16 15:18:54 INFO  ChordProtocols:167 - Finger table entry 55: process1
2025-04-16 15:18:54 INFO  ChordProtocols:167 - Finger table entry 56: process1
2025-04-16 15:18:54 INFO  ChordProtocols:167 - Finger table entry 57: process1
2025-04-16 15:18:54 INFO  ChordProtocols:167 - Finger table entry 58: process1
2025-04-16 15:18:54 INFO  ChordProtocols:167 - Finger table entry 59: process1
2025-04-16 15:18:54 INFO  ChordProtocols:167 - Finger table entry 60: process1
2025-04-16 15:18:54 INFO  ChordProtocols:167 - Finger table entry 61: process1
2025-04-16 15:18:54 INFO  ChordProtocols:167 - Finger table entry 62: process1
2025-04-16 15:18:54 INFO  ChordProtocols:167 - Finger table entry 63: process1
2025-04-16 15:18:54 INFO  ChordProtocols:167 - Finger table entry 64: process1
2025-04-16 15:18:54 INFO  ChordProtocols:167 - Finger table entry 65: process1
2025-04-16 15:18:54 INFO  ChordProtocols:167 - Finger table entry 66: process1
2025-04-16 15:18:54 INFO  ChordProtocols:167 - Finger table entry 67: process1
2025-04-16 15:18:54 INFO  ChordProtocols:167 - Finger table entry 68: process1
2025-04-16 15:18:54 INFO  ChordProtocols:167 - Finger table entry 69: process1
2025-04-16 15:18:54 INFO  ChordProtocols:167 - Finger table entry 70: process1
2025-04-16 15:18:54 INFO  ChordProtocols:167 - Finger table entry 71: process1
2025-04-16 15:18:54 INFO  ChordProtocols:167 - Finger table entry 72: process1
2025-04-16 15:18:54 INFO  ChordProtocols:167 - Finger table entry 73: process1
2025-04-16 15:18:54 INFO  ChordProtocols:167 - Finger table entry 74: process1
2025-04-16 15:18:54 INFO  ChordProtocols:167 - Finger table entry 75: process1
2025-04-16 15:18:54 INFO  ChordProtocols:167 - Finger table entry 76: process1
2025-04-16 15:18:54 INFO  ChordProtocols:167 - Finger table entry 77: process1
2025-04-16 15:18:54 INFO  ChordProtocols:167 - Finger table entry 78: process1
2025-04-16 15:18:54 INFO  ChordProtocols:167 - Finger table entry 79: process1
2025-04-16 15:18:54 INFO  ChordProtocols:167 - Finger table entry 80: process1
2025-04-16 15:18:54 INFO  ChordProtocols:167 - Finger table entry 81: process1
2025-04-16 15:18:54 INFO  ChordProtocols:167 - Finger table entry 82: process1
2025-04-16 15:18:54 INFO  ChordProtocols:167 - Finger table entry 83: process1
2025-04-16 15:18:54 INFO  ChordProtocols:167 - Finger table entry 84: process1
2025-04-16 15:18:54 INFO  ChordProtocols:167 - Finger table entry 85: process1
2025-04-16 15:18:54 INFO  ChordProtocols:167 - Finger table entry 86: process1
2025-04-16 15:18:54 INFO  ChordProtocols:167 - Finger table entry 87: process1
2025-04-16 15:18:54 INFO  ChordProtocols:167 - Finger table entry 88: process1
2025-04-16 15:18:54 INFO  ChordProtocols:167 - Finger table entry 89: process1
2025-04-16 15:18:54 INFO  ChordProtocols:167 - Finger table entry 90: process1
2025-04-16 15:18:54 INFO  ChordProtocols:167 - Finger table entry 91: process1
2025-04-16 15:18:54 INFO  ChordProtocols:167 - Finger table entry 92: process1
2025-04-16 15:18:54 INFO  ChordProtocols:167 - Finger table entry 93: process1
2025-04-16 15:18:54 INFO  ChordProtocols:167 - Finger table entry 94: process1
2025-04-16 15:18:54 INFO  ChordProtocols:167 - Finger table entry 95: process1
2025-04-16 15:18:54 INFO  ChordProtocols:167 - Finger table entry 96: process1
2025-04-16 15:18:54 INFO  ChordProtocols:167 - Finger table entry 97: process1
2025-04-16 15:18:54 INFO  ChordProtocols:167 - Finger table entry 98: process1
2025-04-16 15:18:54 INFO  ChordProtocols:167 - Finger table entry 99: process1
2025-04-16 15:18:54 INFO  ChordProtocols:167 - Finger table entry 100: process1
2025-04-16 15:18:54 INFO  ChordProtocols:167 - Finger table entry 101: process1
2025-04-16 15:18:54 INFO  ChordProtocols:167 - Finger table entry 102: process1
2025-04-16 15:18:54 INFO  ChordProtocols:167 - Finger table entry 103: process1
2025-04-16 15:18:54 INFO  ChordProtocols:167 - Finger table entry 104: process1
2025-04-16 15:18:54 INFO  ChordProtocols:167 - Finger table entry 105: process1
2025-04-16 15:18:54 INFO  ChordProtocols:167 - Finger table entry 106: process1
2025-04-16 15:18:54 INFO  ChordProtocols:167 - Finger table entry 107: process1
2025-04-16 15:18:54 INFO  ChordProtocols:167 - Finger table entry 108: process1
2025-04-16 15:18:54 INFO  ChordProtocols:167 - Finger table entry 109: process1
2025-04-16 15:18:54 INFO  ChordProtocols:167 - Finger table entry 110: process1
2025-04-16 15:18:54 INFO  ChordProtocols:167 - Finger table entry 111: process1
2025-04-16 15:18:54 INFO  ChordProtocols:167 - Finger table entry 112: process1
2025-04-16 15:18:54 INFO  ChordProtocols:167 - Finger table entry 113: process1
2025-04-16 15:18:54 INFO  ChordProtocols:167 - Finger table entry 114: process1
2025-04-16 15:18:54 INFO  ChordProtocols:167 - Finger table entry 115: process1
2025-04-16 15:18:54 INFO  ChordProtocols:167 - Finger table entry 116: process1
2025-04-16 15:18:54 INFO  ChordProtocols:167 - Finger table entry 117: process1
2025-04-16 15:18:54 INFO  ChordProtocols:167 - Finger table entry 118: process1
2025-04-16 15:18:54 INFO  ChordProtocols:167 - Finger table entry 119: process1
2025-04-16 15:18:54 INFO  ChordProtocols:167 - Finger table entry 120: process1
2025-04-16 15:18:54 INFO  ChordProtocols:167 - Finger table entry 121: process1
2025-04-16 15:18:54 INFO  ChordProtocols:167 - Finger table entry 122: process1
2025-04-16 15:18:54 INFO  ChordProtocols:167 - Finger table entry 123: process1
2025-04-16 15:18:54 INFO  ChordProtocols:167 - Finger table entry 124: process1
2025-04-16 15:18:54 INFO  ChordProtocols:167 - Finger table entry 125: process1
2025-04-16 15:18:54 INFO  ChordProtocols:167 - Finger table entry 126: process1
2025-04-16 15:18:54 INFO  ChordProtocols:167 - Finger table entry 127: process1
2025-04-16 15:18:54 INFO  ChordProtocols:167 - Finger table entry 128: process1
2025-04-16 15:18:54 INFO  ChordProtocols:167 - Finger table entry 129: process1
2025-04-16 15:18:54 INFO  ChordProtocols:167 - Finger table entry 130: process1
2025-04-16 15:18:54 INFO  ChordProtocols:167 - Finger table entry 131: process1
2025-04-16 15:18:54 INFO  ChordProtocols:167 - Finger table entry 132: process1
2025-04-16 15:18:54 INFO  ChordProtocols:167 - Finger table entry 133: process1
2025-04-16 15:18:54 INFO  ChordProtocols:167 - Finger table entry 134: process1
2025-04-16 15:18:54 INFO  ChordProtocols:167 - Finger table entry 135: process1
2025-04-16 15:18:54 INFO  ChordProtocols:167 - Finger table entry 136: process1
2025-04-16 15:18:54 INFO  ChordProtocols:167 - Finger table entry 137: process1
2025-04-16 15:18:54 INFO  ChordProtocols:167 - Finger table entry 138: process1
2025-04-16 15:18:54 INFO  ChordProtocols:167 - Finger table entry 139: process1
2025-04-16 15:18:54 INFO  ChordProtocols:167 - Finger table entry 140: process1
2025-04-16 15:18:54 INFO  ChordProtocols:167 - Finger table entry 141: process1
2025-04-16 15:18:54 INFO  ChordProtocols:167 - Finger table entry 142: process1
2025-04-16 15:18:54 INFO  ChordProtocols:167 - Finger table entry 143: process1
2025-04-16 15:18:54 INFO  ChordProtocols:167 - Finger table entry 144: process1
2025-04-16 15:18:54 INFO  ChordProtocols:167 - Finger table entry 145: process1
2025-04-16 15:18:54 INFO  ChordProtocols:167 - Finger table entry 146: process1
2025-04-16 15:18:54 INFO  ChordProtocols:167 - Finger table entry 147: process1
2025-04-16 15:18:54 INFO  ChordProtocols:167 - Finger table entry 148: process1
2025-04-16 15:18:54 INFO  ChordProtocols:167 - Finger table entry 149: process1
2025-04-16 15:18:54 INFO  ChordProtocols:167 - Finger table entry 150: process1
2025-04-16 15:18:54 INFO  ChordProtocols:167 - Finger table entry 151: process1
2025-04-16 15:18:54 INFO  ChordProtocols:167 - Finger table entry 152: process1
2025-04-16 15:18:54 INFO  ChordProtocols:167 - Finger table entry 153: process1
2025-04-16 15:18:54 INFO  ChordProtocols:167 - Finger table entry 154: process1
2025-04-16 15:18:54 INFO  ChordProtocols:167 - Finger table entry 155: process1
2025-04-16 15:18:54 INFO  ChordProtocols:167 - Finger table entry 156: process1
2025-04-16 15:18:54 INFO  ChordProtocols:167 - Finger table entry 157: process1
2025-04-16 15:18:54 INFO  ChordProtocols:167 - Finger table entry 158: process1
2025-04-16 15:18:54 INFO  ChordProtocols:167 - Finger table entry 159: process1
2025-04-16 15:18:54 INFO  StabilizationProtocols:60 - Checking the predecessor for Node: process1
==================================
Node Identifier = 53937554629190552131995290006614509577
Node IP address = process1
successor(process1) = process1
predecessor(process1) = process2
Current File keys for process1 => []
==================================
2025-04-16 15:18:54 INFO  StabilizationProtocols:130 - Updating the successor for Node: process2
2025-04-16 15:18:54 INFO  StabilizationProtocols:84 - Stabilizing ring from process2...
2025-04-16 15:18:54 INFO  StabilizationProtocols:91 - Stabilize ring: succnode = process1
2025-04-16 15:18:54 INFO  StabilizationProtocols:113 - Finished stabilizing chordring from process2
2025-04-16 15:18:54 INFO  ChordProtocols:157 - Fixing the FingerTable for Node: process2
2025-04-16 15:18:54 INFO  ChordProtocols:167 - Finger table entry 0: process1
2025-04-16 15:18:54 INFO  ChordProtocols:167 - Finger table entry 1: process1
2025-04-16 15:18:54 INFO  ChordProtocols:167 - Finger table entry 2: process1
2025-04-16 15:18:54 INFO  ChordProtocols:167 - Finger table entry 3: process1
2025-04-16 15:18:54 INFO  ChordProtocols:167 - Finger table entry 4: process1
2025-04-16 15:18:54 INFO  ChordProtocols:167 - Finger table entry 5: process1
2025-04-16 15:18:54 INFO  ChordProtocols:167 - Finger table entry 6: process1
2025-04-16 15:18:54 INFO  ChordProtocols:167 - Finger table entry 7: process1
2025-04-16 15:18:54 INFO  ChordProtocols:167 - Finger table entry 8: process1
2025-04-16 15:18:54 INFO  ChordProtocols:167 - Finger table entry 9: process1
2025-04-16 15:18:54 INFO  ChordProtocols:167 - Finger table entry 10: process1
2025-04-16 15:18:54 INFO  ChordProtocols:167 - Finger table entry 11: process1
2025-04-16 15:18:54 INFO  ChordProtocols:167 - Finger table entry 12: process1
2025-04-16 15:18:54 INFO  ChordProtocols:167 - Finger table entry 13: process1
2025-04-16 15:18:54 INFO  ChordProtocols:167 - Finger table entry 14: process1
2025-04-16 15:18:54 INFO  ChordProtocols:167 - Finger table entry 15: process1
2025-04-16 15:18:54 INFO  ChordProtocols:167 - Finger table entry 16: process1
2025-04-16 15:18:54 INFO  ChordProtocols:167 - Finger table entry 17: process1
2025-04-16 15:18:54 INFO  ChordProtocols:167 - Finger table entry 18: process1
2025-04-16 15:18:54 INFO  ChordProtocols:167 - Finger table entry 19: process1
2025-04-16 15:18:54 INFO  ChordProtocols:167 - Finger table entry 20: process1
2025-04-16 15:18:54 INFO  ChordProtocols:167 - Finger table entry 21: process1
2025-04-16 15:18:54 INFO  ChordProtocols:167 - Finger table entry 22: process1
2025-04-16 15:18:54 INFO  ChordProtocols:167 - Finger table entry 23: process1
2025-04-16 15:18:54 INFO  ChordProtocols:167 - Finger table entry 24: process1
2025-04-16 15:18:54 INFO  ChordProtocols:167 - Finger table entry 25: process1
2025-04-16 15:18:54 INFO  ChordProtocols:167 - Finger table entry 26: process1
2025-04-16 15:18:54 INFO  ChordProtocols:167 - Finger table entry 27: process1
2025-04-16 15:18:54 INFO  ChordProtocols:167 - Finger table entry 28: process1
2025-04-16 15:18:54 INFO  ChordProtocols:167 - Finger table entry 29: process1
2025-04-16 15:18:54 INFO  ChordProtocols:167 - Finger table entry 30: process1
2025-04-16 15:18:54 INFO  ChordProtocols:167 - Finger table entry 31: process1
2025-04-16 15:18:54 INFO  ChordProtocols:167 - Finger table entry 32: process1
2025-04-16 15:18:54 INFO  ChordProtocols:167 - Finger table entry 33: process1
2025-04-16 15:18:54 INFO  ChordProtocols:167 - Finger table entry 34: process1
2025-04-16 15:18:54 INFO  ChordProtocols:167 - Finger table entry 35: process1
2025-04-16 15:18:54 INFO  ChordProtocols:167 - Finger table entry 36: process1
2025-04-16 15:18:54 INFO  ChordProtocols:167 - Finger table entry 37: process1
2025-04-16 15:18:54 INFO  ChordProtocols:167 - Finger table entry 38: process1
2025-04-16 15:18:54 INFO  ChordProtocols:167 - Finger table entry 39: process1
2025-04-16 15:18:54 INFO  ChordProtocols:167 - Finger table entry 40: process1
2025-04-16 15:18:54 INFO  ChordProtocols:167 - Finger table entry 41: process1
2025-04-16 15:18:54 INFO  ChordProtocols:167 - Finger table entry 42: process1
2025-04-16 15:18:54 INFO  ChordProtocols:167 - Finger table entry 43: process1
2025-04-16 15:18:54 INFO  ChordProtocols:167 - Finger table entry 44: process1
2025-04-16 15:18:54 INFO  ChordProtocols:167 - Finger table entry 45: process1
2025-04-16 15:18:54 INFO  ChordProtocols:167 - Finger table entry 46: process1
2025-04-16 15:18:54 INFO  ChordProtocols:167 - Finger table entry 47: process1
2025-04-16 15:18:54 INFO  ChordProtocols:167 - Finger table entry 48: process1
2025-04-16 15:18:54 INFO  ChordProtocols:167 - Finger table entry 49: process1
2025-04-16 15:18:54 INFO  ChordProtocols:167 - Finger table entry 50: process1
2025-04-16 15:18:54 INFO  ChordProtocols:167 - Finger table entry 51: process1
2025-04-16 15:18:54 INFO  ChordProtocols:167 - Finger table entry 52: process1
2025-04-16 15:18:54 INFO  ChordProtocols:167 - Finger table entry 53: process1
2025-04-16 15:18:54 INFO  ChordProtocols:167 - Finger table entry 54: process1
2025-04-16 15:18:54 INFO  ChordProtocols:167 - Finger table entry 55: process1
2025-04-16 15:18:54 INFO  ChordProtocols:167 - Finger table entry 56: process1
2025-04-16 15:18:54 INFO  ChordProtocols:167 - Finger table entry 57: process1
2025-04-16 15:18:54 INFO  ChordProtocols:167 - Finger table entry 58: process1
2025-04-16 15:18:54 INFO  ChordProtocols:167 - Finger table entry 59: process1
2025-04-16 15:18:54 INFO  ChordProtocols:167 - Finger table entry 60: process1
2025-04-16 15:18:54 INFO  ChordProtocols:167 - Finger table entry 61: process1
2025-04-16 15:18:54 INFO  ChordProtocols:167 - Finger table entry 62: process1
2025-04-16 15:18:54 INFO  ChordProtocols:167 - Finger table entry 63: process1
2025-04-16 15:18:54 INFO  ChordProtocols:167 - Finger table entry 64: process1
2025-04-16 15:18:54 INFO  ChordProtocols:167 - Finger table entry 65: process1
2025-04-16 15:18:54 INFO  ChordProtocols:167 - Finger table entry 66: process1
2025-04-16 15:18:54 INFO  ChordProtocols:167 - Finger table entry 67: process1
2025-04-16 15:18:54 INFO  ChordProtocols:167 - Finger table entry 68: process1
2025-04-16 15:18:54 INFO  ChordProtocols:167 - Finger table entry 69: process1
2025-04-16 15:18:54 INFO  ChordProtocols:167 - Finger table entry 70: process1
2025-04-16 15:18:54 INFO  ChordProtocols:167 - Finger table entry 71: process1
2025-04-16 15:18:54 INFO  ChordProtocols:167 - Finger table entry 72: process1
2025-04-16 15:18:54 INFO  ChordProtocols:167 - Finger table entry 73: process1
2025-04-16 15:18:54 INFO  ChordProtocols:167 - Finger table entry 74: process1
2025-04-16 15:18:54 INFO  ChordProtocols:167 - Finger table entry 75: process1
2025-04-16 15:18:54 INFO  ChordProtocols:167 - Finger table entry 76: process1
2025-04-16 15:18:54 INFO  ChordProtocols:167 - Finger table entry 77: process1
2025-04-16 15:18:54 INFO  ChordProtocols:167 - Finger table entry 78: process1
2025-04-16 15:18:54 INFO  ChordProtocols:167 - Finger table entry 79: process1
2025-04-16 15:18:54 INFO  ChordProtocols:167 - Finger table entry 80: process1
2025-04-16 15:18:54 INFO  ChordProtocols:167 - Finger table entry 81: process1
2025-04-16 15:18:54 INFO  ChordProtocols:167 - Finger table entry 82: process1
2025-04-16 15:18:54 INFO  ChordProtocols:167 - Finger table entry 83: process1
2025-04-16 15:18:54 INFO  ChordProtocols:167 - Finger table entry 84: process1
2025-04-16 15:18:54 INFO  ChordProtocols:167 - Finger table entry 85: process1
2025-04-16 15:18:54 INFO  ChordProtocols:167 - Finger table entry 86: process1
2025-04-16 15:18:54 INFO  ChordProtocols:167 - Finger table entry 87: process1
2025-04-16 15:18:54 INFO  ChordProtocols:167 - Finger table entry 88: process1
2025-04-16 15:18:54 INFO  ChordProtocols:167 - Finger table entry 89: process1
2025-04-16 15:18:54 INFO  ChordProtocols:167 - Finger table entry 90: process1
2025-04-16 15:18:54 INFO  ChordProtocols:167 - Finger table entry 91: process1
2025-04-16 15:18:54 INFO  ChordProtocols:167 - Finger table entry 92: process1
2025-04-16 15:18:54 INFO  ChordProtocols:167 - Finger table entry 93: process1
2025-04-16 15:18:54 INFO  ChordProtocols:167 - Finger table entry 94: process1
2025-04-16 15:18:54 INFO  ChordProtocols:167 - Finger table entry 95: process1
2025-04-16 15:18:54 INFO  ChordProtocols:167 - Finger table entry 96: process1
2025-04-16 15:18:54 INFO  ChordProtocols:167 - Finger table entry 97: process1
2025-04-16 15:18:54 INFO  ChordProtocols:167 - Finger table entry 98: process1
2025-04-16 15:18:54 INFO  ChordProtocols:167 - Finger table entry 99: process1
2025-04-16 15:18:54 INFO  ChordProtocols:167 - Finger table entry 100: process1
2025-04-16 15:18:54 INFO  ChordProtocols:167 - Finger table entry 101: process1
2025-04-16 15:18:54 INFO  ChordProtocols:167 - Finger table entry 102: process1
2025-04-16 15:18:54 INFO  ChordProtocols:167 - Finger table entry 103: process1
2025-04-16 15:18:54 INFO  ChordProtocols:167 - Finger table entry 104: process1
2025-04-16 15:18:54 INFO  ChordProtocols:167 - Finger table entry 105: process1
2025-04-16 15:18:54 INFO  ChordProtocols:167 - Finger table entry 106: process1
2025-04-16 15:18:54 INFO  ChordProtocols:167 - Finger table entry 107: process1
2025-04-16 15:18:54 INFO  ChordProtocols:167 - Finger table entry 108: process1
2025-04-16 15:18:54 INFO  ChordProtocols:167 - Finger table entry 109: process1
2025-04-16 15:18:54 INFO  ChordProtocols:167 - Finger table entry 110: process1
2025-04-16 15:18:54 INFO  ChordProtocols:167 - Finger table entry 111: process1
2025-04-16 15:18:54 INFO  ChordProtocols:167 - Finger table entry 112: process1
2025-04-16 15:18:54 INFO  ChordProtocols:167 - Finger table entry 113: process1
2025-04-16 15:18:54 INFO  ChordProtocols:167 - Finger table entry 114: process1
2025-04-16 15:18:54 INFO  ChordProtocols:167 - Finger table entry 115: process1
2025-04-16 15:18:54 INFO  ChordProtocols:167 - Finger table entry 116: process1
2025-04-16 15:18:54 INFO  ChordProtocols:167 - Finger table entry 117: process1
2025-04-16 15:18:54 INFO  ChordProtocols:167 - Finger table entry 118: process1
2025-04-16 15:18:54 INFO  ChordProtocols:167 - Finger table entry 119: process1
2025-04-16 15:18:54 INFO  ChordProtocols:167 - Finger table entry 120: process1
2025-04-16 15:18:54 INFO  ChordProtocols:167 - Finger table entry 121: process1
2025-04-16 15:18:54 INFO  ChordProtocols:167 - Finger table entry 122: process1
2025-04-16 15:18:54 INFO  ChordProtocols:167 - Finger table entry 123: process1
2025-04-16 15:18:54 INFO  ChordProtocols:167 - Finger table entry 124: process1
2025-04-16 15:18:54 INFO  ChordProtocols:167 - Finger table entry 125: process1
2025-04-16 15:18:54 INFO  ChordProtocols:167 - Finger table entry 126: process1
2025-04-16 15:18:54 INFO  ChordProtocols:167 - Finger table entry 127: process1
2025-04-16 15:18:54 INFO  ChordProtocols:167 - Finger table entry 128: process1
2025-04-16 15:18:54 INFO  ChordProtocols:167 - Finger table entry 129: process1
2025-04-16 15:18:54 INFO  ChordProtocols:167 - Finger table entry 130: process1
2025-04-16 15:18:54 INFO  ChordProtocols:167 - Finger table entry 131: process1
2025-04-16 15:18:54 INFO  ChordProtocols:167 - Finger table entry 132: process1
2025-04-16 15:18:54 INFO  ChordProtocols:167 - Finger table entry 133: process1
2025-04-16 15:18:54 INFO  ChordProtocols:167 - Finger table entry 134: process1
2025-04-16 15:18:54 INFO  ChordProtocols:167 - Finger table entry 135: process1
2025-04-16 15:18:54 INFO  ChordProtocols:167 - Finger table entry 136: process1
2025-04-16 15:18:54 INFO  ChordProtocols:167 - Finger table entry 137: process1
2025-04-16 15:18:54 INFO  ChordProtocols:167 - Finger table entry 138: process1
2025-04-16 15:18:54 INFO  ChordProtocols:167 - Finger table entry 139: process1
2025-04-16 15:18:54 INFO  ChordProtocols:167 - Finger table entry 140: process1
2025-04-16 15:18:54 INFO  ChordProtocols:167 - Finger table entry 141: process1
2025-04-16 15:18:54 INFO  ChordProtocols:167 - Finger table entry 142: process1
2025-04-16 15:18:54 INFO  ChordProtocols:167 - Finger table entry 143: process1
2025-04-16 15:18:54 INFO  ChordProtocols:167 - Finger table entry 144: process1
2025-04-16 15:18:54 INFO  ChordProtocols:167 - Finger table entry 145: process1
2025-04-16 15:18:54 INFO  ChordProtocols:167 - Finger table entry 146: process1
2025-04-16 15:18:54 INFO  ChordProtocols:167 - Finger table entry 147: process1
2025-04-16 15:18:54 INFO  ChordProtocols:167 - Finger table entry 148: process1
2025-04-16 15:18:54 INFO  ChordProtocols:167 - Finger table entry 149: process1
2025-04-16 15:18:54 INFO  ChordProtocols:167 - Finger table entry 150: process1
2025-04-16 15:18:54 INFO  ChordProtocols:167 - Finger table entry 151: process1
2025-04-16 15:18:54 INFO  ChordProtocols:167 - Finger table entry 152: process1
2025-04-16 15:18:54 INFO  ChordProtocols:167 - Finger table entry 153: process1
2025-04-16 15:18:54 INFO  ChordProtocols:167 - Finger table entry 154: process1
2025-04-16 15:18:54 INFO  ChordProtocols:167 - Finger table entry 155: process1
2025-04-16 15:18:54 INFO  ChordProtocols:167 - Finger table entry 156: process1
2025-04-16 15:18:54 INFO  ChordProtocols:167 - Finger table entry 157: process1
2025-04-16 15:18:54 INFO  ChordProtocols:167 - Finger table entry 158: process1
2025-04-16 15:18:54 INFO  ChordProtocols:167 - Finger table entry 159: process1
2025-04-16 15:18:54 INFO  StabilizationProtocols:60 - Checking the predecessor for Node: process2
==================================
Node Identifier = 15618062003214643351512781541041391612
Node IP address = process2
successor(process2) = process1
predecessor(process2) = process3
Current File keys for process2 => []
==================================
2025-04-16 15:18:54 INFO  StabilizationProtocols:130 - Updating the successor for Node: process3
2025-04-16 15:18:54 INFO  StabilizationProtocols:84 - Stabilizing ring from process3...
2025-04-16 15:18:54 INFO  StabilizationProtocols:91 - Stabilize ring: succnode = process2
2025-04-16 15:18:54 INFO  StabilizationProtocols:113 - Finished stabilizing chordring from process3
2025-04-16 15:18:54 INFO  ChordProtocols:157 - Fixing the FingerTable for Node: process3
2025-04-16 15:18:54 INFO  ChordProtocols:167 - Finger table entry 0: process2
2025-04-16 15:18:54 INFO  ChordProtocols:167 - Finger table entry 1: process2
2025-04-16 15:18:54 INFO  ChordProtocols:167 - Finger table entry 2: process2
2025-04-16 15:18:54 INFO  ChordProtocols:167 - Finger table entry 3: process2
2025-04-16 15:18:54 INFO  ChordProtocols:167 - Finger table entry 4: process2
2025-04-16 15:18:54 INFO  ChordProtocols:167 - Finger table entry 5: process2
2025-04-16 15:18:54 INFO  ChordProtocols:167 - Finger table entry 6: process2
2025-04-16 15:18:54 INFO  ChordProtocols:167 - Finger table entry 7: process2
2025-04-16 15:18:54 INFO  ChordProtocols:167 - Finger table entry 8: process2
2025-04-16 15:18:54 INFO  ChordProtocols:167 - Finger table entry 9: process2
2025-04-16 15:18:54 INFO  ChordProtocols:167 - Finger table entry 10: process2
2025-04-16 15:18:54 INFO  ChordProtocols:167 - Finger table entry 11: process2
2025-04-16 15:18:54 INFO  ChordProtocols:167 - Finger table entry 12: process2
2025-04-16 15:18:54 INFO  ChordProtocols:167 - Finger table entry 13: process2
2025-04-16 15:18:54 INFO  ChordProtocols:167 - Finger table entry 14: process2
2025-04-16 15:18:54 INFO  ChordProtocols:167 - Finger table entry 15: process2
2025-04-16 15:18:54 INFO  ChordProtocols:167 - Finger table entry 16: process2
2025-04-16 15:18:54 INFO  ChordProtocols:167 - Finger table entry 17: process2
2025-04-16 15:18:54 INFO  ChordProtocols:167 - Finger table entry 18: process2
2025-04-16 15:18:54 INFO  ChordProtocols:167 - Finger table entry 19: process2
2025-04-16 15:18:54 INFO  ChordProtocols:167 - Finger table entry 20: process2
2025-04-16 15:18:54 INFO  ChordProtocols:167 - Finger table entry 21: process2
2025-04-16 15:18:54 INFO  ChordProtocols:167 - Finger table entry 22: process2
2025-04-16 15:18:54 INFO  ChordProtocols:167 - Finger table entry 23: process2
2025-04-16 15:18:54 INFO  ChordProtocols:167 - Finger table entry 24: process2
2025-04-16 15:18:54 INFO  ChordProtocols:167 - Finger table entry 25: process2
2025-04-16 15:18:54 INFO  ChordProtocols:167 - Finger table entry 26: process2
2025-04-16 15:18:54 INFO  ChordProtocols:167 - Finger table entry 27: process2
2025-04-16 15:18:54 INFO  ChordProtocols:167 - Finger table entry 28: process2
2025-04-16 15:18:54 INFO  ChordProtocols:167 - Finger table entry 29: process2
2025-04-16 15:18:54 INFO  ChordProtocols:167 - Finger table entry 30: process2
2025-04-16 15:18:54 INFO  ChordProtocols:167 - Finger table entry 31: process2
2025-04-16 15:18:54 INFO  ChordProtocols:167 - Finger table entry 32: process2
2025-04-16 15:18:54 INFO  ChordProtocols:167 - Finger table entry 33: process2
2025-04-16 15:18:54 INFO  ChordProtocols:167 - Finger table entry 34: process2
2025-04-16 15:18:54 INFO  ChordProtocols:167 - Finger table entry 35: process2
2025-04-16 15:18:54 INFO  ChordProtocols:167 - Finger table entry 36: process2
2025-04-16 15:18:54 INFO  ChordProtocols:167 - Finger table entry 37: process2
2025-04-16 15:18:54 INFO  ChordProtocols:167 - Finger table entry 38: process2
2025-04-16 15:18:54 INFO  ChordProtocols:167 - Finger table entry 39: process2
2025-04-16 15:18:54 INFO  ChordProtocols:167 - Finger table entry 40: process2
2025-04-16 15:18:54 INFO  ChordProtocols:167 - Finger table entry 41: process2
2025-04-16 15:18:54 INFO  ChordProtocols:167 - Finger table entry 42: process2
2025-04-16 15:18:54 INFO  ChordProtocols:167 - Finger table entry 43: process2
2025-04-16 15:18:54 INFO  ChordProtocols:167 - Finger table entry 44: process2
2025-04-16 15:18:54 INFO  ChordProtocols:167 - Finger table entry 45: process2
2025-04-16 15:18:54 INFO  ChordProtocols:167 - Finger table entry 46: process2
2025-04-16 15:18:54 INFO  ChordProtocols:167 - Finger table entry 47: process2
2025-04-16 15:18:54 INFO  ChordProtocols:167 - Finger table entry 48: process2
2025-04-16 15:18:54 INFO  ChordProtocols:167 - Finger table entry 49: process2
2025-04-16 15:18:54 INFO  ChordProtocols:167 - Finger table entry 50: process2
2025-04-16 15:18:54 INFO  ChordProtocols:167 - Finger table entry 51: process2
2025-04-16 15:18:54 INFO  ChordProtocols:167 - Finger table entry 52: process2
2025-04-16 15:18:54 INFO  ChordProtocols:167 - Finger table entry 53: process2
2025-04-16 15:18:54 INFO  ChordProtocols:167 - Finger table entry 54: process2
2025-04-16 15:18:54 INFO  ChordProtocols:167 - Finger table entry 55: process2
2025-04-16 15:18:54 INFO  ChordProtocols:167 - Finger table entry 56: process2
2025-04-16 15:18:54 INFO  ChordProtocols:167 - Finger table entry 57: process2
2025-04-16 15:18:54 INFO  ChordProtocols:167 - Finger table entry 58: process2
2025-04-16 15:18:54 INFO  ChordProtocols:167 - Finger table entry 59: process2
2025-04-16 15:18:54 INFO  ChordProtocols:167 - Finger table entry 60: process2
2025-04-16 15:18:54 INFO  ChordProtocols:167 - Finger table entry 61: process2
2025-04-16 15:18:54 INFO  ChordProtocols:167 - Finger table entry 62: process2
2025-04-16 15:18:54 INFO  ChordProtocols:167 - Finger table entry 63: process2
2025-04-16 15:18:54 INFO  ChordProtocols:167 - Finger table entry 64: process2
2025-04-16 15:18:54 INFO  ChordProtocols:167 - Finger table entry 65: process2
2025-04-16 15:18:54 INFO  ChordProtocols:167 - Finger table entry 66: process2
2025-04-16 15:18:54 INFO  ChordProtocols:167 - Finger table entry 67: process2
2025-04-16 15:18:54 INFO  ChordProtocols:167 - Finger table entry 68: process2
2025-04-16 15:18:54 INFO  ChordProtocols:167 - Finger table entry 69: process2
2025-04-16 15:18:54 INFO  ChordProtocols:167 - Finger table entry 70: process2
2025-04-16 15:18:54 INFO  ChordProtocols:167 - Finger table entry 71: process2
2025-04-16 15:18:54 INFO  ChordProtocols:167 - Finger table entry 72: process2
2025-04-16 15:18:54 INFO  ChordProtocols:167 - Finger table entry 73: process2
2025-04-16 15:18:54 INFO  ChordProtocols:167 - Finger table entry 74: process2
2025-04-16 15:18:54 INFO  ChordProtocols:167 - Finger table entry 75: process2
2025-04-16 15:18:54 INFO  ChordProtocols:167 - Finger table entry 76: process2
2025-04-16 15:18:54 INFO  ChordProtocols:167 - Finger table entry 77: process2
2025-04-16 15:18:54 INFO  ChordProtocols:167 - Finger table entry 78: process2
2025-04-16 15:18:54 INFO  ChordProtocols:167 - Finger table entry 79: process2
2025-04-16 15:18:54 INFO  ChordProtocols:167 - Finger table entry 80: process2
2025-04-16 15:18:54 INFO  ChordProtocols:167 - Finger table entry 81: process2
2025-04-16 15:18:54 INFO  ChordProtocols:167 - Finger table entry 82: process2
2025-04-16 15:18:54 INFO  ChordProtocols:167 - Finger table entry 83: process2
2025-04-16 15:18:54 INFO  ChordProtocols:167 - Finger table entry 84: process2
2025-04-16 15:18:55 INFO  ChordProtocols:167 - Finger table entry 85: process2
2025-04-16 15:18:55 INFO  ChordProtocols:167 - Finger table entry 86: process2
2025-04-16 15:18:55 INFO  ChordProtocols:167 - Finger table entry 87: process2
2025-04-16 15:18:55 INFO  ChordProtocols:167 - Finger table entry 88: process2
2025-04-16 15:18:55 INFO  ChordProtocols:167 - Finger table entry 89: process2
2025-04-16 15:18:55 INFO  ChordProtocols:167 - Finger table entry 90: process2
2025-04-16 15:18:55 INFO  ChordProtocols:167 - Finger table entry 91: process2
2025-04-16 15:18:55 INFO  ChordProtocols:167 - Finger table entry 92: process2
2025-04-16 15:18:55 INFO  ChordProtocols:167 - Finger table entry 93: process2
2025-04-16 15:18:55 INFO  ChordProtocols:167 - Finger table entry 94: process2
2025-04-16 15:18:55 INFO  ChordProtocols:167 - Finger table entry 95: process2
2025-04-16 15:18:55 INFO  ChordProtocols:167 - Finger table entry 96: process2
2025-04-16 15:18:55 INFO  ChordProtocols:167 - Finger table entry 97: process2
2025-04-16 15:18:55 INFO  ChordProtocols:167 - Finger table entry 98: process2
2025-04-16 15:18:55 INFO  ChordProtocols:167 - Finger table entry 99: process2
2025-04-16 15:18:55 INFO  ChordProtocols:167 - Finger table entry 100: process2
2025-04-16 15:18:55 INFO  ChordProtocols:167 - Finger table entry 101: process2
2025-04-16 15:18:55 INFO  ChordProtocols:167 - Finger table entry 102: process2
2025-04-16 15:18:55 INFO  ChordProtocols:167 - Finger table entry 103: process2
2025-04-16 15:18:55 INFO  ChordProtocols:167 - Finger table entry 104: process2
2025-04-16 15:18:55 INFO  ChordProtocols:167 - Finger table entry 105: process2
2025-04-16 15:18:55 INFO  ChordProtocols:167 - Finger table entry 106: process2
2025-04-16 15:18:55 INFO  ChordProtocols:167 - Finger table entry 107: process2
2025-04-16 15:18:55 INFO  ChordProtocols:167 - Finger table entry 108: process2
2025-04-16 15:18:55 INFO  ChordProtocols:167 - Finger table entry 109: process2
2025-04-16 15:18:55 INFO  ChordProtocols:167 - Finger table entry 110: process2
2025-04-16 15:18:55 INFO  ChordProtocols:167 - Finger table entry 111: process2
2025-04-16 15:18:55 INFO  ChordProtocols:167 - Finger table entry 112: process2
2025-04-16 15:18:55 INFO  ChordProtocols:167 - Finger table entry 113: process2
2025-04-16 15:18:55 INFO  ChordProtocols:167 - Finger table entry 114: process2
2025-04-16 15:18:55 INFO  ChordProtocols:167 - Finger table entry 115: process2
2025-04-16 15:18:55 INFO  ChordProtocols:167 - Finger table entry 116: process2
2025-04-16 15:18:55 INFO  ChordProtocols:167 - Finger table entry 117: process2
2025-04-16 15:18:55 INFO  ChordProtocols:167 - Finger table entry 118: process2
2025-04-16 15:18:55 INFO  ChordProtocols:167 - Finger table entry 119: process2
2025-04-16 15:18:55 INFO  ChordProtocols:167 - Finger table entry 120: process2
2025-04-16 15:18:55 INFO  ChordProtocols:167 - Finger table entry 121: process2
2025-04-16 15:18:55 INFO  ChordProtocols:167 - Finger table entry 122: process2
2025-04-16 15:18:55 INFO  ChordProtocols:167 - Finger table entry 123: process2
2025-04-16 15:18:55 INFO  ChordProtocols:167 - Finger table entry 124: process2
2025-04-16 15:18:55 INFO  ChordProtocols:167 - Finger table entry 125: process2
2025-04-16 15:18:55 INFO  ChordProtocols:167 - Finger table entry 126: process2
2025-04-16 15:18:55 INFO  ChordProtocols:167 - Finger table entry 127: process2
2025-04-16 15:18:55 INFO  ChordProtocols:167 - Finger table entry 128: process2
2025-04-16 15:18:55 INFO  ChordProtocols:167 - Finger table entry 129: process2
2025-04-16 15:18:55 INFO  ChordProtocols:167 - Finger table entry 130: process2
2025-04-16 15:18:55 INFO  ChordProtocols:167 - Finger table entry 131: process2
2025-04-16 15:18:55 INFO  ChordProtocols:167 - Finger table entry 132: process2
2025-04-16 15:18:55 INFO  ChordProtocols:167 - Finger table entry 133: process2
2025-04-16 15:18:55 INFO  ChordProtocols:167 - Finger table entry 134: process2
2025-04-16 15:18:55 INFO  ChordProtocols:167 - Finger table entry 135: process2
2025-04-16 15:18:55 INFO  ChordProtocols:167 - Finger table entry 136: process2
2025-04-16 15:18:55 INFO  ChordProtocols:167 - Finger table entry 137: process2
2025-04-16 15:18:55 INFO  ChordProtocols:167 - Finger table entry 138: process2
2025-04-16 15:18:55 INFO  ChordProtocols:167 - Finger table entry 139: process2
2025-04-16 15:18:55 INFO  ChordProtocols:167 - Finger table entry 140: process2
2025-04-16 15:18:55 INFO  ChordProtocols:167 - Finger table entry 141: process2
2025-04-16 15:18:55 INFO  ChordProtocols:167 - Finger table entry 142: process2
2025-04-16 15:18:55 INFO  ChordProtocols:167 - Finger table entry 143: process2
2025-04-16 15:18:55 INFO  ChordProtocols:167 - Finger table entry 144: process2
2025-04-16 15:18:55 INFO  ChordProtocols:167 - Finger table entry 145: process2
2025-04-16 15:18:55 INFO  ChordProtocols:167 - Finger table entry 146: process2
2025-04-16 15:18:55 INFO  ChordProtocols:167 - Finger table entry 147: process2
2025-04-16 15:18:55 INFO  ChordProtocols:167 - Finger table entry 148: process2
2025-04-16 15:18:55 INFO  ChordProtocols:167 - Finger table entry 149: process2
2025-04-16 15:18:55 INFO  ChordProtocols:167 - Finger table entry 150: process2
2025-04-16 15:18:55 INFO  ChordProtocols:167 - Finger table entry 151: process2
2025-04-16 15:18:55 INFO  ChordProtocols:167 - Finger table entry 152: process2
2025-04-16 15:18:55 INFO  ChordProtocols:167 - Finger table entry 153: process2
2025-04-16 15:18:55 INFO  ChordProtocols:167 - Finger table entry 154: process2
2025-04-16 15:18:55 INFO  ChordProtocols:167 - Finger table entry 155: process2
2025-04-16 15:18:55 INFO  ChordProtocols:167 - Finger table entry 156: process2
2025-04-16 15:18:55 INFO  ChordProtocols:167 - Finger table entry 157: process2
2025-04-16 15:18:55 INFO  ChordProtocols:167 - Finger table entry 158: process2
2025-04-16 15:18:55 INFO  ChordProtocols:167 - Finger table entry 159: process2
2025-04-16 15:18:55 INFO  StabilizationProtocols:60 - Checking the predecessor for Node: process3
==================================
Node Identifier = 66910184482037901621933403444034052414
Node IP address = process3
successor(process3) = process2
predecessor(process3) = process3
Current File keys for process3 => []
==================================
2025-04-16 15:18:55 INFO  StabilizationProtocols:130 - Updating the successor for Node: process4
2025-04-16 15:18:55 INFO  StabilizationProtocols:165 - Finished updating the successor for Node: process4
2025-04-16 15:18:55 INFO  StabilizationProtocols:84 - Stabilizing ring from process4...
2025-04-16 15:18:55 INFO  StabilizationProtocols:91 - Stabilize ring: succnode = process1
2025-04-16 15:18:55 INFO  ChordLookup:73 - Copy file keys that are <= process4 from successor process1 to process4
2025-04-16 15:18:55 INFO  ChordLookup:94 - Finished copying file keys from successor process1 to process4
2025-04-16 15:18:55 INFO  StabilizationProtocols:113 - Finished stabilizing chordring from process4
2025-04-16 15:18:55 INFO  ChordProtocols:157 - Fixing the FingerTable for Node: process4
2025-04-16 15:18:55 INFO  ChordProtocols:167 - Finger table entry 0: process2
2025-04-16 15:18:55 INFO  ChordProtocols:167 - Finger table entry 1: process2
2025-04-16 15:18:55 INFO  ChordProtocols:167 - Finger table entry 2: process2
2025-04-16 15:18:55 INFO  ChordProtocols:167 - Finger table entry 3: process2
2025-04-16 15:18:55 INFO  ChordProtocols:167 - Finger table entry 4: process2
2025-04-16 15:18:55 INFO  ChordProtocols:167 - Finger table entry 5: process2
2025-04-16 15:18:55 INFO  ChordProtocols:167 - Finger table entry 6: process2
2025-04-16 15:18:55 INFO  ChordProtocols:167 - Finger table entry 7: process2
2025-04-16 15:18:55 INFO  ChordProtocols:167 - Finger table entry 8: process2
2025-04-16 15:18:55 INFO  ChordProtocols:167 - Finger table entry 9: process2
2025-04-16 15:18:55 INFO  ChordProtocols:167 - Finger table entry 10: process2
2025-04-16 15:18:55 INFO  ChordProtocols:167 - Finger table entry 11: process2
2025-04-16 15:18:55 INFO  ChordProtocols:167 - Finger table entry 12: process2
2025-04-16 15:18:55 INFO  ChordProtocols:167 - Finger table entry 13: process2
2025-04-16 15:18:55 INFO  ChordProtocols:167 - Finger table entry 14: process2
2025-04-16 15:18:55 INFO  ChordProtocols:167 - Finger table entry 15: process2
2025-04-16 15:18:55 INFO  ChordProtocols:167 - Finger table entry 16: process2
2025-04-16 15:18:55 INFO  ChordProtocols:167 - Finger table entry 17: process2
2025-04-16 15:18:55 INFO  ChordProtocols:167 - Finger table entry 18: process2
2025-04-16 15:18:55 INFO  ChordProtocols:167 - Finger table entry 19: process2
2025-04-16 15:18:55 INFO  ChordProtocols:167 - Finger table entry 20: process2
2025-04-16 15:18:55 INFO  ChordProtocols:167 - Finger table entry 21: process2
2025-04-16 15:18:55 INFO  ChordProtocols:167 - Finger table entry 22: process2
2025-04-16 15:18:55 INFO  ChordProtocols:167 - Finger table entry 23: process2
2025-04-16 15:18:55 INFO  ChordProtocols:167 - Finger table entry 24: process2
2025-04-16 15:18:55 INFO  ChordProtocols:167 - Finger table entry 25: process2
2025-04-16 15:18:55 INFO  ChordProtocols:167 - Finger table entry 26: process2
2025-04-16 15:18:55 INFO  ChordProtocols:167 - Finger table entry 27: process2
2025-04-16 15:18:55 INFO  ChordProtocols:167 - Finger table entry 28: process2
2025-04-16 15:18:55 INFO  ChordProtocols:167 - Finger table entry 29: process2
2025-04-16 15:18:55 INFO  ChordProtocols:167 - Finger table entry 30: process2
2025-04-16 15:18:55 INFO  ChordProtocols:167 - Finger table entry 31: process2
2025-04-16 15:18:55 INFO  ChordProtocols:167 - Finger table entry 32: process2
2025-04-16 15:18:55 INFO  ChordProtocols:167 - Finger table entry 33: process2
2025-04-16 15:18:55 INFO  ChordProtocols:167 - Finger table entry 34: process2
2025-04-16 15:18:55 INFO  ChordProtocols:167 - Finger table entry 35: process2
2025-04-16 15:18:55 INFO  ChordProtocols:167 - Finger table entry 36: process2
2025-04-16 15:18:55 INFO  ChordProtocols:167 - Finger table entry 37: process2
2025-04-16 15:18:55 INFO  ChordProtocols:167 - Finger table entry 38: process2
2025-04-16 15:18:55 INFO  ChordProtocols:167 - Finger table entry 39: process2
2025-04-16 15:18:55 INFO  ChordProtocols:167 - Finger table entry 40: process2
2025-04-16 15:18:55 INFO  ChordProtocols:167 - Finger table entry 41: process2
2025-04-16 15:18:55 INFO  ChordProtocols:167 - Finger table entry 42: process2
2025-04-16 15:18:55 INFO  ChordProtocols:167 - Finger table entry 43: process2
2025-04-16 15:18:55 INFO  ChordProtocols:167 - Finger table entry 44: process2
2025-04-16 15:18:55 INFO  ChordProtocols:167 - Finger table entry 45: process2
2025-04-16 15:18:55 INFO  ChordProtocols:167 - Finger table entry 46: process2
2025-04-16 15:18:55 INFO  ChordProtocols:167 - Finger table entry 47: process2
2025-04-16 15:18:55 INFO  ChordProtocols:167 - Finger table entry 48: process2
2025-04-16 15:18:55 INFO  ChordProtocols:167 - Finger table entry 49: process2
2025-04-16 15:18:55 INFO  ChordProtocols:167 - Finger table entry 50: process2
2025-04-16 15:18:55 INFO  ChordProtocols:167 - Finger table entry 51: process2
2025-04-16 15:18:55 INFO  ChordProtocols:167 - Finger table entry 52: process2
2025-04-16 15:18:55 INFO  ChordProtocols:167 - Finger table entry 53: process2
2025-04-16 15:18:55 INFO  ChordProtocols:167 - Finger table entry 54: process2
2025-04-16 15:18:55 INFO  ChordProtocols:167 - Finger table entry 55: process2
2025-04-16 15:18:55 INFO  ChordProtocols:167 - Finger table entry 56: process2
2025-04-16 15:18:55 INFO  ChordProtocols:167 - Finger table entry 57: process2
2025-04-16 15:18:55 INFO  ChordProtocols:167 - Finger table entry 58: process2
2025-04-16 15:18:55 INFO  ChordProtocols:167 - Finger table entry 59: process2
2025-04-16 15:18:55 INFO  ChordProtocols:167 - Finger table entry 60: process2
2025-04-16 15:18:55 INFO  ChordProtocols:167 - Finger table entry 61: process2
2025-04-16 15:18:55 INFO  ChordProtocols:167 - Finger table entry 62: process2
2025-04-16 15:18:55 INFO  ChordProtocols:167 - Finger table entry 63: process2
2025-04-16 15:18:55 INFO  ChordProtocols:167 - Finger table entry 64: process2
2025-04-16 15:18:55 INFO  ChordProtocols:167 - Finger table entry 65: process2
2025-04-16 15:18:55 INFO  ChordProtocols:167 - Finger table entry 66: process2
2025-04-16 15:18:55 INFO  ChordProtocols:167 - Finger table entry 67: process2
2025-04-16 15:18:55 INFO  ChordProtocols:167 - Finger table entry 68: process2
2025-04-16 15:18:55 INFO  ChordProtocols:167 - Finger table entry 69: process2
2025-04-16 15:18:55 INFO  ChordProtocols:167 - Finger table entry 70: process2
2025-04-16 15:18:55 INFO  ChordProtocols:167 - Finger table entry 71: process2
2025-04-16 15:18:55 INFO  ChordProtocols:167 - Finger table entry 72: process2
2025-04-16 15:18:55 INFO  ChordProtocols:167 - Finger table entry 73: process2
2025-04-16 15:18:55 INFO  ChordProtocols:167 - Finger table entry 74: process2
2025-04-16 15:18:55 INFO  ChordProtocols:167 - Finger table entry 75: process2
2025-04-16 15:18:55 INFO  ChordProtocols:167 - Finger table entry 76: process2
2025-04-16 15:18:55 INFO  ChordProtocols:167 - Finger table entry 77: process2
2025-04-16 15:18:55 INFO  ChordProtocols:167 - Finger table entry 78: process2
2025-04-16 15:18:55 INFO  ChordProtocols:167 - Finger table entry 79: process2
2025-04-16 15:18:55 INFO  ChordProtocols:167 - Finger table entry 80: process2
2025-04-16 15:18:55 INFO  ChordProtocols:167 - Finger table entry 81: process2
2025-04-16 15:18:55 INFO  ChordProtocols:167 - Finger table entry 82: process2
2025-04-16 15:18:55 INFO  ChordProtocols:167 - Finger table entry 83: process2
2025-04-16 15:18:55 INFO  ChordProtocols:167 - Finger table entry 84: process2
2025-04-16 15:18:55 INFO  ChordProtocols:167 - Finger table entry 85: process2
2025-04-16 15:18:55 INFO  ChordProtocols:167 - Finger table entry 86: process2
2025-04-16 15:18:55 INFO  ChordProtocols:167 - Finger table entry 87: process2
2025-04-16 15:18:55 INFO  ChordProtocols:167 - Finger table entry 88: process2
2025-04-16 15:18:55 INFO  ChordProtocols:167 - Finger table entry 89: process2
2025-04-16 15:18:55 INFO  ChordProtocols:167 - Finger table entry 90: process2
2025-04-16 15:18:55 INFO  ChordProtocols:167 - Finger table entry 91: process2
2025-04-16 15:18:55 INFO  ChordProtocols:167 - Finger table entry 92: process2
2025-04-16 15:18:55 INFO  ChordProtocols:167 - Finger table entry 93: process2
2025-04-16 15:18:55 INFO  ChordProtocols:167 - Finger table entry 94: process2
2025-04-16 15:18:55 INFO  ChordProtocols:167 - Finger table entry 95: process2
2025-04-16 15:18:55 INFO  ChordProtocols:167 - Finger table entry 96: process2
2025-04-16 15:18:55 INFO  ChordProtocols:167 - Finger table entry 97: process2
2025-04-16 15:18:55 INFO  ChordProtocols:167 - Finger table entry 98: process2
2025-04-16 15:18:55 INFO  ChordProtocols:167 - Finger table entry 99: process2
2025-04-16 15:18:55 INFO  ChordProtocols:167 - Finger table entry 100: process2
2025-04-16 15:18:55 INFO  ChordProtocols:167 - Finger table entry 101: process2
2025-04-16 15:18:55 INFO  ChordProtocols:167 - Finger table entry 102: process2
2025-04-16 15:18:55 INFO  ChordProtocols:167 - Finger table entry 103: process2
2025-04-16 15:18:55 INFO  ChordProtocols:167 - Finger table entry 104: process2
2025-04-16 15:18:55 INFO  ChordProtocols:167 - Finger table entry 105: process2
2025-04-16 15:18:55 INFO  ChordProtocols:167 - Finger table entry 106: process2
2025-04-16 15:18:55 INFO  ChordProtocols:167 - Finger table entry 107: process2
2025-04-16 15:18:55 INFO  ChordProtocols:167 - Finger table entry 108: process2
2025-04-16 15:18:55 INFO  ChordProtocols:167 - Finger table entry 109: process2
2025-04-16 15:18:55 INFO  ChordProtocols:167 - Finger table entry 110: process2
2025-04-16 15:18:55 INFO  ChordProtocols:167 - Finger table entry 111: process2
2025-04-16 15:18:55 INFO  ChordProtocols:167 - Finger table entry 112: process2
2025-04-16 15:18:55 INFO  ChordProtocols:167 - Finger table entry 113: process2
2025-04-16 15:18:55 INFO  ChordProtocols:167 - Finger table entry 114: process2
2025-04-16 15:18:55 INFO  ChordProtocols:167 - Finger table entry 115: process2
2025-04-16 15:18:55 INFO  ChordProtocols:167 - Finger table entry 116: process2
2025-04-16 15:18:55 INFO  ChordProtocols:167 - Finger table entry 117: process2
2025-04-16 15:18:55 INFO  ChordProtocols:167 - Finger table entry 118: process2
2025-04-16 15:18:55 INFO  ChordProtocols:167 - Finger table entry 119: process2
2025-04-16 15:18:55 INFO  ChordProtocols:167 - Finger table entry 120: process2
2025-04-16 15:18:55 INFO  ChordProtocols:167 - Finger table entry 121: process2
2025-04-16 15:18:55 INFO  ChordProtocols:167 - Finger table entry 122: process2
2025-04-16 15:18:55 INFO  ChordProtocols:167 - Finger table entry 123: process2
2025-04-16 15:18:55 INFO  ChordProtocols:167 - Finger table entry 124: process2
2025-04-16 15:18:55 INFO  ChordProtocols:167 - Finger table entry 125: process2
2025-04-16 15:18:55 INFO  ChordProtocols:167 - Finger table entry 126: process2
2025-04-16 15:18:55 INFO  ChordProtocols:167 - Finger table entry 127: process2
2025-04-16 15:18:55 INFO  ChordProtocols:167 - Finger table entry 128: process2
2025-04-16 15:18:55 INFO  ChordProtocols:167 - Finger table entry 129: process2
2025-04-16 15:18:55 INFO  ChordProtocols:167 - Finger table entry 130: process2
2025-04-16 15:18:55 INFO  ChordProtocols:167 - Finger table entry 131: process2
2025-04-16 15:18:55 INFO  ChordProtocols:167 - Finger table entry 132: process2
2025-04-16 15:18:55 INFO  ChordProtocols:167 - Finger table entry 133: process2
2025-04-16 15:18:55 INFO  ChordProtocols:167 - Finger table entry 134: process2
2025-04-16 15:18:55 INFO  ChordProtocols:167 - Finger table entry 135: process2
2025-04-16 15:18:55 INFO  ChordProtocols:167 - Finger table entry 136: process2
2025-04-16 15:18:55 INFO  ChordProtocols:167 - Finger table entry 137: process2
2025-04-16 15:18:55 INFO  ChordProtocols:167 - Finger table entry 138: process2
2025-04-16 15:18:55 INFO  ChordProtocols:167 - Finger table entry 139: process2
2025-04-16 15:18:55 INFO  ChordProtocols:167 - Finger table entry 140: process2
2025-04-16 15:18:55 INFO  ChordProtocols:167 - Finger table entry 141: process2
2025-04-16 15:18:55 INFO  ChordProtocols:167 - Finger table entry 142: process2
2025-04-16 15:18:55 INFO  ChordProtocols:167 - Finger table entry 143: process2
2025-04-16 15:18:55 INFO  ChordProtocols:167 - Finger table entry 144: process2
2025-04-16 15:18:55 INFO  ChordProtocols:167 - Finger table entry 145: process2
2025-04-16 15:18:55 INFO  ChordProtocols:167 - Finger table entry 146: process2
2025-04-16 15:18:55 INFO  ChordProtocols:167 - Finger table entry 147: process2
2025-04-16 15:18:55 INFO  ChordProtocols:167 - Finger table entry 148: process2
2025-04-16 15:18:55 INFO  ChordProtocols:167 - Finger table entry 149: process2
2025-04-16 15:18:55 INFO  ChordProtocols:167 - Finger table entry 150: process2
2025-04-16 15:18:55 INFO  ChordProtocols:167 - Finger table entry 151: process2
2025-04-16 15:18:55 INFO  ChordProtocols:167 - Finger table entry 152: process2
2025-04-16 15:18:55 INFO  ChordProtocols:167 - Finger table entry 153: process2
2025-04-16 15:18:55 INFO  ChordProtocols:167 - Finger table entry 154: process2
2025-04-16 15:18:55 INFO  ChordProtocols:167 - Finger table entry 155: process2
2025-04-16 15:18:55 INFO  ChordProtocols:167 - Finger table entry 156: process2
2025-04-16 15:18:55 INFO  ChordProtocols:167 - Finger table entry 157: process2
2025-04-16 15:18:55 INFO  ChordProtocols:167 - Finger table entry 158: process2
2025-04-16 15:18:55 INFO  ChordProtocols:167 - Finger table entry 159: process2
2025-04-16 15:18:55 INFO  StabilizationProtocols:60 - Checking the predecessor for Node: process4
==================================
Node Identifier = 210821560651360572675896360671414673172
Node IP address = process4
successor(process4) = process2
predecessor(process4) = process4
Current File keys for process4 => []
==================================
2025-04-16 15:18:56 INFO  StabilizationProtocols:130 - Updating the successor for Node: process1
2025-04-16 15:18:56 INFO  StabilizationProtocols:165 - Finished updating the successor for Node: process1
2025-04-16 15:18:56 INFO  StabilizationProtocols:84 - Stabilizing ring from process1...
2025-04-16 15:18:56 INFO  StabilizationProtocols:91 - Stabilize ring: succnode = process1
2025-04-16 15:18:56 INFO  StabilizationProtocols:113 - Finished stabilizing chordring from process1
2025-04-16 15:18:56 INFO  ChordProtocols:157 - Fixing the FingerTable for Node: process1
2025-04-16 15:18:56 INFO  ChordProtocols:167 - Finger table entry 0: process1
2025-04-16 15:18:56 INFO  ChordProtocols:167 - Finger table entry 1: process1
2025-04-16 15:18:56 INFO  ChordProtocols:167 - Finger table entry 2: process1
2025-04-16 15:18:56 INFO  ChordProtocols:167 - Finger table entry 3: process1
2025-04-16 15:18:56 INFO  ChordProtocols:167 - Finger table entry 4: process1
2025-04-16 15:18:56 INFO  ChordProtocols:167 - Finger table entry 5: process1
2025-04-16 15:18:56 INFO  ChordProtocols:167 - Finger table entry 6: process1
2025-04-16 15:18:56 INFO  ChordProtocols:167 - Finger table entry 7: process1
2025-04-16 15:18:56 INFO  ChordProtocols:167 - Finger table entry 8: process1
2025-04-16 15:18:56 INFO  ChordProtocols:167 - Finger table entry 9: process1
2025-04-16 15:18:56 INFO  ChordProtocols:167 - Finger table entry 10: process1
2025-04-16 15:18:56 INFO  ChordProtocols:167 - Finger table entry 11: process1
2025-04-16 15:18:56 INFO  ChordProtocols:167 - Finger table entry 12: process1
2025-04-16 15:18:56 INFO  ChordProtocols:167 - Finger table entry 13: process1
2025-04-16 15:18:56 INFO  ChordProtocols:167 - Finger table entry 14: process1
2025-04-16 15:18:56 INFO  ChordProtocols:167 - Finger table entry 15: process1
2025-04-16 15:18:56 INFO  ChordProtocols:167 - Finger table entry 16: process1
2025-04-16 15:18:56 INFO  ChordProtocols:167 - Finger table entry 17: process1
2025-04-16 15:18:56 INFO  ChordProtocols:167 - Finger table entry 18: process1
2025-04-16 15:18:56 INFO  ChordProtocols:167 - Finger table entry 19: process1
2025-04-16 15:18:56 INFO  ChordProtocols:167 - Finger table entry 20: process1
2025-04-16 15:18:56 INFO  ChordProtocols:167 - Finger table entry 21: process1
2025-04-16 15:18:56 INFO  ChordProtocols:167 - Finger table entry 22: process1
2025-04-16 15:18:56 INFO  ChordProtocols:167 - Finger table entry 23: process1
2025-04-16 15:18:56 INFO  ChordProtocols:167 - Finger table entry 24: process1
2025-04-16 15:18:56 INFO  ChordProtocols:167 - Finger table entry 25: process1
2025-04-16 15:18:56 INFO  ChordProtocols:167 - Finger table entry 26: process1
2025-04-16 15:18:56 INFO  ChordProtocols:167 - Finger table entry 27: process1
2025-04-16 15:18:56 INFO  ChordProtocols:167 - Finger table entry 28: process1
2025-04-16 15:18:56 INFO  ChordProtocols:167 - Finger table entry 29: process1
2025-04-16 15:18:56 INFO  ChordProtocols:167 - Finger table entry 30: process1
2025-04-16 15:18:56 INFO  ChordProtocols:167 - Finger table entry 31: process1
2025-04-16 15:18:56 INFO  ChordProtocols:167 - Finger table entry 32: process1
2025-04-16 15:18:56 INFO  ChordProtocols:167 - Finger table entry 33: process1
2025-04-16 15:18:56 INFO  ChordProtocols:167 - Finger table entry 34: process1
2025-04-16 15:18:56 INFO  ChordProtocols:167 - Finger table entry 35: process1
2025-04-16 15:18:56 INFO  ChordProtocols:167 - Finger table entry 36: process1
2025-04-16 15:18:56 INFO  ChordProtocols:167 - Finger table entry 37: process1
2025-04-16 15:18:56 INFO  ChordProtocols:167 - Finger table entry 38: process1
2025-04-16 15:18:56 INFO  ChordProtocols:167 - Finger table entry 39: process1
2025-04-16 15:18:56 INFO  ChordProtocols:167 - Finger table entry 40: process1
2025-04-16 15:18:56 INFO  ChordProtocols:167 - Finger table entry 41: process1
2025-04-16 15:18:56 INFO  ChordProtocols:167 - Finger table entry 42: process1
2025-04-16 15:18:56 INFO  ChordProtocols:167 - Finger table entry 43: process1
2025-04-16 15:18:56 INFO  ChordProtocols:167 - Finger table entry 44: process1
2025-04-16 15:18:56 INFO  ChordProtocols:167 - Finger table entry 45: process1
2025-04-16 15:18:56 INFO  ChordProtocols:167 - Finger table entry 46: process1
2025-04-16 15:18:56 INFO  ChordProtocols:167 - Finger table entry 47: process1
2025-04-16 15:18:56 INFO  ChordProtocols:167 - Finger table entry 48: process1
2025-04-16 15:18:56 INFO  ChordProtocols:167 - Finger table entry 49: process1
2025-04-16 15:18:56 INFO  ChordProtocols:167 - Finger table entry 50: process1
2025-04-16 15:18:56 INFO  ChordProtocols:167 - Finger table entry 51: process1
2025-04-16 15:18:56 INFO  ChordProtocols:167 - Finger table entry 52: process1
2025-04-16 15:18:56 INFO  ChordProtocols:167 - Finger table entry 53: process1
2025-04-16 15:18:56 INFO  ChordProtocols:167 - Finger table entry 54: process1
2025-04-16 15:18:56 INFO  ChordProtocols:167 - Finger table entry 55: process1
2025-04-16 15:18:56 INFO  ChordProtocols:167 - Finger table entry 56: process1
2025-04-16 15:18:56 INFO  ChordProtocols:167 - Finger table entry 57: process1
2025-04-16 15:18:56 INFO  ChordProtocols:167 - Finger table entry 58: process1
2025-04-16 15:18:56 INFO  ChordProtocols:167 - Finger table entry 59: process1
2025-04-16 15:18:56 INFO  ChordProtocols:167 - Finger table entry 60: process1
2025-04-16 15:18:56 INFO  ChordProtocols:167 - Finger table entry 61: process1
2025-04-16 15:18:56 INFO  ChordProtocols:167 - Finger table entry 62: process1
2025-04-16 15:18:56 INFO  ChordProtocols:167 - Finger table entry 63: process1
2025-04-16 15:18:56 INFO  ChordProtocols:167 - Finger table entry 64: process1
2025-04-16 15:18:56 INFO  ChordProtocols:167 - Finger table entry 65: process1
2025-04-16 15:18:56 INFO  ChordProtocols:167 - Finger table entry 66: process1
2025-04-16 15:18:56 INFO  ChordProtocols:167 - Finger table entry 67: process1
2025-04-16 15:18:56 INFO  ChordProtocols:167 - Finger table entry 68: process1
2025-04-16 15:18:56 INFO  ChordProtocols:167 - Finger table entry 69: process1
2025-04-16 15:18:56 INFO  ChordProtocols:167 - Finger table entry 70: process1
2025-04-16 15:18:56 INFO  ChordProtocols:167 - Finger table entry 71: process1
2025-04-16 15:18:56 INFO  ChordProtocols:167 - Finger table entry 72: process1
2025-04-16 15:18:56 INFO  ChordProtocols:167 - Finger table entry 73: process1
2025-04-16 15:18:56 INFO  ChordProtocols:167 - Finger table entry 74: process1
2025-04-16 15:18:56 INFO  ChordProtocols:167 - Finger table entry 75: process1
2025-04-16 15:18:56 INFO  ChordProtocols:167 - Finger table entry 76: process1
2025-04-16 15:18:56 INFO  ChordProtocols:167 - Finger table entry 77: process1
2025-04-16 15:18:56 INFO  ChordProtocols:167 - Finger table entry 78: process1
2025-04-16 15:18:56 INFO  ChordProtocols:167 - Finger table entry 79: process1
2025-04-16 15:18:56 INFO  ChordProtocols:167 - Finger table entry 80: process1
2025-04-16 15:18:56 INFO  ChordProtocols:167 - Finger table entry 81: process1
2025-04-16 15:18:56 INFO  ChordProtocols:167 - Finger table entry 82: process1
2025-04-16 15:18:56 INFO  ChordProtocols:167 - Finger table entry 83: process1
2025-04-16 15:18:56 INFO  ChordProtocols:167 - Finger table entry 84: process1
2025-04-16 15:18:56 INFO  ChordProtocols:167 - Finger table entry 85: process1
2025-04-16 15:18:56 INFO  ChordProtocols:167 - Finger table entry 86: process1
2025-04-16 15:18:56 INFO  ChordProtocols:167 - Finger table entry 87: process1
2025-04-16 15:18:56 INFO  ChordProtocols:167 - Finger table entry 88: process1
2025-04-16 15:18:56 INFO  ChordProtocols:167 - Finger table entry 89: process1
2025-04-16 15:18:56 INFO  ChordProtocols:167 - Finger table entry 90: process1
2025-04-16 15:18:56 INFO  ChordProtocols:167 - Finger table entry 91: process1
2025-04-16 15:18:56 INFO  ChordProtocols:167 - Finger table entry 92: process1
2025-04-16 15:18:56 INFO  ChordProtocols:167 - Finger table entry 93: process1
2025-04-16 15:18:56 INFO  ChordProtocols:167 - Finger table entry 94: process1
2025-04-16 15:18:56 INFO  ChordProtocols:167 - Finger table entry 95: process1
2025-04-16 15:18:56 INFO  ChordProtocols:167 - Finger table entry 96: process1
2025-04-16 15:18:56 INFO  ChordProtocols:167 - Finger table entry 97: process1
2025-04-16 15:18:56 INFO  ChordProtocols:167 - Finger table entry 98: process1
2025-04-16 15:18:56 INFO  ChordProtocols:167 - Finger table entry 99: process1
2025-04-16 15:18:56 INFO  ChordProtocols:167 - Finger table entry 100: process1
2025-04-16 15:18:56 INFO  ChordProtocols:167 - Finger table entry 101: process1
2025-04-16 15:18:56 INFO  ChordProtocols:167 - Finger table entry 102: process1
2025-04-16 15:18:56 INFO  ChordProtocols:167 - Finger table entry 103: process1
2025-04-16 15:18:56 INFO  ChordProtocols:167 - Finger table entry 104: process1
2025-04-16 15:18:56 INFO  ChordProtocols:167 - Finger table entry 105: process1
2025-04-16 15:18:56 INFO  ChordProtocols:167 - Finger table entry 106: process1
2025-04-16 15:18:56 INFO  ChordProtocols:167 - Finger table entry 107: process1
2025-04-16 15:18:56 INFO  ChordProtocols:167 - Finger table entry 108: process1
2025-04-16 15:18:56 INFO  ChordProtocols:167 - Finger table entry 109: process1
2025-04-16 15:18:56 INFO  ChordProtocols:167 - Finger table entry 110: process1
2025-04-16 15:18:56 INFO  ChordProtocols:167 - Finger table entry 111: process1
2025-04-16 15:18:56 INFO  ChordProtocols:167 - Finger table entry 112: process1
2025-04-16 15:18:56 INFO  ChordProtocols:167 - Finger table entry 113: process1
2025-04-16 15:18:56 INFO  ChordProtocols:167 - Finger table entry 114: process1
2025-04-16 15:18:56 INFO  ChordProtocols:167 - Finger table entry 115: process1
2025-04-16 15:18:56 INFO  ChordProtocols:167 - Finger table entry 116: process1
2025-04-16 15:18:56 INFO  ChordProtocols:167 - Finger table entry 117: process1
2025-04-16 15:18:56 INFO  ChordProtocols:167 - Finger table entry 118: process1
2025-04-16 15:18:56 INFO  ChordProtocols:167 - Finger table entry 119: process1
2025-04-16 15:18:56 INFO  ChordProtocols:167 - Finger table entry 120: process1
2025-04-16 15:18:56 INFO  ChordProtocols:167 - Finger table entry 121: process1
2025-04-16 15:18:56 INFO  ChordProtocols:167 - Finger table entry 122: process1
2025-04-16 15:18:56 INFO  ChordProtocols:167 - Finger table entry 123: process1
2025-04-16 15:18:56 INFO  ChordProtocols:167 - Finger table entry 124: process1
2025-04-16 15:18:56 INFO  ChordProtocols:167 - Finger table entry 125: process1
2025-04-16 15:18:56 INFO  ChordProtocols:167 - Finger table entry 126: process1
2025-04-16 15:18:56 INFO  ChordProtocols:167 - Finger table entry 127: process1
2025-04-16 15:18:56 INFO  ChordProtocols:167 - Finger table entry 128: process1
2025-04-16 15:18:56 INFO  ChordProtocols:167 - Finger table entry 129: process1
2025-04-16 15:18:56 INFO  ChordProtocols:167 - Finger table entry 130: process1
2025-04-16 15:18:56 INFO  ChordProtocols:167 - Finger table entry 131: process1
2025-04-16 15:18:56 INFO  ChordProtocols:167 - Finger table entry 132: process1
2025-04-16 15:18:56 INFO  ChordProtocols:167 - Finger table entry 133: process1
2025-04-16 15:18:56 INFO  ChordProtocols:167 - Finger table entry 134: process1
2025-04-16 15:18:56 INFO  ChordProtocols:167 - Finger table entry 135: process1
2025-04-16 15:18:56 INFO  ChordProtocols:167 - Finger table entry 136: process1
2025-04-16 15:18:56 INFO  ChordProtocols:167 - Finger table entry 137: process1
2025-04-16 15:18:56 INFO  ChordProtocols:167 - Finger table entry 138: process1
2025-04-16 15:18:56 INFO  ChordProtocols:167 - Finger table entry 139: process1
2025-04-16 15:18:56 INFO  ChordProtocols:167 - Finger table entry 140: process1
2025-04-16 15:18:56 INFO  ChordProtocols:167 - Finger table entry 141: process1
2025-04-16 15:18:56 INFO  ChordProtocols:167 - Finger table entry 142: process1
2025-04-16 15:18:56 INFO  ChordProtocols:167 - Finger table entry 143: process1
2025-04-16 15:18:56 INFO  ChordProtocols:167 - Finger table entry 144: process1
2025-04-16 15:18:56 INFO  ChordProtocols:167 - Finger table entry 145: process1
2025-04-16 15:18:56 INFO  ChordProtocols:167 - Finger table entry 146: process1
2025-04-16 15:18:56 INFO  ChordProtocols:167 - Finger table entry 147: process1
2025-04-16 15:18:56 INFO  ChordProtocols:167 - Finger table entry 148: process1
2025-04-16 15:18:56 INFO  ChordProtocols:167 - Finger table entry 149: process1
2025-04-16 15:18:56 INFO  ChordProtocols:167 - Finger table entry 150: process1
2025-04-16 15:18:56 INFO  ChordProtocols:167 - Finger table entry 151: process1
2025-04-16 15:18:56 INFO  ChordProtocols:167 - Finger table entry 152: process1
2025-04-16 15:18:56 INFO  ChordProtocols:167 - Finger table entry 153: process1
2025-04-16 15:18:56 INFO  ChordProtocols:167 - Finger table entry 154: process1
2025-04-16 15:18:56 INFO  ChordProtocols:167 - Finger table entry 155: process1
2025-04-16 15:18:56 INFO  ChordProtocols:167 - Finger table entry 156: process1
2025-04-16 15:18:56 INFO  ChordProtocols:167 - Finger table entry 157: process1
2025-04-16 15:18:56 INFO  ChordProtocols:167 - Finger table entry 158: process1
2025-04-16 15:18:56 INFO  ChordProtocols:167 - Finger table entry 159: process1
2025-04-16 15:18:56 INFO  StabilizationProtocols:60 - Checking the predecessor for Node: process1
==================================
Node Identifier = 53937554629190552131995290006614509577
Node IP address = process1
successor(process1) = process1
predecessor(process1) = process2
Current File keys for process1 => []
==================================
2025-04-16 15:18:56 INFO  StabilizationProtocols:130 - Updating the successor for Node: process2
2025-04-16 15:18:56 INFO  StabilizationProtocols:84 - Stabilizing ring from process2...
2025-04-16 15:18:56 INFO  StabilizationProtocols:91 - Stabilize ring: succnode = process1
2025-04-16 15:18:56 INFO  StabilizationProtocols:113 - Finished stabilizing chordring from process2
2025-04-16 15:18:56 INFO  ChordProtocols:157 - Fixing the FingerTable for Node: process2
2025-04-16 15:18:56 INFO  ChordProtocols:167 - Finger table entry 0: process1
2025-04-16 15:18:56 INFO  ChordProtocols:167 - Finger table entry 1: process1
2025-04-16 15:18:56 INFO  ChordProtocols:167 - Finger table entry 2: process1
2025-04-16 15:18:56 INFO  ChordProtocols:167 - Finger table entry 3: process1
2025-04-16 15:18:56 INFO  ChordProtocols:167 - Finger table entry 4: process1
2025-04-16 15:18:56 INFO  ChordProtocols:167 - Finger table entry 5: process1
2025-04-16 15:18:56 INFO  ChordProtocols:167 - Finger table entry 6: process1
2025-04-16 15:18:56 INFO  ChordProtocols:167 - Finger table entry 7: process1
2025-04-16 15:18:56 INFO  ChordProtocols:167 - Finger table entry 8: process1
2025-04-16 15:18:56 INFO  ChordProtocols:167 - Finger table entry 9: process1
2025-04-16 15:18:56 INFO  ChordProtocols:167 - Finger table entry 10: process1
2025-04-16 15:18:56 INFO  ChordProtocols:167 - Finger table entry 11: process1
2025-04-16 15:18:56 INFO  ChordProtocols:167 - Finger table entry 12: process1
2025-04-16 15:18:56 INFO  ChordProtocols:167 - Finger table entry 13: process1
2025-04-16 15:18:56 INFO  ChordProtocols:167 - Finger table entry 14: process1
2025-04-16 15:18:56 INFO  ChordProtocols:167 - Finger table entry 15: process1
2025-04-16 15:18:56 INFO  ChordProtocols:167 - Finger table entry 16: process1
2025-04-16 15:18:56 INFO  ChordProtocols:167 - Finger table entry 17: process1
2025-04-16 15:18:56 INFO  ChordProtocols:167 - Finger table entry 18: process1
2025-04-16 15:18:56 INFO  ChordProtocols:167 - Finger table entry 19: process1
2025-04-16 15:18:56 INFO  ChordProtocols:167 - Finger table entry 20: process1
2025-04-16 15:18:56 INFO  ChordProtocols:167 - Finger table entry 21: process1
2025-04-16 15:18:56 INFO  ChordProtocols:167 - Finger table entry 22: process1
2025-04-16 15:18:56 INFO  ChordProtocols:167 - Finger table entry 23: process1
2025-04-16 15:18:56 INFO  ChordProtocols:167 - Finger table entry 24: process1
2025-04-16 15:18:56 INFO  ChordProtocols:167 - Finger table entry 25: process1
2025-04-16 15:18:56 INFO  ChordProtocols:167 - Finger table entry 26: process1
2025-04-16 15:18:56 INFO  ChordProtocols:167 - Finger table entry 27: process1
2025-04-16 15:18:56 INFO  ChordProtocols:167 - Finger table entry 28: process1
2025-04-16 15:18:56 INFO  ChordProtocols:167 - Finger table entry 29: process1
2025-04-16 15:18:56 INFO  ChordProtocols:167 - Finger table entry 30: process1
2025-04-16 15:18:56 INFO  ChordProtocols:167 - Finger table entry 31: process1
2025-04-16 15:18:56 INFO  ChordProtocols:167 - Finger table entry 32: process1
2025-04-16 15:18:56 INFO  ChordProtocols:167 - Finger table entry 33: process1
2025-04-16 15:18:56 INFO  ChordProtocols:167 - Finger table entry 34: process1
2025-04-16 15:18:56 INFO  ChordProtocols:167 - Finger table entry 35: process1
2025-04-16 15:18:56 INFO  ChordProtocols:167 - Finger table entry 36: process1
2025-04-16 15:18:56 INFO  ChordProtocols:167 - Finger table entry 37: process1
2025-04-16 15:18:56 INFO  ChordProtocols:167 - Finger table entry 38: process1
2025-04-16 15:18:56 INFO  ChordProtocols:167 - Finger table entry 39: process1
2025-04-16 15:18:56 INFO  ChordProtocols:167 - Finger table entry 40: process1
2025-04-16 15:18:56 INFO  ChordProtocols:167 - Finger table entry 41: process1
2025-04-16 15:18:56 INFO  ChordProtocols:167 - Finger table entry 42: process1
2025-04-16 15:18:56 INFO  ChordProtocols:167 - Finger table entry 43: process1
2025-04-16 15:18:56 INFO  ChordProtocols:167 - Finger table entry 44: process1
2025-04-16 15:18:56 INFO  ChordProtocols:167 - Finger table entry 45: process1
2025-04-16 15:18:56 INFO  ChordProtocols:167 - Finger table entry 46: process1
2025-04-16 15:18:56 INFO  ChordProtocols:167 - Finger table entry 47: process1
2025-04-16 15:18:56 INFO  ChordProtocols:167 - Finger table entry 48: process1
2025-04-16 15:18:56 INFO  ChordProtocols:167 - Finger table entry 49: process1
2025-04-16 15:18:56 INFO  ChordProtocols:167 - Finger table entry 50: process1
2025-04-16 15:18:56 INFO  ChordProtocols:167 - Finger table entry 51: process1
2025-04-16 15:18:56 INFO  ChordProtocols:167 - Finger table entry 52: process1
2025-04-16 15:18:56 INFO  ChordProtocols:167 - Finger table entry 53: process1
2025-04-16 15:18:56 INFO  ChordProtocols:167 - Finger table entry 54: process1
2025-04-16 15:18:56 INFO  ChordProtocols:167 - Finger table entry 55: process1
2025-04-16 15:18:56 INFO  ChordProtocols:167 - Finger table entry 56: process1
2025-04-16 15:18:56 INFO  ChordProtocols:167 - Finger table entry 57: process1
2025-04-16 15:18:56 INFO  ChordProtocols:167 - Finger table entry 58: process1
2025-04-16 15:18:56 INFO  ChordProtocols:167 - Finger table entry 59: process1
2025-04-16 15:18:56 INFO  ChordProtocols:167 - Finger table entry 60: process1
2025-04-16 15:18:56 INFO  ChordProtocols:167 - Finger table entry 61: process1
2025-04-16 15:18:56 INFO  ChordProtocols:167 - Finger table entry 62: process1
2025-04-16 15:18:56 INFO  ChordProtocols:167 - Finger table entry 63: process1
2025-04-16 15:18:56 INFO  ChordProtocols:167 - Finger table entry 64: process1
2025-04-16 15:18:56 INFO  ChordProtocols:167 - Finger table entry 65: process1
2025-04-16 15:18:56 INFO  ChordProtocols:167 - Finger table entry 66: process1
2025-04-16 15:18:56 INFO  ChordProtocols:167 - Finger table entry 67: process1
2025-04-16 15:18:56 INFO  ChordProtocols:167 - Finger table entry 68: process1
2025-04-16 15:18:56 INFO  ChordProtocols:167 - Finger table entry 69: process1
2025-04-16 15:18:56 INFO  ChordProtocols:167 - Finger table entry 70: process1
2025-04-16 15:18:56 INFO  ChordProtocols:167 - Finger table entry 71: process1
2025-04-16 15:18:56 INFO  ChordProtocols:167 - Finger table entry 72: process1
2025-04-16 15:18:56 INFO  ChordProtocols:167 - Finger table entry 73: process1
2025-04-16 15:18:56 INFO  ChordProtocols:167 - Finger table entry 74: process1
2025-04-16 15:18:56 INFO  ChordProtocols:167 - Finger table entry 75: process1
2025-04-16 15:18:56 INFO  ChordProtocols:167 - Finger table entry 76: process1
2025-04-16 15:18:56 INFO  ChordProtocols:167 - Finger table entry 77: process1
2025-04-16 15:18:56 INFO  ChordProtocols:167 - Finger table entry 78: process1
2025-04-16 15:18:56 INFO  ChordProtocols:167 - Finger table entry 79: process1
2025-04-16 15:18:56 INFO  ChordProtocols:167 - Finger table entry 80: process1
2025-04-16 15:18:56 INFO  ChordProtocols:167 - Finger table entry 81: process1
2025-04-16 15:18:56 INFO  ChordProtocols:167 - Finger table entry 82: process1
2025-04-16 15:18:56 INFO  ChordProtocols:167 - Finger table entry 83: process1
2025-04-16 15:18:56 INFO  ChordProtocols:167 - Finger table entry 84: process1
2025-04-16 15:18:56 INFO  ChordProtocols:167 - Finger table entry 85: process1
2025-04-16 15:18:56 INFO  ChordProtocols:167 - Finger table entry 86: process1
2025-04-16 15:18:56 INFO  ChordProtocols:167 - Finger table entry 87: process1
2025-04-16 15:18:56 INFO  ChordProtocols:167 - Finger table entry 88: process1
2025-04-16 15:18:56 INFO  ChordProtocols:167 - Finger table entry 89: process1
2025-04-16 15:18:56 INFO  ChordProtocols:167 - Finger table entry 90: process1
2025-04-16 15:18:56 INFO  ChordProtocols:167 - Finger table entry 91: process1
2025-04-16 15:18:56 INFO  ChordProtocols:167 - Finger table entry 92: process1
2025-04-16 15:18:56 INFO  ChordProtocols:167 - Finger table entry 93: process1
2025-04-16 15:18:56 INFO  ChordProtocols:167 - Finger table entry 94: process1
2025-04-16 15:18:56 INFO  ChordProtocols:167 - Finger table entry 95: process1
2025-04-16 15:18:56 INFO  ChordProtocols:167 - Finger table entry 96: process1
2025-04-16 15:18:56 INFO  ChordProtocols:167 - Finger table entry 97: process1
2025-04-16 15:18:56 INFO  ChordProtocols:167 - Finger table entry 98: process1
2025-04-16 15:18:56 INFO  ChordProtocols:167 - Finger table entry 99: process1
2025-04-16 15:18:56 INFO  ChordProtocols:167 - Finger table entry 100: process1
2025-04-16 15:18:56 INFO  ChordProtocols:167 - Finger table entry 101: process1
2025-04-16 15:18:56 INFO  ChordProtocols:167 - Finger table entry 102: process1
2025-04-16 15:18:56 INFO  ChordProtocols:167 - Finger table entry 103: process1
2025-04-16 15:18:56 INFO  ChordProtocols:167 - Finger table entry 104: process1
2025-04-16 15:18:56 INFO  ChordProtocols:167 - Finger table entry 105: process1
2025-04-16 15:18:56 INFO  ChordProtocols:167 - Finger table entry 106: process1
2025-04-16 15:18:56 INFO  ChordProtocols:167 - Finger table entry 107: process1
2025-04-16 15:18:56 INFO  ChordProtocols:167 - Finger table entry 108: process1
2025-04-16 15:18:56 INFO  ChordProtocols:167 - Finger table entry 109: process1
2025-04-16 15:18:56 INFO  ChordProtocols:167 - Finger table entry 110: process1
2025-04-16 15:18:56 INFO  ChordProtocols:167 - Finger table entry 111: process1
2025-04-16 15:18:56 INFO  ChordProtocols:167 - Finger table entry 112: process1
2025-04-16 15:18:56 INFO  ChordProtocols:167 - Finger table entry 113: process1
2025-04-16 15:18:56 INFO  ChordProtocols:167 - Finger table entry 114: process1
2025-04-16 15:18:56 INFO  ChordProtocols:167 - Finger table entry 115: process1
2025-04-16 15:18:56 INFO  ChordProtocols:167 - Finger table entry 116: process1
2025-04-16 15:18:56 INFO  ChordProtocols:167 - Finger table entry 117: process1
2025-04-16 15:18:56 INFO  ChordProtocols:167 - Finger table entry 118: process1
2025-04-16 15:18:56 INFO  ChordProtocols:167 - Finger table entry 119: process1
2025-04-16 15:18:56 INFO  ChordProtocols:167 - Finger table entry 120: process1
2025-04-16 15:18:56 INFO  ChordProtocols:167 - Finger table entry 121: process1
2025-04-16 15:18:56 INFO  ChordProtocols:167 - Finger table entry 122: process1
2025-04-16 15:18:56 INFO  ChordProtocols:167 - Finger table entry 123: process1
2025-04-16 15:18:56 INFO  ChordProtocols:167 - Finger table entry 124: process1
2025-04-16 15:18:56 INFO  ChordProtocols:167 - Finger table entry 125: process1
2025-04-16 15:18:56 INFO  ChordProtocols:167 - Finger table entry 126: process1
2025-04-16 15:18:56 INFO  ChordProtocols:167 - Finger table entry 127: process1
2025-04-16 15:18:56 INFO  ChordProtocols:167 - Finger table entry 128: process1
2025-04-16 15:18:56 INFO  ChordProtocols:167 - Finger table entry 129: process1
2025-04-16 15:18:56 INFO  ChordProtocols:167 - Finger table entry 130: process1
2025-04-16 15:18:56 INFO  ChordProtocols:167 - Finger table entry 131: process1
2025-04-16 15:18:56 INFO  ChordProtocols:167 - Finger table entry 132: process1
2025-04-16 15:18:56 INFO  ChordProtocols:167 - Finger table entry 133: process1
2025-04-16 15:18:56 INFO  ChordProtocols:167 - Finger table entry 134: process1
2025-04-16 15:18:56 INFO  ChordProtocols:167 - Finger table entry 135: process1
2025-04-16 15:18:56 INFO  ChordProtocols:167 - Finger table entry 136: process1
2025-04-16 15:18:56 INFO  ChordProtocols:167 - Finger table entry 137: process1
2025-04-16 15:18:56 INFO  ChordProtocols:167 - Finger table entry 138: process1
2025-04-16 15:18:56 INFO  ChordProtocols:167 - Finger table entry 139: process1
2025-04-16 15:18:56 INFO  ChordProtocols:167 - Finger table entry 140: process1
2025-04-16 15:18:56 INFO  ChordProtocols:167 - Finger table entry 141: process1
2025-04-16 15:18:56 INFO  ChordProtocols:167 - Finger table entry 142: process1
2025-04-16 15:18:56 INFO  ChordProtocols:167 - Finger table entry 143: process1
2025-04-16 15:18:56 INFO  ChordProtocols:167 - Finger table entry 144: process1
2025-04-16 15:18:56 INFO  ChordProtocols:167 - Finger table entry 145: process1
2025-04-16 15:18:56 INFO  ChordProtocols:167 - Finger table entry 146: process1
2025-04-16 15:18:56 INFO  ChordProtocols:167 - Finger table entry 147: process1
2025-04-16 15:18:56 INFO  ChordProtocols:167 - Finger table entry 148: process1
2025-04-16 15:18:56 INFO  ChordProtocols:167 - Finger table entry 149: process1
2025-04-16 15:18:56 INFO  ChordProtocols:167 - Finger table entry 150: process1
2025-04-16 15:18:56 INFO  ChordProtocols:167 - Finger table entry 151: process1
2025-04-16 15:18:56 INFO  ChordProtocols:167 - Finger table entry 152: process1
2025-04-16 15:18:56 INFO  ChordProtocols:167 - Finger table entry 153: process1
2025-04-16 15:18:56 INFO  ChordProtocols:167 - Finger table entry 154: process1
2025-04-16 15:18:56 INFO  ChordProtocols:167 - Finger table entry 155: process1
2025-04-16 15:18:56 INFO  ChordProtocols:167 - Finger table entry 156: process1
2025-04-16 15:18:56 INFO  ChordProtocols:167 - Finger table entry 157: process1
2025-04-16 15:18:56 INFO  ChordProtocols:167 - Finger table entry 158: process1
2025-04-16 15:18:56 INFO  ChordProtocols:167 - Finger table entry 159: process1
2025-04-16 15:18:56 INFO  StabilizationProtocols:60 - Checking the predecessor for Node: process2
==================================
Node Identifier = 15618062003214643351512781541041391612
Node IP address = process2
successor(process2) = process1
predecessor(process2) = process4
Current File keys for process2 => []
==================================
2025-04-16 15:18:56 INFO  StabilizationProtocols:130 - Updating the successor for Node: process3
2025-04-16 15:18:56 INFO  StabilizationProtocols:165 - Finished updating the successor for Node: process3
2025-04-16 15:18:56 INFO  StabilizationProtocols:84 - Stabilizing ring from process3...
2025-04-16 15:18:56 INFO  StabilizationProtocols:91 - Stabilize ring: succnode = process2
2025-04-16 15:18:56 INFO  ChordLookup:73 - Copy file keys that are <= process3 from successor process2 to process3
2025-04-16 15:18:56 INFO  ChordLookup:94 - Finished copying file keys from successor process2 to process3
2025-04-16 15:18:56 INFO  StabilizationProtocols:113 - Finished stabilizing chordring from process3
2025-04-16 15:18:56 INFO  ChordProtocols:157 - Fixing the FingerTable for Node: process3
2025-04-16 15:18:56 INFO  ChordProtocols:167 - Finger table entry 0: process4
2025-04-16 15:18:56 INFO  ChordProtocols:167 - Finger table entry 1: process4
2025-04-16 15:18:56 INFO  ChordProtocols:167 - Finger table entry 2: process4
2025-04-16 15:18:56 INFO  ChordProtocols:167 - Finger table entry 3: process4
2025-04-16 15:18:56 INFO  ChordProtocols:167 - Finger table entry 4: process4
2025-04-16 15:18:56 INFO  ChordProtocols:167 - Finger table entry 5: process4
2025-04-16 15:18:56 INFO  ChordProtocols:167 - Finger table entry 6: process4
2025-04-16 15:18:56 INFO  ChordProtocols:167 - Finger table entry 7: process4
2025-04-16 15:18:56 INFO  ChordProtocols:167 - Finger table entry 8: process4
2025-04-16 15:18:56 INFO  ChordProtocols:167 - Finger table entry 9: process4
2025-04-16 15:18:56 INFO  ChordProtocols:167 - Finger table entry 10: process4
2025-04-16 15:18:56 INFO  ChordProtocols:167 - Finger table entry 11: process4
2025-04-16 15:18:56 INFO  ChordProtocols:167 - Finger table entry 12: process4
2025-04-16 15:18:56 INFO  ChordProtocols:167 - Finger table entry 13: process4
2025-04-16 15:18:56 INFO  ChordProtocols:167 - Finger table entry 14: process4
2025-04-16 15:18:56 INFO  ChordProtocols:167 - Finger table entry 15: process4
2025-04-16 15:18:56 INFO  ChordProtocols:167 - Finger table entry 16: process4
2025-04-16 15:18:56 INFO  ChordProtocols:167 - Finger table entry 17: process4
2025-04-16 15:18:56 INFO  ChordProtocols:167 - Finger table entry 18: process4
2025-04-16 15:18:56 INFO  ChordProtocols:167 - Finger table entry 19: process4
2025-04-16 15:18:56 INFO  ChordProtocols:167 - Finger table entry 20: process4
2025-04-16 15:18:56 INFO  ChordProtocols:167 - Finger table entry 21: process4
2025-04-16 15:18:56 INFO  ChordProtocols:167 - Finger table entry 22: process4
2025-04-16 15:18:56 INFO  ChordProtocols:167 - Finger table entry 23: process4
2025-04-16 15:18:56 INFO  ChordProtocols:167 - Finger table entry 24: process4
2025-04-16 15:18:56 INFO  ChordProtocols:167 - Finger table entry 25: process4
2025-04-16 15:18:56 INFO  ChordProtocols:167 - Finger table entry 26: process4
2025-04-16 15:18:56 INFO  ChordProtocols:167 - Finger table entry 27: process4
2025-04-16 15:18:56 INFO  ChordProtocols:167 - Finger table entry 28: process4
2025-04-16 15:18:56 INFO  ChordProtocols:167 - Finger table entry 29: process4
2025-04-16 15:18:56 INFO  ChordProtocols:167 - Finger table entry 30: process4
2025-04-16 15:18:56 INFO  ChordProtocols:167 - Finger table entry 31: process4
2025-04-16 15:18:56 INFO  ChordProtocols:167 - Finger table entry 32: process4
2025-04-16 15:18:56 INFO  ChordProtocols:167 - Finger table entry 33: process4
2025-04-16 15:18:56 INFO  ChordProtocols:167 - Finger table entry 34: process4
2025-04-16 15:18:56 INFO  ChordProtocols:167 - Finger table entry 35: process4
2025-04-16 15:18:56 INFO  ChordProtocols:167 - Finger table entry 36: process4
2025-04-16 15:18:56 INFO  ChordProtocols:167 - Finger table entry 37: process4
2025-04-16 15:18:56 INFO  ChordProtocols:167 - Finger table entry 38: process4
2025-04-16 15:18:56 INFO  ChordProtocols:167 - Finger table entry 39: process4
2025-04-16 15:18:56 INFO  ChordProtocols:167 - Finger table entry 40: process4
2025-04-16 15:18:56 INFO  ChordProtocols:167 - Finger table entry 41: process4
2025-04-16 15:18:56 INFO  ChordProtocols:167 - Finger table entry 42: process4
2025-04-16 15:18:56 INFO  ChordProtocols:167 - Finger table entry 43: process4
2025-04-16 15:18:56 INFO  ChordProtocols:167 - Finger table entry 44: process4
2025-04-16 15:18:56 INFO  ChordProtocols:167 - Finger table entry 45: process4
2025-04-16 15:18:56 INFO  ChordProtocols:167 - Finger table entry 46: process4
2025-04-16 15:18:56 INFO  ChordProtocols:167 - Finger table entry 47: process4
2025-04-16 15:18:56 INFO  ChordProtocols:167 - Finger table entry 48: process4
2025-04-16 15:18:56 INFO  ChordProtocols:167 - Finger table entry 49: process4
2025-04-16 15:18:56 INFO  ChordProtocols:167 - Finger table entry 50: process4
2025-04-16 15:18:56 INFO  ChordProtocols:167 - Finger table entry 51: process4
2025-04-16 15:18:56 INFO  ChordProtocols:167 - Finger table entry 52: process4
2025-04-16 15:18:56 INFO  ChordProtocols:167 - Finger table entry 53: process4
2025-04-16 15:18:56 INFO  ChordProtocols:167 - Finger table entry 54: process4
2025-04-16 15:18:56 INFO  ChordProtocols:167 - Finger table entry 55: process4
2025-04-16 15:18:56 INFO  ChordProtocols:167 - Finger table entry 56: process4
2025-04-16 15:18:56 INFO  ChordProtocols:167 - Finger table entry 57: process4
2025-04-16 15:18:56 INFO  ChordProtocols:167 - Finger table entry 58: process4
2025-04-16 15:18:56 INFO  ChordProtocols:167 - Finger table entry 59: process4
2025-04-16 15:18:56 INFO  ChordProtocols:167 - Finger table entry 60: process4
2025-04-16 15:18:56 INFO  ChordProtocols:167 - Finger table entry 61: process4
2025-04-16 15:18:56 INFO  ChordProtocols:167 - Finger table entry 62: process4
2025-04-16 15:18:56 INFO  ChordProtocols:167 - Finger table entry 63: process4
2025-04-16 15:18:56 INFO  ChordProtocols:167 - Finger table entry 64: process4
2025-04-16 15:18:56 INFO  ChordProtocols:167 - Finger table entry 65: process4
2025-04-16 15:18:56 INFO  ChordProtocols:167 - Finger table entry 66: process4
2025-04-16 15:18:56 INFO  ChordProtocols:167 - Finger table entry 67: process4
2025-04-16 15:18:56 INFO  ChordProtocols:167 - Finger table entry 68: process4
2025-04-16 15:18:56 INFO  ChordProtocols:167 - Finger table entry 69: process4
2025-04-16 15:18:56 INFO  ChordProtocols:167 - Finger table entry 70: process4
2025-04-16 15:18:56 INFO  ChordProtocols:167 - Finger table entry 71: process4
2025-04-16 15:18:56 INFO  ChordProtocols:167 - Finger table entry 72: process4
2025-04-16 15:18:56 INFO  ChordProtocols:167 - Finger table entry 73: process4
2025-04-16 15:18:56 INFO  ChordProtocols:167 - Finger table entry 74: process4
2025-04-16 15:18:56 INFO  ChordProtocols:167 - Finger table entry 75: process4
2025-04-16 15:18:56 INFO  ChordProtocols:167 - Finger table entry 76: process4
2025-04-16 15:18:56 INFO  ChordProtocols:167 - Finger table entry 77: process4
2025-04-16 15:18:56 INFO  ChordProtocols:167 - Finger table entry 78: process4
2025-04-16 15:18:56 INFO  ChordProtocols:167 - Finger table entry 79: process4
2025-04-16 15:18:56 INFO  ChordProtocols:167 - Finger table entry 80: process4
2025-04-16 15:18:56 INFO  ChordProtocols:167 - Finger table entry 81: process4
2025-04-16 15:18:56 INFO  ChordProtocols:167 - Finger table entry 82: process4
2025-04-16 15:18:56 INFO  ChordProtocols:167 - Finger table entry 83: process4
2025-04-16 15:18:56 INFO  ChordProtocols:167 - Finger table entry 84: process4
2025-04-16 15:18:56 INFO  ChordProtocols:167 - Finger table entry 85: process4
2025-04-16 15:18:56 INFO  ChordProtocols:167 - Finger table entry 86: process4
2025-04-16 15:18:56 INFO  ChordProtocols:167 - Finger table entry 87: process4
2025-04-16 15:18:56 INFO  ChordProtocols:167 - Finger table entry 88: process4
2025-04-16 15:18:56 INFO  ChordProtocols:167 - Finger table entry 89: process4
2025-04-16 15:18:56 INFO  ChordProtocols:167 - Finger table entry 90: process4
2025-04-16 15:18:56 INFO  ChordProtocols:167 - Finger table entry 91: process4
2025-04-16 15:18:56 INFO  ChordProtocols:167 - Finger table entry 92: process4
2025-04-16 15:18:56 INFO  ChordProtocols:167 - Finger table entry 93: process4
2025-04-16 15:18:56 INFO  ChordProtocols:167 - Finger table entry 94: process4
2025-04-16 15:18:56 INFO  ChordProtocols:167 - Finger table entry 95: process4
2025-04-16 15:18:56 INFO  ChordProtocols:167 - Finger table entry 96: process4
2025-04-16 15:18:56 INFO  ChordProtocols:167 - Finger table entry 97: process4
2025-04-16 15:18:56 INFO  ChordProtocols:167 - Finger table entry 98: process4
2025-04-16 15:18:56 INFO  ChordProtocols:167 - Finger table entry 99: process4
2025-04-16 15:18:56 INFO  ChordProtocols:167 - Finger table entry 100: process4
2025-04-16 15:18:56 INFO  ChordProtocols:167 - Finger table entry 101: process4
2025-04-16 15:18:56 INFO  ChordProtocols:167 - Finger table entry 102: process4
2025-04-16 15:18:56 INFO  ChordProtocols:167 - Finger table entry 103: process4
2025-04-16 15:18:57 INFO  ChordProtocols:167 - Finger table entry 104: process4
2025-04-16 15:18:57 INFO  ChordProtocols:167 - Finger table entry 105: process4
2025-04-16 15:18:57 INFO  ChordProtocols:167 - Finger table entry 106: process4
2025-04-16 15:18:57 INFO  ChordProtocols:167 - Finger table entry 107: process4
2025-04-16 15:18:57 INFO  ChordProtocols:167 - Finger table entry 108: process4
2025-04-16 15:18:57 INFO  ChordProtocols:167 - Finger table entry 109: process4
2025-04-16 15:18:57 INFO  ChordProtocols:167 - Finger table entry 110: process4
2025-04-16 15:18:57 INFO  ChordProtocols:167 - Finger table entry 111: process4
2025-04-16 15:18:57 INFO  ChordProtocols:167 - Finger table entry 112: process4
2025-04-16 15:18:57 INFO  ChordProtocols:167 - Finger table entry 113: process4
2025-04-16 15:18:57 INFO  ChordProtocols:167 - Finger table entry 114: process4
2025-04-16 15:18:57 INFO  ChordProtocols:167 - Finger table entry 115: process4
2025-04-16 15:18:57 INFO  ChordProtocols:167 - Finger table entry 116: process4
2025-04-16 15:18:57 INFO  ChordProtocols:167 - Finger table entry 117: process4
2025-04-16 15:18:57 INFO  ChordProtocols:167 - Finger table entry 118: process4
2025-04-16 15:18:57 INFO  ChordProtocols:167 - Finger table entry 119: process4
2025-04-16 15:18:57 INFO  ChordProtocols:167 - Finger table entry 120: process4
2025-04-16 15:18:57 INFO  ChordProtocols:167 - Finger table entry 121: process4
2025-04-16 15:18:57 INFO  ChordProtocols:167 - Finger table entry 122: process4
2025-04-16 15:18:57 INFO  ChordProtocols:167 - Finger table entry 123: process4
2025-04-16 15:18:57 INFO  ChordProtocols:167 - Finger table entry 124: process4
2025-04-16 15:18:57 INFO  ChordProtocols:167 - Finger table entry 125: process4
2025-04-16 15:18:57 INFO  ChordProtocols:167 - Finger table entry 126: process4
2025-04-16 15:18:57 INFO  ChordProtocols:167 - Finger table entry 127: process4
2025-04-16 15:18:57 INFO  ChordProtocols:167 - Finger table entry 128: process4
2025-04-16 15:18:57 INFO  ChordProtocols:167 - Finger table entry 129: process4
2025-04-16 15:18:57 INFO  ChordProtocols:167 - Finger table entry 130: process4
2025-04-16 15:18:57 INFO  ChordProtocols:167 - Finger table entry 131: process4
2025-04-16 15:18:57 INFO  ChordProtocols:167 - Finger table entry 132: process4
2025-04-16 15:18:57 INFO  ChordProtocols:167 - Finger table entry 133: process4
2025-04-16 15:18:57 INFO  ChordProtocols:167 - Finger table entry 134: process4
2025-04-16 15:18:57 INFO  ChordProtocols:167 - Finger table entry 135: process4
2025-04-16 15:18:57 INFO  ChordProtocols:167 - Finger table entry 136: process4
2025-04-16 15:18:57 INFO  ChordProtocols:167 - Finger table entry 137: process4
2025-04-16 15:18:57 INFO  ChordProtocols:167 - Finger table entry 138: process4
2025-04-16 15:18:57 INFO  ChordProtocols:167 - Finger table entry 139: process4
2025-04-16 15:18:57 INFO  ChordProtocols:167 - Finger table entry 140: process4
2025-04-16 15:18:57 INFO  ChordProtocols:167 - Finger table entry 141: process4
2025-04-16 15:18:57 INFO  ChordProtocols:167 - Finger table entry 142: process4
2025-04-16 15:18:57 INFO  ChordProtocols:167 - Finger table entry 143: process4
2025-04-16 15:18:57 INFO  ChordProtocols:167 - Finger table entry 144: process4
2025-04-16 15:18:57 INFO  ChordProtocols:167 - Finger table entry 145: process4
2025-04-16 15:18:57 INFO  ChordProtocols:167 - Finger table entry 146: process4
2025-04-16 15:18:57 INFO  ChordProtocols:167 - Finger table entry 147: process4
2025-04-16 15:18:57 INFO  ChordProtocols:167 - Finger table entry 148: process4
2025-04-16 15:18:57 INFO  ChordProtocols:167 - Finger table entry 149: process4
2025-04-16 15:18:57 INFO  ChordProtocols:167 - Finger table entry 150: process4
2025-04-16 15:18:57 INFO  ChordProtocols:167 - Finger table entry 151: process4
2025-04-16 15:18:57 INFO  ChordProtocols:167 - Finger table entry 152: process4
2025-04-16 15:18:57 INFO  ChordProtocols:167 - Finger table entry 153: process4
2025-04-16 15:18:57 INFO  ChordProtocols:167 - Finger table entry 154: process4
2025-04-16 15:18:57 INFO  ChordProtocols:167 - Finger table entry 155: process4
2025-04-16 15:18:57 INFO  ChordProtocols:167 - Finger table entry 156: process4
2025-04-16 15:18:57 INFO  ChordProtocols:167 - Finger table entry 157: process4
2025-04-16 15:18:57 INFO  ChordProtocols:167 - Finger table entry 158: process4
2025-04-16 15:18:57 INFO  ChordProtocols:167 - Finger table entry 159: process4
2025-04-16 15:18:57 INFO  StabilizationProtocols:60 - Checking the predecessor for Node: process3
==================================
Node Identifier = 66910184482037901621933403444034052414
Node IP address = process3
successor(process3) = process4
predecessor(process3) = process3
Current File keys for process3 => []
==================================
2025-04-16 15:18:57 INFO  StabilizationProtocols:130 - Updating the successor for Node: process4
2025-04-16 15:18:57 INFO  StabilizationProtocols:84 - Stabilizing ring from process4...
2025-04-16 15:18:57 INFO  StabilizationProtocols:91 - Stabilize ring: succnode = process2
2025-04-16 15:18:57 INFO  StabilizationProtocols:113 - Finished stabilizing chordring from process4
2025-04-16 15:18:57 INFO  ChordProtocols:157 - Fixing the FingerTable for Node: process4
2025-04-16 15:18:57 INFO  ChordProtocols:167 - Finger table entry 0: process2
2025-04-16 15:18:57 INFO  ChordProtocols:167 - Finger table entry 1: process2
2025-04-16 15:18:57 INFO  ChordProtocols:167 - Finger table entry 2: process2
2025-04-16 15:18:57 INFO  ChordProtocols:167 - Finger table entry 3: process2
2025-04-16 15:18:57 INFO  ChordProtocols:167 - Finger table entry 4: process2
2025-04-16 15:18:57 INFO  ChordProtocols:167 - Finger table entry 5: process2
2025-04-16 15:18:57 INFO  ChordProtocols:167 - Finger table entry 6: process2
2025-04-16 15:18:57 INFO  ChordProtocols:167 - Finger table entry 7: process2
2025-04-16 15:18:57 INFO  ChordProtocols:167 - Finger table entry 8: process2
2025-04-16 15:18:57 INFO  ChordProtocols:167 - Finger table entry 9: process2
2025-04-16 15:18:57 INFO  ChordProtocols:167 - Finger table entry 10: process2
2025-04-16 15:18:57 INFO  ChordProtocols:167 - Finger table entry 11: process2
2025-04-16 15:18:57 INFO  ChordProtocols:167 - Finger table entry 12: process2
2025-04-16 15:18:57 INFO  ChordProtocols:167 - Finger table entry 13: process2
2025-04-16 15:18:57 INFO  ChordProtocols:167 - Finger table entry 14: process2
2025-04-16 15:18:57 INFO  ChordProtocols:167 - Finger table entry 15: process2
2025-04-16 15:18:57 INFO  ChordProtocols:167 - Finger table entry 16: process2
2025-04-16 15:18:57 INFO  ChordProtocols:167 - Finger table entry 17: process2
2025-04-16 15:18:57 INFO  ChordProtocols:167 - Finger table entry 18: process2
2025-04-16 15:18:57 INFO  ChordProtocols:167 - Finger table entry 19: process2
2025-04-16 15:18:57 INFO  ChordProtocols:167 - Finger table entry 20: process2
2025-04-16 15:18:57 INFO  ChordProtocols:167 - Finger table entry 21: process2
2025-04-16 15:18:57 INFO  ChordProtocols:167 - Finger table entry 22: process2
2025-04-16 15:18:57 INFO  ChordProtocols:167 - Finger table entry 23: process2
2025-04-16 15:18:57 INFO  ChordProtocols:167 - Finger table entry 24: process2
2025-04-16 15:18:57 INFO  ChordProtocols:167 - Finger table entry 25: process2
2025-04-16 15:18:57 INFO  ChordProtocols:167 - Finger table entry 26: process2
2025-04-16 15:18:57 INFO  ChordProtocols:167 - Finger table entry 27: process2
2025-04-16 15:18:57 INFO  ChordProtocols:167 - Finger table entry 28: process2
2025-04-16 15:18:57 INFO  ChordProtocols:167 - Finger table entry 29: process2
2025-04-16 15:18:57 INFO  ChordProtocols:167 - Finger table entry 30: process2
2025-04-16 15:18:57 INFO  ChordProtocols:167 - Finger table entry 31: process2
2025-04-16 15:18:57 INFO  ChordProtocols:167 - Finger table entry 32: process2
2025-04-16 15:18:57 INFO  ChordProtocols:167 - Finger table entry 33: process2
2025-04-16 15:18:57 INFO  ChordProtocols:167 - Finger table entry 34: process2
2025-04-16 15:18:57 INFO  ChordProtocols:167 - Finger table entry 35: process2
2025-04-16 15:18:57 INFO  ChordProtocols:167 - Finger table entry 36: process2
2025-04-16 15:18:57 INFO  ChordProtocols:167 - Finger table entry 37: process2
2025-04-16 15:18:57 INFO  ChordProtocols:167 - Finger table entry 38: process2
2025-04-16 15:18:57 INFO  ChordProtocols:167 - Finger table entry 39: process2
2025-04-16 15:18:57 INFO  ChordProtocols:167 - Finger table entry 40: process2
2025-04-16 15:18:57 INFO  ChordProtocols:167 - Finger table entry 41: process2
2025-04-16 15:18:57 INFO  ChordProtocols:167 - Finger table entry 42: process2
2025-04-16 15:18:57 INFO  ChordProtocols:167 - Finger table entry 43: process2
2025-04-16 15:18:57 INFO  ChordProtocols:167 - Finger table entry 44: process2
2025-04-16 15:18:57 INFO  ChordProtocols:167 - Finger table entry 45: process2
2025-04-16 15:18:57 INFO  ChordProtocols:167 - Finger table entry 46: process2
2025-04-16 15:18:57 INFO  ChordProtocols:167 - Finger table entry 47: process2
2025-04-16 15:18:57 INFO  ChordProtocols:167 - Finger table entry 48: process2
2025-04-16 15:18:57 INFO  ChordProtocols:167 - Finger table entry 49: process2
2025-04-16 15:18:57 INFO  ChordProtocols:167 - Finger table entry 50: process2
2025-04-16 15:18:57 INFO  ChordProtocols:167 - Finger table entry 51: process2
2025-04-16 15:18:57 INFO  ChordProtocols:167 - Finger table entry 52: process2
2025-04-16 15:18:57 INFO  ChordProtocols:167 - Finger table entry 53: process2
2025-04-16 15:18:57 INFO  ChordProtocols:167 - Finger table entry 54: process2
2025-04-16 15:18:57 INFO  ChordProtocols:167 - Finger table entry 55: process2
2025-04-16 15:18:57 INFO  ChordProtocols:167 - Finger table entry 56: process2
2025-04-16 15:18:57 INFO  ChordProtocols:167 - Finger table entry 57: process2
2025-04-16 15:18:57 INFO  ChordProtocols:167 - Finger table entry 58: process2
2025-04-16 15:18:57 INFO  ChordProtocols:167 - Finger table entry 59: process2
2025-04-16 15:18:57 INFO  ChordProtocols:167 - Finger table entry 60: process2
2025-04-16 15:18:57 INFO  ChordProtocols:167 - Finger table entry 61: process2
2025-04-16 15:18:57 INFO  ChordProtocols:167 - Finger table entry 62: process2
2025-04-16 15:18:57 INFO  ChordProtocols:167 - Finger table entry 63: process2
2025-04-16 15:18:57 INFO  ChordProtocols:167 - Finger table entry 64: process2
2025-04-16 15:18:57 INFO  ChordProtocols:167 - Finger table entry 65: process2
2025-04-16 15:18:57 INFO  ChordProtocols:167 - Finger table entry 66: process2
2025-04-16 15:18:57 INFO  ChordProtocols:167 - Finger table entry 67: process2
2025-04-16 15:18:57 INFO  ChordProtocols:167 - Finger table entry 68: process2
2025-04-16 15:18:57 INFO  ChordProtocols:167 - Finger table entry 69: process2
2025-04-16 15:18:57 INFO  ChordProtocols:167 - Finger table entry 70: process2
2025-04-16 15:18:57 INFO  ChordProtocols:167 - Finger table entry 71: process2
2025-04-16 15:18:57 INFO  ChordProtocols:167 - Finger table entry 72: process2
2025-04-16 15:18:57 INFO  ChordProtocols:167 - Finger table entry 73: process2
2025-04-16 15:18:57 INFO  ChordProtocols:167 - Finger table entry 74: process2
2025-04-16 15:18:57 INFO  ChordProtocols:167 - Finger table entry 75: process2
2025-04-16 15:18:57 INFO  ChordProtocols:167 - Finger table entry 76: process2
2025-04-16 15:18:57 INFO  ChordProtocols:167 - Finger table entry 77: process2
2025-04-16 15:18:57 INFO  ChordProtocols:167 - Finger table entry 78: process2
2025-04-16 15:18:57 INFO  ChordProtocols:167 - Finger table entry 79: process2
2025-04-16 15:18:57 INFO  ChordProtocols:167 - Finger table entry 80: process2
2025-04-16 15:18:57 INFO  ChordProtocols:167 - Finger table entry 81: process2
2025-04-16 15:18:57 INFO  ChordProtocols:167 - Finger table entry 82: process2
2025-04-16 15:18:57 INFO  ChordProtocols:167 - Finger table entry 83: process2
2025-04-16 15:18:57 INFO  ChordProtocols:167 - Finger table entry 84: process2
2025-04-16 15:18:57 INFO  ChordProtocols:167 - Finger table entry 85: process2
2025-04-16 15:18:57 INFO  ChordProtocols:167 - Finger table entry 86: process2
2025-04-16 15:18:57 INFO  ChordProtocols:167 - Finger table entry 87: process2
2025-04-16 15:18:57 INFO  ChordProtocols:167 - Finger table entry 88: process2
2025-04-16 15:18:57 INFO  ChordProtocols:167 - Finger table entry 89: process2
2025-04-16 15:18:57 INFO  ChordProtocols:167 - Finger table entry 90: process2
2025-04-16 15:18:57 INFO  ChordProtocols:167 - Finger table entry 91: process2
2025-04-16 15:18:57 INFO  ChordProtocols:167 - Finger table entry 92: process2
2025-04-16 15:18:57 INFO  ChordProtocols:167 - Finger table entry 93: process2
2025-04-16 15:18:57 INFO  ChordProtocols:167 - Finger table entry 94: process2
2025-04-16 15:18:57 INFO  ChordProtocols:167 - Finger table entry 95: process2
2025-04-16 15:18:57 INFO  ChordProtocols:167 - Finger table entry 96: process2
2025-04-16 15:18:57 INFO  ChordProtocols:167 - Finger table entry 97: process2
2025-04-16 15:18:57 INFO  ChordProtocols:167 - Finger table entry 98: process2
2025-04-16 15:18:57 INFO  ChordProtocols:167 - Finger table entry 99: process2
2025-04-16 15:18:57 INFO  ChordProtocols:167 - Finger table entry 100: process2
2025-04-16 15:18:57 INFO  ChordProtocols:167 - Finger table entry 101: process2
2025-04-16 15:18:57 INFO  ChordProtocols:167 - Finger table entry 102: process2
2025-04-16 15:18:57 INFO  ChordProtocols:167 - Finger table entry 103: process2
2025-04-16 15:18:57 INFO  ChordProtocols:167 - Finger table entry 104: process2
2025-04-16 15:18:57 INFO  ChordProtocols:167 - Finger table entry 105: process2
2025-04-16 15:18:57 INFO  ChordProtocols:167 - Finger table entry 106: process2
2025-04-16 15:18:57 INFO  ChordProtocols:167 - Finger table entry 107: process2
2025-04-16 15:18:57 INFO  ChordProtocols:167 - Finger table entry 108: process2
2025-04-16 15:18:57 INFO  ChordProtocols:167 - Finger table entry 109: process2
2025-04-16 15:18:57 INFO  ChordProtocols:167 - Finger table entry 110: process2
2025-04-16 15:18:57 INFO  ChordProtocols:167 - Finger table entry 111: process2
2025-04-16 15:18:57 INFO  ChordProtocols:167 - Finger table entry 112: process2
2025-04-16 15:18:57 INFO  ChordProtocols:167 - Finger table entry 113: process2
2025-04-16 15:18:57 INFO  ChordProtocols:167 - Finger table entry 114: process2
2025-04-16 15:18:57 INFO  ChordProtocols:167 - Finger table entry 115: process2
2025-04-16 15:18:57 INFO  ChordProtocols:167 - Finger table entry 116: process2
2025-04-16 15:18:57 INFO  ChordProtocols:167 - Finger table entry 117: process2
2025-04-16 15:18:57 INFO  ChordProtocols:167 - Finger table entry 118: process2
2025-04-16 15:18:57 INFO  ChordProtocols:167 - Finger table entry 119: process2
2025-04-16 15:18:57 INFO  ChordProtocols:167 - Finger table entry 120: process2
2025-04-16 15:18:57 INFO  ChordProtocols:167 - Finger table entry 121: process2
2025-04-16 15:18:57 INFO  ChordProtocols:167 - Finger table entry 122: process2
2025-04-16 15:18:57 INFO  ChordProtocols:167 - Finger table entry 123: process2
2025-04-16 15:18:57 INFO  ChordProtocols:167 - Finger table entry 124: process2
2025-04-16 15:18:57 INFO  ChordProtocols:167 - Finger table entry 125: process2
2025-04-16 15:18:57 INFO  ChordProtocols:167 - Finger table entry 126: process2
2025-04-16 15:18:57 INFO  ChordProtocols:167 - Finger table entry 127: process2
2025-04-16 15:18:57 INFO  ChordProtocols:167 - Finger table entry 128: process2
2025-04-16 15:18:57 INFO  ChordProtocols:167 - Finger table entry 129: process2
2025-04-16 15:18:57 INFO  ChordProtocols:167 - Finger table entry 130: process2
2025-04-16 15:18:57 INFO  ChordProtocols:167 - Finger table entry 131: process2
2025-04-16 15:18:57 INFO  ChordProtocols:167 - Finger table entry 132: process2
2025-04-16 15:18:57 INFO  ChordProtocols:167 - Finger table entry 133: process2
2025-04-16 15:18:57 INFO  ChordProtocols:167 - Finger table entry 134: process2
2025-04-16 15:18:57 INFO  ChordProtocols:167 - Finger table entry 135: process2
2025-04-16 15:18:57 INFO  ChordProtocols:167 - Finger table entry 136: process2
2025-04-16 15:18:57 INFO  ChordProtocols:167 - Finger table entry 137: process2
2025-04-16 15:18:57 INFO  ChordProtocols:167 - Finger table entry 138: process2
2025-04-16 15:18:57 INFO  ChordProtocols:167 - Finger table entry 139: process2
2025-04-16 15:18:57 INFO  ChordProtocols:167 - Finger table entry 140: process2
2025-04-16 15:18:57 INFO  ChordProtocols:167 - Finger table entry 141: process2
2025-04-16 15:18:57 INFO  ChordProtocols:167 - Finger table entry 142: process2
2025-04-16 15:18:57 INFO  ChordProtocols:167 - Finger table entry 143: process2
2025-04-16 15:18:57 INFO  ChordProtocols:167 - Finger table entry 144: process2
2025-04-16 15:18:57 INFO  ChordProtocols:167 - Finger table entry 145: process2
2025-04-16 15:18:57 INFO  ChordProtocols:167 - Finger table entry 146: process2
2025-04-16 15:18:57 INFO  ChordProtocols:167 - Finger table entry 147: process2
2025-04-16 15:18:57 INFO  ChordProtocols:167 - Finger table entry 148: process2
2025-04-16 15:18:57 INFO  ChordProtocols:167 - Finger table entry 149: process2
2025-04-16 15:18:57 INFO  ChordProtocols:167 - Finger table entry 150: process2
2025-04-16 15:18:57 INFO  ChordProtocols:167 - Finger table entry 151: process2
2025-04-16 15:18:57 INFO  ChordProtocols:167 - Finger table entry 152: process2
2025-04-16 15:18:57 INFO  ChordProtocols:167 - Finger table entry 153: process2
2025-04-16 15:18:57 INFO  ChordProtocols:167 - Finger table entry 154: process2
2025-04-16 15:18:57 INFO  ChordProtocols:167 - Finger table entry 155: process2
2025-04-16 15:18:57 INFO  ChordProtocols:167 - Finger table entry 156: process2
2025-04-16 15:18:57 INFO  ChordProtocols:167 - Finger table entry 157: process2
2025-04-16 15:18:57 INFO  ChordProtocols:167 - Finger table entry 158: process2
2025-04-16 15:18:57 INFO  ChordProtocols:167 - Finger table entry 159: process2
2025-04-16 15:18:57 INFO  StabilizationProtocols:60 - Checking the predecessor for Node: process4
==================================
Node Identifier = 210821560651360572675896360671414673172
Node IP address = process4
successor(process4) = process2
predecessor(process4) = process3
Current File keys for process4 => []
==================================
2025-04-16 15:18:57 INFO  StabilizationProtocols:130 - Updating the successor for Node: process5
2025-04-16 15:18:57 INFO  StabilizationProtocols:165 - Finished updating the successor for Node: process5
2025-04-16 15:18:57 INFO  StabilizationProtocols:84 - Stabilizing ring from process5...
2025-04-16 15:18:57 INFO  StabilizationProtocols:91 - Stabilize ring: succnode = process1
2025-04-16 15:18:57 INFO  ChordLookup:73 - Copy file keys that are <= process5 from successor process1 to process5
2025-04-16 15:18:57 INFO  ChordLookup:94 - Finished copying file keys from successor process1 to process5
2025-04-16 15:18:57 INFO  StabilizationProtocols:113 - Finished stabilizing chordring from process5
2025-04-16 15:18:57 INFO  ChordProtocols:157 - Fixing the FingerTable for Node: process5
2025-04-16 15:18:57 INFO  ChordProtocols:167 - Finger table entry 0: process2
2025-04-16 15:18:57 INFO  ChordProtocols:167 - Finger table entry 1: process2
2025-04-16 15:18:57 INFO  ChordProtocols:167 - Finger table entry 2: process2
2025-04-16 15:18:57 INFO  ChordProtocols:167 - Finger table entry 3: process2
2025-04-16 15:18:57 INFO  ChordProtocols:167 - Finger table entry 4: process2
2025-04-16 15:18:57 INFO  ChordProtocols:167 - Finger table entry 5: process2
2025-04-16 15:18:57 INFO  ChordProtocols:167 - Finger table entry 6: process2
2025-04-16 15:18:57 INFO  ChordProtocols:167 - Finger table entry 7: process2
2025-04-16 15:18:57 INFO  ChordProtocols:167 - Finger table entry 8: process2
2025-04-16 15:18:57 INFO  ChordProtocols:167 - Finger table entry 9: process2
2025-04-16 15:18:57 INFO  ChordProtocols:167 - Finger table entry 10: process2
2025-04-16 15:18:57 INFO  ChordProtocols:167 - Finger table entry 11: process2
2025-04-16 15:18:57 INFO  ChordProtocols:167 - Finger table entry 12: process2
2025-04-16 15:18:57 INFO  ChordProtocols:167 - Finger table entry 13: process2
2025-04-16 15:18:57 INFO  ChordProtocols:167 - Finger table entry 14: process2
2025-04-16 15:18:57 INFO  ChordProtocols:167 - Finger table entry 15: process2
2025-04-16 15:18:57 INFO  ChordProtocols:167 - Finger table entry 16: process2
2025-04-16 15:18:57 INFO  ChordProtocols:167 - Finger table entry 17: process2
2025-04-16 15:18:57 INFO  ChordProtocols:167 - Finger table entry 18: process2
2025-04-16 15:18:57 INFO  ChordProtocols:167 - Finger table entry 19: process2
2025-04-16 15:18:57 INFO  ChordProtocols:167 - Finger table entry 20: process2
2025-04-16 15:18:57 INFO  ChordProtocols:167 - Finger table entry 21: process2
2025-04-16 15:18:57 INFO  ChordProtocols:167 - Finger table entry 22: process2
2025-04-16 15:18:57 INFO  ChordProtocols:167 - Finger table entry 23: process2
2025-04-16 15:18:57 INFO  ChordProtocols:167 - Finger table entry 24: process2
2025-04-16 15:18:57 INFO  ChordProtocols:167 - Finger table entry 25: process2
2025-04-16 15:18:57 INFO  ChordProtocols:167 - Finger table entry 26: process2
2025-04-16 15:18:57 INFO  ChordProtocols:167 - Finger table entry 27: process2
2025-04-16 15:18:57 INFO  ChordProtocols:167 - Finger table entry 28: process2
2025-04-16 15:18:57 INFO  ChordProtocols:167 - Finger table entry 29: process2
2025-04-16 15:18:57 INFO  ChordProtocols:167 - Finger table entry 30: process2
2025-04-16 15:18:57 INFO  ChordProtocols:167 - Finger table entry 31: process2
2025-04-16 15:18:57 INFO  ChordProtocols:167 - Finger table entry 32: process2
2025-04-16 15:18:57 INFO  ChordProtocols:167 - Finger table entry 33: process2
2025-04-16 15:18:57 INFO  ChordProtocols:167 - Finger table entry 34: process2
2025-04-16 15:18:57 INFO  ChordProtocols:167 - Finger table entry 35: process2
2025-04-16 15:18:57 INFO  ChordProtocols:167 - Finger table entry 36: process2
2025-04-16 15:18:57 INFO  ChordProtocols:167 - Finger table entry 37: process2
2025-04-16 15:18:57 INFO  ChordProtocols:167 - Finger table entry 38: process2
2025-04-16 15:18:57 INFO  ChordProtocols:167 - Finger table entry 39: process2
2025-04-16 15:18:57 INFO  ChordProtocols:167 - Finger table entry 40: process2
2025-04-16 15:18:57 INFO  ChordProtocols:167 - Finger table entry 41: process2
2025-04-16 15:18:57 INFO  ChordProtocols:167 - Finger table entry 42: process2
2025-04-16 15:18:57 INFO  ChordProtocols:167 - Finger table entry 43: process2
2025-04-16 15:18:57 INFO  ChordProtocols:167 - Finger table entry 44: process2
2025-04-16 15:18:57 INFO  ChordProtocols:167 - Finger table entry 45: process2
2025-04-16 15:18:57 INFO  ChordProtocols:167 - Finger table entry 46: process2
2025-04-16 15:18:57 INFO  ChordProtocols:167 - Finger table entry 47: process2
2025-04-16 15:18:57 INFO  ChordProtocols:167 - Finger table entry 48: process2
2025-04-16 15:18:57 INFO  ChordProtocols:167 - Finger table entry 49: process2
2025-04-16 15:18:57 INFO  ChordProtocols:167 - Finger table entry 50: process2
2025-04-16 15:18:57 INFO  ChordProtocols:167 - Finger table entry 51: process2
2025-04-16 15:18:57 INFO  ChordProtocols:167 - Finger table entry 52: process2
2025-04-16 15:18:57 INFO  ChordProtocols:167 - Finger table entry 53: process2
2025-04-16 15:18:57 INFO  ChordProtocols:167 - Finger table entry 54: process2
2025-04-16 15:18:57 INFO  ChordProtocols:167 - Finger table entry 55: process2
2025-04-16 15:18:57 INFO  ChordProtocols:167 - Finger table entry 56: process2
2025-04-16 15:18:57 INFO  ChordProtocols:167 - Finger table entry 57: process2
2025-04-16 15:18:57 INFO  ChordProtocols:167 - Finger table entry 58: process2
2025-04-16 15:18:57 INFO  ChordProtocols:167 - Finger table entry 59: process2
2025-04-16 15:18:57 INFO  ChordProtocols:167 - Finger table entry 60: process2
2025-04-16 15:18:57 INFO  ChordProtocols:167 - Finger table entry 61: process2
2025-04-16 15:18:57 INFO  ChordProtocols:167 - Finger table entry 62: process2
2025-04-16 15:18:57 INFO  ChordProtocols:167 - Finger table entry 63: process2
2025-04-16 15:18:57 INFO  ChordProtocols:167 - Finger table entry 64: process2
2025-04-16 15:18:57 INFO  ChordProtocols:167 - Finger table entry 65: process2
2025-04-16 15:18:57 INFO  ChordProtocols:167 - Finger table entry 66: process2
2025-04-16 15:18:57 INFO  ChordProtocols:167 - Finger table entry 67: process2
2025-04-16 15:18:57 INFO  ChordProtocols:167 - Finger table entry 68: process2
2025-04-16 15:18:57 INFO  ChordProtocols:167 - Finger table entry 69: process2
2025-04-16 15:18:57 INFO  ChordProtocols:167 - Finger table entry 70: process2
2025-04-16 15:18:57 INFO  ChordProtocols:167 - Finger table entry 71: process2
2025-04-16 15:18:57 INFO  ChordProtocols:167 - Finger table entry 72: process2
2025-04-16 15:18:57 INFO  ChordProtocols:167 - Finger table entry 73: process2
2025-04-16 15:18:57 INFO  ChordProtocols:167 - Finger table entry 74: process2
2025-04-16 15:18:57 INFO  ChordProtocols:167 - Finger table entry 75: process2
2025-04-16 15:18:57 INFO  ChordProtocols:167 - Finger table entry 76: process2
2025-04-16 15:18:57 INFO  ChordProtocols:167 - Finger table entry 77: process2
2025-04-16 15:18:57 INFO  ChordProtocols:167 - Finger table entry 78: process2
2025-04-16 15:18:57 INFO  ChordProtocols:167 - Finger table entry 79: process2
2025-04-16 15:18:57 INFO  ChordProtocols:167 - Finger table entry 80: process2
2025-04-16 15:18:57 INFO  ChordProtocols:167 - Finger table entry 81: process2
2025-04-16 15:18:57 INFO  ChordProtocols:167 - Finger table entry 82: process2
2025-04-16 15:18:57 INFO  ChordProtocols:167 - Finger table entry 83: process2
2025-04-16 15:18:57 INFO  ChordProtocols:167 - Finger table entry 84: process2
2025-04-16 15:18:57 INFO  ChordProtocols:167 - Finger table entry 85: process2
2025-04-16 15:18:57 INFO  ChordProtocols:167 - Finger table entry 86: process2
2025-04-16 15:18:57 INFO  ChordProtocols:167 - Finger table entry 87: process2
2025-04-16 15:18:57 INFO  ChordProtocols:167 - Finger table entry 88: process2
2025-04-16 15:18:57 INFO  ChordProtocols:167 - Finger table entry 89: process2
2025-04-16 15:18:57 INFO  ChordProtocols:167 - Finger table entry 90: process2
2025-04-16 15:18:57 INFO  ChordProtocols:167 - Finger table entry 91: process2
2025-04-16 15:18:57 INFO  ChordProtocols:167 - Finger table entry 92: process2
2025-04-16 15:18:57 INFO  ChordProtocols:167 - Finger table entry 93: process2
2025-04-16 15:18:57 INFO  ChordProtocols:167 - Finger table entry 94: process2
2025-04-16 15:18:57 INFO  ChordProtocols:167 - Finger table entry 95: process2
2025-04-16 15:18:57 INFO  ChordProtocols:167 - Finger table entry 96: process2
2025-04-16 15:18:57 INFO  ChordProtocols:167 - Finger table entry 97: process2
2025-04-16 15:18:57 INFO  ChordProtocols:167 - Finger table entry 98: process2
2025-04-16 15:18:57 INFO  ChordProtocols:167 - Finger table entry 99: process2
2025-04-16 15:18:57 INFO  ChordProtocols:167 - Finger table entry 100: process2
2025-04-16 15:18:57 INFO  ChordProtocols:167 - Finger table entry 101: process2
2025-04-16 15:18:57 INFO  ChordProtocols:167 - Finger table entry 102: process2
2025-04-16 15:18:57 INFO  ChordProtocols:167 - Finger table entry 103: process2
2025-04-16 15:18:57 INFO  ChordProtocols:167 - Finger table entry 104: process2
2025-04-16 15:18:57 INFO  ChordProtocols:167 - Finger table entry 105: process2
2025-04-16 15:18:57 INFO  ChordProtocols:167 - Finger table entry 106: process2
2025-04-16 15:18:57 INFO  ChordProtocols:167 - Finger table entry 107: process2
2025-04-16 15:18:57 INFO  ChordProtocols:167 - Finger table entry 108: process2
2025-04-16 15:18:57 INFO  ChordProtocols:167 - Finger table entry 109: process2
2025-04-16 15:18:57 INFO  ChordProtocols:167 - Finger table entry 110: process2
2025-04-16 15:18:57 INFO  ChordProtocols:167 - Finger table entry 111: process2
2025-04-16 15:18:57 INFO  ChordProtocols:167 - Finger table entry 112: process2
2025-04-16 15:18:57 INFO  ChordProtocols:167 - Finger table entry 113: process2
2025-04-16 15:18:57 INFO  ChordProtocols:167 - Finger table entry 114: process2
2025-04-16 15:18:57 INFO  ChordProtocols:167 - Finger table entry 115: process2
2025-04-16 15:18:57 INFO  ChordProtocols:167 - Finger table entry 116: process2
2025-04-16 15:18:57 INFO  ChordProtocols:167 - Finger table entry 117: process2
2025-04-16 15:18:57 INFO  ChordProtocols:167 - Finger table entry 118: process2
2025-04-16 15:18:57 INFO  ChordProtocols:167 - Finger table entry 119: process2
2025-04-16 15:18:57 INFO  ChordProtocols:167 - Finger table entry 120: process2
2025-04-16 15:18:57 INFO  ChordProtocols:167 - Finger table entry 121: process2
2025-04-16 15:18:57 INFO  ChordProtocols:167 - Finger table entry 122: process2
2025-04-16 15:18:57 INFO  ChordProtocols:167 - Finger table entry 123: process2
2025-04-16 15:18:57 INFO  ChordProtocols:167 - Finger table entry 124: process2
2025-04-16 15:18:57 INFO  ChordProtocols:167 - Finger table entry 125: process2
2025-04-16 15:18:57 INFO  ChordProtocols:167 - Finger table entry 126: process2
2025-04-16 15:18:57 INFO  ChordProtocols:167 - Finger table entry 127: process2
2025-04-16 15:18:57 INFO  ChordProtocols:167 - Finger table entry 128: process2
2025-04-16 15:18:57 INFO  ChordProtocols:167 - Finger table entry 129: process2
2025-04-16 15:18:57 INFO  ChordProtocols:167 - Finger table entry 130: process2
2025-04-16 15:18:57 INFO  ChordProtocols:167 - Finger table entry 131: process2
2025-04-16 15:18:57 INFO  ChordProtocols:167 - Finger table entry 132: process2
2025-04-16 15:18:57 INFO  ChordProtocols:167 - Finger table entry 133: process2
2025-04-16 15:18:57 INFO  ChordProtocols:167 - Finger table entry 134: process2
2025-04-16 15:18:57 INFO  ChordProtocols:167 - Finger table entry 135: process2
2025-04-16 15:18:57 INFO  ChordProtocols:167 - Finger table entry 136: process2
2025-04-16 15:18:57 INFO  ChordProtocols:167 - Finger table entry 137: process2
2025-04-16 15:18:57 INFO  ChordProtocols:167 - Finger table entry 138: process2
2025-04-16 15:18:57 INFO  ChordProtocols:167 - Finger table entry 139: process2
2025-04-16 15:18:57 INFO  ChordProtocols:167 - Finger table entry 140: process2
2025-04-16 15:18:57 INFO  ChordProtocols:167 - Finger table entry 141: process2
2025-04-16 15:18:57 INFO  ChordProtocols:167 - Finger table entry 142: process2
2025-04-16 15:18:57 INFO  ChordProtocols:167 - Finger table entry 143: process2
2025-04-16 15:18:57 INFO  ChordProtocols:167 - Finger table entry 144: process2
2025-04-16 15:18:57 INFO  ChordProtocols:167 - Finger table entry 145: process2
2025-04-16 15:18:57 INFO  ChordProtocols:167 - Finger table entry 146: process2
2025-04-16 15:18:57 INFO  ChordProtocols:167 - Finger table entry 147: process2
2025-04-16 15:18:57 INFO  ChordProtocols:167 - Finger table entry 148: process2
2025-04-16 15:18:57 INFO  ChordProtocols:167 - Finger table entry 149: process2
2025-04-16 15:18:57 INFO  ChordProtocols:167 - Finger table entry 150: process2
2025-04-16 15:18:57 INFO  ChordProtocols:167 - Finger table entry 151: process2
2025-04-16 15:18:57 INFO  ChordProtocols:167 - Finger table entry 152: process2
2025-04-16 15:18:57 INFO  ChordProtocols:167 - Finger table entry 153: process2
2025-04-16 15:18:57 INFO  ChordProtocols:167 - Finger table entry 154: process2
2025-04-16 15:18:57 INFO  ChordProtocols:167 - Finger table entry 155: process2
2025-04-16 15:18:57 INFO  ChordProtocols:167 - Finger table entry 156: process2
2025-04-16 15:18:57 INFO  ChordProtocols:167 - Finger table entry 157: process2
2025-04-16 15:18:57 INFO  ChordProtocols:167 - Finger table entry 158: process2
2025-04-16 15:18:57 INFO  ChordProtocols:167 - Finger table entry 159: process2
2025-04-16 15:18:57 INFO  StabilizationProtocols:60 - Checking the predecessor for Node: process5
==================================
Node Identifier = 121411138451101288395601026024677976156
Node IP address = process5
successor(process5) = process2
predecessor(process5) = process5
Current File keys for process5 => []
==================================
2025-04-16 15:18:58 INFO  StabilizationProtocols:130 - Updating the successor for Node: process1
2025-04-16 15:18:58 INFO  StabilizationProtocols:165 - Finished updating the successor for Node: process1
2025-04-16 15:18:58 INFO  StabilizationProtocols:84 - Stabilizing ring from process1...
2025-04-16 15:18:58 INFO  StabilizationProtocols:91 - Stabilize ring: succnode = process1
2025-04-16 15:18:58 INFO  StabilizationProtocols:113 - Finished stabilizing chordring from process1
2025-04-16 15:18:58 INFO  ChordProtocols:157 - Fixing the FingerTable for Node: process1
2025-04-16 15:18:58 INFO  ChordProtocols:167 - Finger table entry 0: process1
2025-04-16 15:18:58 INFO  ChordProtocols:167 - Finger table entry 1: process1
2025-04-16 15:18:58 INFO  ChordProtocols:167 - Finger table entry 2: process1
2025-04-16 15:18:58 INFO  ChordProtocols:167 - Finger table entry 3: process1
2025-04-16 15:18:58 INFO  ChordProtocols:167 - Finger table entry 4: process1
2025-04-16 15:18:58 INFO  ChordProtocols:167 - Finger table entry 5: process1
2025-04-16 15:18:58 INFO  ChordProtocols:167 - Finger table entry 6: process1
2025-04-16 15:18:58 INFO  ChordProtocols:167 - Finger table entry 7: process1
2025-04-16 15:18:58 INFO  ChordProtocols:167 - Finger table entry 8: process1
2025-04-16 15:18:58 INFO  ChordProtocols:167 - Finger table entry 9: process1
2025-04-16 15:18:58 INFO  ChordProtocols:167 - Finger table entry 10: process1
2025-04-16 15:18:58 INFO  ChordProtocols:167 - Finger table entry 11: process1
2025-04-16 15:18:58 INFO  ChordProtocols:167 - Finger table entry 12: process1
2025-04-16 15:18:58 INFO  ChordProtocols:167 - Finger table entry 13: process1
2025-04-16 15:18:58 INFO  ChordProtocols:167 - Finger table entry 14: process1
2025-04-16 15:18:58 INFO  ChordProtocols:167 - Finger table entry 15: process1
2025-04-16 15:18:58 INFO  ChordProtocols:167 - Finger table entry 16: process1
2025-04-16 15:18:58 INFO  ChordProtocols:167 - Finger table entry 17: process1
2025-04-16 15:18:58 INFO  ChordProtocols:167 - Finger table entry 18: process1
2025-04-16 15:18:58 INFO  ChordProtocols:167 - Finger table entry 19: process1
2025-04-16 15:18:58 INFO  ChordProtocols:167 - Finger table entry 20: process1
2025-04-16 15:18:58 INFO  ChordProtocols:167 - Finger table entry 21: process1
2025-04-16 15:18:58 INFO  ChordProtocols:167 - Finger table entry 22: process1
2025-04-16 15:18:58 INFO  ChordProtocols:167 - Finger table entry 23: process1
2025-04-16 15:18:58 INFO  ChordProtocols:167 - Finger table entry 24: process1
2025-04-16 15:18:58 INFO  ChordProtocols:167 - Finger table entry 25: process1
2025-04-16 15:18:58 INFO  ChordProtocols:167 - Finger table entry 26: process1
2025-04-16 15:18:58 INFO  ChordProtocols:167 - Finger table entry 27: process1
2025-04-16 15:18:58 INFO  ChordProtocols:167 - Finger table entry 28: process1
2025-04-16 15:18:58 INFO  ChordProtocols:167 - Finger table entry 29: process1
2025-04-16 15:18:58 INFO  ChordProtocols:167 - Finger table entry 30: process1
2025-04-16 15:18:58 INFO  ChordProtocols:167 - Finger table entry 31: process1
2025-04-16 15:18:58 INFO  ChordProtocols:167 - Finger table entry 32: process1
2025-04-16 15:18:58 INFO  ChordProtocols:167 - Finger table entry 33: process1
2025-04-16 15:18:58 INFO  ChordProtocols:167 - Finger table entry 34: process1
2025-04-16 15:18:58 INFO  ChordProtocols:167 - Finger table entry 35: process1
2025-04-16 15:18:58 INFO  ChordProtocols:167 - Finger table entry 36: process1
2025-04-16 15:18:58 INFO  ChordProtocols:167 - Finger table entry 37: process1
2025-04-16 15:18:58 INFO  ChordProtocols:167 - Finger table entry 38: process1
2025-04-16 15:18:58 INFO  ChordProtocols:167 - Finger table entry 39: process1
2025-04-16 15:18:58 INFO  ChordProtocols:167 - Finger table entry 40: process1
2025-04-16 15:18:58 INFO  ChordProtocols:167 - Finger table entry 41: process1
2025-04-16 15:18:58 INFO  ChordProtocols:167 - Finger table entry 42: process1
2025-04-16 15:18:58 INFO  ChordProtocols:167 - Finger table entry 43: process1
2025-04-16 15:18:58 INFO  ChordProtocols:167 - Finger table entry 44: process1
2025-04-16 15:18:58 INFO  ChordProtocols:167 - Finger table entry 45: process1
2025-04-16 15:18:58 INFO  ChordProtocols:167 - Finger table entry 46: process1
2025-04-16 15:18:58 INFO  ChordProtocols:167 - Finger table entry 47: process1
2025-04-16 15:18:58 INFO  ChordProtocols:167 - Finger table entry 48: process1
2025-04-16 15:18:58 INFO  ChordProtocols:167 - Finger table entry 49: process1
2025-04-16 15:18:58 INFO  ChordProtocols:167 - Finger table entry 50: process1
2025-04-16 15:18:58 INFO  ChordProtocols:167 - Finger table entry 51: process1
2025-04-16 15:18:58 INFO  ChordProtocols:167 - Finger table entry 52: process1
2025-04-16 15:18:58 INFO  ChordProtocols:167 - Finger table entry 53: process1
2025-04-16 15:18:58 INFO  ChordProtocols:167 - Finger table entry 54: process1
2025-04-16 15:18:58 INFO  ChordProtocols:167 - Finger table entry 55: process1
2025-04-16 15:18:58 INFO  ChordProtocols:167 - Finger table entry 56: process1
2025-04-16 15:18:58 INFO  ChordProtocols:167 - Finger table entry 57: process1
2025-04-16 15:18:58 INFO  ChordProtocols:167 - Finger table entry 58: process1
2025-04-16 15:18:58 INFO  ChordProtocols:167 - Finger table entry 59: process1
2025-04-16 15:18:58 INFO  ChordProtocols:167 - Finger table entry 60: process1
2025-04-16 15:18:58 INFO  ChordProtocols:167 - Finger table entry 61: process1
2025-04-16 15:18:58 INFO  ChordProtocols:167 - Finger table entry 62: process1
2025-04-16 15:18:58 INFO  ChordProtocols:167 - Finger table entry 63: process1
2025-04-16 15:18:58 INFO  ChordProtocols:167 - Finger table entry 64: process1
2025-04-16 15:18:58 INFO  ChordProtocols:167 - Finger table entry 65: process1
2025-04-16 15:18:58 INFO  ChordProtocols:167 - Finger table entry 66: process1
2025-04-16 15:18:58 INFO  ChordProtocols:167 - Finger table entry 67: process1
2025-04-16 15:18:58 INFO  ChordProtocols:167 - Finger table entry 68: process1
2025-04-16 15:18:58 INFO  ChordProtocols:167 - Finger table entry 69: process1
2025-04-16 15:18:58 INFO  ChordProtocols:167 - Finger table entry 70: process1
2025-04-16 15:18:58 INFO  ChordProtocols:167 - Finger table entry 71: process1
2025-04-16 15:18:58 INFO  ChordProtocols:167 - Finger table entry 72: process1
2025-04-16 15:18:58 INFO  ChordProtocols:167 - Finger table entry 73: process1
2025-04-16 15:18:58 INFO  ChordProtocols:167 - Finger table entry 74: process1
2025-04-16 15:18:58 INFO  ChordProtocols:167 - Finger table entry 75: process1
2025-04-16 15:18:58 INFO  ChordProtocols:167 - Finger table entry 76: process1
2025-04-16 15:18:58 INFO  ChordProtocols:167 - Finger table entry 77: process1
2025-04-16 15:18:58 INFO  ChordProtocols:167 - Finger table entry 78: process1
2025-04-16 15:18:58 INFO  ChordProtocols:167 - Finger table entry 79: process1
2025-04-16 15:18:58 INFO  ChordProtocols:167 - Finger table entry 80: process1
2025-04-16 15:18:58 INFO  ChordProtocols:167 - Finger table entry 81: process1
2025-04-16 15:18:58 INFO  ChordProtocols:167 - Finger table entry 82: process1
2025-04-16 15:18:58 INFO  ChordProtocols:167 - Finger table entry 83: process1
2025-04-16 15:18:58 INFO  ChordProtocols:167 - Finger table entry 84: process1
2025-04-16 15:18:58 INFO  ChordProtocols:167 - Finger table entry 85: process1
2025-04-16 15:18:58 INFO  ChordProtocols:167 - Finger table entry 86: process1
2025-04-16 15:18:58 INFO  ChordProtocols:167 - Finger table entry 87: process1
2025-04-16 15:18:58 INFO  ChordProtocols:167 - Finger table entry 88: process1
2025-04-16 15:18:58 INFO  ChordProtocols:167 - Finger table entry 89: process1
2025-04-16 15:18:58 INFO  ChordProtocols:167 - Finger table entry 90: process1
2025-04-16 15:18:58 INFO  ChordProtocols:167 - Finger table entry 91: process1
2025-04-16 15:18:58 INFO  ChordProtocols:167 - Finger table entry 92: process1
2025-04-16 15:18:58 INFO  ChordProtocols:167 - Finger table entry 93: process1
2025-04-16 15:18:58 INFO  ChordProtocols:167 - Finger table entry 94: process1
2025-04-16 15:18:58 INFO  ChordProtocols:167 - Finger table entry 95: process1
2025-04-16 15:18:58 INFO  ChordProtocols:167 - Finger table entry 96: process1
2025-04-16 15:18:58 INFO  ChordProtocols:167 - Finger table entry 97: process1
2025-04-16 15:18:58 INFO  ChordProtocols:167 - Finger table entry 98: process1
2025-04-16 15:18:58 INFO  ChordProtocols:167 - Finger table entry 99: process1
2025-04-16 15:18:58 INFO  ChordProtocols:167 - Finger table entry 100: process1
2025-04-16 15:18:58 INFO  ChordProtocols:167 - Finger table entry 101: process1
2025-04-16 15:18:58 INFO  ChordProtocols:167 - Finger table entry 102: process1
2025-04-16 15:18:58 INFO  ChordProtocols:167 - Finger table entry 103: process1
2025-04-16 15:18:58 INFO  ChordProtocols:167 - Finger table entry 104: process1
2025-04-16 15:18:58 INFO  ChordProtocols:167 - Finger table entry 105: process1
2025-04-16 15:18:58 INFO  ChordProtocols:167 - Finger table entry 106: process1
2025-04-16 15:18:58 INFO  ChordProtocols:167 - Finger table entry 107: process1
2025-04-16 15:18:58 INFO  ChordProtocols:167 - Finger table entry 108: process1
2025-04-16 15:18:58 INFO  ChordProtocols:167 - Finger table entry 109: process1
2025-04-16 15:18:58 INFO  ChordProtocols:167 - Finger table entry 110: process1
2025-04-16 15:18:58 INFO  ChordProtocols:167 - Finger table entry 111: process1
2025-04-16 15:18:58 INFO  ChordProtocols:167 - Finger table entry 112: process1
2025-04-16 15:18:58 INFO  ChordProtocols:167 - Finger table entry 113: process1
2025-04-16 15:18:58 INFO  ChordProtocols:167 - Finger table entry 114: process1
2025-04-16 15:18:58 INFO  ChordProtocols:167 - Finger table entry 115: process1
2025-04-16 15:18:58 INFO  ChordProtocols:167 - Finger table entry 116: process1
2025-04-16 15:18:58 INFO  ChordProtocols:167 - Finger table entry 117: process1
2025-04-16 15:18:58 INFO  ChordProtocols:167 - Finger table entry 118: process1
2025-04-16 15:18:58 INFO  ChordProtocols:167 - Finger table entry 119: process1
2025-04-16 15:18:58 INFO  ChordProtocols:167 - Finger table entry 120: process1
2025-04-16 15:18:58 INFO  ChordProtocols:167 - Finger table entry 121: process1
2025-04-16 15:18:58 INFO  ChordProtocols:167 - Finger table entry 122: process1
2025-04-16 15:18:58 INFO  ChordProtocols:167 - Finger table entry 123: process1
2025-04-16 15:18:58 INFO  ChordProtocols:167 - Finger table entry 124: process1
2025-04-16 15:18:58 INFO  ChordProtocols:167 - Finger table entry 125: process1
2025-04-16 15:18:58 INFO  ChordProtocols:167 - Finger table entry 126: process1
2025-04-16 15:18:58 INFO  ChordProtocols:167 - Finger table entry 127: process1
2025-04-16 15:18:58 INFO  ChordProtocols:167 - Finger table entry 128: process1
2025-04-16 15:18:58 INFO  ChordProtocols:167 - Finger table entry 129: process1
2025-04-16 15:18:58 INFO  ChordProtocols:167 - Finger table entry 130: process1
2025-04-16 15:18:58 INFO  ChordProtocols:167 - Finger table entry 131: process1
2025-04-16 15:18:58 INFO  ChordProtocols:167 - Finger table entry 132: process1
2025-04-16 15:18:58 INFO  ChordProtocols:167 - Finger table entry 133: process1
2025-04-16 15:18:58 INFO  ChordProtocols:167 - Finger table entry 134: process1
2025-04-16 15:18:58 INFO  ChordProtocols:167 - Finger table entry 135: process1
2025-04-16 15:18:58 INFO  ChordProtocols:167 - Finger table entry 136: process1
2025-04-16 15:18:58 INFO  ChordProtocols:167 - Finger table entry 137: process1
2025-04-16 15:18:58 INFO  ChordProtocols:167 - Finger table entry 138: process1
2025-04-16 15:18:58 INFO  ChordProtocols:167 - Finger table entry 139: process1
2025-04-16 15:18:58 INFO  ChordProtocols:167 - Finger table entry 140: process1
2025-04-16 15:18:58 INFO  ChordProtocols:167 - Finger table entry 141: process1
2025-04-16 15:18:58 INFO  ChordProtocols:167 - Finger table entry 142: process1
2025-04-16 15:18:58 INFO  ChordProtocols:167 - Finger table entry 143: process1
2025-04-16 15:18:58 INFO  ChordProtocols:167 - Finger table entry 144: process1
2025-04-16 15:18:58 INFO  ChordProtocols:167 - Finger table entry 145: process1
2025-04-16 15:18:58 INFO  ChordProtocols:167 - Finger table entry 146: process1
2025-04-16 15:18:58 INFO  ChordProtocols:167 - Finger table entry 147: process1
2025-04-16 15:18:58 INFO  ChordProtocols:167 - Finger table entry 148: process1
2025-04-16 15:18:58 INFO  ChordProtocols:167 - Finger table entry 149: process1
2025-04-16 15:18:58 INFO  ChordProtocols:167 - Finger table entry 150: process1
2025-04-16 15:18:58 INFO  ChordProtocols:167 - Finger table entry 151: process1
2025-04-16 15:18:58 INFO  ChordProtocols:167 - Finger table entry 152: process1
2025-04-16 15:18:58 INFO  ChordProtocols:167 - Finger table entry 153: process1
2025-04-16 15:18:58 INFO  ChordProtocols:167 - Finger table entry 154: process1
2025-04-16 15:18:58 INFO  ChordProtocols:167 - Finger table entry 155: process1
2025-04-16 15:18:58 INFO  ChordProtocols:167 - Finger table entry 156: process1
2025-04-16 15:18:58 INFO  ChordProtocols:167 - Finger table entry 157: process1
2025-04-16 15:18:58 INFO  ChordProtocols:167 - Finger table entry 158: process1
2025-04-16 15:18:58 INFO  ChordProtocols:167 - Finger table entry 159: process1
2025-04-16 15:18:58 INFO  StabilizationProtocols:60 - Checking the predecessor for Node: process1
==================================
Node Identifier = 53937554629190552131995290006614509577
Node IP address = process1
successor(process1) = process1
predecessor(process1) = process2
Current File keys for process1 => []
==================================
2025-04-16 15:18:58 INFO  StabilizationProtocols:130 - Updating the successor for Node: process2
2025-04-16 15:18:58 INFO  StabilizationProtocols:84 - Stabilizing ring from process2...
2025-04-16 15:18:58 INFO  StabilizationProtocols:91 - Stabilize ring: succnode = process1
2025-04-16 15:18:58 INFO  StabilizationProtocols:113 - Finished stabilizing chordring from process2
2025-04-16 15:18:58 INFO  ChordProtocols:157 - Fixing the FingerTable for Node: process2
2025-04-16 15:18:58 INFO  ChordProtocols:167 - Finger table entry 0: process1
2025-04-16 15:18:58 INFO  ChordProtocols:167 - Finger table entry 1: process1
2025-04-16 15:18:58 INFO  ChordProtocols:167 - Finger table entry 2: process1
2025-04-16 15:18:58 INFO  ChordProtocols:167 - Finger table entry 3: process1
2025-04-16 15:18:58 INFO  ChordProtocols:167 - Finger table entry 4: process1
2025-04-16 15:18:58 INFO  ChordProtocols:167 - Finger table entry 5: process1
2025-04-16 15:18:58 INFO  ChordProtocols:167 - Finger table entry 6: process1
2025-04-16 15:18:58 INFO  ChordProtocols:167 - Finger table entry 7: process1
2025-04-16 15:18:58 INFO  ChordProtocols:167 - Finger table entry 8: process1
2025-04-16 15:18:58 INFO  ChordProtocols:167 - Finger table entry 9: process1
2025-04-16 15:18:58 INFO  ChordProtocols:167 - Finger table entry 10: process1
2025-04-16 15:18:58 INFO  ChordProtocols:167 - Finger table entry 11: process1
2025-04-16 15:18:58 INFO  ChordProtocols:167 - Finger table entry 12: process1
2025-04-16 15:18:58 INFO  ChordProtocols:167 - Finger table entry 13: process1
2025-04-16 15:18:58 INFO  ChordProtocols:167 - Finger table entry 14: process1
2025-04-16 15:18:58 INFO  ChordProtocols:167 - Finger table entry 15: process1
2025-04-16 15:18:58 INFO  ChordProtocols:167 - Finger table entry 16: process1
2025-04-16 15:18:58 INFO  ChordProtocols:167 - Finger table entry 17: process1
2025-04-16 15:18:58 INFO  ChordProtocols:167 - Finger table entry 18: process1
2025-04-16 15:18:58 INFO  ChordProtocols:167 - Finger table entry 19: process1
2025-04-16 15:18:58 INFO  ChordProtocols:167 - Finger table entry 20: process1
2025-04-16 15:18:58 INFO  ChordProtocols:167 - Finger table entry 21: process1
2025-04-16 15:18:58 INFO  ChordProtocols:167 - Finger table entry 22: process1
2025-04-16 15:18:58 INFO  ChordProtocols:167 - Finger table entry 23: process1
2025-04-16 15:18:58 INFO  ChordProtocols:167 - Finger table entry 24: process1
2025-04-16 15:18:58 INFO  ChordProtocols:167 - Finger table entry 25: process1
2025-04-16 15:18:58 INFO  ChordProtocols:167 - Finger table entry 26: process1
2025-04-16 15:18:58 INFO  ChordProtocols:167 - Finger table entry 27: process1
2025-04-16 15:18:58 INFO  ChordProtocols:167 - Finger table entry 28: process1
2025-04-16 15:18:58 INFO  ChordProtocols:167 - Finger table entry 29: process1
2025-04-16 15:18:58 INFO  ChordProtocols:167 - Finger table entry 30: process1
2025-04-16 15:18:58 INFO  ChordProtocols:167 - Finger table entry 31: process1
2025-04-16 15:18:58 INFO  ChordProtocols:167 - Finger table entry 32: process1
2025-04-16 15:18:58 INFO  ChordProtocols:167 - Finger table entry 33: process1
2025-04-16 15:18:58 INFO  ChordProtocols:167 - Finger table entry 34: process1
2025-04-16 15:18:58 INFO  ChordProtocols:167 - Finger table entry 35: process1
2025-04-16 15:18:58 INFO  ChordProtocols:167 - Finger table entry 36: process1
2025-04-16 15:18:58 INFO  ChordProtocols:167 - Finger table entry 37: process1
2025-04-16 15:18:58 INFO  ChordProtocols:167 - Finger table entry 38: process1
2025-04-16 15:18:58 INFO  ChordProtocols:167 - Finger table entry 39: process1
2025-04-16 15:18:58 INFO  ChordProtocols:167 - Finger table entry 40: process1
2025-04-16 15:18:58 INFO  ChordProtocols:167 - Finger table entry 41: process1
2025-04-16 15:18:58 INFO  ChordProtocols:167 - Finger table entry 42: process1
2025-04-16 15:18:58 INFO  ChordProtocols:167 - Finger table entry 43: process1
2025-04-16 15:18:58 INFO  ChordProtocols:167 - Finger table entry 44: process1
2025-04-16 15:18:58 INFO  ChordProtocols:167 - Finger table entry 45: process1
2025-04-16 15:18:58 INFO  ChordProtocols:167 - Finger table entry 46: process1
2025-04-16 15:18:58 INFO  ChordProtocols:167 - Finger table entry 47: process1
2025-04-16 15:18:58 INFO  ChordProtocols:167 - Finger table entry 48: process1
2025-04-16 15:18:58 INFO  ChordProtocols:167 - Finger table entry 49: process1
2025-04-16 15:18:58 INFO  ChordProtocols:167 - Finger table entry 50: process1
2025-04-16 15:18:58 INFO  ChordProtocols:167 - Finger table entry 51: process1
2025-04-16 15:18:58 INFO  ChordProtocols:167 - Finger table entry 52: process1
2025-04-16 15:18:58 INFO  ChordProtocols:167 - Finger table entry 53: process1
2025-04-16 15:18:58 INFO  ChordProtocols:167 - Finger table entry 54: process1
2025-04-16 15:18:58 INFO  ChordProtocols:167 - Finger table entry 55: process1
2025-04-16 15:18:58 INFO  ChordProtocols:167 - Finger table entry 56: process1
2025-04-16 15:18:58 INFO  ChordProtocols:167 - Finger table entry 57: process1
2025-04-16 15:18:58 INFO  ChordProtocols:167 - Finger table entry 58: process1
2025-04-16 15:18:58 INFO  ChordProtocols:167 - Finger table entry 59: process1
2025-04-16 15:18:58 INFO  ChordProtocols:167 - Finger table entry 60: process1
2025-04-16 15:18:58 INFO  ChordProtocols:167 - Finger table entry 61: process1
2025-04-16 15:18:58 INFO  ChordProtocols:167 - Finger table entry 62: process1
2025-04-16 15:18:58 INFO  ChordProtocols:167 - Finger table entry 63: process1
2025-04-16 15:18:58 INFO  ChordProtocols:167 - Finger table entry 64: process1
2025-04-16 15:18:58 INFO  ChordProtocols:167 - Finger table entry 65: process1
2025-04-16 15:18:58 INFO  ChordProtocols:167 - Finger table entry 66: process1
2025-04-16 15:18:58 INFO  ChordProtocols:167 - Finger table entry 67: process1
2025-04-16 15:18:58 INFO  ChordProtocols:167 - Finger table entry 68: process1
2025-04-16 15:18:58 INFO  ChordProtocols:167 - Finger table entry 69: process1
2025-04-16 15:18:58 INFO  ChordProtocols:167 - Finger table entry 70: process1
2025-04-16 15:18:58 INFO  ChordProtocols:167 - Finger table entry 71: process1
2025-04-16 15:18:58 INFO  ChordProtocols:167 - Finger table entry 72: process1
2025-04-16 15:18:58 INFO  ChordProtocols:167 - Finger table entry 73: process1
2025-04-16 15:18:58 INFO  ChordProtocols:167 - Finger table entry 74: process1
2025-04-16 15:18:58 INFO  ChordProtocols:167 - Finger table entry 75: process1
2025-04-16 15:18:58 INFO  ChordProtocols:167 - Finger table entry 76: process1
2025-04-16 15:18:58 INFO  ChordProtocols:167 - Finger table entry 77: process1
2025-04-16 15:18:58 INFO  ChordProtocols:167 - Finger table entry 78: process1
2025-04-16 15:18:58 INFO  ChordProtocols:167 - Finger table entry 79: process1
2025-04-16 15:18:58 INFO  ChordProtocols:167 - Finger table entry 80: process1
2025-04-16 15:18:58 INFO  ChordProtocols:167 - Finger table entry 81: process1
2025-04-16 15:18:58 INFO  ChordProtocols:167 - Finger table entry 82: process1
2025-04-16 15:18:58 INFO  ChordProtocols:167 - Finger table entry 83: process1
2025-04-16 15:18:58 INFO  ChordProtocols:167 - Finger table entry 84: process1
2025-04-16 15:18:58 INFO  ChordProtocols:167 - Finger table entry 85: process1
2025-04-16 15:18:58 INFO  ChordProtocols:167 - Finger table entry 86: process1
2025-04-16 15:18:58 INFO  ChordProtocols:167 - Finger table entry 87: process1
2025-04-16 15:18:58 INFO  ChordProtocols:167 - Finger table entry 88: process1
2025-04-16 15:18:58 INFO  ChordProtocols:167 - Finger table entry 89: process1
2025-04-16 15:18:58 INFO  ChordProtocols:167 - Finger table entry 90: process1
2025-04-16 15:18:58 INFO  ChordProtocols:167 - Finger table entry 91: process1
2025-04-16 15:18:58 INFO  ChordProtocols:167 - Finger table entry 92: process1
2025-04-16 15:18:58 INFO  ChordProtocols:167 - Finger table entry 93: process1
2025-04-16 15:18:58 INFO  ChordProtocols:167 - Finger table entry 94: process1
2025-04-16 15:18:58 INFO  ChordProtocols:167 - Finger table entry 95: process1
2025-04-16 15:18:58 INFO  ChordProtocols:167 - Finger table entry 96: process1
2025-04-16 15:18:58 INFO  ChordProtocols:167 - Finger table entry 97: process1
2025-04-16 15:18:58 INFO  ChordProtocols:167 - Finger table entry 98: process1
2025-04-16 15:18:58 INFO  ChordProtocols:167 - Finger table entry 99: process1
2025-04-16 15:18:58 INFO  ChordProtocols:167 - Finger table entry 100: process1
2025-04-16 15:18:58 INFO  ChordProtocols:167 - Finger table entry 101: process1
2025-04-16 15:18:58 INFO  ChordProtocols:167 - Finger table entry 102: process1
2025-04-16 15:18:58 INFO  ChordProtocols:167 - Finger table entry 103: process1
2025-04-16 15:18:58 INFO  ChordProtocols:167 - Finger table entry 104: process1
2025-04-16 15:18:58 INFO  ChordProtocols:167 - Finger table entry 105: process1
2025-04-16 15:18:58 INFO  ChordProtocols:167 - Finger table entry 106: process1
2025-04-16 15:18:58 INFO  ChordProtocols:167 - Finger table entry 107: process1
2025-04-16 15:18:58 INFO  ChordProtocols:167 - Finger table entry 108: process1
2025-04-16 15:18:58 INFO  ChordProtocols:167 - Finger table entry 109: process1
2025-04-16 15:18:58 INFO  ChordProtocols:167 - Finger table entry 110: process1
2025-04-16 15:18:58 INFO  ChordProtocols:167 - Finger table entry 111: process1
2025-04-16 15:18:58 INFO  ChordProtocols:167 - Finger table entry 112: process1
2025-04-16 15:18:58 INFO  ChordProtocols:167 - Finger table entry 113: process1
2025-04-16 15:18:58 INFO  ChordProtocols:167 - Finger table entry 114: process1
2025-04-16 15:18:58 INFO  ChordProtocols:167 - Finger table entry 115: process1
2025-04-16 15:18:58 INFO  ChordProtocols:167 - Finger table entry 116: process1
2025-04-16 15:18:58 INFO  ChordProtocols:167 - Finger table entry 117: process1
2025-04-16 15:18:58 INFO  ChordProtocols:167 - Finger table entry 118: process1
2025-04-16 15:18:58 INFO  ChordProtocols:167 - Finger table entry 119: process1
2025-04-16 15:18:58 INFO  ChordProtocols:167 - Finger table entry 120: process1
2025-04-16 15:18:58 INFO  ChordProtocols:167 - Finger table entry 121: process1
2025-04-16 15:18:58 INFO  ChordProtocols:167 - Finger table entry 122: process1
2025-04-16 15:18:58 INFO  ChordProtocols:167 - Finger table entry 123: process1
2025-04-16 15:18:58 INFO  ChordProtocols:167 - Finger table entry 124: process1
2025-04-16 15:18:58 INFO  ChordProtocols:167 - Finger table entry 125: process1
2025-04-16 15:18:58 INFO  ChordProtocols:167 - Finger table entry 126: process1
2025-04-16 15:18:58 INFO  ChordProtocols:167 - Finger table entry 127: process1
2025-04-16 15:18:58 INFO  ChordProtocols:167 - Finger table entry 128: process1
2025-04-16 15:18:58 INFO  ChordProtocols:167 - Finger table entry 129: process1
2025-04-16 15:18:58 INFO  ChordProtocols:167 - Finger table entry 130: process1
2025-04-16 15:18:58 INFO  ChordProtocols:167 - Finger table entry 131: process1
2025-04-16 15:18:58 INFO  ChordProtocols:167 - Finger table entry 132: process1
2025-04-16 15:18:58 INFO  ChordProtocols:167 - Finger table entry 133: process1
2025-04-16 15:18:58 INFO  ChordProtocols:167 - Finger table entry 134: process1
2025-04-16 15:18:58 INFO  ChordProtocols:167 - Finger table entry 135: process1
2025-04-16 15:18:58 INFO  ChordProtocols:167 - Finger table entry 136: process1
2025-04-16 15:18:58 INFO  ChordProtocols:167 - Finger table entry 137: process1
2025-04-16 15:18:58 INFO  ChordProtocols:167 - Finger table entry 138: process1
2025-04-16 15:18:58 INFO  ChordProtocols:167 - Finger table entry 139: process1
2025-04-16 15:18:58 INFO  ChordProtocols:167 - Finger table entry 140: process1
2025-04-16 15:18:58 INFO  ChordProtocols:167 - Finger table entry 141: process1
2025-04-16 15:18:58 INFO  ChordProtocols:167 - Finger table entry 142: process1
2025-04-16 15:18:58 INFO  ChordProtocols:167 - Finger table entry 143: process1
2025-04-16 15:18:58 INFO  ChordProtocols:167 - Finger table entry 144: process1
2025-04-16 15:18:58 INFO  ChordProtocols:167 - Finger table entry 145: process1
2025-04-16 15:18:58 INFO  ChordProtocols:167 - Finger table entry 146: process1
2025-04-16 15:18:58 INFO  ChordProtocols:167 - Finger table entry 147: process1
2025-04-16 15:18:58 INFO  ChordProtocols:167 - Finger table entry 148: process1
2025-04-16 15:18:58 INFO  ChordProtocols:167 - Finger table entry 149: process1
2025-04-16 15:18:58 INFO  ChordProtocols:167 - Finger table entry 150: process1
2025-04-16 15:18:58 INFO  ChordProtocols:167 - Finger table entry 151: process1
2025-04-16 15:18:58 INFO  ChordProtocols:167 - Finger table entry 152: process1
2025-04-16 15:18:58 INFO  ChordProtocols:167 - Finger table entry 153: process1
2025-04-16 15:18:58 INFO  ChordProtocols:167 - Finger table entry 154: process1
2025-04-16 15:18:58 INFO  ChordProtocols:167 - Finger table entry 155: process1
2025-04-16 15:18:58 INFO  ChordProtocols:167 - Finger table entry 156: process1
2025-04-16 15:18:58 INFO  ChordProtocols:167 - Finger table entry 157: process1
2025-04-16 15:18:58 INFO  ChordProtocols:167 - Finger table entry 158: process1
2025-04-16 15:18:58 INFO  ChordProtocols:167 - Finger table entry 159: process1
2025-04-16 15:18:58 INFO  StabilizationProtocols:60 - Checking the predecessor for Node: process2
==================================
Node Identifier = 15618062003214643351512781541041391612
Node IP address = process2
successor(process2) = process1
predecessor(process2) = process4
Current File keys for process2 => []
==================================
2025-04-16 15:18:58 INFO  StabilizationProtocols:130 - Updating the successor for Node: process3
2025-04-16 15:18:58 INFO  StabilizationProtocols:84 - Stabilizing ring from process3...
2025-04-16 15:18:58 INFO  StabilizationProtocols:91 - Stabilize ring: succnode = process4
2025-04-16 15:18:58 INFO  StabilizationProtocols:113 - Finished stabilizing chordring from process3
2025-04-16 15:18:58 INFO  ChordProtocols:157 - Fixing the FingerTable for Node: process3
2025-04-16 15:18:58 INFO  ChordProtocols:167 - Finger table entry 0: process4
2025-04-16 15:18:58 INFO  ChordProtocols:167 - Finger table entry 1: process4
2025-04-16 15:18:58 INFO  ChordProtocols:167 - Finger table entry 2: process4
2025-04-16 15:18:58 INFO  ChordProtocols:167 - Finger table entry 3: process4
2025-04-16 15:18:58 INFO  ChordProtocols:167 - Finger table entry 4: process4
2025-04-16 15:18:58 INFO  ChordProtocols:167 - Finger table entry 5: process4
2025-04-16 15:18:58 INFO  ChordProtocols:167 - Finger table entry 6: process4
2025-04-16 15:18:58 INFO  ChordProtocols:167 - Finger table entry 7: process4
2025-04-16 15:18:58 INFO  ChordProtocols:167 - Finger table entry 8: process4
2025-04-16 15:18:58 INFO  ChordProtocols:167 - Finger table entry 9: process4
2025-04-16 15:18:58 INFO  ChordProtocols:167 - Finger table entry 10: process4
2025-04-16 15:18:58 INFO  ChordProtocols:167 - Finger table entry 11: process4
2025-04-16 15:18:58 INFO  ChordProtocols:167 - Finger table entry 12: process4
2025-04-16 15:18:58 INFO  ChordProtocols:167 - Finger table entry 13: process4
2025-04-16 15:18:58 INFO  ChordProtocols:167 - Finger table entry 14: process4
2025-04-16 15:18:58 INFO  ChordProtocols:167 - Finger table entry 15: process4
2025-04-16 15:18:58 INFO  ChordProtocols:167 - Finger table entry 16: process4
2025-04-16 15:18:58 INFO  ChordProtocols:167 - Finger table entry 17: process4
2025-04-16 15:18:58 INFO  ChordProtocols:167 - Finger table entry 18: process4
2025-04-16 15:18:58 INFO  ChordProtocols:167 - Finger table entry 19: process4
2025-04-16 15:18:58 INFO  ChordProtocols:167 - Finger table entry 20: process4
2025-04-16 15:18:58 INFO  ChordProtocols:167 - Finger table entry 21: process4
2025-04-16 15:18:58 INFO  ChordProtocols:167 - Finger table entry 22: process4
2025-04-16 15:18:58 INFO  ChordProtocols:167 - Finger table entry 23: process4
2025-04-16 15:18:58 INFO  ChordProtocols:167 - Finger table entry 24: process4
2025-04-16 15:18:58 INFO  ChordProtocols:167 - Finger table entry 25: process4
2025-04-16 15:18:58 INFO  ChordProtocols:167 - Finger table entry 26: process4
2025-04-16 15:18:58 INFO  ChordProtocols:167 - Finger table entry 27: process4
2025-04-16 15:18:58 INFO  ChordProtocols:167 - Finger table entry 28: process4
2025-04-16 15:18:58 INFO  ChordProtocols:167 - Finger table entry 29: process4
2025-04-16 15:18:58 INFO  ChordProtocols:167 - Finger table entry 30: process4
2025-04-16 15:18:58 INFO  ChordProtocols:167 - Finger table entry 31: process4
2025-04-16 15:18:58 INFO  ChordProtocols:167 - Finger table entry 32: process4
2025-04-16 15:18:58 INFO  ChordProtocols:167 - Finger table entry 33: process4
2025-04-16 15:18:58 INFO  ChordProtocols:167 - Finger table entry 34: process4
2025-04-16 15:18:58 INFO  ChordProtocols:167 - Finger table entry 35: process4
2025-04-16 15:18:58 INFO  ChordProtocols:167 - Finger table entry 36: process4
2025-04-16 15:18:58 INFO  ChordProtocols:167 - Finger table entry 37: process4
2025-04-16 15:18:58 INFO  ChordProtocols:167 - Finger table entry 38: process4
2025-04-16 15:18:58 INFO  ChordProtocols:167 - Finger table entry 39: process4
2025-04-16 15:18:58 INFO  ChordProtocols:167 - Finger table entry 40: process4
2025-04-16 15:18:58 INFO  ChordProtocols:167 - Finger table entry 41: process4
2025-04-16 15:18:58 INFO  ChordProtocols:167 - Finger table entry 42: process4
2025-04-16 15:18:58 INFO  ChordProtocols:167 - Finger table entry 43: process4
2025-04-16 15:18:58 INFO  ChordProtocols:167 - Finger table entry 44: process4
2025-04-16 15:18:58 INFO  ChordProtocols:167 - Finger table entry 45: process4
2025-04-16 15:18:58 INFO  ChordProtocols:167 - Finger table entry 46: process4
2025-04-16 15:18:58 INFO  ChordProtocols:167 - Finger table entry 47: process4
2025-04-16 15:18:58 INFO  ChordProtocols:167 - Finger table entry 48: process4
2025-04-16 15:18:58 INFO  ChordProtocols:167 - Finger table entry 49: process4
2025-04-16 15:18:58 INFO  ChordProtocols:167 - Finger table entry 50: process4
2025-04-16 15:18:58 INFO  ChordProtocols:167 - Finger table entry 51: process4
2025-04-16 15:18:58 INFO  ChordProtocols:167 - Finger table entry 52: process4
2025-04-16 15:18:58 INFO  ChordProtocols:167 - Finger table entry 53: process4
2025-04-16 15:18:58 INFO  ChordProtocols:167 - Finger table entry 54: process4
2025-04-16 15:18:58 INFO  ChordProtocols:167 - Finger table entry 55: process4
2025-04-16 15:18:58 INFO  ChordProtocols:167 - Finger table entry 56: process4
2025-04-16 15:18:58 INFO  ChordProtocols:167 - Finger table entry 57: process4
2025-04-16 15:18:58 INFO  ChordProtocols:167 - Finger table entry 58: process4
2025-04-16 15:18:58 INFO  ChordProtocols:167 - Finger table entry 59: process4
2025-04-16 15:18:58 INFO  ChordProtocols:167 - Finger table entry 60: process4
2025-04-16 15:18:58 INFO  ChordProtocols:167 - Finger table entry 61: process4
2025-04-16 15:18:58 INFO  ChordProtocols:167 - Finger table entry 62: process4
2025-04-16 15:18:58 INFO  ChordProtocols:167 - Finger table entry 63: process4
2025-04-16 15:18:58 INFO  ChordProtocols:167 - Finger table entry 64: process4
2025-04-16 15:18:58 INFO  ChordProtocols:167 - Finger table entry 65: process4
2025-04-16 15:18:58 INFO  ChordProtocols:167 - Finger table entry 66: process4
2025-04-16 15:18:58 INFO  ChordProtocols:167 - Finger table entry 67: process4
2025-04-16 15:18:58 INFO  ChordProtocols:167 - Finger table entry 68: process4
2025-04-16 15:18:58 INFO  ChordProtocols:167 - Finger table entry 69: process4
2025-04-16 15:18:58 INFO  ChordProtocols:167 - Finger table entry 70: process4
2025-04-16 15:18:58 INFO  ChordProtocols:167 - Finger table entry 71: process4
2025-04-16 15:18:58 INFO  ChordProtocols:167 - Finger table entry 72: process4
2025-04-16 15:18:58 INFO  ChordProtocols:167 - Finger table entry 73: process4
2025-04-16 15:18:58 INFO  ChordProtocols:167 - Finger table entry 74: process4
2025-04-16 15:18:58 INFO  ChordProtocols:167 - Finger table entry 75: process4
2025-04-16 15:18:58 INFO  ChordProtocols:167 - Finger table entry 76: process4
2025-04-16 15:18:58 INFO  ChordProtocols:167 - Finger table entry 77: process4
2025-04-16 15:18:58 INFO  ChordProtocols:167 - Finger table entry 78: process4
2025-04-16 15:18:58 INFO  ChordProtocols:167 - Finger table entry 79: process4
2025-04-16 15:18:58 INFO  ChordProtocols:167 - Finger table entry 80: process4
2025-04-16 15:18:58 INFO  ChordProtocols:167 - Finger table entry 81: process4
2025-04-16 15:18:58 INFO  ChordProtocols:167 - Finger table entry 82: process4
2025-04-16 15:18:58 INFO  ChordProtocols:167 - Finger table entry 83: process4
2025-04-16 15:18:58 INFO  ChordProtocols:167 - Finger table entry 84: process4
2025-04-16 15:18:58 INFO  ChordProtocols:167 - Finger table entry 85: process4
2025-04-16 15:18:58 INFO  ChordProtocols:167 - Finger table entry 86: process4
2025-04-16 15:18:58 INFO  ChordProtocols:167 - Finger table entry 87: process4
2025-04-16 15:18:58 INFO  ChordProtocols:167 - Finger table entry 88: process4
2025-04-16 15:18:58 INFO  ChordProtocols:167 - Finger table entry 89: process4
2025-04-16 15:18:58 INFO  ChordProtocols:167 - Finger table entry 90: process4
2025-04-16 15:18:58 INFO  ChordProtocols:167 - Finger table entry 91: process4
2025-04-16 15:18:58 INFO  ChordProtocols:167 - Finger table entry 92: process4
2025-04-16 15:18:58 INFO  ChordProtocols:167 - Finger table entry 93: process4
2025-04-16 15:18:58 INFO  ChordProtocols:167 - Finger table entry 94: process4
2025-04-16 15:18:58 INFO  ChordProtocols:167 - Finger table entry 95: process4
2025-04-16 15:18:58 INFO  ChordProtocols:167 - Finger table entry 96: process4
2025-04-16 15:18:58 INFO  ChordProtocols:167 - Finger table entry 97: process4
2025-04-16 15:18:58 INFO  ChordProtocols:167 - Finger table entry 98: process4
2025-04-16 15:18:58 INFO  ChordProtocols:167 - Finger table entry 99: process4
2025-04-16 15:18:58 INFO  ChordProtocols:167 - Finger table entry 100: process4
2025-04-16 15:18:58 INFO  ChordProtocols:167 - Finger table entry 101: process4
2025-04-16 15:18:58 INFO  ChordProtocols:167 - Finger table entry 102: process4
2025-04-16 15:18:58 INFO  ChordProtocols:167 - Finger table entry 103: process4
2025-04-16 15:18:58 INFO  ChordProtocols:167 - Finger table entry 104: process4
2025-04-16 15:18:58 INFO  ChordProtocols:167 - Finger table entry 105: process4
2025-04-16 15:18:58 INFO  ChordProtocols:167 - Finger table entry 106: process4
2025-04-16 15:18:58 INFO  ChordProtocols:167 - Finger table entry 107: process4
2025-04-16 15:18:58 INFO  ChordProtocols:167 - Finger table entry 108: process4
2025-04-16 15:18:58 INFO  ChordProtocols:167 - Finger table entry 109: process4
2025-04-16 15:18:58 INFO  ChordProtocols:167 - Finger table entry 110: process4
2025-04-16 15:18:58 INFO  ChordProtocols:167 - Finger table entry 111: process4
2025-04-16 15:18:58 INFO  ChordProtocols:167 - Finger table entry 112: process4
2025-04-16 15:18:58 INFO  ChordProtocols:167 - Finger table entry 113: process4
2025-04-16 15:18:58 INFO  ChordProtocols:167 - Finger table entry 114: process4
2025-04-16 15:18:58 INFO  ChordProtocols:167 - Finger table entry 115: process4
2025-04-16 15:18:58 INFO  ChordProtocols:167 - Finger table entry 116: process4
2025-04-16 15:18:58 INFO  ChordProtocols:167 - Finger table entry 117: process4
2025-04-16 15:18:58 INFO  ChordProtocols:167 - Finger table entry 118: process4
2025-04-16 15:18:58 INFO  ChordProtocols:167 - Finger table entry 119: process4
2025-04-16 15:18:58 INFO  ChordProtocols:167 - Finger table entry 120: process4
2025-04-16 15:18:58 INFO  ChordProtocols:167 - Finger table entry 121: process4
2025-04-16 15:18:58 INFO  ChordProtocols:167 - Finger table entry 122: process4
2025-04-16 15:18:58 INFO  ChordProtocols:167 - Finger table entry 123: process4
2025-04-16 15:18:58 INFO  ChordProtocols:167 - Finger table entry 124: process4
2025-04-16 15:18:58 INFO  ChordProtocols:167 - Finger table entry 125: process4
2025-04-16 15:18:58 INFO  ChordProtocols:167 - Finger table entry 126: process4
2025-04-16 15:18:58 INFO  ChordProtocols:167 - Finger table entry 127: process4
2025-04-16 15:18:58 INFO  ChordProtocols:167 - Finger table entry 128: process4
2025-04-16 15:18:58 INFO  ChordProtocols:167 - Finger table entry 129: process4
2025-04-16 15:18:58 INFO  ChordProtocols:167 - Finger table entry 130: process4
2025-04-16 15:18:58 INFO  ChordProtocols:167 - Finger table entry 131: process4
2025-04-16 15:18:58 INFO  ChordProtocols:167 - Finger table entry 132: process4
2025-04-16 15:18:58 INFO  ChordProtocols:167 - Finger table entry 133: process4
2025-04-16 15:18:58 INFO  ChordProtocols:167 - Finger table entry 134: process4
2025-04-16 15:18:58 INFO  ChordProtocols:167 - Finger table entry 135: process4
2025-04-16 15:18:59 INFO  ChordProtocols:167 - Finger table entry 136: process4
2025-04-16 15:18:59 INFO  ChordProtocols:167 - Finger table entry 137: process4
2025-04-16 15:18:59 INFO  ChordProtocols:167 - Finger table entry 138: process4
2025-04-16 15:18:59 INFO  ChordProtocols:167 - Finger table entry 139: process4
2025-04-16 15:18:59 INFO  ChordProtocols:167 - Finger table entry 140: process4
2025-04-16 15:18:59 INFO  ChordProtocols:167 - Finger table entry 141: process4
2025-04-16 15:18:59 INFO  ChordProtocols:167 - Finger table entry 142: process4
2025-04-16 15:18:59 INFO  ChordProtocols:167 - Finger table entry 143: process4
2025-04-16 15:18:59 INFO  ChordProtocols:167 - Finger table entry 144: process4
2025-04-16 15:18:59 INFO  ChordProtocols:167 - Finger table entry 145: process4
2025-04-16 15:18:59 INFO  ChordProtocols:167 - Finger table entry 146: process4
2025-04-16 15:18:59 INFO  ChordProtocols:167 - Finger table entry 147: process4
2025-04-16 15:18:59 INFO  ChordProtocols:167 - Finger table entry 148: process4
2025-04-16 15:18:59 INFO  ChordProtocols:167 - Finger table entry 149: process4
2025-04-16 15:18:59 INFO  ChordProtocols:167 - Finger table entry 150: process4
2025-04-16 15:18:59 INFO  ChordProtocols:167 - Finger table entry 151: process4
2025-04-16 15:18:59 INFO  ChordProtocols:167 - Finger table entry 152: process4
2025-04-16 15:18:59 INFO  ChordProtocols:167 - Finger table entry 153: process4
2025-04-16 15:18:59 INFO  ChordProtocols:167 - Finger table entry 154: process4
2025-04-16 15:18:59 INFO  ChordProtocols:167 - Finger table entry 155: process4
2025-04-16 15:18:59 INFO  ChordProtocols:167 - Finger table entry 156: process4
2025-04-16 15:18:59 INFO  ChordProtocols:167 - Finger table entry 157: process4
2025-04-16 15:18:59 INFO  ChordProtocols:167 - Finger table entry 158: process4
2025-04-16 15:18:59 INFO  ChordProtocols:167 - Finger table entry 159: process4
2025-04-16 15:18:59 INFO  StabilizationProtocols:60 - Checking the predecessor for Node: process3
==================================
Node Identifier = 66910184482037901621933403444034052414
Node IP address = process3
successor(process3) = process4
predecessor(process3) = process3
Current File keys for process3 => []
==================================
2025-04-16 15:18:59 INFO  StabilizationProtocols:130 - Updating the successor for Node: process4
2025-04-16 15:18:59 INFO  StabilizationProtocols:84 - Stabilizing ring from process4...
2025-04-16 15:18:59 INFO  StabilizationProtocols:91 - Stabilize ring: succnode = process2
2025-04-16 15:18:59 INFO  StabilizationProtocols:113 - Finished stabilizing chordring from process4
2025-04-16 15:18:59 INFO  ChordProtocols:157 - Fixing the FingerTable for Node: process4
2025-04-16 15:18:59 INFO  ChordProtocols:167 - Finger table entry 0: process2
2025-04-16 15:18:59 INFO  ChordProtocols:167 - Finger table entry 1: process2
2025-04-16 15:18:59 INFO  ChordProtocols:167 - Finger table entry 2: process2
2025-04-16 15:18:59 INFO  ChordProtocols:167 - Finger table entry 3: process2
2025-04-16 15:18:59 INFO  ChordProtocols:167 - Finger table entry 4: process2
2025-04-16 15:18:59 INFO  ChordProtocols:167 - Finger table entry 5: process2
2025-04-16 15:18:59 INFO  ChordProtocols:167 - Finger table entry 6: process2
2025-04-16 15:18:59 INFO  ChordProtocols:167 - Finger table entry 7: process2
2025-04-16 15:18:59 INFO  ChordProtocols:167 - Finger table entry 8: process2
2025-04-16 15:18:59 INFO  ChordProtocols:167 - Finger table entry 9: process2
2025-04-16 15:18:59 INFO  ChordProtocols:167 - Finger table entry 10: process2
2025-04-16 15:18:59 INFO  ChordProtocols:167 - Finger table entry 11: process2
2025-04-16 15:18:59 INFO  ChordProtocols:167 - Finger table entry 12: process2
2025-04-16 15:18:59 INFO  ChordProtocols:167 - Finger table entry 13: process2
2025-04-16 15:18:59 INFO  ChordProtocols:167 - Finger table entry 14: process2
2025-04-16 15:18:59 INFO  ChordProtocols:167 - Finger table entry 15: process2
2025-04-16 15:18:59 INFO  ChordProtocols:167 - Finger table entry 16: process2
2025-04-16 15:18:59 INFO  ChordProtocols:167 - Finger table entry 17: process2
2025-04-16 15:18:59 INFO  ChordProtocols:167 - Finger table entry 18: process2
2025-04-16 15:18:59 INFO  ChordProtocols:167 - Finger table entry 19: process2
2025-04-16 15:18:59 INFO  ChordProtocols:167 - Finger table entry 20: process2
2025-04-16 15:18:59 INFO  ChordProtocols:167 - Finger table entry 21: process2
2025-04-16 15:18:59 INFO  ChordProtocols:167 - Finger table entry 22: process2
2025-04-16 15:18:59 INFO  ChordProtocols:167 - Finger table entry 23: process2
2025-04-16 15:18:59 INFO  ChordProtocols:167 - Finger table entry 24: process2
2025-04-16 15:18:59 INFO  ChordProtocols:167 - Finger table entry 25: process2
2025-04-16 15:18:59 INFO  ChordProtocols:167 - Finger table entry 26: process2
2025-04-16 15:18:59 INFO  ChordProtocols:167 - Finger table entry 27: process2
2025-04-16 15:18:59 INFO  ChordProtocols:167 - Finger table entry 28: process2
2025-04-16 15:18:59 INFO  ChordProtocols:167 - Finger table entry 29: process2
2025-04-16 15:18:59 INFO  ChordProtocols:167 - Finger table entry 30: process2
2025-04-16 15:18:59 INFO  ChordProtocols:167 - Finger table entry 31: process2
2025-04-16 15:18:59 INFO  ChordProtocols:167 - Finger table entry 32: process2
2025-04-16 15:18:59 INFO  ChordProtocols:167 - Finger table entry 33: process2
2025-04-16 15:18:59 INFO  ChordProtocols:167 - Finger table entry 34: process2
2025-04-16 15:18:59 INFO  ChordProtocols:167 - Finger table entry 35: process2
2025-04-16 15:18:59 INFO  ChordProtocols:167 - Finger table entry 36: process2
2025-04-16 15:18:59 INFO  ChordProtocols:167 - Finger table entry 37: process2
2025-04-16 15:18:59 INFO  ChordProtocols:167 - Finger table entry 38: process2
2025-04-16 15:18:59 INFO  ChordProtocols:167 - Finger table entry 39: process2
2025-04-16 15:18:59 INFO  ChordProtocols:167 - Finger table entry 40: process2
2025-04-16 15:18:59 INFO  ChordProtocols:167 - Finger table entry 41: process2
2025-04-16 15:18:59 INFO  ChordProtocols:167 - Finger table entry 42: process2
2025-04-16 15:18:59 INFO  ChordProtocols:167 - Finger table entry 43: process2
2025-04-16 15:18:59 INFO  ChordProtocols:167 - Finger table entry 44: process2
2025-04-16 15:18:59 INFO  ChordProtocols:167 - Finger table entry 45: process2
2025-04-16 15:18:59 INFO  ChordProtocols:167 - Finger table entry 46: process2
2025-04-16 15:18:59 INFO  ChordProtocols:167 - Finger table entry 47: process2
2025-04-16 15:18:59 INFO  ChordProtocols:167 - Finger table entry 48: process2
2025-04-16 15:18:59 INFO  ChordProtocols:167 - Finger table entry 49: process2
2025-04-16 15:18:59 INFO  ChordProtocols:167 - Finger table entry 50: process2
2025-04-16 15:18:59 INFO  ChordProtocols:167 - Finger table entry 51: process2
2025-04-16 15:18:59 INFO  ChordProtocols:167 - Finger table entry 52: process2
2025-04-16 15:18:59 INFO  ChordProtocols:167 - Finger table entry 53: process2
2025-04-16 15:18:59 INFO  ChordProtocols:167 - Finger table entry 54: process2
2025-04-16 15:18:59 INFO  ChordProtocols:167 - Finger table entry 55: process2
2025-04-16 15:18:59 INFO  ChordProtocols:167 - Finger table entry 56: process2
2025-04-16 15:18:59 INFO  ChordProtocols:167 - Finger table entry 57: process2
2025-04-16 15:18:59 INFO  ChordProtocols:167 - Finger table entry 58: process2
2025-04-16 15:18:59 INFO  ChordProtocols:167 - Finger table entry 59: process2
2025-04-16 15:18:59 INFO  ChordProtocols:167 - Finger table entry 60: process2
2025-04-16 15:18:59 INFO  ChordProtocols:167 - Finger table entry 61: process2
2025-04-16 15:18:59 INFO  ChordProtocols:167 - Finger table entry 62: process2
2025-04-16 15:18:59 INFO  ChordProtocols:167 - Finger table entry 63: process2
2025-04-16 15:18:59 INFO  ChordProtocols:167 - Finger table entry 64: process2
2025-04-16 15:18:59 INFO  ChordProtocols:167 - Finger table entry 65: process2
2025-04-16 15:18:59 INFO  ChordProtocols:167 - Finger table entry 66: process2
2025-04-16 15:18:59 INFO  ChordProtocols:167 - Finger table entry 67: process2
2025-04-16 15:18:59 INFO  ChordProtocols:167 - Finger table entry 68: process2
2025-04-16 15:18:59 INFO  ChordProtocols:167 - Finger table entry 69: process2
2025-04-16 15:18:59 INFO  ChordProtocols:167 - Finger table entry 70: process2
2025-04-16 15:18:59 INFO  ChordProtocols:167 - Finger table entry 71: process2
2025-04-16 15:18:59 INFO  ChordProtocols:167 - Finger table entry 72: process2
2025-04-16 15:18:59 INFO  ChordProtocols:167 - Finger table entry 73: process2
2025-04-16 15:18:59 INFO  ChordProtocols:167 - Finger table entry 74: process2
2025-04-16 15:18:59 INFO  ChordProtocols:167 - Finger table entry 75: process2
2025-04-16 15:18:59 INFO  ChordProtocols:167 - Finger table entry 76: process2
2025-04-16 15:18:59 INFO  ChordProtocols:167 - Finger table entry 77: process2
2025-04-16 15:18:59 INFO  ChordProtocols:167 - Finger table entry 78: process2
2025-04-16 15:18:59 INFO  ChordProtocols:167 - Finger table entry 79: process2
2025-04-16 15:18:59 INFO  ChordProtocols:167 - Finger table entry 80: process2
2025-04-16 15:18:59 INFO  ChordProtocols:167 - Finger table entry 81: process2
2025-04-16 15:18:59 INFO  ChordProtocols:167 - Finger table entry 82: process2
2025-04-16 15:18:59 INFO  ChordProtocols:167 - Finger table entry 83: process2
2025-04-16 15:18:59 INFO  ChordProtocols:167 - Finger table entry 84: process2
2025-04-16 15:18:59 INFO  ChordProtocols:167 - Finger table entry 85: process2
2025-04-16 15:18:59 INFO  ChordProtocols:167 - Finger table entry 86: process2
2025-04-16 15:18:59 INFO  ChordProtocols:167 - Finger table entry 87: process2
2025-04-16 15:18:59 INFO  ChordProtocols:167 - Finger table entry 88: process2
2025-04-16 15:18:59 INFO  ChordProtocols:167 - Finger table entry 89: process2
2025-04-16 15:18:59 INFO  ChordProtocols:167 - Finger table entry 90: process2
2025-04-16 15:18:59 INFO  ChordProtocols:167 - Finger table entry 91: process2
2025-04-16 15:18:59 INFO  ChordProtocols:167 - Finger table entry 92: process2
2025-04-16 15:18:59 INFO  ChordProtocols:167 - Finger table entry 93: process2
2025-04-16 15:18:59 INFO  ChordProtocols:167 - Finger table entry 94: process2
2025-04-16 15:18:59 INFO  ChordProtocols:167 - Finger table entry 95: process2
2025-04-16 15:18:59 INFO  ChordProtocols:167 - Finger table entry 96: process2
2025-04-16 15:18:59 INFO  ChordProtocols:167 - Finger table entry 97: process2
2025-04-16 15:18:59 INFO  ChordProtocols:167 - Finger table entry 98: process2
2025-04-16 15:18:59 INFO  ChordProtocols:167 - Finger table entry 99: process2
2025-04-16 15:18:59 INFO  ChordProtocols:167 - Finger table entry 100: process2
2025-04-16 15:18:59 INFO  ChordProtocols:167 - Finger table entry 101: process2
2025-04-16 15:18:59 INFO  ChordProtocols:167 - Finger table entry 102: process2
2025-04-16 15:18:59 INFO  ChordProtocols:167 - Finger table entry 103: process2
2025-04-16 15:18:59 INFO  ChordProtocols:167 - Finger table entry 104: process2
2025-04-16 15:18:59 INFO  ChordProtocols:167 - Finger table entry 105: process2
2025-04-16 15:18:59 INFO  ChordProtocols:167 - Finger table entry 106: process2
2025-04-16 15:18:59 INFO  ChordProtocols:167 - Finger table entry 107: process2
2025-04-16 15:18:59 INFO  ChordProtocols:167 - Finger table entry 108: process2
2025-04-16 15:18:59 INFO  ChordProtocols:167 - Finger table entry 109: process2
2025-04-16 15:18:59 INFO  ChordProtocols:167 - Finger table entry 110: process2
2025-04-16 15:18:59 INFO  ChordProtocols:167 - Finger table entry 111: process2
2025-04-16 15:18:59 INFO  ChordProtocols:167 - Finger table entry 112: process2
2025-04-16 15:18:59 INFO  ChordProtocols:167 - Finger table entry 113: process2
2025-04-16 15:18:59 INFO  ChordProtocols:167 - Finger table entry 114: process2
2025-04-16 15:18:59 INFO  ChordProtocols:167 - Finger table entry 115: process2
2025-04-16 15:18:59 INFO  ChordProtocols:167 - Finger table entry 116: process2
2025-04-16 15:18:59 INFO  ChordProtocols:167 - Finger table entry 117: process2
2025-04-16 15:18:59 INFO  ChordProtocols:167 - Finger table entry 118: process2
2025-04-16 15:18:59 INFO  ChordProtocols:167 - Finger table entry 119: process2
2025-04-16 15:18:59 INFO  ChordProtocols:167 - Finger table entry 120: process2
2025-04-16 15:18:59 INFO  ChordProtocols:167 - Finger table entry 121: process2
2025-04-16 15:18:59 INFO  ChordProtocols:167 - Finger table entry 122: process2
2025-04-16 15:18:59 INFO  ChordProtocols:167 - Finger table entry 123: process2
2025-04-16 15:18:59 INFO  ChordProtocols:167 - Finger table entry 124: process2
2025-04-16 15:18:59 INFO  ChordProtocols:167 - Finger table entry 125: process2
2025-04-16 15:18:59 INFO  ChordProtocols:167 - Finger table entry 126: process2
2025-04-16 15:18:59 INFO  ChordProtocols:167 - Finger table entry 127: process2
2025-04-16 15:18:59 INFO  ChordProtocols:167 - Finger table entry 128: process2
2025-04-16 15:18:59 INFO  ChordProtocols:167 - Finger table entry 129: process2
2025-04-16 15:18:59 INFO  ChordProtocols:167 - Finger table entry 130: process2
2025-04-16 15:18:59 INFO  ChordProtocols:167 - Finger table entry 131: process2
2025-04-16 15:18:59 INFO  ChordProtocols:167 - Finger table entry 132: process2
2025-04-16 15:18:59 INFO  ChordProtocols:167 - Finger table entry 133: process2
2025-04-16 15:18:59 INFO  ChordProtocols:167 - Finger table entry 134: process2
2025-04-16 15:18:59 INFO  ChordProtocols:167 - Finger table entry 135: process2
2025-04-16 15:18:59 INFO  ChordProtocols:167 - Finger table entry 136: process2
2025-04-16 15:18:59 INFO  ChordProtocols:167 - Finger table entry 137: process2
2025-04-16 15:18:59 INFO  ChordProtocols:167 - Finger table entry 138: process2
2025-04-16 15:18:59 INFO  ChordProtocols:167 - Finger table entry 139: process2
2025-04-16 15:18:59 INFO  ChordProtocols:167 - Finger table entry 140: process2
2025-04-16 15:18:59 INFO  ChordProtocols:167 - Finger table entry 141: process2
2025-04-16 15:18:59 INFO  ChordProtocols:167 - Finger table entry 142: process2
2025-04-16 15:18:59 INFO  ChordProtocols:167 - Finger table entry 143: process2
2025-04-16 15:18:59 INFO  ChordProtocols:167 - Finger table entry 144: process2
2025-04-16 15:18:59 INFO  ChordProtocols:167 - Finger table entry 145: process2
2025-04-16 15:18:59 INFO  ChordProtocols:167 - Finger table entry 146: process2
2025-04-16 15:18:59 INFO  ChordProtocols:167 - Finger table entry 147: process2
2025-04-16 15:18:59 INFO  ChordProtocols:167 - Finger table entry 148: process2
2025-04-16 15:18:59 INFO  ChordProtocols:167 - Finger table entry 149: process2
2025-04-16 15:18:59 INFO  ChordProtocols:167 - Finger table entry 150: process2
2025-04-16 15:18:59 INFO  ChordProtocols:167 - Finger table entry 151: process2
2025-04-16 15:18:59 INFO  ChordProtocols:167 - Finger table entry 152: process2
2025-04-16 15:18:59 INFO  ChordProtocols:167 - Finger table entry 153: process2
2025-04-16 15:18:59 INFO  ChordProtocols:167 - Finger table entry 154: process2
2025-04-16 15:18:59 INFO  ChordProtocols:167 - Finger table entry 155: process2
2025-04-16 15:18:59 INFO  ChordProtocols:167 - Finger table entry 156: process2
2025-04-16 15:18:59 INFO  ChordProtocols:167 - Finger table entry 157: process2
2025-04-16 15:18:59 INFO  ChordProtocols:167 - Finger table entry 158: process2
2025-04-16 15:18:59 INFO  ChordProtocols:167 - Finger table entry 159: process2
2025-04-16 15:18:59 INFO  StabilizationProtocols:60 - Checking the predecessor for Node: process4
==================================
Node Identifier = 210821560651360572675896360671414673172
Node IP address = process4
successor(process4) = process2
predecessor(process4) = process3
Current File keys for process4 => []
==================================
2025-04-16 15:18:59 INFO  StabilizationProtocols:130 - Updating the successor for Node: process5
2025-04-16 15:18:59 INFO  StabilizationProtocols:165 - Finished updating the successor for Node: process5
2025-04-16 15:18:59 INFO  StabilizationProtocols:84 - Stabilizing ring from process5...
2025-04-16 15:18:59 INFO  StabilizationProtocols:91 - Stabilize ring: succnode = process2
2025-04-16 15:18:59 INFO  ChordLookup:73 - Copy file keys that are <= process5 from successor process2 to process5
2025-04-16 15:18:59 INFO  ChordLookup:94 - Finished copying file keys from successor process2 to process5
2025-04-16 15:18:59 INFO  StabilizationProtocols:113 - Finished stabilizing chordring from process5
2025-04-16 15:18:59 INFO  ChordProtocols:157 - Fixing the FingerTable for Node: process5
2025-04-16 15:18:59 INFO  ChordProtocols:167 - Finger table entry 0: process4
2025-04-16 15:18:59 INFO  ChordProtocols:167 - Finger table entry 1: process4
2025-04-16 15:18:59 INFO  ChordProtocols:167 - Finger table entry 2: process4
2025-04-16 15:18:59 INFO  ChordProtocols:167 - Finger table entry 3: process4
2025-04-16 15:18:59 INFO  ChordProtocols:167 - Finger table entry 4: process4
2025-04-16 15:18:59 INFO  ChordProtocols:167 - Finger table entry 5: process4
2025-04-16 15:18:59 INFO  ChordProtocols:167 - Finger table entry 6: process4
2025-04-16 15:18:59 INFO  ChordProtocols:167 - Finger table entry 7: process4
2025-04-16 15:18:59 INFO  ChordProtocols:167 - Finger table entry 8: process4
2025-04-16 15:18:59 INFO  ChordProtocols:167 - Finger table entry 9: process4
2025-04-16 15:18:59 INFO  ChordProtocols:167 - Finger table entry 10: process4
2025-04-16 15:18:59 INFO  ChordProtocols:167 - Finger table entry 11: process4
2025-04-16 15:18:59 INFO  ChordProtocols:167 - Finger table entry 12: process4
2025-04-16 15:18:59 INFO  ChordProtocols:167 - Finger table entry 13: process4
2025-04-16 15:18:59 INFO  ChordProtocols:167 - Finger table entry 14: process4
2025-04-16 15:18:59 INFO  ChordProtocols:167 - Finger table entry 15: process4
2025-04-16 15:18:59 INFO  ChordProtocols:167 - Finger table entry 16: process4
2025-04-16 15:18:59 INFO  ChordProtocols:167 - Finger table entry 17: process4
2025-04-16 15:18:59 INFO  ChordProtocols:167 - Finger table entry 18: process4
2025-04-16 15:18:59 INFO  ChordProtocols:167 - Finger table entry 19: process4
2025-04-16 15:18:59 INFO  ChordProtocols:167 - Finger table entry 20: process4
2025-04-16 15:18:59 INFO  ChordProtocols:167 - Finger table entry 21: process4
2025-04-16 15:18:59 INFO  ChordProtocols:167 - Finger table entry 22: process4
2025-04-16 15:18:59 INFO  ChordProtocols:167 - Finger table entry 23: process4
2025-04-16 15:18:59 INFO  ChordProtocols:167 - Finger table entry 24: process4
2025-04-16 15:18:59 INFO  ChordProtocols:167 - Finger table entry 25: process4
2025-04-16 15:18:59 INFO  ChordProtocols:167 - Finger table entry 26: process4
2025-04-16 15:18:59 INFO  ChordProtocols:167 - Finger table entry 27: process4
2025-04-16 15:18:59 INFO  ChordProtocols:167 - Finger table entry 28: process4
2025-04-16 15:18:59 INFO  ChordProtocols:167 - Finger table entry 29: process4
2025-04-16 15:18:59 INFO  ChordProtocols:167 - Finger table entry 30: process4
2025-04-16 15:18:59 INFO  ChordProtocols:167 - Finger table entry 31: process4
2025-04-16 15:18:59 INFO  ChordProtocols:167 - Finger table entry 32: process4
2025-04-16 15:18:59 INFO  ChordProtocols:167 - Finger table entry 33: process4
2025-04-16 15:18:59 INFO  ChordProtocols:167 - Finger table entry 34: process4
2025-04-16 15:18:59 INFO  ChordProtocols:167 - Finger table entry 35: process4
2025-04-16 15:18:59 INFO  ChordProtocols:167 - Finger table entry 36: process4
2025-04-16 15:18:59 INFO  ChordProtocols:167 - Finger table entry 37: process4
2025-04-16 15:18:59 INFO  ChordProtocols:167 - Finger table entry 38: process4
2025-04-16 15:18:59 INFO  ChordProtocols:167 - Finger table entry 39: process4
2025-04-16 15:18:59 INFO  ChordProtocols:167 - Finger table entry 40: process4
2025-04-16 15:18:59 INFO  ChordProtocols:167 - Finger table entry 41: process4
2025-04-16 15:18:59 INFO  ChordProtocols:167 - Finger table entry 42: process4
2025-04-16 15:18:59 INFO  ChordProtocols:167 - Finger table entry 43: process4
2025-04-16 15:18:59 INFO  ChordProtocols:167 - Finger table entry 44: process4
2025-04-16 15:18:59 INFO  ChordProtocols:167 - Finger table entry 45: process4
2025-04-16 15:18:59 INFO  ChordProtocols:167 - Finger table entry 46: process4
2025-04-16 15:18:59 INFO  ChordProtocols:167 - Finger table entry 47: process4
2025-04-16 15:18:59 INFO  ChordProtocols:167 - Finger table entry 48: process4
2025-04-16 15:18:59 INFO  ChordProtocols:167 - Finger table entry 49: process4
2025-04-16 15:18:59 INFO  ChordProtocols:167 - Finger table entry 50: process4
2025-04-16 15:18:59 INFO  ChordProtocols:167 - Finger table entry 51: process4
2025-04-16 15:18:59 INFO  ChordProtocols:167 - Finger table entry 52: process4
2025-04-16 15:18:59 INFO  ChordProtocols:167 - Finger table entry 53: process4
2025-04-16 15:18:59 INFO  ChordProtocols:167 - Finger table entry 54: process4
2025-04-16 15:18:59 INFO  ChordProtocols:167 - Finger table entry 55: process4
2025-04-16 15:18:59 INFO  ChordProtocols:167 - Finger table entry 56: process4
2025-04-16 15:18:59 INFO  ChordProtocols:167 - Finger table entry 57: process4
2025-04-16 15:18:59 INFO  ChordProtocols:167 - Finger table entry 58: process4
2025-04-16 15:18:59 INFO  ChordProtocols:167 - Finger table entry 59: process4
2025-04-16 15:18:59 INFO  ChordProtocols:167 - Finger table entry 60: process4
2025-04-16 15:18:59 INFO  ChordProtocols:167 - Finger table entry 61: process4
2025-04-16 15:18:59 INFO  ChordProtocols:167 - Finger table entry 62: process4
2025-04-16 15:18:59 INFO  ChordProtocols:167 - Finger table entry 63: process4
2025-04-16 15:18:59 INFO  ChordProtocols:167 - Finger table entry 64: process4
2025-04-16 15:18:59 INFO  ChordProtocols:167 - Finger table entry 65: process4
2025-04-16 15:18:59 INFO  ChordProtocols:167 - Finger table entry 66: process4
2025-04-16 15:18:59 INFO  ChordProtocols:167 - Finger table entry 67: process4
2025-04-16 15:18:59 INFO  ChordProtocols:167 - Finger table entry 68: process4
2025-04-16 15:18:59 INFO  ChordProtocols:167 - Finger table entry 69: process4
2025-04-16 15:18:59 INFO  ChordProtocols:167 - Finger table entry 70: process4
2025-04-16 15:18:59 INFO  ChordProtocols:167 - Finger table entry 71: process4
2025-04-16 15:18:59 INFO  ChordProtocols:167 - Finger table entry 72: process4
2025-04-16 15:18:59 INFO  ChordProtocols:167 - Finger table entry 73: process4
2025-04-16 15:18:59 INFO  ChordProtocols:167 - Finger table entry 74: process4
2025-04-16 15:18:59 INFO  ChordProtocols:167 - Finger table entry 75: process4
2025-04-16 15:18:59 INFO  ChordProtocols:167 - Finger table entry 76: process4
2025-04-16 15:18:59 INFO  ChordProtocols:167 - Finger table entry 77: process4
2025-04-16 15:18:59 INFO  ChordProtocols:167 - Finger table entry 78: process4
2025-04-16 15:18:59 INFO  ChordProtocols:167 - Finger table entry 79: process4
2025-04-16 15:18:59 INFO  ChordProtocols:167 - Finger table entry 80: process4
2025-04-16 15:18:59 INFO  ChordProtocols:167 - Finger table entry 81: process4
2025-04-16 15:18:59 INFO  ChordProtocols:167 - Finger table entry 82: process4
2025-04-16 15:18:59 INFO  ChordProtocols:167 - Finger table entry 83: process4
2025-04-16 15:18:59 INFO  ChordProtocols:167 - Finger table entry 84: process4
2025-04-16 15:18:59 INFO  ChordProtocols:167 - Finger table entry 85: process4
2025-04-16 15:18:59 INFO  ChordProtocols:167 - Finger table entry 86: process4
2025-04-16 15:18:59 INFO  ChordProtocols:167 - Finger table entry 87: process4
2025-04-16 15:18:59 INFO  ChordProtocols:167 - Finger table entry 88: process4
2025-04-16 15:18:59 INFO  ChordProtocols:167 - Finger table entry 89: process4
2025-04-16 15:18:59 INFO  ChordProtocols:167 - Finger table entry 90: process4
2025-04-16 15:18:59 INFO  ChordProtocols:167 - Finger table entry 91: process4
2025-04-16 15:18:59 INFO  ChordProtocols:167 - Finger table entry 92: process4
2025-04-16 15:18:59 INFO  ChordProtocols:167 - Finger table entry 93: process4
2025-04-16 15:18:59 INFO  ChordProtocols:167 - Finger table entry 94: process4
2025-04-16 15:18:59 INFO  ChordProtocols:167 - Finger table entry 95: process4
2025-04-16 15:18:59 INFO  ChordProtocols:167 - Finger table entry 96: process4
2025-04-16 15:18:59 INFO  ChordProtocols:167 - Finger table entry 97: process4
2025-04-16 15:18:59 INFO  ChordProtocols:167 - Finger table entry 98: process4
2025-04-16 15:18:59 INFO  ChordProtocols:167 - Finger table entry 99: process4
2025-04-16 15:18:59 INFO  ChordProtocols:167 - Finger table entry 100: process4
2025-04-16 15:18:59 INFO  ChordProtocols:167 - Finger table entry 101: process4
2025-04-16 15:18:59 INFO  ChordProtocols:167 - Finger table entry 102: process4
2025-04-16 15:18:59 INFO  ChordProtocols:167 - Finger table entry 103: process4
2025-04-16 15:18:59 INFO  ChordProtocols:167 - Finger table entry 104: process4
2025-04-16 15:18:59 INFO  ChordProtocols:167 - Finger table entry 105: process4
2025-04-16 15:18:59 INFO  ChordProtocols:167 - Finger table entry 106: process4
2025-04-16 15:18:59 INFO  ChordProtocols:167 - Finger table entry 107: process4
2025-04-16 15:18:59 INFO  ChordProtocols:167 - Finger table entry 108: process4
2025-04-16 15:18:59 INFO  ChordProtocols:167 - Finger table entry 109: process4
2025-04-16 15:18:59 INFO  ChordProtocols:167 - Finger table entry 110: process4
2025-04-16 15:18:59 INFO  ChordProtocols:167 - Finger table entry 111: process4
2025-04-16 15:18:59 INFO  ChordProtocols:167 - Finger table entry 112: process4
2025-04-16 15:18:59 INFO  ChordProtocols:167 - Finger table entry 113: process4
2025-04-16 15:18:59 INFO  ChordProtocols:167 - Finger table entry 114: process4
2025-04-16 15:18:59 INFO  ChordProtocols:167 - Finger table entry 115: process4
2025-04-16 15:18:59 INFO  ChordProtocols:167 - Finger table entry 116: process4
2025-04-16 15:18:59 INFO  ChordProtocols:167 - Finger table entry 117: process4
2025-04-16 15:18:59 INFO  ChordProtocols:167 - Finger table entry 118: process4
2025-04-16 15:18:59 INFO  ChordProtocols:167 - Finger table entry 119: process4
2025-04-16 15:18:59 INFO  ChordProtocols:167 - Finger table entry 120: process4
2025-04-16 15:18:59 INFO  ChordProtocols:167 - Finger table entry 121: process4
2025-04-16 15:18:59 INFO  ChordProtocols:167 - Finger table entry 122: process4
2025-04-16 15:18:59 INFO  ChordProtocols:167 - Finger table entry 123: process4
2025-04-16 15:18:59 INFO  ChordProtocols:167 - Finger table entry 124: process4
2025-04-16 15:18:59 INFO  ChordProtocols:167 - Finger table entry 125: process4
2025-04-16 15:18:59 INFO  ChordProtocols:167 - Finger table entry 126: process4
2025-04-16 15:18:59 INFO  ChordProtocols:167 - Finger table entry 127: process4
2025-04-16 15:18:59 INFO  ChordProtocols:167 - Finger table entry 128: process4
2025-04-16 15:18:59 INFO  ChordProtocols:167 - Finger table entry 129: process4
2025-04-16 15:18:59 INFO  ChordProtocols:167 - Finger table entry 130: process4
2025-04-16 15:18:59 INFO  ChordProtocols:167 - Finger table entry 131: process4
2025-04-16 15:18:59 INFO  ChordProtocols:167 - Finger table entry 132: process4
2025-04-16 15:18:59 INFO  ChordProtocols:167 - Finger table entry 133: process4
2025-04-16 15:18:59 INFO  ChordProtocols:167 - Finger table entry 134: process4
2025-04-16 15:18:59 INFO  ChordProtocols:167 - Finger table entry 135: process4
2025-04-16 15:18:59 INFO  ChordProtocols:167 - Finger table entry 136: process4
2025-04-16 15:18:59 INFO  ChordProtocols:167 - Finger table entry 137: process4
2025-04-16 15:18:59 INFO  ChordProtocols:167 - Finger table entry 138: process4
2025-04-16 15:18:59 INFO  ChordProtocols:167 - Finger table entry 139: process4
2025-04-16 15:18:59 INFO  ChordProtocols:167 - Finger table entry 140: process4
2025-04-16 15:18:59 INFO  ChordProtocols:167 - Finger table entry 141: process4
2025-04-16 15:18:59 INFO  ChordProtocols:167 - Finger table entry 142: process4
2025-04-16 15:18:59 INFO  ChordProtocols:167 - Finger table entry 143: process4
2025-04-16 15:18:59 INFO  ChordProtocols:167 - Finger table entry 144: process4
2025-04-16 15:18:59 INFO  ChordProtocols:167 - Finger table entry 145: process4
2025-04-16 15:18:59 INFO  ChordProtocols:167 - Finger table entry 146: process4
2025-04-16 15:18:59 INFO  ChordProtocols:167 - Finger table entry 147: process4
2025-04-16 15:18:59 INFO  ChordProtocols:167 - Finger table entry 148: process4
2025-04-16 15:18:59 INFO  ChordProtocols:167 - Finger table entry 149: process4
2025-04-16 15:18:59 INFO  ChordProtocols:167 - Finger table entry 150: process4
2025-04-16 15:18:59 INFO  ChordProtocols:167 - Finger table entry 151: process4
2025-04-16 15:18:59 INFO  ChordProtocols:167 - Finger table entry 152: process4
2025-04-16 15:18:59 INFO  ChordProtocols:167 - Finger table entry 153: process4
2025-04-16 15:18:59 INFO  ChordProtocols:167 - Finger table entry 154: process4
2025-04-16 15:18:59 INFO  ChordProtocols:167 - Finger table entry 155: process4
2025-04-16 15:18:59 INFO  ChordProtocols:167 - Finger table entry 156: process4
2025-04-16 15:18:59 INFO  ChordProtocols:167 - Finger table entry 157: process4
2025-04-16 15:18:59 INFO  ChordProtocols:167 - Finger table entry 158: process4
2025-04-16 15:18:59 INFO  ChordProtocols:167 - Finger table entry 159: process4
2025-04-16 15:18:59 INFO  StabilizationProtocols:60 - Checking the predecessor for Node: process5
==================================
Node Identifier = 121411138451101288395601026024677976156
Node IP address = process5
successor(process5) = process4
predecessor(process5) = process5
Current File keys for process5 => []
==================================
2025-04-16 15:19:00 INFO  StabilizationProtocols:130 - Updating the successor for Node: process1
2025-04-16 15:19:00 INFO  StabilizationProtocols:165 - Finished updating the successor for Node: process1
2025-04-16 15:19:00 INFO  StabilizationProtocols:84 - Stabilizing ring from process1...
2025-04-16 15:19:00 INFO  StabilizationProtocols:91 - Stabilize ring: succnode = process1
2025-04-16 15:19:00 INFO  StabilizationProtocols:113 - Finished stabilizing chordring from process1
2025-04-16 15:19:00 INFO  ChordProtocols:157 - Fixing the FingerTable for Node: process1
2025-04-16 15:19:00 INFO  ChordProtocols:167 - Finger table entry 0: process1
2025-04-16 15:19:00 INFO  ChordProtocols:167 - Finger table entry 1: process1
2025-04-16 15:19:00 INFO  ChordProtocols:167 - Finger table entry 2: process1
2025-04-16 15:19:00 INFO  ChordProtocols:167 - Finger table entry 3: process1
2025-04-16 15:19:00 INFO  ChordProtocols:167 - Finger table entry 4: process1
2025-04-16 15:19:00 INFO  ChordProtocols:167 - Finger table entry 5: process1
2025-04-16 15:19:00 INFO  ChordProtocols:167 - Finger table entry 6: process1
2025-04-16 15:19:00 INFO  ChordProtocols:167 - Finger table entry 7: process1
2025-04-16 15:19:00 INFO  ChordProtocols:167 - Finger table entry 8: process1
2025-04-16 15:19:00 INFO  ChordProtocols:167 - Finger table entry 9: process1
2025-04-16 15:19:00 INFO  ChordProtocols:167 - Finger table entry 10: process1
2025-04-16 15:19:00 INFO  ChordProtocols:167 - Finger table entry 11: process1
2025-04-16 15:19:00 INFO  ChordProtocols:167 - Finger table entry 12: process1
2025-04-16 15:19:00 INFO  ChordProtocols:167 - Finger table entry 13: process1
2025-04-16 15:19:00 INFO  ChordProtocols:167 - Finger table entry 14: process1
2025-04-16 15:19:00 INFO  ChordProtocols:167 - Finger table entry 15: process1
2025-04-16 15:19:00 INFO  ChordProtocols:167 - Finger table entry 16: process1
2025-04-16 15:19:00 INFO  ChordProtocols:167 - Finger table entry 17: process1
2025-04-16 15:19:00 INFO  ChordProtocols:167 - Finger table entry 18: process1
2025-04-16 15:19:00 INFO  ChordProtocols:167 - Finger table entry 19: process1
2025-04-16 15:19:00 INFO  ChordProtocols:167 - Finger table entry 20: process1
2025-04-16 15:19:00 INFO  ChordProtocols:167 - Finger table entry 21: process1
2025-04-16 15:19:00 INFO  ChordProtocols:167 - Finger table entry 22: process1
2025-04-16 15:19:00 INFO  ChordProtocols:167 - Finger table entry 23: process1
2025-04-16 15:19:00 INFO  ChordProtocols:167 - Finger table entry 24: process1
2025-04-16 15:19:00 INFO  ChordProtocols:167 - Finger table entry 25: process1
2025-04-16 15:19:00 INFO  ChordProtocols:167 - Finger table entry 26: process1
2025-04-16 15:19:00 INFO  ChordProtocols:167 - Finger table entry 27: process1
2025-04-16 15:19:00 INFO  ChordProtocols:167 - Finger table entry 28: process1
2025-04-16 15:19:00 INFO  ChordProtocols:167 - Finger table entry 29: process1
2025-04-16 15:19:00 INFO  ChordProtocols:167 - Finger table entry 30: process1
2025-04-16 15:19:00 INFO  ChordProtocols:167 - Finger table entry 31: process1
2025-04-16 15:19:00 INFO  ChordProtocols:167 - Finger table entry 32: process1
2025-04-16 15:19:00 INFO  ChordProtocols:167 - Finger table entry 33: process1
2025-04-16 15:19:00 INFO  ChordProtocols:167 - Finger table entry 34: process1
2025-04-16 15:19:00 INFO  ChordProtocols:167 - Finger table entry 35: process1
2025-04-16 15:19:00 INFO  ChordProtocols:167 - Finger table entry 36: process1
2025-04-16 15:19:00 INFO  ChordProtocols:167 - Finger table entry 37: process1
2025-04-16 15:19:00 INFO  ChordProtocols:167 - Finger table entry 38: process1
2025-04-16 15:19:00 INFO  ChordProtocols:167 - Finger table entry 39: process1
2025-04-16 15:19:00 INFO  ChordProtocols:167 - Finger table entry 40: process1
2025-04-16 15:19:00 INFO  ChordProtocols:167 - Finger table entry 41: process1
2025-04-16 15:19:00 INFO  ChordProtocols:167 - Finger table entry 42: process1
2025-04-16 15:19:00 INFO  ChordProtocols:167 - Finger table entry 43: process1
2025-04-16 15:19:00 INFO  ChordProtocols:167 - Finger table entry 44: process1
2025-04-16 15:19:00 INFO  ChordProtocols:167 - Finger table entry 45: process1
2025-04-16 15:19:00 INFO  ChordProtocols:167 - Finger table entry 46: process1
2025-04-16 15:19:00 INFO  ChordProtocols:167 - Finger table entry 47: process1
2025-04-16 15:19:00 INFO  ChordProtocols:167 - Finger table entry 48: process1
2025-04-16 15:19:00 INFO  ChordProtocols:167 - Finger table entry 49: process1
2025-04-16 15:19:00 INFO  ChordProtocols:167 - Finger table entry 50: process1
2025-04-16 15:19:00 INFO  ChordProtocols:167 - Finger table entry 51: process1
2025-04-16 15:19:00 INFO  ChordProtocols:167 - Finger table entry 52: process1
2025-04-16 15:19:00 INFO  ChordProtocols:167 - Finger table entry 53: process1
2025-04-16 15:19:00 INFO  ChordProtocols:167 - Finger table entry 54: process1
2025-04-16 15:19:00 INFO  ChordProtocols:167 - Finger table entry 55: process1
2025-04-16 15:19:00 INFO  ChordProtocols:167 - Finger table entry 56: process1
2025-04-16 15:19:00 INFO  ChordProtocols:167 - Finger table entry 57: process1
2025-04-16 15:19:00 INFO  ChordProtocols:167 - Finger table entry 58: process1
2025-04-16 15:19:00 INFO  ChordProtocols:167 - Finger table entry 59: process1
2025-04-16 15:19:00 INFO  ChordProtocols:167 - Finger table entry 60: process1
2025-04-16 15:19:00 INFO  ChordProtocols:167 - Finger table entry 61: process1
2025-04-16 15:19:00 INFO  ChordProtocols:167 - Finger table entry 62: process1
2025-04-16 15:19:00 INFO  ChordProtocols:167 - Finger table entry 63: process1
2025-04-16 15:19:00 INFO  ChordProtocols:167 - Finger table entry 64: process1
2025-04-16 15:19:00 INFO  ChordProtocols:167 - Finger table entry 65: process1
2025-04-16 15:19:00 INFO  ChordProtocols:167 - Finger table entry 66: process1
2025-04-16 15:19:00 INFO  ChordProtocols:167 - Finger table entry 67: process1
2025-04-16 15:19:00 INFO  ChordProtocols:167 - Finger table entry 68: process1
2025-04-16 15:19:00 INFO  ChordProtocols:167 - Finger table entry 69: process1
2025-04-16 15:19:00 INFO  ChordProtocols:167 - Finger table entry 70: process1
2025-04-16 15:19:00 INFO  ChordProtocols:167 - Finger table entry 71: process1
2025-04-16 15:19:00 INFO  ChordProtocols:167 - Finger table entry 72: process1
2025-04-16 15:19:00 INFO  ChordProtocols:167 - Finger table entry 73: process1
2025-04-16 15:19:00 INFO  ChordProtocols:167 - Finger table entry 74: process1
2025-04-16 15:19:00 INFO  ChordProtocols:167 - Finger table entry 75: process1
2025-04-16 15:19:00 INFO  ChordProtocols:167 - Finger table entry 76: process1
2025-04-16 15:19:00 INFO  ChordProtocols:167 - Finger table entry 77: process1
2025-04-16 15:19:00 INFO  ChordProtocols:167 - Finger table entry 78: process1
2025-04-16 15:19:00 INFO  ChordProtocols:167 - Finger table entry 79: process1
2025-04-16 15:19:00 INFO  ChordProtocols:167 - Finger table entry 80: process1
2025-04-16 15:19:00 INFO  ChordProtocols:167 - Finger table entry 81: process1
2025-04-16 15:19:00 INFO  ChordProtocols:167 - Finger table entry 82: process1
2025-04-16 15:19:00 INFO  ChordProtocols:167 - Finger table entry 83: process1
2025-04-16 15:19:00 INFO  ChordProtocols:167 - Finger table entry 84: process1
2025-04-16 15:19:00 INFO  ChordProtocols:167 - Finger table entry 85: process1
2025-04-16 15:19:00 INFO  ChordProtocols:167 - Finger table entry 86: process1
2025-04-16 15:19:00 INFO  ChordProtocols:167 - Finger table entry 87: process1
2025-04-16 15:19:00 INFO  ChordProtocols:167 - Finger table entry 88: process1
2025-04-16 15:19:00 INFO  ChordProtocols:167 - Finger table entry 89: process1
2025-04-16 15:19:00 INFO  ChordProtocols:167 - Finger table entry 90: process1
2025-04-16 15:19:00 INFO  ChordProtocols:167 - Finger table entry 91: process1
2025-04-16 15:19:00 INFO  ChordProtocols:167 - Finger table entry 92: process1
2025-04-16 15:19:00 INFO  ChordProtocols:167 - Finger table entry 93: process1
2025-04-16 15:19:00 INFO  ChordProtocols:167 - Finger table entry 94: process1
2025-04-16 15:19:00 INFO  ChordProtocols:167 - Finger table entry 95: process1
2025-04-16 15:19:00 INFO  ChordProtocols:167 - Finger table entry 96: process1
2025-04-16 15:19:00 INFO  ChordProtocols:167 - Finger table entry 97: process1
2025-04-16 15:19:00 INFO  ChordProtocols:167 - Finger table entry 98: process1
2025-04-16 15:19:00 INFO  ChordProtocols:167 - Finger table entry 99: process1
2025-04-16 15:19:00 INFO  ChordProtocols:167 - Finger table entry 100: process1
2025-04-16 15:19:00 INFO  ChordProtocols:167 - Finger table entry 101: process1
2025-04-16 15:19:00 INFO  ChordProtocols:167 - Finger table entry 102: process1
2025-04-16 15:19:00 INFO  ChordProtocols:167 - Finger table entry 103: process1
2025-04-16 15:19:00 INFO  ChordProtocols:167 - Finger table entry 104: process1
2025-04-16 15:19:00 INFO  ChordProtocols:167 - Finger table entry 105: process1
2025-04-16 15:19:00 INFO  ChordProtocols:167 - Finger table entry 106: process1
2025-04-16 15:19:00 INFO  ChordProtocols:167 - Finger table entry 107: process1
2025-04-16 15:19:00 INFO  ChordProtocols:167 - Finger table entry 108: process1
2025-04-16 15:19:00 INFO  ChordProtocols:167 - Finger table entry 109: process1
2025-04-16 15:19:00 INFO  ChordProtocols:167 - Finger table entry 110: process1
2025-04-16 15:19:00 INFO  ChordProtocols:167 - Finger table entry 111: process1
2025-04-16 15:19:00 INFO  ChordProtocols:167 - Finger table entry 112: process1
2025-04-16 15:19:00 INFO  ChordProtocols:167 - Finger table entry 113: process1
2025-04-16 15:19:00 INFO  ChordProtocols:167 - Finger table entry 114: process1
2025-04-16 15:19:00 INFO  ChordProtocols:167 - Finger table entry 115: process1
2025-04-16 15:19:00 INFO  ChordProtocols:167 - Finger table entry 116: process1
2025-04-16 15:19:00 INFO  ChordProtocols:167 - Finger table entry 117: process1
2025-04-16 15:19:00 INFO  ChordProtocols:167 - Finger table entry 118: process1
2025-04-16 15:19:00 INFO  ChordProtocols:167 - Finger table entry 119: process1
2025-04-16 15:19:00 INFO  ChordProtocols:167 - Finger table entry 120: process1
2025-04-16 15:19:00 INFO  ChordProtocols:167 - Finger table entry 121: process1
2025-04-16 15:19:00 INFO  ChordProtocols:167 - Finger table entry 122: process1
2025-04-16 15:19:00 INFO  ChordProtocols:167 - Finger table entry 123: process1
2025-04-16 15:19:00 INFO  ChordProtocols:167 - Finger table entry 124: process1
2025-04-16 15:19:00 INFO  ChordProtocols:167 - Finger table entry 125: process1
2025-04-16 15:19:00 INFO  ChordProtocols:167 - Finger table entry 126: process1
2025-04-16 15:19:00 INFO  ChordProtocols:167 - Finger table entry 127: process1
2025-04-16 15:19:00 INFO  ChordProtocols:167 - Finger table entry 128: process1
2025-04-16 15:19:00 INFO  ChordProtocols:167 - Finger table entry 129: process1
2025-04-16 15:19:00 INFO  ChordProtocols:167 - Finger table entry 130: process1
2025-04-16 15:19:00 INFO  ChordProtocols:167 - Finger table entry 131: process1
2025-04-16 15:19:00 INFO  ChordProtocols:167 - Finger table entry 132: process1
2025-04-16 15:19:00 INFO  ChordProtocols:167 - Finger table entry 133: process1
2025-04-16 15:19:00 INFO  ChordProtocols:167 - Finger table entry 134: process1
2025-04-16 15:19:00 INFO  ChordProtocols:167 - Finger table entry 135: process1
2025-04-16 15:19:00 INFO  ChordProtocols:167 - Finger table entry 136: process1
2025-04-16 15:19:00 INFO  ChordProtocols:167 - Finger table entry 137: process1
2025-04-16 15:19:00 INFO  ChordProtocols:167 - Finger table entry 138: process1
2025-04-16 15:19:00 INFO  ChordProtocols:167 - Finger table entry 139: process1
2025-04-16 15:19:00 INFO  ChordProtocols:167 - Finger table entry 140: process1
2025-04-16 15:19:00 INFO  ChordProtocols:167 - Finger table entry 141: process1
2025-04-16 15:19:00 INFO  ChordProtocols:167 - Finger table entry 142: process1
2025-04-16 15:19:00 INFO  ChordProtocols:167 - Finger table entry 143: process1
2025-04-16 15:19:00 INFO  ChordProtocols:167 - Finger table entry 144: process1
2025-04-16 15:19:00 INFO  ChordProtocols:167 - Finger table entry 145: process1
2025-04-16 15:19:00 INFO  ChordProtocols:167 - Finger table entry 146: process1
2025-04-16 15:19:00 INFO  ChordProtocols:167 - Finger table entry 147: process1
2025-04-16 15:19:00 INFO  ChordProtocols:167 - Finger table entry 148: process1
2025-04-16 15:19:00 INFO  ChordProtocols:167 - Finger table entry 149: process1
2025-04-16 15:19:00 INFO  ChordProtocols:167 - Finger table entry 150: process1
2025-04-16 15:19:00 INFO  ChordProtocols:167 - Finger table entry 151: process1
2025-04-16 15:19:00 INFO  ChordProtocols:167 - Finger table entry 152: process1
2025-04-16 15:19:00 INFO  ChordProtocols:167 - Finger table entry 153: process1
2025-04-16 15:19:00 INFO  ChordProtocols:167 - Finger table entry 154: process1
2025-04-16 15:19:00 INFO  ChordProtocols:167 - Finger table entry 155: process1
2025-04-16 15:19:00 INFO  ChordProtocols:167 - Finger table entry 156: process1
2025-04-16 15:19:00 INFO  ChordProtocols:167 - Finger table entry 157: process1
2025-04-16 15:19:00 INFO  ChordProtocols:167 - Finger table entry 158: process1
2025-04-16 15:19:00 INFO  ChordProtocols:167 - Finger table entry 159: process1
2025-04-16 15:19:00 INFO  StabilizationProtocols:60 - Checking the predecessor for Node: process1
==================================
Node Identifier = 53937554629190552131995290006614509577
Node IP address = process1
successor(process1) = process1
predecessor(process1) = process2
Current File keys for process1 => []
==================================
2025-04-16 15:19:00 INFO  StabilizationProtocols:130 - Updating the successor for Node: process2
2025-04-16 15:19:00 INFO  StabilizationProtocols:84 - Stabilizing ring from process2...
2025-04-16 15:19:00 INFO  StabilizationProtocols:91 - Stabilize ring: succnode = process1
2025-04-16 15:19:00 INFO  StabilizationProtocols:113 - Finished stabilizing chordring from process2
2025-04-16 15:19:00 INFO  ChordProtocols:157 - Fixing the FingerTable for Node: process2
2025-04-16 15:19:00 INFO  ChordProtocols:167 - Finger table entry 0: process1
2025-04-16 15:19:00 INFO  ChordProtocols:167 - Finger table entry 1: process1
2025-04-16 15:19:00 INFO  ChordProtocols:167 - Finger table entry 2: process1
2025-04-16 15:19:00 INFO  ChordProtocols:167 - Finger table entry 3: process1
2025-04-16 15:19:00 INFO  ChordProtocols:167 - Finger table entry 4: process1
2025-04-16 15:19:00 INFO  ChordProtocols:167 - Finger table entry 5: process1
2025-04-16 15:19:00 INFO  ChordProtocols:167 - Finger table entry 6: process1
2025-04-16 15:19:00 INFO  ChordProtocols:167 - Finger table entry 7: process1
2025-04-16 15:19:00 INFO  ChordProtocols:167 - Finger table entry 8: process1
2025-04-16 15:19:00 INFO  ChordProtocols:167 - Finger table entry 9: process1
2025-04-16 15:19:00 INFO  ChordProtocols:167 - Finger table entry 10: process1
2025-04-16 15:19:00 INFO  ChordProtocols:167 - Finger table entry 11: process1
2025-04-16 15:19:00 INFO  ChordProtocols:167 - Finger table entry 12: process1
2025-04-16 15:19:00 INFO  ChordProtocols:167 - Finger table entry 13: process1
2025-04-16 15:19:00 INFO  ChordProtocols:167 - Finger table entry 14: process1
2025-04-16 15:19:00 INFO  ChordProtocols:167 - Finger table entry 15: process1
2025-04-16 15:19:00 INFO  ChordProtocols:167 - Finger table entry 16: process1
2025-04-16 15:19:00 INFO  ChordProtocols:167 - Finger table entry 17: process1
2025-04-16 15:19:00 INFO  ChordProtocols:167 - Finger table entry 18: process1
2025-04-16 15:19:00 INFO  ChordProtocols:167 - Finger table entry 19: process1
2025-04-16 15:19:00 INFO  ChordProtocols:167 - Finger table entry 20: process1
2025-04-16 15:19:00 INFO  ChordProtocols:167 - Finger table entry 21: process1
2025-04-16 15:19:00 INFO  ChordProtocols:167 - Finger table entry 22: process1
2025-04-16 15:19:00 INFO  ChordProtocols:167 - Finger table entry 23: process1
2025-04-16 15:19:00 INFO  ChordProtocols:167 - Finger table entry 24: process1
2025-04-16 15:19:00 INFO  ChordProtocols:167 - Finger table entry 25: process1
2025-04-16 15:19:00 INFO  ChordProtocols:167 - Finger table entry 26: process1
2025-04-16 15:19:00 INFO  ChordProtocols:167 - Finger table entry 27: process1
2025-04-16 15:19:00 INFO  ChordProtocols:167 - Finger table entry 28: process1
2025-04-16 15:19:00 INFO  ChordProtocols:167 - Finger table entry 29: process1
2025-04-16 15:19:00 INFO  ChordProtocols:167 - Finger table entry 30: process1
2025-04-16 15:19:00 INFO  ChordProtocols:167 - Finger table entry 31: process1
2025-04-16 15:19:00 INFO  ChordProtocols:167 - Finger table entry 32: process1
2025-04-16 15:19:00 INFO  ChordProtocols:167 - Finger table entry 33: process1
2025-04-16 15:19:00 INFO  ChordProtocols:167 - Finger table entry 34: process1
2025-04-16 15:19:00 INFO  ChordProtocols:167 - Finger table entry 35: process1
2025-04-16 15:19:00 INFO  ChordProtocols:167 - Finger table entry 36: process1
2025-04-16 15:19:00 INFO  ChordProtocols:167 - Finger table entry 37: process1
2025-04-16 15:19:00 INFO  ChordProtocols:167 - Finger table entry 38: process1
2025-04-16 15:19:00 INFO  ChordProtocols:167 - Finger table entry 39: process1
2025-04-16 15:19:00 INFO  ChordProtocols:167 - Finger table entry 40: process1
2025-04-16 15:19:00 INFO  ChordProtocols:167 - Finger table entry 41: process1
2025-04-16 15:19:00 INFO  ChordProtocols:167 - Finger table entry 42: process1
2025-04-16 15:19:00 INFO  ChordProtocols:167 - Finger table entry 43: process1
2025-04-16 15:19:00 INFO  ChordProtocols:167 - Finger table entry 44: process1
2025-04-16 15:19:00 INFO  ChordProtocols:167 - Finger table entry 45: process1
2025-04-16 15:19:00 INFO  ChordProtocols:167 - Finger table entry 46: process1
2025-04-16 15:19:00 INFO  ChordProtocols:167 - Finger table entry 47: process1
2025-04-16 15:19:00 INFO  ChordProtocols:167 - Finger table entry 48: process1
2025-04-16 15:19:00 INFO  ChordProtocols:167 - Finger table entry 49: process1
2025-04-16 15:19:00 INFO  ChordProtocols:167 - Finger table entry 50: process1
2025-04-16 15:19:00 INFO  ChordProtocols:167 - Finger table entry 51: process1
2025-04-16 15:19:00 INFO  ChordProtocols:167 - Finger table entry 52: process1
2025-04-16 15:19:00 INFO  ChordProtocols:167 - Finger table entry 53: process1
2025-04-16 15:19:00 INFO  ChordProtocols:167 - Finger table entry 54: process1
2025-04-16 15:19:00 INFO  ChordProtocols:167 - Finger table entry 55: process1
2025-04-16 15:19:00 INFO  ChordProtocols:167 - Finger table entry 56: process1
2025-04-16 15:19:00 INFO  ChordProtocols:167 - Finger table entry 57: process1
2025-04-16 15:19:00 INFO  ChordProtocols:167 - Finger table entry 58: process1
2025-04-16 15:19:00 INFO  ChordProtocols:167 - Finger table entry 59: process1
2025-04-16 15:19:00 INFO  ChordProtocols:167 - Finger table entry 60: process1
2025-04-16 15:19:00 INFO  ChordProtocols:167 - Finger table entry 61: process1
2025-04-16 15:19:00 INFO  ChordProtocols:167 - Finger table entry 62: process1
2025-04-16 15:19:00 INFO  ChordProtocols:167 - Finger table entry 63: process1
2025-04-16 15:19:00 INFO  ChordProtocols:167 - Finger table entry 64: process1
2025-04-16 15:19:00 INFO  ChordProtocols:167 - Finger table entry 65: process1
2025-04-16 15:19:00 INFO  ChordProtocols:167 - Finger table entry 66: process1
2025-04-16 15:19:00 INFO  ChordProtocols:167 - Finger table entry 67: process1
2025-04-16 15:19:00 INFO  ChordProtocols:167 - Finger table entry 68: process1
2025-04-16 15:19:00 INFO  ChordProtocols:167 - Finger table entry 69: process1
2025-04-16 15:19:00 INFO  ChordProtocols:167 - Finger table entry 70: process1
2025-04-16 15:19:00 INFO  ChordProtocols:167 - Finger table entry 71: process1
2025-04-16 15:19:00 INFO  ChordProtocols:167 - Finger table entry 72: process1
2025-04-16 15:19:00 INFO  ChordProtocols:167 - Finger table entry 73: process1
2025-04-16 15:19:00 INFO  ChordProtocols:167 - Finger table entry 74: process1
2025-04-16 15:19:00 INFO  ChordProtocols:167 - Finger table entry 75: process1
2025-04-16 15:19:00 INFO  ChordProtocols:167 - Finger table entry 76: process1
2025-04-16 15:19:00 INFO  ChordProtocols:167 - Finger table entry 77: process1
2025-04-16 15:19:00 INFO  ChordProtocols:167 - Finger table entry 78: process1
2025-04-16 15:19:00 INFO  ChordProtocols:167 - Finger table entry 79: process1
2025-04-16 15:19:00 INFO  ChordProtocols:167 - Finger table entry 80: process1
2025-04-16 15:19:00 INFO  ChordProtocols:167 - Finger table entry 81: process1
2025-04-16 15:19:00 INFO  ChordProtocols:167 - Finger table entry 82: process1
2025-04-16 15:19:00 INFO  ChordProtocols:167 - Finger table entry 83: process1
2025-04-16 15:19:00 INFO  ChordProtocols:167 - Finger table entry 84: process1
2025-04-16 15:19:00 INFO  ChordProtocols:167 - Finger table entry 85: process1
2025-04-16 15:19:00 INFO  ChordProtocols:167 - Finger table entry 86: process1
2025-04-16 15:19:00 INFO  ChordProtocols:167 - Finger table entry 87: process1
2025-04-16 15:19:00 INFO  ChordProtocols:167 - Finger table entry 88: process1
2025-04-16 15:19:00 INFO  ChordProtocols:167 - Finger table entry 89: process1
2025-04-16 15:19:00 INFO  ChordProtocols:167 - Finger table entry 90: process1
2025-04-16 15:19:00 INFO  ChordProtocols:167 - Finger table entry 91: process1
2025-04-16 15:19:00 INFO  ChordProtocols:167 - Finger table entry 92: process1
2025-04-16 15:19:00 INFO  ChordProtocols:167 - Finger table entry 93: process1
2025-04-16 15:19:00 INFO  ChordProtocols:167 - Finger table entry 94: process1
2025-04-16 15:19:00 INFO  ChordProtocols:167 - Finger table entry 95: process1
2025-04-16 15:19:00 INFO  ChordProtocols:167 - Finger table entry 96: process1
2025-04-16 15:19:00 INFO  ChordProtocols:167 - Finger table entry 97: process1
2025-04-16 15:19:00 INFO  ChordProtocols:167 - Finger table entry 98: process1
2025-04-16 15:19:00 INFO  ChordProtocols:167 - Finger table entry 99: process1
2025-04-16 15:19:00 INFO  ChordProtocols:167 - Finger table entry 100: process1
2025-04-16 15:19:00 INFO  ChordProtocols:167 - Finger table entry 101: process1
2025-04-16 15:19:00 INFO  ChordProtocols:167 - Finger table entry 102: process1
2025-04-16 15:19:00 INFO  ChordProtocols:167 - Finger table entry 103: process1
2025-04-16 15:19:00 INFO  ChordProtocols:167 - Finger table entry 104: process1
2025-04-16 15:19:00 INFO  ChordProtocols:167 - Finger table entry 105: process1
2025-04-16 15:19:00 INFO  ChordProtocols:167 - Finger table entry 106: process1
2025-04-16 15:19:00 INFO  ChordProtocols:167 - Finger table entry 107: process1
2025-04-16 15:19:00 INFO  ChordProtocols:167 - Finger table entry 108: process1
2025-04-16 15:19:00 INFO  ChordProtocols:167 - Finger table entry 109: process1
2025-04-16 15:19:00 INFO  ChordProtocols:167 - Finger table entry 110: process1
2025-04-16 15:19:00 INFO  ChordProtocols:167 - Finger table entry 111: process1
2025-04-16 15:19:00 INFO  ChordProtocols:167 - Finger table entry 112: process1
2025-04-16 15:19:00 INFO  ChordProtocols:167 - Finger table entry 113: process1
2025-04-16 15:19:00 INFO  ChordProtocols:167 - Finger table entry 114: process1
2025-04-16 15:19:00 INFO  ChordProtocols:167 - Finger table entry 115: process1
2025-04-16 15:19:00 INFO  ChordProtocols:167 - Finger table entry 116: process1
2025-04-16 15:19:00 INFO  ChordProtocols:167 - Finger table entry 117: process1
2025-04-16 15:19:00 INFO  ChordProtocols:167 - Finger table entry 118: process1
2025-04-16 15:19:00 INFO  ChordProtocols:167 - Finger table entry 119: process1
2025-04-16 15:19:00 INFO  ChordProtocols:167 - Finger table entry 120: process1
2025-04-16 15:19:00 INFO  ChordProtocols:167 - Finger table entry 121: process1
2025-04-16 15:19:00 INFO  ChordProtocols:167 - Finger table entry 122: process1
2025-04-16 15:19:00 INFO  ChordProtocols:167 - Finger table entry 123: process1
2025-04-16 15:19:00 INFO  ChordProtocols:167 - Finger table entry 124: process1
2025-04-16 15:19:00 INFO  ChordProtocols:167 - Finger table entry 125: process1
2025-04-16 15:19:00 INFO  ChordProtocols:167 - Finger table entry 126: process1
2025-04-16 15:19:00 INFO  ChordProtocols:167 - Finger table entry 127: process1
2025-04-16 15:19:00 INFO  ChordProtocols:167 - Finger table entry 128: process1
2025-04-16 15:19:00 INFO  ChordProtocols:167 - Finger table entry 129: process1
2025-04-16 15:19:00 INFO  ChordProtocols:167 - Finger table entry 130: process1
2025-04-16 15:19:00 INFO  ChordProtocols:167 - Finger table entry 131: process1
2025-04-16 15:19:00 INFO  ChordProtocols:167 - Finger table entry 132: process1
2025-04-16 15:19:00 INFO  ChordProtocols:167 - Finger table entry 133: process1
2025-04-16 15:19:00 INFO  ChordProtocols:167 - Finger table entry 134: process1
2025-04-16 15:19:00 INFO  ChordProtocols:167 - Finger table entry 135: process1
2025-04-16 15:19:00 INFO  ChordProtocols:167 - Finger table entry 136: process1
2025-04-16 15:19:00 INFO  ChordProtocols:167 - Finger table entry 137: process1
2025-04-16 15:19:00 INFO  ChordProtocols:167 - Finger table entry 138: process1
2025-04-16 15:19:00 INFO  ChordProtocols:167 - Finger table entry 139: process1
2025-04-16 15:19:00 INFO  ChordProtocols:167 - Finger table entry 140: process1
2025-04-16 15:19:00 INFO  ChordProtocols:167 - Finger table entry 141: process1
2025-04-16 15:19:00 INFO  ChordProtocols:167 - Finger table entry 142: process1
2025-04-16 15:19:00 INFO  ChordProtocols:167 - Finger table entry 143: process1
2025-04-16 15:19:00 INFO  ChordProtocols:167 - Finger table entry 144: process1
2025-04-16 15:19:00 INFO  ChordProtocols:167 - Finger table entry 145: process1
2025-04-16 15:19:00 INFO  ChordProtocols:167 - Finger table entry 146: process1
2025-04-16 15:19:00 INFO  ChordProtocols:167 - Finger table entry 147: process1
2025-04-16 15:19:00 INFO  ChordProtocols:167 - Finger table entry 148: process1
2025-04-16 15:19:00 INFO  ChordProtocols:167 - Finger table entry 149: process1
2025-04-16 15:19:00 INFO  ChordProtocols:167 - Finger table entry 150: process1
2025-04-16 15:19:00 INFO  ChordProtocols:167 - Finger table entry 151: process1
2025-04-16 15:19:00 INFO  ChordProtocols:167 - Finger table entry 152: process1
2025-04-16 15:19:00 INFO  ChordProtocols:167 - Finger table entry 153: process1
2025-04-16 15:19:00 INFO  ChordProtocols:167 - Finger table entry 154: process1
2025-04-16 15:19:00 INFO  ChordProtocols:167 - Finger table entry 155: process1
2025-04-16 15:19:00 INFO  ChordProtocols:167 - Finger table entry 156: process1
2025-04-16 15:19:00 INFO  ChordProtocols:167 - Finger table entry 157: process1
2025-04-16 15:19:00 INFO  ChordProtocols:167 - Finger table entry 158: process1
2025-04-16 15:19:00 INFO  ChordProtocols:167 - Finger table entry 159: process1
2025-04-16 15:19:00 INFO  StabilizationProtocols:60 - Checking the predecessor for Node: process2
==================================
Node Identifier = 15618062003214643351512781541041391612
Node IP address = process2
successor(process2) = process1
predecessor(process2) = process4
Current File keys for process2 => []
==================================
2025-04-16 15:19:00 INFO  StabilizationProtocols:130 - Updating the successor for Node: process3
2025-04-16 15:19:00 INFO  StabilizationProtocols:165 - Finished updating the successor for Node: process3
2025-04-16 15:19:00 INFO  StabilizationProtocols:84 - Stabilizing ring from process3...
2025-04-16 15:19:00 INFO  StabilizationProtocols:91 - Stabilize ring: succnode = process4
2025-04-16 15:19:00 INFO  ChordLookup:73 - Copy file keys that are <= process3 from successor process4 to process3
2025-04-16 15:19:00 INFO  ChordLookup:94 - Finished copying file keys from successor process4 to process3
2025-04-16 15:19:00 INFO  StabilizationProtocols:113 - Finished stabilizing chordring from process3
2025-04-16 15:19:00 INFO  ChordProtocols:157 - Fixing the FingerTable for Node: process3
2025-04-16 15:19:00 INFO  ChordProtocols:167 - Finger table entry 0: process5
2025-04-16 15:19:00 INFO  ChordProtocols:167 - Finger table entry 1: process5
2025-04-16 15:19:00 INFO  ChordProtocols:167 - Finger table entry 2: process5
2025-04-16 15:19:00 INFO  ChordProtocols:167 - Finger table entry 3: process5
2025-04-16 15:19:00 INFO  ChordProtocols:167 - Finger table entry 4: process5
2025-04-16 15:19:00 INFO  ChordProtocols:167 - Finger table entry 5: process5
2025-04-16 15:19:00 INFO  ChordProtocols:167 - Finger table entry 6: process5
2025-04-16 15:19:00 INFO  ChordProtocols:167 - Finger table entry 7: process5
2025-04-16 15:19:00 INFO  ChordProtocols:167 - Finger table entry 8: process5
2025-04-16 15:19:00 INFO  ChordProtocols:167 - Finger table entry 9: process5
2025-04-16 15:19:00 INFO  ChordProtocols:167 - Finger table entry 10: process5
2025-04-16 15:19:00 INFO  ChordProtocols:167 - Finger table entry 11: process5
2025-04-16 15:19:00 INFO  ChordProtocols:167 - Finger table entry 12: process5
2025-04-16 15:19:00 INFO  ChordProtocols:167 - Finger table entry 13: process5
2025-04-16 15:19:00 INFO  ChordProtocols:167 - Finger table entry 14: process5
2025-04-16 15:19:00 INFO  ChordProtocols:167 - Finger table entry 15: process5
2025-04-16 15:19:00 INFO  ChordProtocols:167 - Finger table entry 16: process5
2025-04-16 15:19:00 INFO  ChordProtocols:167 - Finger table entry 17: process5
2025-04-16 15:19:00 INFO  ChordProtocols:167 - Finger table entry 18: process5
2025-04-16 15:19:00 INFO  ChordProtocols:167 - Finger table entry 19: process5
2025-04-16 15:19:00 INFO  ChordProtocols:167 - Finger table entry 20: process5
2025-04-16 15:19:00 INFO  ChordProtocols:167 - Finger table entry 21: process5
2025-04-16 15:19:00 INFO  ChordProtocols:167 - Finger table entry 22: process5
2025-04-16 15:19:00 INFO  ChordProtocols:167 - Finger table entry 23: process5
2025-04-16 15:19:00 INFO  ChordProtocols:167 - Finger table entry 24: process5
2025-04-16 15:19:00 INFO  ChordProtocols:167 - Finger table entry 25: process5
2025-04-16 15:19:00 INFO  ChordProtocols:167 - Finger table entry 26: process5
2025-04-16 15:19:00 INFO  ChordProtocols:167 - Finger table entry 27: process5
2025-04-16 15:19:00 INFO  ChordProtocols:167 - Finger table entry 28: process5
2025-04-16 15:19:00 INFO  ChordProtocols:167 - Finger table entry 29: process5
2025-04-16 15:19:00 INFO  ChordProtocols:167 - Finger table entry 30: process5
2025-04-16 15:19:00 INFO  ChordProtocols:167 - Finger table entry 31: process5
2025-04-16 15:19:00 INFO  ChordProtocols:167 - Finger table entry 32: process5
2025-04-16 15:19:00 INFO  ChordProtocols:167 - Finger table entry 33: process5
2025-04-16 15:19:00 INFO  ChordProtocols:167 - Finger table entry 34: process5
2025-04-16 15:19:01 INFO  ChordProtocols:167 - Finger table entry 35: process5
2025-04-16 15:19:01 INFO  ChordProtocols:167 - Finger table entry 36: process5
2025-04-16 15:19:01 INFO  ChordProtocols:167 - Finger table entry 37: process5
2025-04-16 15:19:01 INFO  ChordProtocols:167 - Finger table entry 38: process5
2025-04-16 15:19:01 INFO  ChordProtocols:167 - Finger table entry 39: process5
2025-04-16 15:19:01 INFO  ChordProtocols:167 - Finger table entry 40: process5
2025-04-16 15:19:01 INFO  ChordProtocols:167 - Finger table entry 41: process5
2025-04-16 15:19:01 INFO  ChordProtocols:167 - Finger table entry 42: process5
2025-04-16 15:19:01 INFO  ChordProtocols:167 - Finger table entry 43: process5
2025-04-16 15:19:01 INFO  ChordProtocols:167 - Finger table entry 44: process5
2025-04-16 15:19:01 INFO  ChordProtocols:167 - Finger table entry 45: process5
2025-04-16 15:19:01 INFO  ChordProtocols:167 - Finger table entry 46: process5
2025-04-16 15:19:01 INFO  ChordProtocols:167 - Finger table entry 47: process5
2025-04-16 15:19:01 INFO  ChordProtocols:167 - Finger table entry 48: process5
2025-04-16 15:19:01 INFO  ChordProtocols:167 - Finger table entry 49: process5
2025-04-16 15:19:01 INFO  ChordProtocols:167 - Finger table entry 50: process5
2025-04-16 15:19:01 INFO  ChordProtocols:167 - Finger table entry 51: process5
2025-04-16 15:19:01 INFO  ChordProtocols:167 - Finger table entry 52: process5
2025-04-16 15:19:01 INFO  ChordProtocols:167 - Finger table entry 53: process5
2025-04-16 15:19:01 INFO  ChordProtocols:167 - Finger table entry 54: process5
2025-04-16 15:19:01 INFO  ChordProtocols:167 - Finger table entry 55: process5
2025-04-16 15:19:01 INFO  ChordProtocols:167 - Finger table entry 56: process5
2025-04-16 15:19:01 INFO  ChordProtocols:167 - Finger table entry 57: process5
2025-04-16 15:19:01 INFO  ChordProtocols:167 - Finger table entry 58: process5
2025-04-16 15:19:01 INFO  ChordProtocols:167 - Finger table entry 59: process5
2025-04-16 15:19:01 INFO  ChordProtocols:167 - Finger table entry 60: process5
2025-04-16 15:19:01 INFO  ChordProtocols:167 - Finger table entry 61: process5
2025-04-16 15:19:01 INFO  ChordProtocols:167 - Finger table entry 62: process5
2025-04-16 15:19:01 INFO  ChordProtocols:167 - Finger table entry 63: process5
2025-04-16 15:19:01 INFO  ChordProtocols:167 - Finger table entry 64: process5
2025-04-16 15:19:01 INFO  ChordProtocols:167 - Finger table entry 65: process5
2025-04-16 15:19:01 INFO  ChordProtocols:167 - Finger table entry 66: process5
2025-04-16 15:19:01 INFO  ChordProtocols:167 - Finger table entry 67: process5
2025-04-16 15:19:01 INFO  ChordProtocols:167 - Finger table entry 68: process5
2025-04-16 15:19:01 INFO  ChordProtocols:167 - Finger table entry 69: process5
2025-04-16 15:19:01 INFO  ChordProtocols:167 - Finger table entry 70: process5
2025-04-16 15:19:01 INFO  ChordProtocols:167 - Finger table entry 71: process5
2025-04-16 15:19:01 INFO  ChordProtocols:167 - Finger table entry 72: process5
2025-04-16 15:19:01 INFO  ChordProtocols:167 - Finger table entry 73: process5
2025-04-16 15:19:01 INFO  ChordProtocols:167 - Finger table entry 74: process5
2025-04-16 15:19:01 INFO  ChordProtocols:167 - Finger table entry 75: process5
2025-04-16 15:19:01 INFO  ChordProtocols:167 - Finger table entry 76: process5
2025-04-16 15:19:01 INFO  ChordProtocols:167 - Finger table entry 77: process5
2025-04-16 15:19:01 INFO  ChordProtocols:167 - Finger table entry 78: process5
2025-04-16 15:19:01 INFO  ChordProtocols:167 - Finger table entry 79: process5
2025-04-16 15:19:01 INFO  ChordProtocols:167 - Finger table entry 80: process5
2025-04-16 15:19:01 INFO  ChordProtocols:167 - Finger table entry 81: process5
2025-04-16 15:19:01 INFO  ChordProtocols:167 - Finger table entry 82: process5
2025-04-16 15:19:01 INFO  ChordProtocols:167 - Finger table entry 83: process5
2025-04-16 15:19:01 INFO  ChordProtocols:167 - Finger table entry 84: process5
2025-04-16 15:19:01 INFO  ChordProtocols:167 - Finger table entry 85: process5
2025-04-16 15:19:01 INFO  ChordProtocols:167 - Finger table entry 86: process5
2025-04-16 15:19:01 INFO  ChordProtocols:167 - Finger table entry 87: process5
2025-04-16 15:19:01 INFO  ChordProtocols:167 - Finger table entry 88: process5
2025-04-16 15:19:01 INFO  ChordProtocols:167 - Finger table entry 89: process5
2025-04-16 15:19:01 INFO  ChordProtocols:167 - Finger table entry 90: process5
2025-04-16 15:19:01 INFO  ChordProtocols:167 - Finger table entry 91: process5
2025-04-16 15:19:01 INFO  ChordProtocols:167 - Finger table entry 92: process5
2025-04-16 15:19:01 INFO  ChordProtocols:167 - Finger table entry 93: process5
2025-04-16 15:19:01 INFO  ChordProtocols:167 - Finger table entry 94: process5
2025-04-16 15:19:01 INFO  ChordProtocols:167 - Finger table entry 95: process5
2025-04-16 15:19:01 INFO  ChordProtocols:167 - Finger table entry 96: process5
2025-04-16 15:19:01 INFO  ChordProtocols:167 - Finger table entry 97: process5
2025-04-16 15:19:01 INFO  ChordProtocols:167 - Finger table entry 98: process5
2025-04-16 15:19:01 INFO  ChordProtocols:167 - Finger table entry 99: process5
2025-04-16 15:19:01 INFO  ChordProtocols:167 - Finger table entry 100: process5
2025-04-16 15:19:01 INFO  ChordProtocols:167 - Finger table entry 101: process5
2025-04-16 15:19:01 INFO  ChordProtocols:167 - Finger table entry 102: process5
2025-04-16 15:19:01 INFO  ChordProtocols:167 - Finger table entry 103: process5
2025-04-16 15:19:01 INFO  ChordProtocols:167 - Finger table entry 104: process5
2025-04-16 15:19:01 INFO  ChordProtocols:167 - Finger table entry 105: process5
2025-04-16 15:19:01 INFO  ChordProtocols:167 - Finger table entry 106: process5
2025-04-16 15:19:01 INFO  ChordProtocols:167 - Finger table entry 107: process5
2025-04-16 15:19:01 INFO  ChordProtocols:167 - Finger table entry 108: process5
2025-04-16 15:19:01 INFO  ChordProtocols:167 - Finger table entry 109: process5
2025-04-16 15:19:01 INFO  ChordProtocols:167 - Finger table entry 110: process5
2025-04-16 15:19:01 INFO  ChordProtocols:167 - Finger table entry 111: process5
2025-04-16 15:19:01 INFO  ChordProtocols:167 - Finger table entry 112: process5
2025-04-16 15:19:01 INFO  ChordProtocols:167 - Finger table entry 113: process5
2025-04-16 15:19:01 INFO  ChordProtocols:167 - Finger table entry 114: process5
2025-04-16 15:19:01 INFO  ChordProtocols:167 - Finger table entry 115: process5
2025-04-16 15:19:01 INFO  ChordProtocols:167 - Finger table entry 116: process5
2025-04-16 15:19:01 INFO  ChordProtocols:167 - Finger table entry 117: process5
2025-04-16 15:19:01 INFO  ChordProtocols:167 - Finger table entry 118: process5
2025-04-16 15:19:01 INFO  ChordProtocols:167 - Finger table entry 119: process5
2025-04-16 15:19:01 INFO  ChordProtocols:167 - Finger table entry 120: process5
2025-04-16 15:19:01 INFO  ChordProtocols:167 - Finger table entry 121: process5
2025-04-16 15:19:01 INFO  ChordProtocols:167 - Finger table entry 122: process5
2025-04-16 15:19:01 INFO  ChordProtocols:167 - Finger table entry 123: process5
2025-04-16 15:19:01 INFO  ChordProtocols:167 - Finger table entry 124: process5
2025-04-16 15:19:01 INFO  ChordProtocols:167 - Finger table entry 125: process5
2025-04-16 15:19:01 INFO  ChordProtocols:167 - Finger table entry 126: process5
2025-04-16 15:19:01 INFO  ChordProtocols:167 - Finger table entry 127: process5
2025-04-16 15:19:01 INFO  ChordProtocols:167 - Finger table entry 128: process5
2025-04-16 15:19:01 INFO  ChordProtocols:167 - Finger table entry 129: process5
2025-04-16 15:19:01 INFO  ChordProtocols:167 - Finger table entry 130: process5
2025-04-16 15:19:01 INFO  ChordProtocols:167 - Finger table entry 131: process5
2025-04-16 15:19:01 INFO  ChordProtocols:167 - Finger table entry 132: process5
2025-04-16 15:19:01 INFO  ChordProtocols:167 - Finger table entry 133: process5
2025-04-16 15:19:01 INFO  ChordProtocols:167 - Finger table entry 134: process5
2025-04-16 15:19:01 INFO  ChordProtocols:167 - Finger table entry 135: process5
2025-04-16 15:19:01 INFO  ChordProtocols:167 - Finger table entry 136: process5
2025-04-16 15:19:01 INFO  ChordProtocols:167 - Finger table entry 137: process5
2025-04-16 15:19:01 INFO  ChordProtocols:167 - Finger table entry 138: process5
2025-04-16 15:19:01 INFO  ChordProtocols:167 - Finger table entry 139: process5
2025-04-16 15:19:01 INFO  ChordProtocols:167 - Finger table entry 140: process5
2025-04-16 15:19:01 INFO  ChordProtocols:167 - Finger table entry 141: process5
2025-04-16 15:19:01 INFO  ChordProtocols:167 - Finger table entry 142: process5
2025-04-16 15:19:01 INFO  ChordProtocols:167 - Finger table entry 143: process5
2025-04-16 15:19:01 INFO  ChordProtocols:167 - Finger table entry 144: process5
2025-04-16 15:19:01 INFO  ChordProtocols:167 - Finger table entry 145: process5
2025-04-16 15:19:01 INFO  ChordProtocols:167 - Finger table entry 146: process5
2025-04-16 15:19:01 INFO  ChordProtocols:167 - Finger table entry 147: process5
2025-04-16 15:19:01 INFO  ChordProtocols:167 - Finger table entry 148: process5
2025-04-16 15:19:01 INFO  ChordProtocols:167 - Finger table entry 149: process5
2025-04-16 15:19:01 INFO  ChordProtocols:167 - Finger table entry 150: process5
2025-04-16 15:19:01 INFO  ChordProtocols:167 - Finger table entry 151: process5
2025-04-16 15:19:01 INFO  ChordProtocols:167 - Finger table entry 152: process5
2025-04-16 15:19:01 INFO  ChordProtocols:167 - Finger table entry 153: process5
2025-04-16 15:19:01 INFO  ChordProtocols:167 - Finger table entry 154: process5
2025-04-16 15:19:01 INFO  ChordProtocols:167 - Finger table entry 155: process5
2025-04-16 15:19:01 INFO  ChordProtocols:167 - Finger table entry 156: process5
2025-04-16 15:19:01 INFO  ChordProtocols:167 - Finger table entry 157: process5
2025-04-16 15:19:01 INFO  ChordProtocols:167 - Finger table entry 158: process5
2025-04-16 15:19:01 INFO  ChordProtocols:167 - Finger table entry 159: process5
2025-04-16 15:19:01 INFO  StabilizationProtocols:60 - Checking the predecessor for Node: process3
==================================
Node Identifier = 66910184482037901621933403444034052414
Node IP address = process3
successor(process3) = process5
predecessor(process3) = process3
Current File keys for process3 => []
==================================
2025-04-16 15:19:01 INFO  StabilizationProtocols:130 - Updating the successor for Node: process4
2025-04-16 15:19:01 INFO  StabilizationProtocols:84 - Stabilizing ring from process4...
2025-04-16 15:19:01 INFO  StabilizationProtocols:91 - Stabilize ring: succnode = process2
2025-04-16 15:19:01 INFO  StabilizationProtocols:113 - Finished stabilizing chordring from process4
2025-04-16 15:19:01 INFO  ChordProtocols:157 - Fixing the FingerTable for Node: process4
2025-04-16 15:19:01 INFO  ChordProtocols:167 - Finger table entry 0: process2
2025-04-16 15:19:01 INFO  ChordProtocols:167 - Finger table entry 1: process2
2025-04-16 15:19:01 INFO  ChordProtocols:167 - Finger table entry 2: process2
2025-04-16 15:19:01 INFO  ChordProtocols:167 - Finger table entry 3: process2
2025-04-16 15:19:01 INFO  ChordProtocols:167 - Finger table entry 4: process2
2025-04-16 15:19:01 INFO  ChordProtocols:167 - Finger table entry 5: process2
2025-04-16 15:19:01 INFO  ChordProtocols:167 - Finger table entry 6: process2
2025-04-16 15:19:01 INFO  ChordProtocols:167 - Finger table entry 7: process2
2025-04-16 15:19:01 INFO  ChordProtocols:167 - Finger table entry 8: process2
2025-04-16 15:19:01 INFO  ChordProtocols:167 - Finger table entry 9: process2
2025-04-16 15:19:01 INFO  ChordProtocols:167 - Finger table entry 10: process2
2025-04-16 15:19:01 INFO  ChordProtocols:167 - Finger table entry 11: process2
2025-04-16 15:19:01 INFO  ChordProtocols:167 - Finger table entry 12: process2
2025-04-16 15:19:01 INFO  ChordProtocols:167 - Finger table entry 13: process2
2025-04-16 15:19:01 INFO  ChordProtocols:167 - Finger table entry 14: process2
2025-04-16 15:19:01 INFO  ChordProtocols:167 - Finger table entry 15: process2
2025-04-16 15:19:01 INFO  ChordProtocols:167 - Finger table entry 16: process2
2025-04-16 15:19:01 INFO  ChordProtocols:167 - Finger table entry 17: process2
2025-04-16 15:19:01 INFO  ChordProtocols:167 - Finger table entry 18: process2
2025-04-16 15:19:01 INFO  ChordProtocols:167 - Finger table entry 19: process2
2025-04-16 15:19:01 INFO  ChordProtocols:167 - Finger table entry 20: process2
2025-04-16 15:19:01 INFO  ChordProtocols:167 - Finger table entry 21: process2
2025-04-16 15:19:01 INFO  ChordProtocols:167 - Finger table entry 22: process2
2025-04-16 15:19:01 INFO  ChordProtocols:167 - Finger table entry 23: process2
2025-04-16 15:19:01 INFO  ChordProtocols:167 - Finger table entry 24: process2
2025-04-16 15:19:01 INFO  ChordProtocols:167 - Finger table entry 25: process2
2025-04-16 15:19:01 INFO  ChordProtocols:167 - Finger table entry 26: process2
2025-04-16 15:19:01 INFO  ChordProtocols:167 - Finger table entry 27: process2
2025-04-16 15:19:01 INFO  ChordProtocols:167 - Finger table entry 28: process2
2025-04-16 15:19:01 INFO  ChordProtocols:167 - Finger table entry 29: process2
2025-04-16 15:19:01 INFO  ChordProtocols:167 - Finger table entry 30: process2
2025-04-16 15:19:01 INFO  ChordProtocols:167 - Finger table entry 31: process2
2025-04-16 15:19:01 INFO  ChordProtocols:167 - Finger table entry 32: process2
2025-04-16 15:19:01 INFO  ChordProtocols:167 - Finger table entry 33: process2
2025-04-16 15:19:01 INFO  ChordProtocols:167 - Finger table entry 34: process2
2025-04-16 15:19:01 INFO  ChordProtocols:167 - Finger table entry 35: process2
2025-04-16 15:19:01 INFO  ChordProtocols:167 - Finger table entry 36: process2
2025-04-16 15:19:01 INFO  ChordProtocols:167 - Finger table entry 37: process2
2025-04-16 15:19:01 INFO  ChordProtocols:167 - Finger table entry 38: process2
2025-04-16 15:19:01 INFO  ChordProtocols:167 - Finger table entry 39: process2
2025-04-16 15:19:01 INFO  ChordProtocols:167 - Finger table entry 40: process2
2025-04-16 15:19:01 INFO  ChordProtocols:167 - Finger table entry 41: process2
2025-04-16 15:19:01 INFO  ChordProtocols:167 - Finger table entry 42: process2
2025-04-16 15:19:01 INFO  ChordProtocols:167 - Finger table entry 43: process2
2025-04-16 15:19:01 INFO  ChordProtocols:167 - Finger table entry 44: process2
2025-04-16 15:19:01 INFO  ChordProtocols:167 - Finger table entry 45: process2
2025-04-16 15:19:01 INFO  ChordProtocols:167 - Finger table entry 46: process2
2025-04-16 15:19:01 INFO  ChordProtocols:167 - Finger table entry 47: process2
2025-04-16 15:19:01 INFO  ChordProtocols:167 - Finger table entry 48: process2
2025-04-16 15:19:01 INFO  ChordProtocols:167 - Finger table entry 49: process2
2025-04-16 15:19:01 INFO  ChordProtocols:167 - Finger table entry 50: process2
2025-04-16 15:19:01 INFO  ChordProtocols:167 - Finger table entry 51: process2
2025-04-16 15:19:01 INFO  ChordProtocols:167 - Finger table entry 52: process2
2025-04-16 15:19:01 INFO  ChordProtocols:167 - Finger table entry 53: process2
2025-04-16 15:19:01 INFO  ChordProtocols:167 - Finger table entry 54: process2
2025-04-16 15:19:01 INFO  ChordProtocols:167 - Finger table entry 55: process2
2025-04-16 15:19:01 INFO  ChordProtocols:167 - Finger table entry 56: process2
2025-04-16 15:19:01 INFO  ChordProtocols:167 - Finger table entry 57: process2
2025-04-16 15:19:01 INFO  ChordProtocols:167 - Finger table entry 58: process2
2025-04-16 15:19:01 INFO  ChordProtocols:167 - Finger table entry 59: process2
2025-04-16 15:19:01 INFO  ChordProtocols:167 - Finger table entry 60: process2
2025-04-16 15:19:01 INFO  ChordProtocols:167 - Finger table entry 61: process2
2025-04-16 15:19:01 INFO  ChordProtocols:167 - Finger table entry 62: process2
2025-04-16 15:19:01 INFO  ChordProtocols:167 - Finger table entry 63: process2
2025-04-16 15:19:01 INFO  ChordProtocols:167 - Finger table entry 64: process2
2025-04-16 15:19:01 INFO  ChordProtocols:167 - Finger table entry 65: process2
2025-04-16 15:19:01 INFO  ChordProtocols:167 - Finger table entry 66: process2
2025-04-16 15:19:01 INFO  ChordProtocols:167 - Finger table entry 67: process2
2025-04-16 15:19:01 INFO  ChordProtocols:167 - Finger table entry 68: process2
2025-04-16 15:19:01 INFO  ChordProtocols:167 - Finger table entry 69: process2
2025-04-16 15:19:01 INFO  ChordProtocols:167 - Finger table entry 70: process2
2025-04-16 15:19:01 INFO  ChordProtocols:167 - Finger table entry 71: process2
2025-04-16 15:19:01 INFO  ChordProtocols:167 - Finger table entry 72: process2
2025-04-16 15:19:01 INFO  ChordProtocols:167 - Finger table entry 73: process2
2025-04-16 15:19:01 INFO  ChordProtocols:167 - Finger table entry 74: process2
2025-04-16 15:19:01 INFO  ChordProtocols:167 - Finger table entry 75: process2
2025-04-16 15:19:01 INFO  ChordProtocols:167 - Finger table entry 76: process2
2025-04-16 15:19:01 INFO  ChordProtocols:167 - Finger table entry 77: process2
2025-04-16 15:19:01 INFO  ChordProtocols:167 - Finger table entry 78: process2
2025-04-16 15:19:01 INFO  ChordProtocols:167 - Finger table entry 79: process2
2025-04-16 15:19:01 INFO  ChordProtocols:167 - Finger table entry 80: process2
2025-04-16 15:19:01 INFO  ChordProtocols:167 - Finger table entry 81: process2
2025-04-16 15:19:01 INFO  ChordProtocols:167 - Finger table entry 82: process2
2025-04-16 15:19:01 INFO  ChordProtocols:167 - Finger table entry 83: process2
2025-04-16 15:19:01 INFO  ChordProtocols:167 - Finger table entry 84: process2
2025-04-16 15:19:01 INFO  ChordProtocols:167 - Finger table entry 85: process2
2025-04-16 15:19:01 INFO  ChordProtocols:167 - Finger table entry 86: process2
2025-04-16 15:19:01 INFO  ChordProtocols:167 - Finger table entry 87: process2
2025-04-16 15:19:01 INFO  ChordProtocols:167 - Finger table entry 88: process2
2025-04-16 15:19:01 INFO  ChordProtocols:167 - Finger table entry 89: process2
2025-04-16 15:19:01 INFO  ChordProtocols:167 - Finger table entry 90: process2
2025-04-16 15:19:01 INFO  ChordProtocols:167 - Finger table entry 91: process2
2025-04-16 15:19:01 INFO  ChordProtocols:167 - Finger table entry 92: process2
2025-04-16 15:19:01 INFO  ChordProtocols:167 - Finger table entry 93: process2
2025-04-16 15:19:01 INFO  ChordProtocols:167 - Finger table entry 94: process2
2025-04-16 15:19:01 INFO  ChordProtocols:167 - Finger table entry 95: process2
2025-04-16 15:19:01 INFO  ChordProtocols:167 - Finger table entry 96: process2
2025-04-16 15:19:01 INFO  ChordProtocols:167 - Finger table entry 97: process2
2025-04-16 15:19:01 INFO  ChordProtocols:167 - Finger table entry 98: process2
2025-04-16 15:19:01 INFO  ChordProtocols:167 - Finger table entry 99: process2
2025-04-16 15:19:01 INFO  ChordProtocols:167 - Finger table entry 100: process2
2025-04-16 15:19:01 INFO  ChordProtocols:167 - Finger table entry 101: process2
2025-04-16 15:19:01 INFO  ChordProtocols:167 - Finger table entry 102: process2
2025-04-16 15:19:01 INFO  ChordProtocols:167 - Finger table entry 103: process2
2025-04-16 15:19:01 INFO  ChordProtocols:167 - Finger table entry 104: process2
2025-04-16 15:19:01 INFO  ChordProtocols:167 - Finger table entry 105: process2
2025-04-16 15:19:01 INFO  ChordProtocols:167 - Finger table entry 106: process2
2025-04-16 15:19:01 INFO  ChordProtocols:167 - Finger table entry 107: process2
2025-04-16 15:19:01 INFO  ChordProtocols:167 - Finger table entry 108: process2
2025-04-16 15:19:01 INFO  ChordProtocols:167 - Finger table entry 109: process2
2025-04-16 15:19:01 INFO  ChordProtocols:167 - Finger table entry 110: process2
2025-04-16 15:19:01 INFO  ChordProtocols:167 - Finger table entry 111: process2
2025-04-16 15:19:01 INFO  ChordProtocols:167 - Finger table entry 112: process2
2025-04-16 15:19:01 INFO  ChordProtocols:167 - Finger table entry 113: process2
2025-04-16 15:19:01 INFO  ChordProtocols:167 - Finger table entry 114: process2
2025-04-16 15:19:01 INFO  ChordProtocols:167 - Finger table entry 115: process2
2025-04-16 15:19:01 INFO  ChordProtocols:167 - Finger table entry 116: process2
2025-04-16 15:19:01 INFO  ChordProtocols:167 - Finger table entry 117: process2
2025-04-16 15:19:01 INFO  ChordProtocols:167 - Finger table entry 118: process2
2025-04-16 15:19:01 INFO  ChordProtocols:167 - Finger table entry 119: process2
2025-04-16 15:19:01 INFO  ChordProtocols:167 - Finger table entry 120: process2
2025-04-16 15:19:01 INFO  ChordProtocols:167 - Finger table entry 121: process2
2025-04-16 15:19:01 INFO  ChordProtocols:167 - Finger table entry 122: process2
2025-04-16 15:19:01 INFO  ChordProtocols:167 - Finger table entry 123: process2
2025-04-16 15:19:01 INFO  ChordProtocols:167 - Finger table entry 124: process2
2025-04-16 15:19:01 INFO  ChordProtocols:167 - Finger table entry 125: process2
2025-04-16 15:19:01 INFO  ChordProtocols:167 - Finger table entry 126: process2
2025-04-16 15:19:01 INFO  ChordProtocols:167 - Finger table entry 127: process2
2025-04-16 15:19:01 INFO  ChordProtocols:167 - Finger table entry 128: process2
2025-04-16 15:19:01 INFO  ChordProtocols:167 - Finger table entry 129: process2
2025-04-16 15:19:01 INFO  ChordProtocols:167 - Finger table entry 130: process2
2025-04-16 15:19:01 INFO  ChordProtocols:167 - Finger table entry 131: process2
2025-04-16 15:19:01 INFO  ChordProtocols:167 - Finger table entry 132: process2
2025-04-16 15:19:01 INFO  ChordProtocols:167 - Finger table entry 133: process2
2025-04-16 15:19:01 INFO  ChordProtocols:167 - Finger table entry 134: process2
2025-04-16 15:19:01 INFO  ChordProtocols:167 - Finger table entry 135: process2
2025-04-16 15:19:01 INFO  ChordProtocols:167 - Finger table entry 136: process2
2025-04-16 15:19:01 INFO  ChordProtocols:167 - Finger table entry 137: process2
2025-04-16 15:19:01 INFO  ChordProtocols:167 - Finger table entry 138: process2
2025-04-16 15:19:01 INFO  ChordProtocols:167 - Finger table entry 139: process2
2025-04-16 15:19:01 INFO  ChordProtocols:167 - Finger table entry 140: process2
2025-04-16 15:19:01 INFO  ChordProtocols:167 - Finger table entry 141: process2
2025-04-16 15:19:01 INFO  ChordProtocols:167 - Finger table entry 142: process2
2025-04-16 15:19:01 INFO  ChordProtocols:167 - Finger table entry 143: process2
2025-04-16 15:19:01 INFO  ChordProtocols:167 - Finger table entry 144: process2
2025-04-16 15:19:01 INFO  ChordProtocols:167 - Finger table entry 145: process2
2025-04-16 15:19:01 INFO  ChordProtocols:167 - Finger table entry 146: process2
2025-04-16 15:19:01 INFO  ChordProtocols:167 - Finger table entry 147: process2
2025-04-16 15:19:01 INFO  ChordProtocols:167 - Finger table entry 148: process2
2025-04-16 15:19:01 INFO  ChordProtocols:167 - Finger table entry 149: process2
2025-04-16 15:19:01 INFO  ChordProtocols:167 - Finger table entry 150: process2
2025-04-16 15:19:01 INFO  ChordProtocols:167 - Finger table entry 151: process2
2025-04-16 15:19:01 INFO  ChordProtocols:167 - Finger table entry 152: process2
2025-04-16 15:19:01 INFO  ChordProtocols:167 - Finger table entry 153: process2
2025-04-16 15:19:01 INFO  ChordProtocols:167 - Finger table entry 154: process2
2025-04-16 15:19:01 INFO  ChordProtocols:167 - Finger table entry 155: process2
2025-04-16 15:19:01 INFO  ChordProtocols:167 - Finger table entry 156: process2
2025-04-16 15:19:01 INFO  ChordProtocols:167 - Finger table entry 157: process2
2025-04-16 15:19:01 INFO  ChordProtocols:167 - Finger table entry 158: process2
2025-04-16 15:19:01 INFO  ChordProtocols:167 - Finger table entry 159: process2
2025-04-16 15:19:01 INFO  StabilizationProtocols:60 - Checking the predecessor for Node: process4
==================================
Node Identifier = 210821560651360572675896360671414673172
Node IP address = process4
successor(process4) = process2
predecessor(process4) = process5
Current File keys for process4 => []
==================================
2025-04-16 15:19:01 INFO  StabilizationProtocols:130 - Updating the successor for Node: process5
2025-04-16 15:19:01 INFO  StabilizationProtocols:84 - Stabilizing ring from process5...
2025-04-16 15:19:01 INFO  StabilizationProtocols:91 - Stabilize ring: succnode = process4
2025-04-16 15:19:01 INFO  StabilizationProtocols:113 - Finished stabilizing chordring from process5
2025-04-16 15:19:01 INFO  ChordProtocols:157 - Fixing the FingerTable for Node: process5
2025-04-16 15:19:01 INFO  ChordProtocols:167 - Finger table entry 0: process4
2025-04-16 15:19:01 INFO  ChordProtocols:167 - Finger table entry 1: process4
2025-04-16 15:19:01 INFO  ChordProtocols:167 - Finger table entry 2: process4
2025-04-16 15:19:01 INFO  ChordProtocols:167 - Finger table entry 3: process4
2025-04-16 15:19:01 INFO  ChordProtocols:167 - Finger table entry 4: process4
2025-04-16 15:19:01 INFO  ChordProtocols:167 - Finger table entry 5: process4
2025-04-16 15:19:01 INFO  ChordProtocols:167 - Finger table entry 6: process4
2025-04-16 15:19:01 INFO  ChordProtocols:167 - Finger table entry 7: process4
2025-04-16 15:19:01 INFO  ChordProtocols:167 - Finger table entry 8: process4
2025-04-16 15:19:01 INFO  ChordProtocols:167 - Finger table entry 9: process4
2025-04-16 15:19:01 INFO  ChordProtocols:167 - Finger table entry 10: process4
2025-04-16 15:19:01 INFO  ChordProtocols:167 - Finger table entry 11: process4
2025-04-16 15:19:01 INFO  ChordProtocols:167 - Finger table entry 12: process4
2025-04-16 15:19:01 INFO  ChordProtocols:167 - Finger table entry 13: process4
2025-04-16 15:19:01 INFO  ChordProtocols:167 - Finger table entry 14: process4
2025-04-16 15:19:01 INFO  ChordProtocols:167 - Finger table entry 15: process4
2025-04-16 15:19:01 INFO  ChordProtocols:167 - Finger table entry 16: process4
2025-04-16 15:19:01 INFO  ChordProtocols:167 - Finger table entry 17: process4
2025-04-16 15:19:01 INFO  ChordProtocols:167 - Finger table entry 18: process4
2025-04-16 15:19:01 INFO  ChordProtocols:167 - Finger table entry 19: process4
2025-04-16 15:19:01 INFO  ChordProtocols:167 - Finger table entry 20: process4
2025-04-16 15:19:01 INFO  ChordProtocols:167 - Finger table entry 21: process4
2025-04-16 15:19:01 INFO  ChordProtocols:167 - Finger table entry 22: process4
2025-04-16 15:19:01 INFO  ChordProtocols:167 - Finger table entry 23: process4
2025-04-16 15:19:01 INFO  ChordProtocols:167 - Finger table entry 24: process4
2025-04-16 15:19:01 INFO  ChordProtocols:167 - Finger table entry 25: process4
2025-04-16 15:19:01 INFO  ChordProtocols:167 - Finger table entry 26: process4
2025-04-16 15:19:01 INFO  ChordProtocols:167 - Finger table entry 27: process4
2025-04-16 15:19:01 INFO  ChordProtocols:167 - Finger table entry 28: process4
2025-04-16 15:19:01 INFO  ChordProtocols:167 - Finger table entry 29: process4
2025-04-16 15:19:01 INFO  ChordProtocols:167 - Finger table entry 30: process4
2025-04-16 15:19:01 INFO  ChordProtocols:167 - Finger table entry 31: process4
2025-04-16 15:19:01 INFO  ChordProtocols:167 - Finger table entry 32: process4
2025-04-16 15:19:01 INFO  ChordProtocols:167 - Finger table entry 33: process4
2025-04-16 15:19:01 INFO  ChordProtocols:167 - Finger table entry 34: process4
2025-04-16 15:19:01 INFO  ChordProtocols:167 - Finger table entry 35: process4
2025-04-16 15:19:01 INFO  ChordProtocols:167 - Finger table entry 36: process4
2025-04-16 15:19:01 INFO  ChordProtocols:167 - Finger table entry 37: process4
2025-04-16 15:19:01 INFO  ChordProtocols:167 - Finger table entry 38: process4
2025-04-16 15:19:01 INFO  ChordProtocols:167 - Finger table entry 39: process4
2025-04-16 15:19:01 INFO  ChordProtocols:167 - Finger table entry 40: process4
2025-04-16 15:19:01 INFO  ChordProtocols:167 - Finger table entry 41: process4
2025-04-16 15:19:01 INFO  ChordProtocols:167 - Finger table entry 42: process4
2025-04-16 15:19:01 INFO  ChordProtocols:167 - Finger table entry 43: process4
2025-04-16 15:19:01 INFO  ChordProtocols:167 - Finger table entry 44: process4
2025-04-16 15:19:01 INFO  ChordProtocols:167 - Finger table entry 45: process4
2025-04-16 15:19:01 INFO  ChordProtocols:167 - Finger table entry 46: process4
2025-04-16 15:19:01 INFO  ChordProtocols:167 - Finger table entry 47: process4
2025-04-16 15:19:01 INFO  ChordProtocols:167 - Finger table entry 48: process4
2025-04-16 15:19:01 INFO  ChordProtocols:167 - Finger table entry 49: process4
2025-04-16 15:19:01 INFO  ChordProtocols:167 - Finger table entry 50: process4
2025-04-16 15:19:01 INFO  ChordProtocols:167 - Finger table entry 51: process4
2025-04-16 15:19:01 INFO  ChordProtocols:167 - Finger table entry 52: process4
2025-04-16 15:19:01 INFO  ChordProtocols:167 - Finger table entry 53: process4
2025-04-16 15:19:01 INFO  ChordProtocols:167 - Finger table entry 54: process4
2025-04-16 15:19:01 INFO  ChordProtocols:167 - Finger table entry 55: process4
2025-04-16 15:19:01 INFO  ChordProtocols:167 - Finger table entry 56: process4
2025-04-16 15:19:01 INFO  ChordProtocols:167 - Finger table entry 57: process4
2025-04-16 15:19:01 INFO  ChordProtocols:167 - Finger table entry 58: process4
2025-04-16 15:19:01 INFO  ChordProtocols:167 - Finger table entry 59: process4
2025-04-16 15:19:01 INFO  ChordProtocols:167 - Finger table entry 60: process4
2025-04-16 15:19:01 INFO  ChordProtocols:167 - Finger table entry 61: process4
2025-04-16 15:19:01 INFO  ChordProtocols:167 - Finger table entry 62: process4
2025-04-16 15:19:01 INFO  ChordProtocols:167 - Finger table entry 63: process4
2025-04-16 15:19:01 INFO  ChordProtocols:167 - Finger table entry 64: process4
2025-04-16 15:19:01 INFO  ChordProtocols:167 - Finger table entry 65: process4
2025-04-16 15:19:01 INFO  ChordProtocols:167 - Finger table entry 66: process4
2025-04-16 15:19:01 INFO  ChordProtocols:167 - Finger table entry 67: process4
2025-04-16 15:19:01 INFO  ChordProtocols:167 - Finger table entry 68: process4
2025-04-16 15:19:01 INFO  ChordProtocols:167 - Finger table entry 69: process4
2025-04-16 15:19:01 INFO  ChordProtocols:167 - Finger table entry 70: process4
2025-04-16 15:19:01 INFO  ChordProtocols:167 - Finger table entry 71: process4
2025-04-16 15:19:01 INFO  ChordProtocols:167 - Finger table entry 72: process4
2025-04-16 15:19:01 INFO  ChordProtocols:167 - Finger table entry 73: process4
2025-04-16 15:19:01 INFO  ChordProtocols:167 - Finger table entry 74: process4
2025-04-16 15:19:01 INFO  ChordProtocols:167 - Finger table entry 75: process4
2025-04-16 15:19:01 INFO  ChordProtocols:167 - Finger table entry 76: process4
2025-04-16 15:19:01 INFO  ChordProtocols:167 - Finger table entry 77: process4
2025-04-16 15:19:01 INFO  ChordProtocols:167 - Finger table entry 78: process4
2025-04-16 15:19:01 INFO  ChordProtocols:167 - Finger table entry 79: process4
2025-04-16 15:19:01 INFO  ChordProtocols:167 - Finger table entry 80: process4
2025-04-16 15:19:01 INFO  ChordProtocols:167 - Finger table entry 81: process4
2025-04-16 15:19:01 INFO  ChordProtocols:167 - Finger table entry 82: process4
2025-04-16 15:19:01 INFO  ChordProtocols:167 - Finger table entry 83: process4
2025-04-16 15:19:01 INFO  ChordProtocols:167 - Finger table entry 84: process4
2025-04-16 15:19:01 INFO  ChordProtocols:167 - Finger table entry 85: process4
2025-04-16 15:19:01 INFO  ChordProtocols:167 - Finger table entry 86: process4
2025-04-16 15:19:01 INFO  ChordProtocols:167 - Finger table entry 87: process4
2025-04-16 15:19:01 INFO  ChordProtocols:167 - Finger table entry 88: process4
2025-04-16 15:19:01 INFO  ChordProtocols:167 - Finger table entry 89: process4
2025-04-16 15:19:01 INFO  ChordProtocols:167 - Finger table entry 90: process4
2025-04-16 15:19:01 INFO  ChordProtocols:167 - Finger table entry 91: process4
2025-04-16 15:19:01 INFO  ChordProtocols:167 - Finger table entry 92: process4
2025-04-16 15:19:01 INFO  ChordProtocols:167 - Finger table entry 93: process4
2025-04-16 15:19:01 INFO  ChordProtocols:167 - Finger table entry 94: process4
2025-04-16 15:19:01 INFO  ChordProtocols:167 - Finger table entry 95: process4
2025-04-16 15:19:01 INFO  ChordProtocols:167 - Finger table entry 96: process4
2025-04-16 15:19:01 INFO  ChordProtocols:167 - Finger table entry 97: process4
2025-04-16 15:19:01 INFO  ChordProtocols:167 - Finger table entry 98: process4
2025-04-16 15:19:01 INFO  ChordProtocols:167 - Finger table entry 99: process4
2025-04-16 15:19:01 INFO  ChordProtocols:167 - Finger table entry 100: process4
2025-04-16 15:19:01 INFO  ChordProtocols:167 - Finger table entry 101: process4
2025-04-16 15:19:01 INFO  ChordProtocols:167 - Finger table entry 102: process4
2025-04-16 15:19:01 INFO  ChordProtocols:167 - Finger table entry 103: process4
2025-04-16 15:19:01 INFO  ChordProtocols:167 - Finger table entry 104: process4
2025-04-16 15:19:01 INFO  ChordProtocols:167 - Finger table entry 105: process4
2025-04-16 15:19:01 INFO  ChordProtocols:167 - Finger table entry 106: process4
2025-04-16 15:19:01 INFO  ChordProtocols:167 - Finger table entry 107: process4
2025-04-16 15:19:01 INFO  ChordProtocols:167 - Finger table entry 108: process4
2025-04-16 15:19:01 INFO  ChordProtocols:167 - Finger table entry 109: process4
2025-04-16 15:19:01 INFO  ChordProtocols:167 - Finger table entry 110: process4
2025-04-16 15:19:01 INFO  ChordProtocols:167 - Finger table entry 111: process4
2025-04-16 15:19:01 INFO  ChordProtocols:167 - Finger table entry 112: process4
2025-04-16 15:19:01 INFO  ChordProtocols:167 - Finger table entry 113: process4
2025-04-16 15:19:01 INFO  ChordProtocols:167 - Finger table entry 114: process4
2025-04-16 15:19:01 INFO  ChordProtocols:167 - Finger table entry 115: process4
2025-04-16 15:19:01 INFO  ChordProtocols:167 - Finger table entry 116: process4
2025-04-16 15:19:01 INFO  ChordProtocols:167 - Finger table entry 117: process4
2025-04-16 15:19:01 INFO  ChordProtocols:167 - Finger table entry 118: process4
2025-04-16 15:19:01 INFO  ChordProtocols:167 - Finger table entry 119: process4
2025-04-16 15:19:01 INFO  ChordProtocols:167 - Finger table entry 120: process4
2025-04-16 15:19:01 INFO  ChordProtocols:167 - Finger table entry 121: process4
2025-04-16 15:19:01 INFO  ChordProtocols:167 - Finger table entry 122: process4
2025-04-16 15:19:01 INFO  ChordProtocols:167 - Finger table entry 123: process4
2025-04-16 15:19:01 INFO  ChordProtocols:167 - Finger table entry 124: process4
2025-04-16 15:19:01 INFO  ChordProtocols:167 - Finger table entry 125: process4
2025-04-16 15:19:01 INFO  ChordProtocols:167 - Finger table entry 126: process4
2025-04-16 15:19:01 INFO  ChordProtocols:167 - Finger table entry 127: process4
2025-04-16 15:19:01 INFO  ChordProtocols:167 - Finger table entry 128: process4
2025-04-16 15:19:01 INFO  ChordProtocols:167 - Finger table entry 129: process4
2025-04-16 15:19:01 INFO  ChordProtocols:167 - Finger table entry 130: process4
2025-04-16 15:19:01 INFO  ChordProtocols:167 - Finger table entry 131: process4
2025-04-16 15:19:01 INFO  ChordProtocols:167 - Finger table entry 132: process4
2025-04-16 15:19:01 INFO  ChordProtocols:167 - Finger table entry 133: process4
2025-04-16 15:19:01 INFO  ChordProtocols:167 - Finger table entry 134: process4
2025-04-16 15:19:01 INFO  ChordProtocols:167 - Finger table entry 135: process4
2025-04-16 15:19:01 INFO  ChordProtocols:167 - Finger table entry 136: process4
2025-04-16 15:19:01 INFO  ChordProtocols:167 - Finger table entry 137: process4
2025-04-16 15:19:01 INFO  ChordProtocols:167 - Finger table entry 138: process4
2025-04-16 15:19:01 INFO  ChordProtocols:167 - Finger table entry 139: process4
2025-04-16 15:19:01 INFO  ChordProtocols:167 - Finger table entry 140: process4
2025-04-16 15:19:01 INFO  ChordProtocols:167 - Finger table entry 141: process4
2025-04-16 15:19:01 INFO  ChordProtocols:167 - Finger table entry 142: process4
2025-04-16 15:19:01 INFO  ChordProtocols:167 - Finger table entry 143: process4
2025-04-16 15:19:01 INFO  ChordProtocols:167 - Finger table entry 144: process4
2025-04-16 15:19:01 INFO  ChordProtocols:167 - Finger table entry 145: process4
2025-04-16 15:19:01 INFO  ChordProtocols:167 - Finger table entry 146: process4
2025-04-16 15:19:01 INFO  ChordProtocols:167 - Finger table entry 147: process4
2025-04-16 15:19:01 INFO  ChordProtocols:167 - Finger table entry 148: process4
2025-04-16 15:19:01 INFO  ChordProtocols:167 - Finger table entry 149: process4
2025-04-16 15:19:01 INFO  ChordProtocols:167 - Finger table entry 150: process4
2025-04-16 15:19:01 INFO  ChordProtocols:167 - Finger table entry 151: process4
2025-04-16 15:19:01 INFO  ChordProtocols:167 - Finger table entry 152: process4
2025-04-16 15:19:01 INFO  ChordProtocols:167 - Finger table entry 153: process4
2025-04-16 15:19:01 INFO  ChordProtocols:167 - Finger table entry 154: process4
2025-04-16 15:19:01 INFO  ChordProtocols:167 - Finger table entry 155: process4
2025-04-16 15:19:01 INFO  ChordProtocols:167 - Finger table entry 156: process4
2025-04-16 15:19:01 INFO  ChordProtocols:167 - Finger table entry 157: process4
2025-04-16 15:19:01 INFO  ChordProtocols:167 - Finger table entry 158: process4
2025-04-16 15:19:01 INFO  ChordProtocols:167 - Finger table entry 159: process4
2025-04-16 15:19:01 INFO  StabilizationProtocols:60 - Checking the predecessor for Node: process5
==================================
Node Identifier = 121411138451101288395601026024677976156
Node IP address = process5
successor(process5) = process4
predecessor(process5) = process3
Current File keys for process5 => []
==================================
2025-04-16 15:19:02 INFO  StabilizationProtocols:130 - Updating the successor for Node: process1
2025-04-16 15:19:02 INFO  StabilizationProtocols:165 - Finished updating the successor for Node: process1
2025-04-16 15:19:02 INFO  StabilizationProtocols:84 - Stabilizing ring from process1...
2025-04-16 15:19:02 INFO  StabilizationProtocols:91 - Stabilize ring: succnode = process1
2025-04-16 15:19:02 INFO  StabilizationProtocols:113 - Finished stabilizing chordring from process1
2025-04-16 15:19:02 INFO  ChordProtocols:157 - Fixing the FingerTable for Node: process1
2025-04-16 15:19:02 INFO  ChordProtocols:167 - Finger table entry 0: process1
2025-04-16 15:19:02 INFO  ChordProtocols:167 - Finger table entry 1: process1
2025-04-16 15:19:02 INFO  ChordProtocols:167 - Finger table entry 2: process1
2025-04-16 15:19:02 INFO  ChordProtocols:167 - Finger table entry 3: process1
2025-04-16 15:19:02 INFO  ChordProtocols:167 - Finger table entry 4: process1
2025-04-16 15:19:02 INFO  ChordProtocols:167 - Finger table entry 5: process1
2025-04-16 15:19:02 INFO  ChordProtocols:167 - Finger table entry 6: process1
2025-04-16 15:19:02 INFO  ChordProtocols:167 - Finger table entry 7: process1
2025-04-16 15:19:02 INFO  ChordProtocols:167 - Finger table entry 8: process1
2025-04-16 15:19:02 INFO  ChordProtocols:167 - Finger table entry 9: process1
2025-04-16 15:19:02 INFO  ChordProtocols:167 - Finger table entry 10: process1
2025-04-16 15:19:02 INFO  ChordProtocols:167 - Finger table entry 11: process1
2025-04-16 15:19:02 INFO  ChordProtocols:167 - Finger table entry 12: process1
2025-04-16 15:19:02 INFO  ChordProtocols:167 - Finger table entry 13: process1
2025-04-16 15:19:02 INFO  ChordProtocols:167 - Finger table entry 14: process1
2025-04-16 15:19:02 INFO  ChordProtocols:167 - Finger table entry 15: process1
2025-04-16 15:19:02 INFO  ChordProtocols:167 - Finger table entry 16: process1
2025-04-16 15:19:02 INFO  ChordProtocols:167 - Finger table entry 17: process1
2025-04-16 15:19:02 INFO  ChordProtocols:167 - Finger table entry 18: process1
2025-04-16 15:19:02 INFO  ChordProtocols:167 - Finger table entry 19: process1
2025-04-16 15:19:02 INFO  ChordProtocols:167 - Finger table entry 20: process1
2025-04-16 15:19:02 INFO  ChordProtocols:167 - Finger table entry 21: process1
2025-04-16 15:19:02 INFO  ChordProtocols:167 - Finger table entry 22: process1
2025-04-16 15:19:02 INFO  ChordProtocols:167 - Finger table entry 23: process1
2025-04-16 15:19:02 INFO  ChordProtocols:167 - Finger table entry 24: process1
2025-04-16 15:19:02 INFO  ChordProtocols:167 - Finger table entry 25: process1
2025-04-16 15:19:02 INFO  ChordProtocols:167 - Finger table entry 26: process1
2025-04-16 15:19:02 INFO  ChordProtocols:167 - Finger table entry 27: process1
2025-04-16 15:19:02 INFO  ChordProtocols:167 - Finger table entry 28: process1
2025-04-16 15:19:02 INFO  ChordProtocols:167 - Finger table entry 29: process1
2025-04-16 15:19:02 INFO  ChordProtocols:167 - Finger table entry 30: process1
2025-04-16 15:19:02 INFO  ChordProtocols:167 - Finger table entry 31: process1
2025-04-16 15:19:02 INFO  ChordProtocols:167 - Finger table entry 32: process1
2025-04-16 15:19:02 INFO  ChordProtocols:167 - Finger table entry 33: process1
2025-04-16 15:19:02 INFO  ChordProtocols:167 - Finger table entry 34: process1
2025-04-16 15:19:02 INFO  ChordProtocols:167 - Finger table entry 35: process1
2025-04-16 15:19:02 INFO  ChordProtocols:167 - Finger table entry 36: process1
2025-04-16 15:19:02 INFO  ChordProtocols:167 - Finger table entry 37: process1
2025-04-16 15:19:02 INFO  ChordProtocols:167 - Finger table entry 38: process1
2025-04-16 15:19:02 INFO  ChordProtocols:167 - Finger table entry 39: process1
2025-04-16 15:19:02 INFO  ChordProtocols:167 - Finger table entry 40: process1
2025-04-16 15:19:02 INFO  ChordProtocols:167 - Finger table entry 41: process1
2025-04-16 15:19:02 INFO  ChordProtocols:167 - Finger table entry 42: process1
2025-04-16 15:19:02 INFO  ChordProtocols:167 - Finger table entry 43: process1
2025-04-16 15:19:02 INFO  ChordProtocols:167 - Finger table entry 44: process1
2025-04-16 15:19:02 INFO  ChordProtocols:167 - Finger table entry 45: process1
2025-04-16 15:19:02 INFO  ChordProtocols:167 - Finger table entry 46: process1
2025-04-16 15:19:02 INFO  ChordProtocols:167 - Finger table entry 47: process1
2025-04-16 15:19:02 INFO  ChordProtocols:167 - Finger table entry 48: process1
2025-04-16 15:19:02 INFO  ChordProtocols:167 - Finger table entry 49: process1
2025-04-16 15:19:02 INFO  ChordProtocols:167 - Finger table entry 50: process1
2025-04-16 15:19:02 INFO  ChordProtocols:167 - Finger table entry 51: process1
2025-04-16 15:19:02 INFO  ChordProtocols:167 - Finger table entry 52: process1
2025-04-16 15:19:02 INFO  ChordProtocols:167 - Finger table entry 53: process1
2025-04-16 15:19:02 INFO  ChordProtocols:167 - Finger table entry 54: process1
2025-04-16 15:19:02 INFO  ChordProtocols:167 - Finger table entry 55: process1
2025-04-16 15:19:02 INFO  ChordProtocols:167 - Finger table entry 56: process1
2025-04-16 15:19:02 INFO  ChordProtocols:167 - Finger table entry 57: process1
2025-04-16 15:19:02 INFO  ChordProtocols:167 - Finger table entry 58: process1
2025-04-16 15:19:02 INFO  ChordProtocols:167 - Finger table entry 59: process1
2025-04-16 15:19:02 INFO  ChordProtocols:167 - Finger table entry 60: process1
2025-04-16 15:19:02 INFO  ChordProtocols:167 - Finger table entry 61: process1
2025-04-16 15:19:02 INFO  ChordProtocols:167 - Finger table entry 62: process1
2025-04-16 15:19:02 INFO  ChordProtocols:167 - Finger table entry 63: process1
2025-04-16 15:19:02 INFO  ChordProtocols:167 - Finger table entry 64: process1
2025-04-16 15:19:02 INFO  ChordProtocols:167 - Finger table entry 65: process1
2025-04-16 15:19:02 INFO  ChordProtocols:167 - Finger table entry 66: process1
2025-04-16 15:19:02 INFO  ChordProtocols:167 - Finger table entry 67: process1
2025-04-16 15:19:02 INFO  ChordProtocols:167 - Finger table entry 68: process1
2025-04-16 15:19:02 INFO  ChordProtocols:167 - Finger table entry 69: process1
2025-04-16 15:19:02 INFO  ChordProtocols:167 - Finger table entry 70: process1
2025-04-16 15:19:02 INFO  ChordProtocols:167 - Finger table entry 71: process1
2025-04-16 15:19:02 INFO  ChordProtocols:167 - Finger table entry 72: process1
2025-04-16 15:19:02 INFO  ChordProtocols:167 - Finger table entry 73: process1
2025-04-16 15:19:02 INFO  ChordProtocols:167 - Finger table entry 74: process1
2025-04-16 15:19:02 INFO  ChordProtocols:167 - Finger table entry 75: process1
2025-04-16 15:19:02 INFO  ChordProtocols:167 - Finger table entry 76: process1
2025-04-16 15:19:02 INFO  ChordProtocols:167 - Finger table entry 77: process1
2025-04-16 15:19:02 INFO  ChordProtocols:167 - Finger table entry 78: process1
2025-04-16 15:19:02 INFO  ChordProtocols:167 - Finger table entry 79: process1
2025-04-16 15:19:02 INFO  ChordProtocols:167 - Finger table entry 80: process1
2025-04-16 15:19:02 INFO  ChordProtocols:167 - Finger table entry 81: process1
2025-04-16 15:19:02 INFO  ChordProtocols:167 - Finger table entry 82: process1
2025-04-16 15:19:02 INFO  ChordProtocols:167 - Finger table entry 83: process1
2025-04-16 15:19:02 INFO  ChordProtocols:167 - Finger table entry 84: process1
2025-04-16 15:19:02 INFO  ChordProtocols:167 - Finger table entry 85: process1
2025-04-16 15:19:02 INFO  ChordProtocols:167 - Finger table entry 86: process1
2025-04-16 15:19:02 INFO  ChordProtocols:167 - Finger table entry 87: process1
2025-04-16 15:19:02 INFO  ChordProtocols:167 - Finger table entry 88: process1
2025-04-16 15:19:02 INFO  ChordProtocols:167 - Finger table entry 89: process1
2025-04-16 15:19:02 INFO  ChordProtocols:167 - Finger table entry 90: process1
2025-04-16 15:19:02 INFO  ChordProtocols:167 - Finger table entry 91: process1
2025-04-16 15:19:02 INFO  ChordProtocols:167 - Finger table entry 92: process1
2025-04-16 15:19:02 INFO  ChordProtocols:167 - Finger table entry 93: process1
2025-04-16 15:19:02 INFO  ChordProtocols:167 - Finger table entry 94: process1
2025-04-16 15:19:02 INFO  ChordProtocols:167 - Finger table entry 95: process1
2025-04-16 15:19:02 INFO  ChordProtocols:167 - Finger table entry 96: process1
2025-04-16 15:19:02 INFO  ChordProtocols:167 - Finger table entry 97: process1
2025-04-16 15:19:02 INFO  ChordProtocols:167 - Finger table entry 98: process1
2025-04-16 15:19:02 INFO  ChordProtocols:167 - Finger table entry 99: process1
2025-04-16 15:19:02 INFO  ChordProtocols:167 - Finger table entry 100: process1
2025-04-16 15:19:02 INFO  ChordProtocols:167 - Finger table entry 101: process1
2025-04-16 15:19:02 INFO  ChordProtocols:167 - Finger table entry 102: process1
2025-04-16 15:19:02 INFO  ChordProtocols:167 - Finger table entry 103: process1
2025-04-16 15:19:02 INFO  ChordProtocols:167 - Finger table entry 104: process1
2025-04-16 15:19:02 INFO  ChordProtocols:167 - Finger table entry 105: process1
2025-04-16 15:19:02 INFO  ChordProtocols:167 - Finger table entry 106: process1
2025-04-16 15:19:02 INFO  ChordProtocols:167 - Finger table entry 107: process1
2025-04-16 15:19:02 INFO  ChordProtocols:167 - Finger table entry 108: process1
2025-04-16 15:19:02 INFO  ChordProtocols:167 - Finger table entry 109: process1
2025-04-16 15:19:02 INFO  ChordProtocols:167 - Finger table entry 110: process1
2025-04-16 15:19:02 INFO  ChordProtocols:167 - Finger table entry 111: process1
2025-04-16 15:19:02 INFO  ChordProtocols:167 - Finger table entry 112: process1
2025-04-16 15:19:02 INFO  ChordProtocols:167 - Finger table entry 113: process1
2025-04-16 15:19:02 INFO  ChordProtocols:167 - Finger table entry 114: process1
2025-04-16 15:19:02 INFO  ChordProtocols:167 - Finger table entry 115: process1
2025-04-16 15:19:02 INFO  ChordProtocols:167 - Finger table entry 116: process1
2025-04-16 15:19:02 INFO  ChordProtocols:167 - Finger table entry 117: process1
2025-04-16 15:19:02 INFO  ChordProtocols:167 - Finger table entry 118: process1
2025-04-16 15:19:02 INFO  ChordProtocols:167 - Finger table entry 119: process1
2025-04-16 15:19:02 INFO  ChordProtocols:167 - Finger table entry 120: process1
2025-04-16 15:19:02 INFO  ChordProtocols:167 - Finger table entry 121: process1
2025-04-16 15:19:02 INFO  ChordProtocols:167 - Finger table entry 122: process1
2025-04-16 15:19:02 INFO  ChordProtocols:167 - Finger table entry 123: process1
2025-04-16 15:19:02 INFO  ChordProtocols:167 - Finger table entry 124: process1
2025-04-16 15:19:02 INFO  ChordProtocols:167 - Finger table entry 125: process1
2025-04-16 15:19:02 INFO  ChordProtocols:167 - Finger table entry 126: process1
2025-04-16 15:19:02 INFO  ChordProtocols:167 - Finger table entry 127: process1
2025-04-16 15:19:02 INFO  ChordProtocols:167 - Finger table entry 128: process1
2025-04-16 15:19:02 INFO  ChordProtocols:167 - Finger table entry 129: process1
2025-04-16 15:19:02 INFO  ChordProtocols:167 - Finger table entry 130: process1
2025-04-16 15:19:02 INFO  ChordProtocols:167 - Finger table entry 131: process1
2025-04-16 15:19:02 INFO  ChordProtocols:167 - Finger table entry 132: process1
2025-04-16 15:19:02 INFO  ChordProtocols:167 - Finger table entry 133: process1
2025-04-16 15:19:02 INFO  ChordProtocols:167 - Finger table entry 134: process1
2025-04-16 15:19:02 INFO  ChordProtocols:167 - Finger table entry 135: process1
2025-04-16 15:19:02 INFO  ChordProtocols:167 - Finger table entry 136: process1
2025-04-16 15:19:02 INFO  ChordProtocols:167 - Finger table entry 137: process1
2025-04-16 15:19:02 INFO  ChordProtocols:167 - Finger table entry 138: process1
2025-04-16 15:19:02 INFO  ChordProtocols:167 - Finger table entry 139: process1
2025-04-16 15:19:02 INFO  ChordProtocols:167 - Finger table entry 140: process1
2025-04-16 15:19:02 INFO  ChordProtocols:167 - Finger table entry 141: process1
2025-04-16 15:19:02 INFO  ChordProtocols:167 - Finger table entry 142: process1
2025-04-16 15:19:02 INFO  ChordProtocols:167 - Finger table entry 143: process1
2025-04-16 15:19:02 INFO  ChordProtocols:167 - Finger table entry 144: process1
2025-04-16 15:19:02 INFO  ChordProtocols:167 - Finger table entry 145: process1
2025-04-16 15:19:02 INFO  ChordProtocols:167 - Finger table entry 146: process1
2025-04-16 15:19:02 INFO  ChordProtocols:167 - Finger table entry 147: process1
2025-04-16 15:19:02 INFO  ChordProtocols:167 - Finger table entry 148: process1
2025-04-16 15:19:02 INFO  ChordProtocols:167 - Finger table entry 149: process1
2025-04-16 15:19:02 INFO  ChordProtocols:167 - Finger table entry 150: process1
2025-04-16 15:19:02 INFO  ChordProtocols:167 - Finger table entry 151: process1
2025-04-16 15:19:02 INFO  ChordProtocols:167 - Finger table entry 152: process1
2025-04-16 15:19:02 INFO  ChordProtocols:167 - Finger table entry 153: process1
2025-04-16 15:19:02 INFO  ChordProtocols:167 - Finger table entry 154: process1
2025-04-16 15:19:02 INFO  ChordProtocols:167 - Finger table entry 155: process1
2025-04-16 15:19:02 INFO  ChordProtocols:167 - Finger table entry 156: process1
2025-04-16 15:19:02 INFO  ChordProtocols:167 - Finger table entry 157: process1
2025-04-16 15:19:02 INFO  ChordProtocols:167 - Finger table entry 158: process1
2025-04-16 15:19:02 INFO  ChordProtocols:167 - Finger table entry 159: process1
2025-04-16 15:19:02 INFO  StabilizationProtocols:60 - Checking the predecessor for Node: process1
==================================
Node Identifier = 53937554629190552131995290006614509577
Node IP address = process1
successor(process1) = process1
predecessor(process1) = process2
Current File keys for process1 => []
==================================
2025-04-16 15:19:02 INFO  StabilizationProtocols:130 - Updating the successor for Node: process2
2025-04-16 15:19:02 INFO  StabilizationProtocols:84 - Stabilizing ring from process2...
2025-04-16 15:19:02 INFO  StabilizationProtocols:91 - Stabilize ring: succnode = process1
2025-04-16 15:19:02 INFO  StabilizationProtocols:113 - Finished stabilizing chordring from process2
2025-04-16 15:19:02 INFO  ChordProtocols:157 - Fixing the FingerTable for Node: process2
2025-04-16 15:19:02 INFO  ChordProtocols:167 - Finger table entry 0: process1
2025-04-16 15:19:02 INFO  ChordProtocols:167 - Finger table entry 1: process1
2025-04-16 15:19:02 INFO  ChordProtocols:167 - Finger table entry 2: process1
2025-04-16 15:19:02 INFO  ChordProtocols:167 - Finger table entry 3: process1
2025-04-16 15:19:02 INFO  ChordProtocols:167 - Finger table entry 4: process1
2025-04-16 15:19:02 INFO  ChordProtocols:167 - Finger table entry 5: process1
2025-04-16 15:19:02 INFO  ChordProtocols:167 - Finger table entry 6: process1
2025-04-16 15:19:02 INFO  ChordProtocols:167 - Finger table entry 7: process1
2025-04-16 15:19:02 INFO  ChordProtocols:167 - Finger table entry 8: process1
2025-04-16 15:19:02 INFO  ChordProtocols:167 - Finger table entry 9: process1
2025-04-16 15:19:02 INFO  ChordProtocols:167 - Finger table entry 10: process1
2025-04-16 15:19:02 INFO  ChordProtocols:167 - Finger table entry 11: process1
2025-04-16 15:19:02 INFO  ChordProtocols:167 - Finger table entry 12: process1
2025-04-16 15:19:02 INFO  ChordProtocols:167 - Finger table entry 13: process1
2025-04-16 15:19:02 INFO  ChordProtocols:167 - Finger table entry 14: process1
2025-04-16 15:19:02 INFO  ChordProtocols:167 - Finger table entry 15: process1
2025-04-16 15:19:02 INFO  ChordProtocols:167 - Finger table entry 16: process1
2025-04-16 15:19:02 INFO  ChordProtocols:167 - Finger table entry 17: process1
2025-04-16 15:19:02 INFO  ChordProtocols:167 - Finger table entry 18: process1
2025-04-16 15:19:02 INFO  ChordProtocols:167 - Finger table entry 19: process1
2025-04-16 15:19:02 INFO  ChordProtocols:167 - Finger table entry 20: process1
2025-04-16 15:19:02 INFO  ChordProtocols:167 - Finger table entry 21: process1
2025-04-16 15:19:02 INFO  ChordProtocols:167 - Finger table entry 22: process1
2025-04-16 15:19:02 INFO  ChordProtocols:167 - Finger table entry 23: process1
2025-04-16 15:19:02 INFO  ChordProtocols:167 - Finger table entry 24: process1
2025-04-16 15:19:02 INFO  ChordProtocols:167 - Finger table entry 25: process1
2025-04-16 15:19:02 INFO  ChordProtocols:167 - Finger table entry 26: process1
2025-04-16 15:19:02 INFO  ChordProtocols:167 - Finger table entry 27: process1
2025-04-16 15:19:02 INFO  ChordProtocols:167 - Finger table entry 28: process1
2025-04-16 15:19:02 INFO  ChordProtocols:167 - Finger table entry 29: process1
2025-04-16 15:19:02 INFO  ChordProtocols:167 - Finger table entry 30: process1
2025-04-16 15:19:02 INFO  ChordProtocols:167 - Finger table entry 31: process1
2025-04-16 15:19:02 INFO  ChordProtocols:167 - Finger table entry 32: process1
2025-04-16 15:19:02 INFO  ChordProtocols:167 - Finger table entry 33: process1
2025-04-16 15:19:02 INFO  ChordProtocols:167 - Finger table entry 34: process1
2025-04-16 15:19:02 INFO  ChordProtocols:167 - Finger table entry 35: process1
2025-04-16 15:19:02 INFO  ChordProtocols:167 - Finger table entry 36: process1
2025-04-16 15:19:02 INFO  ChordProtocols:167 - Finger table entry 37: process1
2025-04-16 15:19:02 INFO  ChordProtocols:167 - Finger table entry 38: process1
2025-04-16 15:19:02 INFO  ChordProtocols:167 - Finger table entry 39: process1
2025-04-16 15:19:02 INFO  ChordProtocols:167 - Finger table entry 40: process1
2025-04-16 15:19:02 INFO  ChordProtocols:167 - Finger table entry 41: process1
2025-04-16 15:19:02 INFO  ChordProtocols:167 - Finger table entry 42: process1
2025-04-16 15:19:02 INFO  ChordProtocols:167 - Finger table entry 43: process1
2025-04-16 15:19:02 INFO  ChordProtocols:167 - Finger table entry 44: process1
2025-04-16 15:19:02 INFO  ChordProtocols:167 - Finger table entry 45: process1
2025-04-16 15:19:02 INFO  ChordProtocols:167 - Finger table entry 46: process1
2025-04-16 15:19:02 INFO  ChordProtocols:167 - Finger table entry 47: process1
2025-04-16 15:19:02 INFO  ChordProtocols:167 - Finger table entry 48: process1
2025-04-16 15:19:02 INFO  ChordProtocols:167 - Finger table entry 49: process1
2025-04-16 15:19:02 INFO  ChordProtocols:167 - Finger table entry 50: process1
2025-04-16 15:19:02 INFO  ChordProtocols:167 - Finger table entry 51: process1
2025-04-16 15:19:02 INFO  ChordProtocols:167 - Finger table entry 52: process1
2025-04-16 15:19:02 INFO  ChordProtocols:167 - Finger table entry 53: process1
2025-04-16 15:19:02 INFO  ChordProtocols:167 - Finger table entry 54: process1
2025-04-16 15:19:02 INFO  ChordProtocols:167 - Finger table entry 55: process1
2025-04-16 15:19:02 INFO  ChordProtocols:167 - Finger table entry 56: process1
2025-04-16 15:19:02 INFO  ChordProtocols:167 - Finger table entry 57: process1
2025-04-16 15:19:02 INFO  ChordProtocols:167 - Finger table entry 58: process1
2025-04-16 15:19:02 INFO  ChordProtocols:167 - Finger table entry 59: process1
2025-04-16 15:19:02 INFO  ChordProtocols:167 - Finger table entry 60: process1
2025-04-16 15:19:02 INFO  ChordProtocols:167 - Finger table entry 61: process1
2025-04-16 15:19:02 INFO  ChordProtocols:167 - Finger table entry 62: process1
2025-04-16 15:19:02 INFO  ChordProtocols:167 - Finger table entry 63: process1
2025-04-16 15:19:02 INFO  ChordProtocols:167 - Finger table entry 64: process1
2025-04-16 15:19:02 INFO  ChordProtocols:167 - Finger table entry 65: process1
2025-04-16 15:19:02 INFO  ChordProtocols:167 - Finger table entry 66: process1
2025-04-16 15:19:02 INFO  ChordProtocols:167 - Finger table entry 67: process1
2025-04-16 15:19:02 INFO  ChordProtocols:167 - Finger table entry 68: process1
2025-04-16 15:19:02 INFO  ChordProtocols:167 - Finger table entry 69: process1
2025-04-16 15:19:02 INFO  ChordProtocols:167 - Finger table entry 70: process1
2025-04-16 15:19:02 INFO  ChordProtocols:167 - Finger table entry 71: process1
2025-04-16 15:19:02 INFO  ChordProtocols:167 - Finger table entry 72: process1
2025-04-16 15:19:02 INFO  ChordProtocols:167 - Finger table entry 73: process1
2025-04-16 15:19:02 INFO  ChordProtocols:167 - Finger table entry 74: process1
2025-04-16 15:19:02 INFO  ChordProtocols:167 - Finger table entry 75: process1
2025-04-16 15:19:02 INFO  ChordProtocols:167 - Finger table entry 76: process1
2025-04-16 15:19:02 INFO  ChordProtocols:167 - Finger table entry 77: process1
2025-04-16 15:19:02 INFO  ChordProtocols:167 - Finger table entry 78: process1
2025-04-16 15:19:02 INFO  ChordProtocols:167 - Finger table entry 79: process1
2025-04-16 15:19:02 INFO  ChordProtocols:167 - Finger table entry 80: process1
2025-04-16 15:19:02 INFO  ChordProtocols:167 - Finger table entry 81: process1
2025-04-16 15:19:02 INFO  ChordProtocols:167 - Finger table entry 82: process1
2025-04-16 15:19:02 INFO  ChordProtocols:167 - Finger table entry 83: process1
2025-04-16 15:19:02 INFO  ChordProtocols:167 - Finger table entry 84: process1
2025-04-16 15:19:02 INFO  ChordProtocols:167 - Finger table entry 85: process1
2025-04-16 15:19:02 INFO  ChordProtocols:167 - Finger table entry 86: process1
2025-04-16 15:19:02 INFO  ChordProtocols:167 - Finger table entry 87: process1
2025-04-16 15:19:02 INFO  ChordProtocols:167 - Finger table entry 88: process1
2025-04-16 15:19:02 INFO  ChordProtocols:167 - Finger table entry 89: process1
2025-04-16 15:19:02 INFO  ChordProtocols:167 - Finger table entry 90: process1
2025-04-16 15:19:02 INFO  ChordProtocols:167 - Finger table entry 91: process1
2025-04-16 15:19:02 INFO  ChordProtocols:167 - Finger table entry 92: process1
2025-04-16 15:19:02 INFO  ChordProtocols:167 - Finger table entry 93: process1
2025-04-16 15:19:02 INFO  ChordProtocols:167 - Finger table entry 94: process1
2025-04-16 15:19:02 INFO  ChordProtocols:167 - Finger table entry 95: process1
2025-04-16 15:19:02 INFO  ChordProtocols:167 - Finger table entry 96: process1
2025-04-16 15:19:02 INFO  ChordProtocols:167 - Finger table entry 97: process1
2025-04-16 15:19:02 INFO  ChordProtocols:167 - Finger table entry 98: process1
2025-04-16 15:19:02 INFO  ChordProtocols:167 - Finger table entry 99: process1
2025-04-16 15:19:02 INFO  ChordProtocols:167 - Finger table entry 100: process1
2025-04-16 15:19:02 INFO  ChordProtocols:167 - Finger table entry 101: process1
2025-04-16 15:19:02 INFO  ChordProtocols:167 - Finger table entry 102: process1
2025-04-16 15:19:02 INFO  ChordProtocols:167 - Finger table entry 103: process1
2025-04-16 15:19:02 INFO  ChordProtocols:167 - Finger table entry 104: process1
2025-04-16 15:19:02 INFO  ChordProtocols:167 - Finger table entry 105: process1
2025-04-16 15:19:02 INFO  ChordProtocols:167 - Finger table entry 106: process1
2025-04-16 15:19:02 INFO  ChordProtocols:167 - Finger table entry 107: process1
2025-04-16 15:19:02 INFO  ChordProtocols:167 - Finger table entry 108: process1
2025-04-16 15:19:02 INFO  ChordProtocols:167 - Finger table entry 109: process1
2025-04-16 15:19:02 INFO  ChordProtocols:167 - Finger table entry 110: process1
2025-04-16 15:19:02 INFO  ChordProtocols:167 - Finger table entry 111: process1
2025-04-16 15:19:02 INFO  ChordProtocols:167 - Finger table entry 112: process1
2025-04-16 15:19:02 INFO  ChordProtocols:167 - Finger table entry 113: process1
2025-04-16 15:19:02 INFO  ChordProtocols:167 - Finger table entry 114: process1
2025-04-16 15:19:02 INFO  ChordProtocols:167 - Finger table entry 115: process1
2025-04-16 15:19:02 INFO  ChordProtocols:167 - Finger table entry 116: process1
2025-04-16 15:19:02 INFO  ChordProtocols:167 - Finger table entry 117: process1
2025-04-16 15:19:02 INFO  ChordProtocols:167 - Finger table entry 118: process1
2025-04-16 15:19:02 INFO  ChordProtocols:167 - Finger table entry 119: process1
2025-04-16 15:19:02 INFO  ChordProtocols:167 - Finger table entry 120: process1
2025-04-16 15:19:02 INFO  ChordProtocols:167 - Finger table entry 121: process1
2025-04-16 15:19:02 INFO  ChordProtocols:167 - Finger table entry 122: process1
2025-04-16 15:19:02 INFO  ChordProtocols:167 - Finger table entry 123: process1
2025-04-16 15:19:02 INFO  ChordProtocols:167 - Finger table entry 124: process1
2025-04-16 15:19:02 INFO  ChordProtocols:167 - Finger table entry 125: process1
2025-04-16 15:19:02 INFO  ChordProtocols:167 - Finger table entry 126: process1
2025-04-16 15:19:02 INFO  ChordProtocols:167 - Finger table entry 127: process1
2025-04-16 15:19:02 INFO  ChordProtocols:167 - Finger table entry 128: process1
2025-04-16 15:19:02 INFO  ChordProtocols:167 - Finger table entry 129: process1
2025-04-16 15:19:02 INFO  ChordProtocols:167 - Finger table entry 130: process1
2025-04-16 15:19:02 INFO  ChordProtocols:167 - Finger table entry 131: process1
2025-04-16 15:19:02 INFO  ChordProtocols:167 - Finger table entry 132: process1
2025-04-16 15:19:02 INFO  ChordProtocols:167 - Finger table entry 133: process1
2025-04-16 15:19:02 INFO  ChordProtocols:167 - Finger table entry 134: process1
2025-04-16 15:19:02 INFO  ChordProtocols:167 - Finger table entry 135: process1
2025-04-16 15:19:02 INFO  ChordProtocols:167 - Finger table entry 136: process1
2025-04-16 15:19:02 INFO  ChordProtocols:167 - Finger table entry 137: process1
2025-04-16 15:19:02 INFO  ChordProtocols:167 - Finger table entry 138: process1
2025-04-16 15:19:02 INFO  ChordProtocols:167 - Finger table entry 139: process1
2025-04-16 15:19:02 INFO  ChordProtocols:167 - Finger table entry 140: process1
2025-04-16 15:19:02 INFO  ChordProtocols:167 - Finger table entry 141: process1
2025-04-16 15:19:02 INFO  ChordProtocols:167 - Finger table entry 142: process1
2025-04-16 15:19:02 INFO  ChordProtocols:167 - Finger table entry 143: process1
2025-04-16 15:19:02 INFO  ChordProtocols:167 - Finger table entry 144: process1
2025-04-16 15:19:02 INFO  ChordProtocols:167 - Finger table entry 145: process1
2025-04-16 15:19:02 INFO  ChordProtocols:167 - Finger table entry 146: process1
2025-04-16 15:19:02 INFO  ChordProtocols:167 - Finger table entry 147: process1
2025-04-16 15:19:02 INFO  ChordProtocols:167 - Finger table entry 148: process1
2025-04-16 15:19:02 INFO  ChordProtocols:167 - Finger table entry 149: process1
2025-04-16 15:19:02 INFO  ChordProtocols:167 - Finger table entry 150: process1
2025-04-16 15:19:02 INFO  ChordProtocols:167 - Finger table entry 151: process1
2025-04-16 15:19:02 INFO  ChordProtocols:167 - Finger table entry 152: process1
2025-04-16 15:19:02 INFO  ChordProtocols:167 - Finger table entry 153: process1
2025-04-16 15:19:02 INFO  ChordProtocols:167 - Finger table entry 154: process1
2025-04-16 15:19:02 INFO  ChordProtocols:167 - Finger table entry 155: process1
2025-04-16 15:19:02 INFO  ChordProtocols:167 - Finger table entry 156: process1
2025-04-16 15:19:02 INFO  ChordProtocols:167 - Finger table entry 157: process1
2025-04-16 15:19:02 INFO  ChordProtocols:167 - Finger table entry 158: process1
2025-04-16 15:19:02 INFO  ChordProtocols:167 - Finger table entry 159: process1
2025-04-16 15:19:02 INFO  StabilizationProtocols:60 - Checking the predecessor for Node: process2
==================================
Node Identifier = 15618062003214643351512781541041391612
Node IP address = process2
successor(process2) = process1
predecessor(process2) = process4
Current File keys for process2 => []
==================================
2025-04-16 15:19:02 INFO  StabilizationProtocols:130 - Updating the successor for Node: process3
2025-04-16 15:19:02 INFO  StabilizationProtocols:84 - Stabilizing ring from process3...
2025-04-16 15:19:02 INFO  StabilizationProtocols:91 - Stabilize ring: succnode = process5
2025-04-16 15:19:02 INFO  StabilizationProtocols:113 - Finished stabilizing chordring from process3
2025-04-16 15:19:02 INFO  ChordProtocols:157 - Fixing the FingerTable for Node: process3
2025-04-16 15:19:02 INFO  ChordProtocols:167 - Finger table entry 0: process5
2025-04-16 15:19:02 INFO  ChordProtocols:167 - Finger table entry 1: process5
2025-04-16 15:19:02 INFO  ChordProtocols:167 - Finger table entry 2: process5
2025-04-16 15:19:02 INFO  ChordProtocols:167 - Finger table entry 3: process5
2025-04-16 15:19:02 INFO  ChordProtocols:167 - Finger table entry 4: process5
2025-04-16 15:19:02 INFO  ChordProtocols:167 - Finger table entry 5: process5
2025-04-16 15:19:02 INFO  ChordProtocols:167 - Finger table entry 6: process5
2025-04-16 15:19:02 INFO  ChordProtocols:167 - Finger table entry 7: process5
2025-04-16 15:19:02 INFO  ChordProtocols:167 - Finger table entry 8: process5
2025-04-16 15:19:02 INFO  ChordProtocols:167 - Finger table entry 9: process5
2025-04-16 15:19:02 INFO  ChordProtocols:167 - Finger table entry 10: process5
2025-04-16 15:19:02 INFO  ChordProtocols:167 - Finger table entry 11: process5
2025-04-16 15:19:02 INFO  ChordProtocols:167 - Finger table entry 12: process5
2025-04-16 15:19:02 INFO  ChordProtocols:167 - Finger table entry 13: process5
2025-04-16 15:19:02 INFO  ChordProtocols:167 - Finger table entry 14: process5
2025-04-16 15:19:02 INFO  ChordProtocols:167 - Finger table entry 15: process5
2025-04-16 15:19:02 INFO  ChordProtocols:167 - Finger table entry 16: process5
2025-04-16 15:19:02 INFO  ChordProtocols:167 - Finger table entry 17: process5
2025-04-16 15:19:02 INFO  ChordProtocols:167 - Finger table entry 18: process5
2025-04-16 15:19:02 INFO  ChordProtocols:167 - Finger table entry 19: process5
2025-04-16 15:19:02 INFO  ChordProtocols:167 - Finger table entry 20: process5
2025-04-16 15:19:02 INFO  ChordProtocols:167 - Finger table entry 21: process5
2025-04-16 15:19:02 INFO  ChordProtocols:167 - Finger table entry 22: process5
2025-04-16 15:19:02 INFO  ChordProtocols:167 - Finger table entry 23: process5
2025-04-16 15:19:02 INFO  ChordProtocols:167 - Finger table entry 24: process5
2025-04-16 15:19:02 INFO  ChordProtocols:167 - Finger table entry 25: process5
2025-04-16 15:19:02 INFO  ChordProtocols:167 - Finger table entry 26: process5
2025-04-16 15:19:02 INFO  ChordProtocols:167 - Finger table entry 27: process5
2025-04-16 15:19:02 INFO  ChordProtocols:167 - Finger table entry 28: process5
2025-04-16 15:19:02 INFO  ChordProtocols:167 - Finger table entry 29: process5
2025-04-16 15:19:02 INFO  ChordProtocols:167 - Finger table entry 30: process5
2025-04-16 15:19:02 INFO  ChordProtocols:167 - Finger table entry 31: process5
2025-04-16 15:19:02 INFO  ChordProtocols:167 - Finger table entry 32: process5
2025-04-16 15:19:02 INFO  ChordProtocols:167 - Finger table entry 33: process5
2025-04-16 15:19:02 INFO  ChordProtocols:167 - Finger table entry 34: process5
2025-04-16 15:19:02 INFO  ChordProtocols:167 - Finger table entry 35: process5
2025-04-16 15:19:02 INFO  ChordProtocols:167 - Finger table entry 36: process5
2025-04-16 15:19:02 INFO  ChordProtocols:167 - Finger table entry 37: process5
2025-04-16 15:19:02 INFO  ChordProtocols:167 - Finger table entry 38: process5
2025-04-16 15:19:02 INFO  ChordProtocols:167 - Finger table entry 39: process5
2025-04-16 15:19:02 INFO  ChordProtocols:167 - Finger table entry 40: process5
2025-04-16 15:19:02 INFO  ChordProtocols:167 - Finger table entry 41: process5
2025-04-16 15:19:02 INFO  ChordProtocols:167 - Finger table entry 42: process5
2025-04-16 15:19:02 INFO  ChordProtocols:167 - Finger table entry 43: process5
2025-04-16 15:19:02 INFO  ChordProtocols:167 - Finger table entry 44: process5
2025-04-16 15:19:02 INFO  ChordProtocols:167 - Finger table entry 45: process5
2025-04-16 15:19:02 INFO  ChordProtocols:167 - Finger table entry 46: process5
2025-04-16 15:19:02 INFO  ChordProtocols:167 - Finger table entry 47: process5
2025-04-16 15:19:02 INFO  ChordProtocols:167 - Finger table entry 48: process5
2025-04-16 15:19:02 INFO  ChordProtocols:167 - Finger table entry 49: process5
2025-04-16 15:19:02 INFO  ChordProtocols:167 - Finger table entry 50: process5
2025-04-16 15:19:02 INFO  ChordProtocols:167 - Finger table entry 51: process5
2025-04-16 15:19:02 INFO  ChordProtocols:167 - Finger table entry 52: process5
2025-04-16 15:19:02 INFO  ChordProtocols:167 - Finger table entry 53: process5
2025-04-16 15:19:02 INFO  ChordProtocols:167 - Finger table entry 54: process5
2025-04-16 15:19:02 INFO  ChordProtocols:167 - Finger table entry 55: process5
2025-04-16 15:19:02 INFO  ChordProtocols:167 - Finger table entry 56: process5
2025-04-16 15:19:02 INFO  ChordProtocols:167 - Finger table entry 57: process5
2025-04-16 15:19:02 INFO  ChordProtocols:167 - Finger table entry 58: process5
2025-04-16 15:19:02 INFO  ChordProtocols:167 - Finger table entry 59: process5
2025-04-16 15:19:02 INFO  ChordProtocols:167 - Finger table entry 60: process5
2025-04-16 15:19:02 INFO  ChordProtocols:167 - Finger table entry 61: process5
2025-04-16 15:19:02 INFO  ChordProtocols:167 - Finger table entry 62: process5
2025-04-16 15:19:02 INFO  ChordProtocols:167 - Finger table entry 63: process5
2025-04-16 15:19:02 INFO  ChordProtocols:167 - Finger table entry 64: process5
2025-04-16 15:19:02 INFO  ChordProtocols:167 - Finger table entry 65: process5
2025-04-16 15:19:02 INFO  ChordProtocols:167 - Finger table entry 66: process5
2025-04-16 15:19:02 INFO  ChordProtocols:167 - Finger table entry 67: process5
2025-04-16 15:19:02 INFO  ChordProtocols:167 - Finger table entry 68: process5
2025-04-16 15:19:02 INFO  ChordProtocols:167 - Finger table entry 69: process5
2025-04-16 15:19:02 INFO  ChordProtocols:167 - Finger table entry 70: process5
2025-04-16 15:19:02 INFO  ChordProtocols:167 - Finger table entry 71: process5
2025-04-16 15:19:02 INFO  ChordProtocols:167 - Finger table entry 72: process5
2025-04-16 15:19:02 INFO  ChordProtocols:167 - Finger table entry 73: process5
2025-04-16 15:19:02 INFO  ChordProtocols:167 - Finger table entry 74: process5
2025-04-16 15:19:02 INFO  ChordProtocols:167 - Finger table entry 75: process5
2025-04-16 15:19:02 INFO  ChordProtocols:167 - Finger table entry 76: process5
2025-04-16 15:19:02 INFO  ChordProtocols:167 - Finger table entry 77: process5
2025-04-16 15:19:02 INFO  ChordProtocols:167 - Finger table entry 78: process5
2025-04-16 15:19:02 INFO  ChordProtocols:167 - Finger table entry 79: process5
2025-04-16 15:19:02 INFO  ChordProtocols:167 - Finger table entry 80: process5
2025-04-16 15:19:02 INFO  ChordProtocols:167 - Finger table entry 81: process5
2025-04-16 15:19:02 INFO  ChordProtocols:167 - Finger table entry 82: process5
2025-04-16 15:19:02 INFO  ChordProtocols:167 - Finger table entry 83: process5
2025-04-16 15:19:03 INFO  ChordProtocols:167 - Finger table entry 84: process5
2025-04-16 15:19:03 INFO  ChordProtocols:167 - Finger table entry 85: process5
2025-04-16 15:19:03 INFO  ChordProtocols:167 - Finger table entry 86: process5
2025-04-16 15:19:03 INFO  ChordProtocols:167 - Finger table entry 87: process5
2025-04-16 15:19:03 INFO  ChordProtocols:167 - Finger table entry 88: process5
2025-04-16 15:19:03 INFO  ChordProtocols:167 - Finger table entry 89: process5
2025-04-16 15:19:03 INFO  ChordProtocols:167 - Finger table entry 90: process5
2025-04-16 15:19:03 INFO  ChordProtocols:167 - Finger table entry 91: process5
2025-04-16 15:19:03 INFO  ChordProtocols:167 - Finger table entry 92: process5
2025-04-16 15:19:03 INFO  ChordProtocols:167 - Finger table entry 93: process5
2025-04-16 15:19:03 INFO  ChordProtocols:167 - Finger table entry 94: process5
2025-04-16 15:19:03 INFO  ChordProtocols:167 - Finger table entry 95: process5
2025-04-16 15:19:03 INFO  ChordProtocols:167 - Finger table entry 96: process5
2025-04-16 15:19:03 INFO  ChordProtocols:167 - Finger table entry 97: process5
2025-04-16 15:19:03 INFO  ChordProtocols:167 - Finger table entry 98: process5
2025-04-16 15:19:03 INFO  ChordProtocols:167 - Finger table entry 99: process5
2025-04-16 15:19:03 INFO  ChordProtocols:167 - Finger table entry 100: process5
2025-04-16 15:19:03 INFO  ChordProtocols:167 - Finger table entry 101: process5
2025-04-16 15:19:03 INFO  ChordProtocols:167 - Finger table entry 102: process5
2025-04-16 15:19:03 INFO  ChordProtocols:167 - Finger table entry 103: process5
2025-04-16 15:19:03 INFO  ChordProtocols:167 - Finger table entry 104: process5
2025-04-16 15:19:03 INFO  ChordProtocols:167 - Finger table entry 105: process5
2025-04-16 15:19:03 INFO  ChordProtocols:167 - Finger table entry 106: process5
2025-04-16 15:19:03 INFO  ChordProtocols:167 - Finger table entry 107: process5
2025-04-16 15:19:03 INFO  ChordProtocols:167 - Finger table entry 108: process5
2025-04-16 15:19:03 INFO  ChordProtocols:167 - Finger table entry 109: process5
2025-04-16 15:19:03 INFO  ChordProtocols:167 - Finger table entry 110: process5
2025-04-16 15:19:03 INFO  ChordProtocols:167 - Finger table entry 111: process5
2025-04-16 15:19:03 INFO  ChordProtocols:167 - Finger table entry 112: process5
2025-04-16 15:19:03 INFO  ChordProtocols:167 - Finger table entry 113: process5
2025-04-16 15:19:03 INFO  ChordProtocols:167 - Finger table entry 114: process5
2025-04-16 15:19:03 INFO  ChordProtocols:167 - Finger table entry 115: process5
2025-04-16 15:19:03 INFO  ChordProtocols:167 - Finger table entry 116: process5
2025-04-16 15:19:03 INFO  ChordProtocols:167 - Finger table entry 117: process5
2025-04-16 15:19:03 INFO  ChordProtocols:167 - Finger table entry 118: process5
2025-04-16 15:19:03 INFO  ChordProtocols:167 - Finger table entry 119: process5
2025-04-16 15:19:03 INFO  ChordProtocols:167 - Finger table entry 120: process5
2025-04-16 15:19:03 INFO  ChordProtocols:167 - Finger table entry 121: process5
2025-04-16 15:19:03 INFO  ChordProtocols:167 - Finger table entry 122: process5
2025-04-16 15:19:03 INFO  ChordProtocols:167 - Finger table entry 123: process5
2025-04-16 15:19:03 INFO  ChordProtocols:167 - Finger table entry 124: process5
2025-04-16 15:19:03 INFO  ChordProtocols:167 - Finger table entry 125: process5
2025-04-16 15:19:03 INFO  ChordProtocols:167 - Finger table entry 126: process5
2025-04-16 15:19:03 INFO  ChordProtocols:167 - Finger table entry 127: process5
2025-04-16 15:19:03 INFO  ChordProtocols:167 - Finger table entry 128: process5
2025-04-16 15:19:03 INFO  ChordProtocols:167 - Finger table entry 129: process5
2025-04-16 15:19:03 INFO  ChordProtocols:167 - Finger table entry 130: process5
2025-04-16 15:19:03 INFO  ChordProtocols:167 - Finger table entry 131: process5
2025-04-16 15:19:03 INFO  ChordProtocols:167 - Finger table entry 132: process5
2025-04-16 15:19:03 INFO  ChordProtocols:167 - Finger table entry 133: process5
2025-04-16 15:19:03 INFO  ChordProtocols:167 - Finger table entry 134: process5
2025-04-16 15:19:03 INFO  ChordProtocols:167 - Finger table entry 135: process5
2025-04-16 15:19:03 INFO  ChordProtocols:167 - Finger table entry 136: process5
2025-04-16 15:19:03 INFO  ChordProtocols:167 - Finger table entry 137: process5
2025-04-16 15:19:03 INFO  ChordProtocols:167 - Finger table entry 138: process5
2025-04-16 15:19:03 INFO  ChordProtocols:167 - Finger table entry 139: process5
2025-04-16 15:19:03 INFO  ChordProtocols:167 - Finger table entry 140: process5
2025-04-16 15:19:03 INFO  ChordProtocols:167 - Finger table entry 141: process5
2025-04-16 15:19:03 INFO  ChordProtocols:167 - Finger table entry 142: process5
2025-04-16 15:19:03 INFO  ChordProtocols:167 - Finger table entry 143: process5
2025-04-16 15:19:03 INFO  ChordProtocols:167 - Finger table entry 144: process5
2025-04-16 15:19:03 INFO  ChordProtocols:167 - Finger table entry 145: process5
2025-04-16 15:19:03 INFO  ChordProtocols:167 - Finger table entry 146: process5
2025-04-16 15:19:03 INFO  ChordProtocols:167 - Finger table entry 147: process5
2025-04-16 15:19:03 INFO  ChordProtocols:167 - Finger table entry 148: process5
2025-04-16 15:19:03 INFO  ChordProtocols:167 - Finger table entry 149: process5
2025-04-16 15:19:03 INFO  ChordProtocols:167 - Finger table entry 150: process5
2025-04-16 15:19:03 INFO  ChordProtocols:167 - Finger table entry 151: process5
2025-04-16 15:19:03 INFO  ChordProtocols:167 - Finger table entry 152: process5
2025-04-16 15:19:03 INFO  ChordProtocols:167 - Finger table entry 153: process5
2025-04-16 15:19:03 INFO  ChordProtocols:167 - Finger table entry 154: process5
2025-04-16 15:19:03 INFO  ChordProtocols:167 - Finger table entry 155: process5
2025-04-16 15:19:03 INFO  ChordProtocols:167 - Finger table entry 156: process5
2025-04-16 15:19:03 INFO  ChordProtocols:167 - Finger table entry 157: process5
2025-04-16 15:19:03 INFO  ChordProtocols:167 - Finger table entry 158: process5
2025-04-16 15:19:03 INFO  ChordProtocols:167 - Finger table entry 159: process5
2025-04-16 15:19:03 INFO  StabilizationProtocols:60 - Checking the predecessor for Node: process3
==================================
Node Identifier = 66910184482037901621933403444034052414
Node IP address = process3
successor(process3) = process5
predecessor(process3) = process3
Current File keys for process3 => []
==================================
2025-04-16 15:19:03 INFO  StabilizationProtocols:130 - Updating the successor for Node: process4
2025-04-16 15:19:03 INFO  StabilizationProtocols:84 - Stabilizing ring from process4...
2025-04-16 15:19:03 INFO  StabilizationProtocols:91 - Stabilize ring: succnode = process2
2025-04-16 15:19:03 INFO  StabilizationProtocols:113 - Finished stabilizing chordring from process4
2025-04-16 15:19:03 INFO  ChordProtocols:157 - Fixing the FingerTable for Node: process4
2025-04-16 15:19:03 INFO  ChordProtocols:167 - Finger table entry 0: process2
2025-04-16 15:19:03 INFO  ChordProtocols:167 - Finger table entry 1: process2
2025-04-16 15:19:03 INFO  ChordProtocols:167 - Finger table entry 2: process2
2025-04-16 15:19:03 INFO  ChordProtocols:167 - Finger table entry 3: process2
2025-04-16 15:19:03 INFO  ChordProtocols:167 - Finger table entry 4: process2
2025-04-16 15:19:03 INFO  ChordProtocols:167 - Finger table entry 5: process2
2025-04-16 15:19:03 INFO  ChordProtocols:167 - Finger table entry 6: process2
2025-04-16 15:19:03 INFO  ChordProtocols:167 - Finger table entry 7: process2
2025-04-16 15:19:03 INFO  ChordProtocols:167 - Finger table entry 8: process2
2025-04-16 15:19:03 INFO  ChordProtocols:167 - Finger table entry 9: process2
2025-04-16 15:19:03 INFO  ChordProtocols:167 - Finger table entry 10: process2
2025-04-16 15:19:03 INFO  ChordProtocols:167 - Finger table entry 11: process2
2025-04-16 15:19:03 INFO  ChordProtocols:167 - Finger table entry 12: process2
2025-04-16 15:19:03 INFO  ChordProtocols:167 - Finger table entry 13: process2
2025-04-16 15:19:03 INFO  ChordProtocols:167 - Finger table entry 14: process2
2025-04-16 15:19:03 INFO  ChordProtocols:167 - Finger table entry 15: process2
2025-04-16 15:19:03 INFO  ChordProtocols:167 - Finger table entry 16: process2
2025-04-16 15:19:03 INFO  ChordProtocols:167 - Finger table entry 17: process2
2025-04-16 15:19:03 INFO  ChordProtocols:167 - Finger table entry 18: process2
2025-04-16 15:19:03 INFO  ChordProtocols:167 - Finger table entry 19: process2
2025-04-16 15:19:03 INFO  ChordProtocols:167 - Finger table entry 20: process2
2025-04-16 15:19:03 INFO  ChordProtocols:167 - Finger table entry 21: process2
2025-04-16 15:19:03 INFO  ChordProtocols:167 - Finger table entry 22: process2
2025-04-16 15:19:03 INFO  ChordProtocols:167 - Finger table entry 23: process2
2025-04-16 15:19:03 INFO  ChordProtocols:167 - Finger table entry 24: process2
2025-04-16 15:19:03 INFO  ChordProtocols:167 - Finger table entry 25: process2
2025-04-16 15:19:03 INFO  ChordProtocols:167 - Finger table entry 26: process2
2025-04-16 15:19:03 INFO  ChordProtocols:167 - Finger table entry 27: process2
2025-04-16 15:19:03 INFO  ChordProtocols:167 - Finger table entry 28: process2
2025-04-16 15:19:03 INFO  ChordProtocols:167 - Finger table entry 29: process2
2025-04-16 15:19:03 INFO  ChordProtocols:167 - Finger table entry 30: process2
2025-04-16 15:19:03 INFO  ChordProtocols:167 - Finger table entry 31: process2
2025-04-16 15:19:03 INFO  ChordProtocols:167 - Finger table entry 32: process2
2025-04-16 15:19:03 INFO  ChordProtocols:167 - Finger table entry 33: process2
2025-04-16 15:19:03 INFO  ChordProtocols:167 - Finger table entry 34: process2
2025-04-16 15:19:03 INFO  ChordProtocols:167 - Finger table entry 35: process2
2025-04-16 15:19:03 INFO  ChordProtocols:167 - Finger table entry 36: process2
2025-04-16 15:19:03 INFO  ChordProtocols:167 - Finger table entry 37: process2
2025-04-16 15:19:03 INFO  ChordProtocols:167 - Finger table entry 38: process2
2025-04-16 15:19:03 INFO  ChordProtocols:167 - Finger table entry 39: process2
2025-04-16 15:19:03 INFO  ChordProtocols:167 - Finger table entry 40: process2
2025-04-16 15:19:03 INFO  ChordProtocols:167 - Finger table entry 41: process2
2025-04-16 15:19:03 INFO  ChordProtocols:167 - Finger table entry 42: process2
2025-04-16 15:19:03 INFO  ChordProtocols:167 - Finger table entry 43: process2
2025-04-16 15:19:03 INFO  ChordProtocols:167 - Finger table entry 44: process2
2025-04-16 15:19:03 INFO  ChordProtocols:167 - Finger table entry 45: process2
2025-04-16 15:19:03 INFO  ChordProtocols:167 - Finger table entry 46: process2
2025-04-16 15:19:03 INFO  ChordProtocols:167 - Finger table entry 47: process2
2025-04-16 15:19:03 INFO  ChordProtocols:167 - Finger table entry 48: process2
2025-04-16 15:19:03 INFO  ChordProtocols:167 - Finger table entry 49: process2
2025-04-16 15:19:03 INFO  ChordProtocols:167 - Finger table entry 50: process2
2025-04-16 15:19:03 INFO  ChordProtocols:167 - Finger table entry 51: process2
2025-04-16 15:19:03 INFO  ChordProtocols:167 - Finger table entry 52: process2
2025-04-16 15:19:03 INFO  ChordProtocols:167 - Finger table entry 53: process2
2025-04-16 15:19:03 INFO  ChordProtocols:167 - Finger table entry 54: process2
2025-04-16 15:19:03 INFO  ChordProtocols:167 - Finger table entry 55: process2
2025-04-16 15:19:03 INFO  ChordProtocols:167 - Finger table entry 56: process2
2025-04-16 15:19:03 INFO  ChordProtocols:167 - Finger table entry 57: process2
2025-04-16 15:19:03 INFO  ChordProtocols:167 - Finger table entry 58: process2
2025-04-16 15:19:03 INFO  ChordProtocols:167 - Finger table entry 59: process2
2025-04-16 15:19:03 INFO  ChordProtocols:167 - Finger table entry 60: process2
2025-04-16 15:19:03 INFO  ChordProtocols:167 - Finger table entry 61: process2
2025-04-16 15:19:03 INFO  ChordProtocols:167 - Finger table entry 62: process2
2025-04-16 15:19:03 INFO  ChordProtocols:167 - Finger table entry 63: process2
2025-04-16 15:19:03 INFO  ChordProtocols:167 - Finger table entry 64: process2
2025-04-16 15:19:03 INFO  ChordProtocols:167 - Finger table entry 65: process2
2025-04-16 15:19:03 INFO  ChordProtocols:167 - Finger table entry 66: process2
2025-04-16 15:19:03 INFO  ChordProtocols:167 - Finger table entry 67: process2
2025-04-16 15:19:03 INFO  ChordProtocols:167 - Finger table entry 68: process2
2025-04-16 15:19:03 INFO  ChordProtocols:167 - Finger table entry 69: process2
2025-04-16 15:19:03 INFO  ChordProtocols:167 - Finger table entry 70: process2
2025-04-16 15:19:03 INFO  ChordProtocols:167 - Finger table entry 71: process2
2025-04-16 15:19:03 INFO  ChordProtocols:167 - Finger table entry 72: process2
2025-04-16 15:19:03 INFO  ChordProtocols:167 - Finger table entry 73: process2
2025-04-16 15:19:03 INFO  ChordProtocols:167 - Finger table entry 74: process2
2025-04-16 15:19:03 INFO  ChordProtocols:167 - Finger table entry 75: process2
2025-04-16 15:19:03 INFO  ChordProtocols:167 - Finger table entry 76: process2
2025-04-16 15:19:03 INFO  ChordProtocols:167 - Finger table entry 77: process2
2025-04-16 15:19:03 INFO  ChordProtocols:167 - Finger table entry 78: process2
2025-04-16 15:19:03 INFO  ChordProtocols:167 - Finger table entry 79: process2
2025-04-16 15:19:03 INFO  ChordProtocols:167 - Finger table entry 80: process2
2025-04-16 15:19:03 INFO  ChordProtocols:167 - Finger table entry 81: process2
2025-04-16 15:19:03 INFO  ChordProtocols:167 - Finger table entry 82: process2
2025-04-16 15:19:03 INFO  ChordProtocols:167 - Finger table entry 83: process2
2025-04-16 15:19:03 INFO  ChordProtocols:167 - Finger table entry 84: process2
2025-04-16 15:19:03 INFO  ChordProtocols:167 - Finger table entry 85: process2
2025-04-16 15:19:03 INFO  ChordProtocols:167 - Finger table entry 86: process2
2025-04-16 15:19:03 INFO  ChordProtocols:167 - Finger table entry 87: process2
2025-04-16 15:19:03 INFO  ChordProtocols:167 - Finger table entry 88: process2
2025-04-16 15:19:03 INFO  ChordProtocols:167 - Finger table entry 89: process2
2025-04-16 15:19:03 INFO  ChordProtocols:167 - Finger table entry 90: process2
2025-04-16 15:19:03 INFO  ChordProtocols:167 - Finger table entry 91: process2
2025-04-16 15:19:03 INFO  ChordProtocols:167 - Finger table entry 92: process2
2025-04-16 15:19:03 INFO  ChordProtocols:167 - Finger table entry 93: process2
2025-04-16 15:19:03 INFO  ChordProtocols:167 - Finger table entry 94: process2
2025-04-16 15:19:03 INFO  ChordProtocols:167 - Finger table entry 95: process2
2025-04-16 15:19:03 INFO  ChordProtocols:167 - Finger table entry 96: process2
2025-04-16 15:19:03 INFO  ChordProtocols:167 - Finger table entry 97: process2
2025-04-16 15:19:03 INFO  ChordProtocols:167 - Finger table entry 98: process2
2025-04-16 15:19:03 INFO  ChordProtocols:167 - Finger table entry 99: process2
2025-04-16 15:19:03 INFO  ChordProtocols:167 - Finger table entry 100: process2
2025-04-16 15:19:03 INFO  ChordProtocols:167 - Finger table entry 101: process2
2025-04-16 15:19:03 INFO  ChordProtocols:167 - Finger table entry 102: process2
2025-04-16 15:19:03 INFO  ChordProtocols:167 - Finger table entry 103: process2
2025-04-16 15:19:03 INFO  ChordProtocols:167 - Finger table entry 104: process2
2025-04-16 15:19:03 INFO  ChordProtocols:167 - Finger table entry 105: process2
2025-04-16 15:19:03 INFO  ChordProtocols:167 - Finger table entry 106: process2
2025-04-16 15:19:03 INFO  ChordProtocols:167 - Finger table entry 107: process2
2025-04-16 15:19:03 INFO  ChordProtocols:167 - Finger table entry 108: process2
2025-04-16 15:19:03 INFO  ChordProtocols:167 - Finger table entry 109: process2
2025-04-16 15:19:03 INFO  ChordProtocols:167 - Finger table entry 110: process2
2025-04-16 15:19:03 INFO  ChordProtocols:167 - Finger table entry 111: process2
2025-04-16 15:19:03 INFO  ChordProtocols:167 - Finger table entry 112: process2
2025-04-16 15:19:03 INFO  ChordProtocols:167 - Finger table entry 113: process2
2025-04-16 15:19:03 INFO  ChordProtocols:167 - Finger table entry 114: process2
2025-04-16 15:19:03 INFO  ChordProtocols:167 - Finger table entry 115: process2
2025-04-16 15:19:03 INFO  ChordProtocols:167 - Finger table entry 116: process2
2025-04-16 15:19:03 INFO  ChordProtocols:167 - Finger table entry 117: process2
2025-04-16 15:19:03 INFO  ChordProtocols:167 - Finger table entry 118: process2
2025-04-16 15:19:03 INFO  ChordProtocols:167 - Finger table entry 119: process2
2025-04-16 15:19:03 INFO  ChordProtocols:167 - Finger table entry 120: process2
2025-04-16 15:19:03 INFO  ChordProtocols:167 - Finger table entry 121: process2
2025-04-16 15:19:03 INFO  ChordProtocols:167 - Finger table entry 122: process2
2025-04-16 15:19:03 INFO  ChordProtocols:167 - Finger table entry 123: process2
2025-04-16 15:19:03 INFO  ChordProtocols:167 - Finger table entry 124: process2
2025-04-16 15:19:03 INFO  ChordProtocols:167 - Finger table entry 125: process2
2025-04-16 15:19:03 INFO  ChordProtocols:167 - Finger table entry 126: process2
2025-04-16 15:19:03 INFO  ChordProtocols:167 - Finger table entry 127: process2
2025-04-16 15:19:03 INFO  ChordProtocols:167 - Finger table entry 128: process2
2025-04-16 15:19:03 INFO  ChordProtocols:167 - Finger table entry 129: process2
2025-04-16 15:19:03 INFO  ChordProtocols:167 - Finger table entry 130: process2
2025-04-16 15:19:03 INFO  ChordProtocols:167 - Finger table entry 131: process2
2025-04-16 15:19:03 INFO  ChordProtocols:167 - Finger table entry 132: process2
2025-04-16 15:19:03 INFO  ChordProtocols:167 - Finger table entry 133: process2
2025-04-16 15:19:03 INFO  ChordProtocols:167 - Finger table entry 134: process2
2025-04-16 15:19:03 INFO  ChordProtocols:167 - Finger table entry 135: process2
2025-04-16 15:19:03 INFO  ChordProtocols:167 - Finger table entry 136: process2
2025-04-16 15:19:03 INFO  ChordProtocols:167 - Finger table entry 137: process2
2025-04-16 15:19:03 INFO  ChordProtocols:167 - Finger table entry 138: process2
2025-04-16 15:19:03 INFO  ChordProtocols:167 - Finger table entry 139: process2
2025-04-16 15:19:03 INFO  ChordProtocols:167 - Finger table entry 140: process2
2025-04-16 15:19:03 INFO  ChordProtocols:167 - Finger table entry 141: process2
2025-04-16 15:19:03 INFO  ChordProtocols:167 - Finger table entry 142: process2
2025-04-16 15:19:03 INFO  ChordProtocols:167 - Finger table entry 143: process2
2025-04-16 15:19:03 INFO  ChordProtocols:167 - Finger table entry 144: process2
2025-04-16 15:19:03 INFO  ChordProtocols:167 - Finger table entry 145: process2
2025-04-16 15:19:03 INFO  ChordProtocols:167 - Finger table entry 146: process2
2025-04-16 15:19:03 INFO  ChordProtocols:167 - Finger table entry 147: process2
2025-04-16 15:19:03 INFO  ChordProtocols:167 - Finger table entry 148: process2
2025-04-16 15:19:03 INFO  ChordProtocols:167 - Finger table entry 149: process2
2025-04-16 15:19:03 INFO  ChordProtocols:167 - Finger table entry 150: process2
2025-04-16 15:19:03 INFO  ChordProtocols:167 - Finger table entry 151: process2
2025-04-16 15:19:03 INFO  ChordProtocols:167 - Finger table entry 152: process2
2025-04-16 15:19:03 INFO  ChordProtocols:167 - Finger table entry 153: process2
2025-04-16 15:19:03 INFO  ChordProtocols:167 - Finger table entry 154: process2
2025-04-16 15:19:03 INFO  ChordProtocols:167 - Finger table entry 155: process2
2025-04-16 15:19:03 INFO  ChordProtocols:167 - Finger table entry 156: process2
2025-04-16 15:19:03 INFO  ChordProtocols:167 - Finger table entry 157: process2
2025-04-16 15:19:03 INFO  ChordProtocols:167 - Finger table entry 158: process2
2025-04-16 15:19:03 INFO  ChordProtocols:167 - Finger table entry 159: process2
2025-04-16 15:19:03 INFO  StabilizationProtocols:60 - Checking the predecessor for Node: process4
==================================
Node Identifier = 210821560651360572675896360671414673172
Node IP address = process4
successor(process4) = process2
predecessor(process4) = process5
Current File keys for process4 => []
==================================
2025-04-16 15:19:03 INFO  StabilizationProtocols:130 - Updating the successor for Node: process5
2025-04-16 15:19:03 INFO  StabilizationProtocols:84 - Stabilizing ring from process5...
2025-04-16 15:19:03 INFO  StabilizationProtocols:91 - Stabilize ring: succnode = process4
2025-04-16 15:19:03 INFO  StabilizationProtocols:113 - Finished stabilizing chordring from process5
2025-04-16 15:19:03 INFO  ChordProtocols:157 - Fixing the FingerTable for Node: process5
2025-04-16 15:19:03 INFO  ChordProtocols:167 - Finger table entry 0: process4
2025-04-16 15:19:03 INFO  ChordProtocols:167 - Finger table entry 1: process4
2025-04-16 15:19:03 INFO  ChordProtocols:167 - Finger table entry 2: process4
2025-04-16 15:19:03 INFO  ChordProtocols:167 - Finger table entry 3: process4
2025-04-16 15:19:03 INFO  ChordProtocols:167 - Finger table entry 4: process4
2025-04-16 15:19:03 INFO  ChordProtocols:167 - Finger table entry 5: process4
2025-04-16 15:19:03 INFO  ChordProtocols:167 - Finger table entry 6: process4
2025-04-16 15:19:03 INFO  ChordProtocols:167 - Finger table entry 7: process4
2025-04-16 15:19:03 INFO  ChordProtocols:167 - Finger table entry 8: process4
2025-04-16 15:19:03 INFO  ChordProtocols:167 - Finger table entry 9: process4
2025-04-16 15:19:03 INFO  ChordProtocols:167 - Finger table entry 10: process4
2025-04-16 15:19:03 INFO  ChordProtocols:167 - Finger table entry 11: process4
2025-04-16 15:19:03 INFO  ChordProtocols:167 - Finger table entry 12: process4
2025-04-16 15:19:03 INFO  ChordProtocols:167 - Finger table entry 13: process4
2025-04-16 15:19:03 INFO  ChordProtocols:167 - Finger table entry 14: process4
2025-04-16 15:19:03 INFO  ChordProtocols:167 - Finger table entry 15: process4
2025-04-16 15:19:03 INFO  ChordProtocols:167 - Finger table entry 16: process4
2025-04-16 15:19:03 INFO  ChordProtocols:167 - Finger table entry 17: process4
2025-04-16 15:19:03 INFO  ChordProtocols:167 - Finger table entry 18: process4
2025-04-16 15:19:03 INFO  ChordProtocols:167 - Finger table entry 19: process4
2025-04-16 15:19:03 INFO  ChordProtocols:167 - Finger table entry 20: process4
2025-04-16 15:19:03 INFO  ChordProtocols:167 - Finger table entry 21: process4
2025-04-16 15:19:03 INFO  ChordProtocols:167 - Finger table entry 22: process4
2025-04-16 15:19:03 INFO  ChordProtocols:167 - Finger table entry 23: process4
2025-04-16 15:19:03 INFO  ChordProtocols:167 - Finger table entry 24: process4
2025-04-16 15:19:03 INFO  ChordProtocols:167 - Finger table entry 25: process4
2025-04-16 15:19:03 INFO  ChordProtocols:167 - Finger table entry 26: process4
2025-04-16 15:19:03 INFO  ChordProtocols:167 - Finger table entry 27: process4
2025-04-16 15:19:03 INFO  ChordProtocols:167 - Finger table entry 28: process4
2025-04-16 15:19:03 INFO  ChordProtocols:167 - Finger table entry 29: process4
2025-04-16 15:19:03 INFO  ChordProtocols:167 - Finger table entry 30: process4
2025-04-16 15:19:03 INFO  ChordProtocols:167 - Finger table entry 31: process4
2025-04-16 15:19:03 INFO  ChordProtocols:167 - Finger table entry 32: process4
2025-04-16 15:19:03 INFO  ChordProtocols:167 - Finger table entry 33: process4
2025-04-16 15:19:03 INFO  ChordProtocols:167 - Finger table entry 34: process4
2025-04-16 15:19:03 INFO  ChordProtocols:167 - Finger table entry 35: process4
2025-04-16 15:19:03 INFO  ChordProtocols:167 - Finger table entry 36: process4
2025-04-16 15:19:03 INFO  ChordProtocols:167 - Finger table entry 37: process4
2025-04-16 15:19:03 INFO  ChordProtocols:167 - Finger table entry 38: process4
2025-04-16 15:19:03 INFO  ChordProtocols:167 - Finger table entry 39: process4
2025-04-16 15:19:03 INFO  ChordProtocols:167 - Finger table entry 40: process4
2025-04-16 15:19:03 INFO  ChordProtocols:167 - Finger table entry 41: process4
2025-04-16 15:19:03 INFO  ChordProtocols:167 - Finger table entry 42: process4
2025-04-16 15:19:03 INFO  ChordProtocols:167 - Finger table entry 43: process4
2025-04-16 15:19:03 INFO  ChordProtocols:167 - Finger table entry 44: process4
2025-04-16 15:19:03 INFO  ChordProtocols:167 - Finger table entry 45: process4
2025-04-16 15:19:03 INFO  ChordProtocols:167 - Finger table entry 46: process4
2025-04-16 15:19:03 INFO  ChordProtocols:167 - Finger table entry 47: process4
2025-04-16 15:19:03 INFO  ChordProtocols:167 - Finger table entry 48: process4
2025-04-16 15:19:03 INFO  ChordProtocols:167 - Finger table entry 49: process4
2025-04-16 15:19:03 INFO  ChordProtocols:167 - Finger table entry 50: process4
2025-04-16 15:19:03 INFO  ChordProtocols:167 - Finger table entry 51: process4
2025-04-16 15:19:03 INFO  ChordProtocols:167 - Finger table entry 52: process4
2025-04-16 15:19:03 INFO  ChordProtocols:167 - Finger table entry 53: process4
2025-04-16 15:19:03 INFO  ChordProtocols:167 - Finger table entry 54: process4
2025-04-16 15:19:03 INFO  ChordProtocols:167 - Finger table entry 55: process4
2025-04-16 15:19:03 INFO  ChordProtocols:167 - Finger table entry 56: process4
2025-04-16 15:19:03 INFO  ChordProtocols:167 - Finger table entry 57: process4
2025-04-16 15:19:03 INFO  ChordProtocols:167 - Finger table entry 58: process4
2025-04-16 15:19:03 INFO  ChordProtocols:167 - Finger table entry 59: process4
2025-04-16 15:19:03 INFO  ChordProtocols:167 - Finger table entry 60: process4
2025-04-16 15:19:03 INFO  ChordProtocols:167 - Finger table entry 61: process4
2025-04-16 15:19:03 INFO  ChordProtocols:167 - Finger table entry 62: process4
2025-04-16 15:19:03 INFO  ChordProtocols:167 - Finger table entry 63: process4
2025-04-16 15:19:03 INFO  ChordProtocols:167 - Finger table entry 64: process4
2025-04-16 15:19:03 INFO  ChordProtocols:167 - Finger table entry 65: process4
2025-04-16 15:19:03 INFO  ChordProtocols:167 - Finger table entry 66: process4
2025-04-16 15:19:03 INFO  ChordProtocols:167 - Finger table entry 67: process4
2025-04-16 15:19:03 INFO  ChordProtocols:167 - Finger table entry 68: process4
2025-04-16 15:19:03 INFO  ChordProtocols:167 - Finger table entry 69: process4
2025-04-16 15:19:03 INFO  ChordProtocols:167 - Finger table entry 70: process4
2025-04-16 15:19:03 INFO  ChordProtocols:167 - Finger table entry 71: process4
2025-04-16 15:19:03 INFO  ChordProtocols:167 - Finger table entry 72: process4
2025-04-16 15:19:03 INFO  ChordProtocols:167 - Finger table entry 73: process4
2025-04-16 15:19:03 INFO  ChordProtocols:167 - Finger table entry 74: process4
2025-04-16 15:19:03 INFO  ChordProtocols:167 - Finger table entry 75: process4
2025-04-16 15:19:03 INFO  ChordProtocols:167 - Finger table entry 76: process4
2025-04-16 15:19:03 INFO  ChordProtocols:167 - Finger table entry 77: process4
2025-04-16 15:19:03 INFO  ChordProtocols:167 - Finger table entry 78: process4
2025-04-16 15:19:03 INFO  ChordProtocols:167 - Finger table entry 79: process4
2025-04-16 15:19:03 INFO  ChordProtocols:167 - Finger table entry 80: process4
2025-04-16 15:19:03 INFO  ChordProtocols:167 - Finger table entry 81: process4
2025-04-16 15:19:03 INFO  ChordProtocols:167 - Finger table entry 82: process4
2025-04-16 15:19:03 INFO  ChordProtocols:167 - Finger table entry 83: process4
2025-04-16 15:19:03 INFO  ChordProtocols:167 - Finger table entry 84: process4
2025-04-16 15:19:03 INFO  ChordProtocols:167 - Finger table entry 85: process4
2025-04-16 15:19:03 INFO  ChordProtocols:167 - Finger table entry 86: process4
2025-04-16 15:19:03 INFO  ChordProtocols:167 - Finger table entry 87: process4
2025-04-16 15:19:03 INFO  ChordProtocols:167 - Finger table entry 88: process4
2025-04-16 15:19:03 INFO  ChordProtocols:167 - Finger table entry 89: process4
2025-04-16 15:19:03 INFO  ChordProtocols:167 - Finger table entry 90: process4
2025-04-16 15:19:03 INFO  ChordProtocols:167 - Finger table entry 91: process4
2025-04-16 15:19:03 INFO  ChordProtocols:167 - Finger table entry 92: process4
2025-04-16 15:19:03 INFO  ChordProtocols:167 - Finger table entry 93: process4
2025-04-16 15:19:03 INFO  ChordProtocols:167 - Finger table entry 94: process4
2025-04-16 15:19:03 INFO  ChordProtocols:167 - Finger table entry 95: process4
2025-04-16 15:19:03 INFO  ChordProtocols:167 - Finger table entry 96: process4
2025-04-16 15:19:03 INFO  ChordProtocols:167 - Finger table entry 97: process4
2025-04-16 15:19:03 INFO  ChordProtocols:167 - Finger table entry 98: process4
2025-04-16 15:19:03 INFO  ChordProtocols:167 - Finger table entry 99: process4
2025-04-16 15:19:03 INFO  ChordProtocols:167 - Finger table entry 100: process4
2025-04-16 15:19:03 INFO  ChordProtocols:167 - Finger table entry 101: process4
2025-04-16 15:19:03 INFO  ChordProtocols:167 - Finger table entry 102: process4
2025-04-16 15:19:03 INFO  ChordProtocols:167 - Finger table entry 103: process4
2025-04-16 15:19:03 INFO  ChordProtocols:167 - Finger table entry 104: process4
2025-04-16 15:19:03 INFO  ChordProtocols:167 - Finger table entry 105: process4
2025-04-16 15:19:03 INFO  ChordProtocols:167 - Finger table entry 106: process4
2025-04-16 15:19:03 INFO  ChordProtocols:167 - Finger table entry 107: process4
2025-04-16 15:19:03 INFO  ChordProtocols:167 - Finger table entry 108: process4
2025-04-16 15:19:03 INFO  ChordProtocols:167 - Finger table entry 109: process4
2025-04-16 15:19:03 INFO  ChordProtocols:167 - Finger table entry 110: process4
2025-04-16 15:19:03 INFO  ChordProtocols:167 - Finger table entry 111: process4
2025-04-16 15:19:03 INFO  ChordProtocols:167 - Finger table entry 112: process4
2025-04-16 15:19:03 INFO  ChordProtocols:167 - Finger table entry 113: process4
2025-04-16 15:19:03 INFO  ChordProtocols:167 - Finger table entry 114: process4
2025-04-16 15:19:03 INFO  ChordProtocols:167 - Finger table entry 115: process4
2025-04-16 15:19:03 INFO  ChordProtocols:167 - Finger table entry 116: process4
2025-04-16 15:19:03 INFO  ChordProtocols:167 - Finger table entry 117: process4
2025-04-16 15:19:03 INFO  ChordProtocols:167 - Finger table entry 118: process4
2025-04-16 15:19:03 INFO  ChordProtocols:167 - Finger table entry 119: process4
2025-04-16 15:19:03 INFO  ChordProtocols:167 - Finger table entry 120: process4
2025-04-16 15:19:03 INFO  ChordProtocols:167 - Finger table entry 121: process4
2025-04-16 15:19:03 INFO  ChordProtocols:167 - Finger table entry 122: process4
2025-04-16 15:19:03 INFO  ChordProtocols:167 - Finger table entry 123: process4
2025-04-16 15:19:03 INFO  ChordProtocols:167 - Finger table entry 124: process4
2025-04-16 15:19:03 INFO  ChordProtocols:167 - Finger table entry 125: process4
2025-04-16 15:19:03 INFO  ChordProtocols:167 - Finger table entry 126: process4
2025-04-16 15:19:03 INFO  ChordProtocols:167 - Finger table entry 127: process4
2025-04-16 15:19:03 INFO  ChordProtocols:167 - Finger table entry 128: process4
2025-04-16 15:19:03 INFO  ChordProtocols:167 - Finger table entry 129: process4
2025-04-16 15:19:03 INFO  ChordProtocols:167 - Finger table entry 130: process4
2025-04-16 15:19:03 INFO  ChordProtocols:167 - Finger table entry 131: process4
2025-04-16 15:19:03 INFO  ChordProtocols:167 - Finger table entry 132: process4
2025-04-16 15:19:03 INFO  ChordProtocols:167 - Finger table entry 133: process4
2025-04-16 15:19:03 INFO  ChordProtocols:167 - Finger table entry 134: process4
2025-04-16 15:19:03 INFO  ChordProtocols:167 - Finger table entry 135: process4
2025-04-16 15:19:03 INFO  ChordProtocols:167 - Finger table entry 136: process4
2025-04-16 15:19:03 INFO  ChordProtocols:167 - Finger table entry 137: process4
2025-04-16 15:19:03 INFO  ChordProtocols:167 - Finger table entry 138: process4
2025-04-16 15:19:03 INFO  ChordProtocols:167 - Finger table entry 139: process4
2025-04-16 15:19:03 INFO  ChordProtocols:167 - Finger table entry 140: process4
2025-04-16 15:19:03 INFO  ChordProtocols:167 - Finger table entry 141: process4
2025-04-16 15:19:03 INFO  ChordProtocols:167 - Finger table entry 142: process4
2025-04-16 15:19:03 INFO  ChordProtocols:167 - Finger table entry 143: process4
2025-04-16 15:19:03 INFO  ChordProtocols:167 - Finger table entry 144: process4
2025-04-16 15:19:03 INFO  ChordProtocols:167 - Finger table entry 145: process4
2025-04-16 15:19:03 INFO  ChordProtocols:167 - Finger table entry 146: process4
2025-04-16 15:19:03 INFO  ChordProtocols:167 - Finger table entry 147: process4
2025-04-16 15:19:03 INFO  ChordProtocols:167 - Finger table entry 148: process4
2025-04-16 15:19:03 INFO  ChordProtocols:167 - Finger table entry 149: process4
2025-04-16 15:19:03 INFO  ChordProtocols:167 - Finger table entry 150: process4
2025-04-16 15:19:03 INFO  ChordProtocols:167 - Finger table entry 151: process4
2025-04-16 15:19:03 INFO  ChordProtocols:167 - Finger table entry 152: process4
2025-04-16 15:19:03 INFO  ChordProtocols:167 - Finger table entry 153: process4
2025-04-16 15:19:03 INFO  ChordProtocols:167 - Finger table entry 154: process4
2025-04-16 15:19:03 INFO  ChordProtocols:167 - Finger table entry 155: process4
2025-04-16 15:19:03 INFO  ChordProtocols:167 - Finger table entry 156: process4
2025-04-16 15:19:03 INFO  ChordProtocols:167 - Finger table entry 157: process4
2025-04-16 15:19:03 INFO  ChordProtocols:167 - Finger table entry 158: process4
2025-04-16 15:19:03 INFO  ChordProtocols:167 - Finger table entry 159: process4
2025-04-16 15:19:03 INFO  StabilizationProtocols:60 - Checking the predecessor for Node: process5
==================================
Node Identifier = 121411138451101288395601026024677976156
Node IP address = process5
successor(process5) = process4
predecessor(process5) = process3
Current File keys for process5 => []
==================================
2025-04-16 15:19:04 INFO  FileManager:180 - filename=file1 size=0.121
2025-04-16 15:19:04 INFO  FileManager:65 - Replica created for file: file1_replica_0 with hash: 225516283356764104664520683716052595796
2025-04-16 15:19:04 INFO  FileManager:65 - Replica created for file: file1_replica_1 with hash: 8982529450358818515335315941103837007
2025-04-16 15:19:04 INFO  FileManager:65 - Replica created for file: file1_replica_2 with hash: 11109457821295383599675955552842910011
2025-04-16 15:19:04 INFO  FileManager:65 - Replica created for file: file1_replica_3 with hash: 281996937096954112005216067880900766479
2025-04-16 15:19:04 INFO  FileManager:180 - filename=file2 size=0.115
2025-04-16 15:19:04 INFO  FileManager:65 - Replica created for file: file2_replica_0 with hash: 167456874872593751079347553104905917097
2025-04-16 15:19:04 INFO  FileManager:65 - Replica created for file: file2_replica_1 with hash: 338118628222534603315295789424213798414
2025-04-16 15:19:04 INFO  FileManager:65 - Replica created for file: file2_replica_2 with hash: 29575379716128161744015795330688223041
2025-04-16 15:19:04 INFO  FileManager:65 - Replica created for file: file2_replica_3 with hash: 200193767313542181310664967621541439055
2025-04-16 15:19:04 INFO  FileManager:180 - filename=file3 size=0.115
2025-04-16 15:19:04 INFO  FileManager:65 - Replica created for file: file3_replica_0 with hash: 252989321785078311399608286968694554648
2025-04-16 15:19:04 INFO  FileManager:65 - Replica created for file: file3_replica_1 with hash: 224787814043382533461252738668132702309
2025-04-16 15:19:04 INFO  FileManager:65 - Replica created for file: file3_replica_2 with hash: 335039714883865487253378294380022372736
2025-04-16 15:19:04 INFO  FileManager:65 - Replica created for file: file3_replica_3 with hash: 256799875824926708015752771336265639949
2025-04-16 15:19:04 INFO  FileManager:180 - filename=file4 size=0.116
2025-04-16 15:19:04 INFO  FileManager:65 - Replica created for file: file4_replica_0 with hash: 233967213630821084202594656734220443007
2025-04-16 15:19:04 INFO  FileManager:65 - Replica created for file: file4_replica_1 with hash: 142820278093378998684259892376706304558
2025-04-16 15:19:04 INFO  FileManager:65 - Replica created for file: file4_replica_2 with hash: 134876162486085576908332736946454226319
2025-04-16 15:19:04 INFO  FileManager:65 - Replica created for file: file4_replica_3 with hash: 243045117273536917610085544788968257188
2025-04-16 15:19:04 INFO  FileManager:180 - filename=file5 size=0.116
2025-04-16 15:19:04 INFO  FileManager:65 - Replica created for file: file5_replica_0 with hash: 186687894749398084687532899812448214112
2025-04-16 15:19:04 INFO  FileManager:65 - Replica created for file: file5_replica_1 with hash: 74562840026045028124153328040251671929
2025-04-16 15:19:04 INFO  FileManager:65 - Replica created for file: file5_replica_2 with hash: 239468046468678799468702753622523462573
2025-04-16 15:19:04 INFO  FileManager:65 - Replica created for file: file5_replica_3 with hash: 219109341706441288265070987815669215081
2025-04-16 15:19:04 INFO  StabilizationProtocols:130 - Updating the successor for Node: process1
2025-04-16 15:19:04 INFO  StabilizationProtocols:165 - Finished updating the successor for Node: process1
2025-04-16 15:19:04 INFO  StabilizationProtocols:84 - Stabilizing ring from process1...
2025-04-16 15:19:04 INFO  StabilizationProtocols:91 - Stabilize ring: succnode = process1
2025-04-16 15:19:04 INFO  StabilizationProtocols:113 - Finished stabilizing chordring from process1
2025-04-16 15:19:04 INFO  ChordProtocols:157 - Fixing the FingerTable for Node: process1
2025-04-16 15:19:04 INFO  ChordProtocols:167 - Finger table entry 0: process1
2025-04-16 15:19:04 INFO  ChordProtocols:167 - Finger table entry 1: process1
2025-04-16 15:19:04 INFO  ChordProtocols:167 - Finger table entry 2: process1
2025-04-16 15:19:04 INFO  ChordProtocols:167 - Finger table entry 3: process1
2025-04-16 15:19:04 INFO  ChordProtocols:167 - Finger table entry 4: process1
2025-04-16 15:19:04 INFO  ChordProtocols:167 - Finger table entry 5: process1
2025-04-16 15:19:04 INFO  ChordProtocols:167 - Finger table entry 6: process1
2025-04-16 15:19:04 INFO  ChordProtocols:167 - Finger table entry 7: process1
2025-04-16 15:19:04 INFO  ChordProtocols:167 - Finger table entry 8: process1
2025-04-16 15:19:04 INFO  ChordProtocols:167 - Finger table entry 9: process1
2025-04-16 15:19:04 INFO  ChordProtocols:167 - Finger table entry 10: process1
2025-04-16 15:19:04 INFO  ChordProtocols:167 - Finger table entry 11: process1
2025-04-16 15:19:04 INFO  ChordProtocols:167 - Finger table entry 12: process1
2025-04-16 15:19:04 INFO  ChordProtocols:167 - Finger table entry 13: process1
2025-04-16 15:19:04 INFO  ChordProtocols:167 - Finger table entry 14: process1
2025-04-16 15:19:04 INFO  ChordProtocols:167 - Finger table entry 15: process1
2025-04-16 15:19:04 INFO  ChordProtocols:167 - Finger table entry 16: process1
2025-04-16 15:19:04 INFO  ChordProtocols:167 - Finger table entry 17: process1
2025-04-16 15:19:04 INFO  ChordProtocols:167 - Finger table entry 18: process1
2025-04-16 15:19:04 INFO  ChordProtocols:167 - Finger table entry 19: process1
2025-04-16 15:19:04 INFO  ChordProtocols:167 - Finger table entry 20: process1
2025-04-16 15:19:04 INFO  ChordProtocols:167 - Finger table entry 21: process1
2025-04-16 15:19:04 INFO  ChordProtocols:167 - Finger table entry 22: process1
2025-04-16 15:19:04 INFO  ChordProtocols:167 - Finger table entry 23: process1
2025-04-16 15:19:04 INFO  ChordProtocols:167 - Finger table entry 24: process1
2025-04-16 15:19:04 INFO  ChordProtocols:167 - Finger table entry 25: process1
2025-04-16 15:19:04 INFO  ChordProtocols:167 - Finger table entry 26: process1
2025-04-16 15:19:04 INFO  ChordProtocols:167 - Finger table entry 27: process1
2025-04-16 15:19:04 INFO  ChordProtocols:167 - Finger table entry 28: process1
2025-04-16 15:19:04 INFO  ChordProtocols:167 - Finger table entry 29: process1
2025-04-16 15:19:04 INFO  ChordProtocols:167 - Finger table entry 30: process1
2025-04-16 15:19:04 INFO  ChordProtocols:167 - Finger table entry 31: process1
2025-04-16 15:19:04 INFO  ChordProtocols:167 - Finger table entry 32: process1
2025-04-16 15:19:04 INFO  ChordProtocols:167 - Finger table entry 33: process1
2025-04-16 15:19:04 INFO  ChordProtocols:167 - Finger table entry 34: process1
2025-04-16 15:19:04 INFO  ChordProtocols:167 - Finger table entry 35: process1
2025-04-16 15:19:04 INFO  ChordProtocols:167 - Finger table entry 36: process1
2025-04-16 15:19:04 INFO  ChordProtocols:167 - Finger table entry 37: process1
2025-04-16 15:19:04 INFO  ChordProtocols:167 - Finger table entry 38: process1
2025-04-16 15:19:04 INFO  ChordProtocols:167 - Finger table entry 39: process1
2025-04-16 15:19:04 INFO  ChordProtocols:167 - Finger table entry 40: process1
2025-04-16 15:19:04 INFO  ChordProtocols:167 - Finger table entry 41: process1
2025-04-16 15:19:04 INFO  ChordProtocols:167 - Finger table entry 42: process1
2025-04-16 15:19:04 INFO  ChordProtocols:167 - Finger table entry 43: process1
2025-04-16 15:19:04 INFO  ChordProtocols:167 - Finger table entry 44: process1
2025-04-16 15:19:04 INFO  ChordProtocols:167 - Finger table entry 45: process1
2025-04-16 15:19:04 INFO  ChordProtocols:167 - Finger table entry 46: process1
2025-04-16 15:19:04 INFO  ChordProtocols:167 - Finger table entry 47: process1
2025-04-16 15:19:04 INFO  ChordProtocols:167 - Finger table entry 48: process1
2025-04-16 15:19:04 INFO  ChordProtocols:167 - Finger table entry 49: process1
2025-04-16 15:19:04 INFO  ChordProtocols:167 - Finger table entry 50: process1
2025-04-16 15:19:04 INFO  ChordProtocols:167 - Finger table entry 51: process1
2025-04-16 15:19:04 INFO  ChordProtocols:167 - Finger table entry 52: process1
2025-04-16 15:19:04 INFO  ChordProtocols:167 - Finger table entry 53: process1
2025-04-16 15:19:04 INFO  ChordProtocols:167 - Finger table entry 54: process1
2025-04-16 15:19:04 INFO  ChordProtocols:167 - Finger table entry 55: process1
2025-04-16 15:19:04 INFO  ChordProtocols:167 - Finger table entry 56: process1
2025-04-16 15:19:04 INFO  ChordProtocols:167 - Finger table entry 57: process1
2025-04-16 15:19:04 INFO  ChordProtocols:167 - Finger table entry 58: process1
2025-04-16 15:19:04 INFO  ChordProtocols:167 - Finger table entry 59: process1
2025-04-16 15:19:04 INFO  ChordProtocols:167 - Finger table entry 60: process1
2025-04-16 15:19:04 INFO  ChordProtocols:167 - Finger table entry 61: process1
2025-04-16 15:19:04 INFO  ChordProtocols:167 - Finger table entry 62: process1
2025-04-16 15:19:04 INFO  ChordProtocols:167 - Finger table entry 63: process1
2025-04-16 15:19:04 INFO  ChordProtocols:167 - Finger table entry 64: process1
2025-04-16 15:19:04 INFO  ChordProtocols:167 - Finger table entry 65: process1
2025-04-16 15:19:04 INFO  ChordProtocols:167 - Finger table entry 66: process1
2025-04-16 15:19:04 INFO  ChordProtocols:167 - Finger table entry 67: process1
2025-04-16 15:19:04 INFO  ChordProtocols:167 - Finger table entry 68: process1
2025-04-16 15:19:04 INFO  ChordProtocols:167 - Finger table entry 69: process1
2025-04-16 15:19:04 INFO  ChordProtocols:167 - Finger table entry 70: process1
2025-04-16 15:19:04 INFO  ChordProtocols:167 - Finger table entry 71: process1
2025-04-16 15:19:04 INFO  ChordProtocols:167 - Finger table entry 72: process1
2025-04-16 15:19:04 INFO  ChordProtocols:167 - Finger table entry 73: process1
2025-04-16 15:19:04 INFO  ChordProtocols:167 - Finger table entry 74: process1
2025-04-16 15:19:04 INFO  ChordProtocols:167 - Finger table entry 75: process1
2025-04-16 15:19:04 INFO  ChordProtocols:167 - Finger table entry 76: process1
2025-04-16 15:19:04 INFO  ChordProtocols:167 - Finger table entry 77: process1
2025-04-16 15:19:04 INFO  ChordProtocols:167 - Finger table entry 78: process1
2025-04-16 15:19:04 INFO  ChordProtocols:167 - Finger table entry 79: process1
2025-04-16 15:19:04 INFO  ChordProtocols:167 - Finger table entry 80: process1
2025-04-16 15:19:04 INFO  ChordProtocols:167 - Finger table entry 81: process1
2025-04-16 15:19:04 INFO  ChordProtocols:167 - Finger table entry 82: process1
2025-04-16 15:19:04 INFO  ChordProtocols:167 - Finger table entry 83: process1
2025-04-16 15:19:04 INFO  ChordProtocols:167 - Finger table entry 84: process1
2025-04-16 15:19:04 INFO  ChordProtocols:167 - Finger table entry 85: process1
2025-04-16 15:19:04 INFO  ChordProtocols:167 - Finger table entry 86: process1
2025-04-16 15:19:04 INFO  ChordProtocols:167 - Finger table entry 87: process1
2025-04-16 15:19:04 INFO  ChordProtocols:167 - Finger table entry 88: process1
2025-04-16 15:19:04 INFO  ChordProtocols:167 - Finger table entry 89: process1
2025-04-16 15:19:04 INFO  ChordProtocols:167 - Finger table entry 90: process1
2025-04-16 15:19:04 INFO  ChordProtocols:167 - Finger table entry 91: process1
2025-04-16 15:19:04 INFO  ChordProtocols:167 - Finger table entry 92: process1
2025-04-16 15:19:04 INFO  ChordProtocols:167 - Finger table entry 93: process1
2025-04-16 15:19:04 INFO  ChordProtocols:167 - Finger table entry 94: process1
2025-04-16 15:19:04 INFO  ChordProtocols:167 - Finger table entry 95: process1
2025-04-16 15:19:04 INFO  ChordProtocols:167 - Finger table entry 96: process1
2025-04-16 15:19:04 INFO  ChordProtocols:167 - Finger table entry 97: process1
2025-04-16 15:19:04 INFO  ChordProtocols:167 - Finger table entry 98: process1
2025-04-16 15:19:04 INFO  ChordProtocols:167 - Finger table entry 99: process1
2025-04-16 15:19:04 INFO  ChordProtocols:167 - Finger table entry 100: process1
2025-04-16 15:19:04 INFO  ChordProtocols:167 - Finger table entry 101: process1
2025-04-16 15:19:04 INFO  ChordProtocols:167 - Finger table entry 102: process1
2025-04-16 15:19:04 INFO  ChordProtocols:167 - Finger table entry 103: process1
2025-04-16 15:19:04 INFO  ChordProtocols:167 - Finger table entry 104: process1
2025-04-16 15:19:04 INFO  ChordProtocols:167 - Finger table entry 105: process1
2025-04-16 15:19:04 INFO  ChordProtocols:167 - Finger table entry 106: process1
2025-04-16 15:19:04 INFO  ChordProtocols:167 - Finger table entry 107: process1
2025-04-16 15:19:04 INFO  ChordProtocols:167 - Finger table entry 108: process1
2025-04-16 15:19:04 INFO  ChordProtocols:167 - Finger table entry 109: process1
2025-04-16 15:19:04 INFO  ChordProtocols:167 - Finger table entry 110: process1
2025-04-16 15:19:04 INFO  ChordProtocols:167 - Finger table entry 111: process1
2025-04-16 15:19:04 INFO  ChordProtocols:167 - Finger table entry 112: process1
2025-04-16 15:19:04 INFO  ChordProtocols:167 - Finger table entry 113: process1
2025-04-16 15:19:04 INFO  ChordProtocols:167 - Finger table entry 114: process1
2025-04-16 15:19:04 INFO  ChordProtocols:167 - Finger table entry 115: process1
2025-04-16 15:19:04 INFO  ChordProtocols:167 - Finger table entry 116: process1
2025-04-16 15:19:04 INFO  ChordProtocols:167 - Finger table entry 117: process1
2025-04-16 15:19:04 INFO  ChordProtocols:167 - Finger table entry 118: process1
2025-04-16 15:19:04 INFO  ChordProtocols:167 - Finger table entry 119: process1
2025-04-16 15:19:04 INFO  ChordProtocols:167 - Finger table entry 120: process1
2025-04-16 15:19:04 INFO  ChordProtocols:167 - Finger table entry 121: process1
2025-04-16 15:19:04 INFO  ChordProtocols:167 - Finger table entry 122: process1
2025-04-16 15:19:04 INFO  ChordProtocols:167 - Finger table entry 123: process1
2025-04-16 15:19:04 INFO  ChordProtocols:167 - Finger table entry 124: process1
2025-04-16 15:19:04 INFO  ChordProtocols:167 - Finger table entry 125: process1
2025-04-16 15:19:04 INFO  ChordProtocols:167 - Finger table entry 126: process1
2025-04-16 15:19:04 INFO  ChordProtocols:167 - Finger table entry 127: process1
2025-04-16 15:19:04 INFO  ChordProtocols:167 - Finger table entry 128: process1
2025-04-16 15:19:04 INFO  ChordProtocols:167 - Finger table entry 129: process1
2025-04-16 15:19:04 INFO  ChordProtocols:167 - Finger table entry 130: process1
2025-04-16 15:19:04 INFO  ChordProtocols:167 - Finger table entry 131: process1
2025-04-16 15:19:04 INFO  ChordProtocols:167 - Finger table entry 132: process1
2025-04-16 15:19:04 INFO  ChordProtocols:167 - Finger table entry 133: process1
2025-04-16 15:19:04 INFO  ChordProtocols:167 - Finger table entry 134: process1
2025-04-16 15:19:04 INFO  ChordProtocols:167 - Finger table entry 135: process1
2025-04-16 15:19:04 INFO  ChordProtocols:167 - Finger table entry 136: process1
2025-04-16 15:19:04 INFO  ChordProtocols:167 - Finger table entry 137: process1
2025-04-16 15:19:04 INFO  ChordProtocols:167 - Finger table entry 138: process1
2025-04-16 15:19:04 INFO  ChordProtocols:167 - Finger table entry 139: process1
2025-04-16 15:19:04 INFO  ChordProtocols:167 - Finger table entry 140: process1
2025-04-16 15:19:04 INFO  ChordProtocols:167 - Finger table entry 141: process1
2025-04-16 15:19:04 INFO  ChordProtocols:167 - Finger table entry 142: process1
2025-04-16 15:19:04 INFO  ChordProtocols:167 - Finger table entry 143: process1
2025-04-16 15:19:04 INFO  ChordProtocols:167 - Finger table entry 144: process1
2025-04-16 15:19:04 INFO  ChordProtocols:167 - Finger table entry 145: process1
2025-04-16 15:19:04 INFO  ChordProtocols:167 - Finger table entry 146: process1
2025-04-16 15:19:04 INFO  ChordProtocols:167 - Finger table entry 147: process1
2025-04-16 15:19:04 INFO  ChordProtocols:167 - Finger table entry 148: process1
2025-04-16 15:19:04 INFO  ChordProtocols:167 - Finger table entry 149: process1
2025-04-16 15:19:04 INFO  ChordProtocols:167 - Finger table entry 150: process1
2025-04-16 15:19:04 INFO  ChordProtocols:167 - Finger table entry 151: process1
2025-04-16 15:19:04 INFO  ChordProtocols:167 - Finger table entry 152: process1
2025-04-16 15:19:04 INFO  ChordProtocols:167 - Finger table entry 153: process1
2025-04-16 15:19:04 INFO  ChordProtocols:167 - Finger table entry 154: process1
2025-04-16 15:19:04 INFO  ChordProtocols:167 - Finger table entry 155: process1
2025-04-16 15:19:04 INFO  ChordProtocols:167 - Finger table entry 156: process1
2025-04-16 15:19:04 INFO  ChordProtocols:167 - Finger table entry 157: process1
2025-04-16 15:19:04 INFO  ChordProtocols:167 - Finger table entry 158: process1
2025-04-16 15:19:04 INFO  ChordProtocols:167 - Finger table entry 159: process1
2025-04-16 15:19:04 INFO  StabilizationProtocols:60 - Checking the predecessor for Node: process1
==================================
Node Identifier = 53937554629190552131995290006614509577
Node IP address = process1
successor(process1) = process1
predecessor(process1) = process2
Current File keys for process1 => [74562840026045028124153328040251671929, 29575379716128161744015795330688223041, 233967213630821084202594656734220443007, 186687894749398084687532899812448214112, 281996937096954112005216067880900766479, 243045117273536917610085544788968257188, 335039714883865487253378294380022372736, 224787814043382533461252738668132702309, 11109457821295383599675955552842910011, 167456874872593751079347553104905917097, 239468046468678799468702753622523462573, 142820278093378998684259892376706304558, 200193767313542181310664967621541439055, 134876162486085576908332736946454226319, 252989321785078311399608286968694554648, 219109341706441288265070987815669215081, 338118628222534603315295789424213798414, 225516283356764104664520683716052595796, 8982529450358818515335315941103837007, 256799875824926708015752771336265639949]
==================================
2025-04-16 15:19:04 INFO  StabilizationProtocols:130 - Updating the successor for Node: process2
2025-04-16 15:19:04 INFO  StabilizationProtocols:84 - Stabilizing ring from process2...
2025-04-16 15:19:04 INFO  StabilizationProtocols:91 - Stabilize ring: succnode = process1
2025-04-16 15:19:04 INFO  StabilizationProtocols:113 - Finished stabilizing chordring from process2
2025-04-16 15:19:04 INFO  ChordProtocols:157 - Fixing the FingerTable for Node: process2
2025-04-16 15:19:04 INFO  ChordProtocols:167 - Finger table entry 0: process1
2025-04-16 15:19:04 INFO  ChordProtocols:167 - Finger table entry 1: process1
2025-04-16 15:19:04 INFO  ChordProtocols:167 - Finger table entry 2: process1
2025-04-16 15:19:04 INFO  ChordProtocols:167 - Finger table entry 3: process1
2025-04-16 15:19:04 INFO  ChordProtocols:167 - Finger table entry 4: process1
2025-04-16 15:19:04 INFO  ChordProtocols:167 - Finger table entry 5: process1
2025-04-16 15:19:04 INFO  ChordProtocols:167 - Finger table entry 6: process1
2025-04-16 15:19:04 INFO  ChordProtocols:167 - Finger table entry 7: process1
2025-04-16 15:19:04 INFO  ChordProtocols:167 - Finger table entry 8: process1
2025-04-16 15:19:04 INFO  ChordProtocols:167 - Finger table entry 9: process1
2025-04-16 15:19:04 INFO  ChordProtocols:167 - Finger table entry 10: process1
2025-04-16 15:19:04 INFO  ChordProtocols:167 - Finger table entry 11: process1
2025-04-16 15:19:04 INFO  ChordProtocols:167 - Finger table entry 12: process1
2025-04-16 15:19:04 INFO  ChordProtocols:167 - Finger table entry 13: process1
2025-04-16 15:19:04 INFO  ChordProtocols:167 - Finger table entry 14: process1
2025-04-16 15:19:04 INFO  ChordProtocols:167 - Finger table entry 15: process1
2025-04-16 15:19:04 INFO  ChordProtocols:167 - Finger table entry 16: process1
2025-04-16 15:19:04 INFO  ChordProtocols:167 - Finger table entry 17: process1
2025-04-16 15:19:04 INFO  ChordProtocols:167 - Finger table entry 18: process1
2025-04-16 15:19:04 INFO  ChordProtocols:167 - Finger table entry 19: process1
2025-04-16 15:19:04 INFO  ChordProtocols:167 - Finger table entry 20: process1
2025-04-16 15:19:04 INFO  ChordProtocols:167 - Finger table entry 21: process1
2025-04-16 15:19:04 INFO  ChordProtocols:167 - Finger table entry 22: process1
2025-04-16 15:19:04 INFO  ChordProtocols:167 - Finger table entry 23: process1
2025-04-16 15:19:04 INFO  ChordProtocols:167 - Finger table entry 24: process1
2025-04-16 15:19:04 INFO  ChordProtocols:167 - Finger table entry 25: process1
2025-04-16 15:19:04 INFO  ChordProtocols:167 - Finger table entry 26: process1
2025-04-16 15:19:04 INFO  ChordProtocols:167 - Finger table entry 27: process1
2025-04-16 15:19:04 INFO  ChordProtocols:167 - Finger table entry 28: process1
2025-04-16 15:19:04 INFO  ChordProtocols:167 - Finger table entry 29: process1
2025-04-16 15:19:04 INFO  ChordProtocols:167 - Finger table entry 30: process1
2025-04-16 15:19:04 INFO  ChordProtocols:167 - Finger table entry 31: process1
2025-04-16 15:19:04 INFO  ChordProtocols:167 - Finger table entry 32: process1
2025-04-16 15:19:04 INFO  ChordProtocols:167 - Finger table entry 33: process1
2025-04-16 15:19:04 INFO  ChordProtocols:167 - Finger table entry 34: process1
2025-04-16 15:19:04 INFO  ChordProtocols:167 - Finger table entry 35: process1
2025-04-16 15:19:04 INFO  ChordProtocols:167 - Finger table entry 36: process1
2025-04-16 15:19:04 INFO  ChordProtocols:167 - Finger table entry 37: process1
2025-04-16 15:19:04 INFO  ChordProtocols:167 - Finger table entry 38: process1
2025-04-16 15:19:04 INFO  ChordProtocols:167 - Finger table entry 39: process1
2025-04-16 15:19:04 INFO  ChordProtocols:167 - Finger table entry 40: process1
2025-04-16 15:19:04 INFO  ChordProtocols:167 - Finger table entry 41: process1
2025-04-16 15:19:04 INFO  ChordProtocols:167 - Finger table entry 42: process1
2025-04-16 15:19:04 INFO  ChordProtocols:167 - Finger table entry 43: process1
2025-04-16 15:19:04 INFO  ChordProtocols:167 - Finger table entry 44: process1
2025-04-16 15:19:04 INFO  ChordProtocols:167 - Finger table entry 45: process1
2025-04-16 15:19:04 INFO  ChordProtocols:167 - Finger table entry 46: process1
2025-04-16 15:19:04 INFO  ChordProtocols:167 - Finger table entry 47: process1
2025-04-16 15:19:04 INFO  ChordProtocols:167 - Finger table entry 48: process1
2025-04-16 15:19:04 INFO  ChordProtocols:167 - Finger table entry 49: process1
2025-04-16 15:19:04 INFO  ChordProtocols:167 - Finger table entry 50: process1
2025-04-16 15:19:04 INFO  ChordProtocols:167 - Finger table entry 51: process1
2025-04-16 15:19:04 INFO  ChordProtocols:167 - Finger table entry 52: process1
2025-04-16 15:19:04 INFO  ChordProtocols:167 - Finger table entry 53: process1
2025-04-16 15:19:04 INFO  ChordProtocols:167 - Finger table entry 54: process1
2025-04-16 15:19:04 INFO  ChordProtocols:167 - Finger table entry 55: process1
2025-04-16 15:19:04 INFO  ChordProtocols:167 - Finger table entry 56: process1
2025-04-16 15:19:04 INFO  ChordProtocols:167 - Finger table entry 57: process1
2025-04-16 15:19:04 INFO  ChordProtocols:167 - Finger table entry 58: process1
2025-04-16 15:19:04 INFO  ChordProtocols:167 - Finger table entry 59: process1
2025-04-16 15:19:04 INFO  ChordProtocols:167 - Finger table entry 60: process1
2025-04-16 15:19:04 INFO  ChordProtocols:167 - Finger table entry 61: process1
2025-04-16 15:19:04 INFO  ChordProtocols:167 - Finger table entry 62: process1
2025-04-16 15:19:04 INFO  ChordProtocols:167 - Finger table entry 63: process1
2025-04-16 15:19:04 INFO  ChordProtocols:167 - Finger table entry 64: process1
2025-04-16 15:19:04 INFO  ChordProtocols:167 - Finger table entry 65: process1
2025-04-16 15:19:04 INFO  ChordProtocols:167 - Finger table entry 66: process1
2025-04-16 15:19:04 INFO  ChordProtocols:167 - Finger table entry 67: process1
2025-04-16 15:19:04 INFO  ChordProtocols:167 - Finger table entry 68: process1
2025-04-16 15:19:04 INFO  ChordProtocols:167 - Finger table entry 69: process1
2025-04-16 15:19:04 INFO  ChordProtocols:167 - Finger table entry 70: process1
2025-04-16 15:19:04 INFO  ChordProtocols:167 - Finger table entry 71: process1
2025-04-16 15:19:04 INFO  ChordProtocols:167 - Finger table entry 72: process1
2025-04-16 15:19:04 INFO  ChordProtocols:167 - Finger table entry 73: process1
2025-04-16 15:19:04 INFO  ChordProtocols:167 - Finger table entry 74: process1
2025-04-16 15:19:04 INFO  ChordProtocols:167 - Finger table entry 75: process1
2025-04-16 15:19:04 INFO  ChordProtocols:167 - Finger table entry 76: process1
2025-04-16 15:19:04 INFO  ChordProtocols:167 - Finger table entry 77: process1
2025-04-16 15:19:04 INFO  ChordProtocols:167 - Finger table entry 78: process1
2025-04-16 15:19:04 INFO  ChordProtocols:167 - Finger table entry 79: process1
2025-04-16 15:19:04 INFO  ChordProtocols:167 - Finger table entry 80: process1
2025-04-16 15:19:04 INFO  ChordProtocols:167 - Finger table entry 81: process1
2025-04-16 15:19:04 INFO  ChordProtocols:167 - Finger table entry 82: process1
2025-04-16 15:19:04 INFO  ChordProtocols:167 - Finger table entry 83: process1
2025-04-16 15:19:04 INFO  ChordProtocols:167 - Finger table entry 84: process1
2025-04-16 15:19:04 INFO  ChordProtocols:167 - Finger table entry 85: process1
2025-04-16 15:19:04 INFO  ChordProtocols:167 - Finger table entry 86: process1
2025-04-16 15:19:04 INFO  ChordProtocols:167 - Finger table entry 87: process1
2025-04-16 15:19:04 INFO  ChordProtocols:167 - Finger table entry 88: process1
2025-04-16 15:19:04 INFO  ChordProtocols:167 - Finger table entry 89: process1
2025-04-16 15:19:04 INFO  ChordProtocols:167 - Finger table entry 90: process1
2025-04-16 15:19:04 INFO  ChordProtocols:167 - Finger table entry 91: process1
2025-04-16 15:19:04 INFO  ChordProtocols:167 - Finger table entry 92: process1
2025-04-16 15:19:04 INFO  ChordProtocols:167 - Finger table entry 93: process1
2025-04-16 15:19:04 INFO  ChordProtocols:167 - Finger table entry 94: process1
2025-04-16 15:19:04 INFO  ChordProtocols:167 - Finger table entry 95: process1
2025-04-16 15:19:04 INFO  ChordProtocols:167 - Finger table entry 96: process1
2025-04-16 15:19:04 INFO  ChordProtocols:167 - Finger table entry 97: process1
2025-04-16 15:19:04 INFO  ChordProtocols:167 - Finger table entry 98: process1
2025-04-16 15:19:04 INFO  ChordProtocols:167 - Finger table entry 99: process1
2025-04-16 15:19:04 INFO  ChordProtocols:167 - Finger table entry 100: process1
2025-04-16 15:19:04 INFO  ChordProtocols:167 - Finger table entry 101: process1
2025-04-16 15:19:04 INFO  ChordProtocols:167 - Finger table entry 102: process1
2025-04-16 15:19:04 INFO  ChordProtocols:167 - Finger table entry 103: process1
2025-04-16 15:19:04 INFO  ChordProtocols:167 - Finger table entry 104: process1
2025-04-16 15:19:04 INFO  ChordProtocols:167 - Finger table entry 105: process1
2025-04-16 15:19:04 INFO  ChordProtocols:167 - Finger table entry 106: process1
2025-04-16 15:19:04 INFO  ChordProtocols:167 - Finger table entry 107: process1
2025-04-16 15:19:04 INFO  ChordProtocols:167 - Finger table entry 108: process1
2025-04-16 15:19:04 INFO  ChordProtocols:167 - Finger table entry 109: process1
2025-04-16 15:19:04 INFO  ChordProtocols:167 - Finger table entry 110: process1
2025-04-16 15:19:04 INFO  ChordProtocols:167 - Finger table entry 111: process1
2025-04-16 15:19:04 INFO  ChordProtocols:167 - Finger table entry 112: process1
2025-04-16 15:19:04 INFO  ChordProtocols:167 - Finger table entry 113: process1
2025-04-16 15:19:04 INFO  ChordProtocols:167 - Finger table entry 114: process1
2025-04-16 15:19:04 INFO  ChordProtocols:167 - Finger table entry 115: process1
2025-04-16 15:19:04 INFO  ChordProtocols:167 - Finger table entry 116: process1
2025-04-16 15:19:04 INFO  ChordProtocols:167 - Finger table entry 117: process1
2025-04-16 15:19:04 INFO  ChordProtocols:167 - Finger table entry 118: process1
2025-04-16 15:19:04 INFO  ChordProtocols:167 - Finger table entry 119: process1
2025-04-16 15:19:04 INFO  ChordProtocols:167 - Finger table entry 120: process1
2025-04-16 15:19:04 INFO  ChordProtocols:167 - Finger table entry 121: process1
2025-04-16 15:19:04 INFO  ChordProtocols:167 - Finger table entry 122: process1
2025-04-16 15:19:04 INFO  ChordProtocols:167 - Finger table entry 123: process1
2025-04-16 15:19:04 INFO  ChordProtocols:167 - Finger table entry 124: process1
2025-04-16 15:19:04 INFO  ChordProtocols:167 - Finger table entry 125: process1
2025-04-16 15:19:04 INFO  ChordProtocols:167 - Finger table entry 126: process1
2025-04-16 15:19:04 INFO  ChordProtocols:167 - Finger table entry 127: process1
2025-04-16 15:19:04 INFO  ChordProtocols:167 - Finger table entry 128: process1
2025-04-16 15:19:04 INFO  ChordProtocols:167 - Finger table entry 129: process1
2025-04-16 15:19:04 INFO  ChordProtocols:167 - Finger table entry 130: process1
2025-04-16 15:19:04 INFO  ChordProtocols:167 - Finger table entry 131: process1
2025-04-16 15:19:04 INFO  ChordProtocols:167 - Finger table entry 132: process1
2025-04-16 15:19:04 INFO  ChordProtocols:167 - Finger table entry 133: process1
2025-04-16 15:19:04 INFO  ChordProtocols:167 - Finger table entry 134: process1
2025-04-16 15:19:04 INFO  ChordProtocols:167 - Finger table entry 135: process1
2025-04-16 15:19:04 INFO  ChordProtocols:167 - Finger table entry 136: process1
2025-04-16 15:19:04 INFO  ChordProtocols:167 - Finger table entry 137: process1
2025-04-16 15:19:04 INFO  ChordProtocols:167 - Finger table entry 138: process1
2025-04-16 15:19:04 INFO  ChordProtocols:167 - Finger table entry 139: process1
2025-04-16 15:19:04 INFO  ChordProtocols:167 - Finger table entry 140: process1
2025-04-16 15:19:04 INFO  ChordProtocols:167 - Finger table entry 141: process1
2025-04-16 15:19:04 INFO  ChordProtocols:167 - Finger table entry 142: process1
2025-04-16 15:19:04 INFO  ChordProtocols:167 - Finger table entry 143: process1
2025-04-16 15:19:04 INFO  ChordProtocols:167 - Finger table entry 144: process1
2025-04-16 15:19:04 INFO  ChordProtocols:167 - Finger table entry 145: process1
2025-04-16 15:19:04 INFO  ChordProtocols:167 - Finger table entry 146: process1
2025-04-16 15:19:04 INFO  ChordProtocols:167 - Finger table entry 147: process1
2025-04-16 15:19:04 INFO  ChordProtocols:167 - Finger table entry 148: process1
2025-04-16 15:19:04 INFO  ChordProtocols:167 - Finger table entry 149: process1
2025-04-16 15:19:04 INFO  ChordProtocols:167 - Finger table entry 150: process1
2025-04-16 15:19:04 INFO  ChordProtocols:167 - Finger table entry 151: process1
2025-04-16 15:19:04 INFO  ChordProtocols:167 - Finger table entry 152: process1
2025-04-16 15:19:04 INFO  ChordProtocols:167 - Finger table entry 153: process1
2025-04-16 15:19:04 INFO  ChordProtocols:167 - Finger table entry 154: process1
2025-04-16 15:19:04 INFO  ChordProtocols:167 - Finger table entry 155: process1
2025-04-16 15:19:04 INFO  ChordProtocols:167 - Finger table entry 156: process1
2025-04-16 15:19:04 INFO  ChordProtocols:167 - Finger table entry 157: process1
2025-04-16 15:19:04 INFO  ChordProtocols:167 - Finger table entry 158: process1
2025-04-16 15:19:04 INFO  ChordProtocols:167 - Finger table entry 159: process1
2025-04-16 15:19:04 INFO  StabilizationProtocols:60 - Checking the predecessor for Node: process2
==================================
Node Identifier = 15618062003214643351512781541041391612
Node IP address = process2
successor(process2) = process1
predecessor(process2) = process4
Current File keys for process2 => []
==================================
2025-04-16 15:19:04 INFO  StabilizationProtocols:130 - Updating the successor for Node: process3
2025-04-16 15:19:04 INFO  StabilizationProtocols:84 - Stabilizing ring from process3...
2025-04-16 15:19:04 INFO  StabilizationProtocols:91 - Stabilize ring: succnode = process5
2025-04-16 15:19:04 INFO  StabilizationProtocols:113 - Finished stabilizing chordring from process3
2025-04-16 15:19:04 INFO  ChordProtocols:157 - Fixing the FingerTable for Node: process3
2025-04-16 15:19:04 INFO  ChordProtocols:167 - Finger table entry 0: process5
2025-04-16 15:19:04 INFO  ChordProtocols:167 - Finger table entry 1: process5
2025-04-16 15:19:04 INFO  ChordProtocols:167 - Finger table entry 2: process5
2025-04-16 15:19:04 INFO  ChordProtocols:167 - Finger table entry 3: process5
2025-04-16 15:19:04 INFO  ChordProtocols:167 - Finger table entry 4: process5
2025-04-16 15:19:04 INFO  ChordProtocols:167 - Finger table entry 5: process5
2025-04-16 15:19:04 INFO  ChordProtocols:167 - Finger table entry 6: process5
2025-04-16 15:19:04 INFO  ChordProtocols:167 - Finger table entry 7: process5
2025-04-16 15:19:04 INFO  ChordProtocols:167 - Finger table entry 8: process5
2025-04-16 15:19:04 INFO  ChordProtocols:167 - Finger table entry 9: process5
2025-04-16 15:19:04 INFO  ChordProtocols:167 - Finger table entry 10: process5
2025-04-16 15:19:04 INFO  ChordProtocols:167 - Finger table entry 11: process5
2025-04-16 15:19:04 INFO  ChordProtocols:167 - Finger table entry 12: process5
2025-04-16 15:19:04 INFO  ChordProtocols:167 - Finger table entry 13: process5
2025-04-16 15:19:04 INFO  ChordProtocols:167 - Finger table entry 14: process5
2025-04-16 15:19:04 INFO  ChordProtocols:167 - Finger table entry 15: process5
2025-04-16 15:19:04 INFO  ChordProtocols:167 - Finger table entry 16: process5
2025-04-16 15:19:04 INFO  ChordProtocols:167 - Finger table entry 17: process5
2025-04-16 15:19:05 INFO  ChordProtocols:167 - Finger table entry 18: process5
2025-04-16 15:19:05 INFO  ChordProtocols:167 - Finger table entry 19: process5
2025-04-16 15:19:05 INFO  ChordProtocols:167 - Finger table entry 20: process5
2025-04-16 15:19:05 INFO  ChordProtocols:167 - Finger table entry 21: process5
2025-04-16 15:19:05 INFO  ChordProtocols:167 - Finger table entry 22: process5
2025-04-16 15:19:05 INFO  ChordProtocols:167 - Finger table entry 23: process5
2025-04-16 15:19:05 INFO  ChordProtocols:167 - Finger table entry 24: process5
2025-04-16 15:19:05 INFO  ChordProtocols:167 - Finger table entry 25: process5
2025-04-16 15:19:05 INFO  ChordProtocols:167 - Finger table entry 26: process5
2025-04-16 15:19:05 INFO  ChordProtocols:167 - Finger table entry 27: process5
2025-04-16 15:19:05 INFO  ChordProtocols:167 - Finger table entry 28: process5
2025-04-16 15:19:05 INFO  ChordProtocols:167 - Finger table entry 29: process5
2025-04-16 15:19:05 INFO  ChordProtocols:167 - Finger table entry 30: process5
2025-04-16 15:19:05 INFO  ChordProtocols:167 - Finger table entry 31: process5
2025-04-16 15:19:05 INFO  ChordProtocols:167 - Finger table entry 32: process5
2025-04-16 15:19:05 INFO  ChordProtocols:167 - Finger table entry 33: process5
2025-04-16 15:19:05 INFO  ChordProtocols:167 - Finger table entry 34: process5
2025-04-16 15:19:05 INFO  ChordProtocols:167 - Finger table entry 35: process5
2025-04-16 15:19:05 INFO  ChordProtocols:167 - Finger table entry 36: process5
2025-04-16 15:19:05 INFO  ChordProtocols:167 - Finger table entry 37: process5
2025-04-16 15:19:05 INFO  ChordProtocols:167 - Finger table entry 38: process5
2025-04-16 15:19:05 INFO  ChordProtocols:167 - Finger table entry 39: process5
2025-04-16 15:19:05 INFO  ChordProtocols:167 - Finger table entry 40: process5
2025-04-16 15:19:05 INFO  ChordProtocols:167 - Finger table entry 41: process5
2025-04-16 15:19:05 INFO  ChordProtocols:167 - Finger table entry 42: process5
2025-04-16 15:19:05 INFO  ChordProtocols:167 - Finger table entry 43: process5
2025-04-16 15:19:05 INFO  ChordProtocols:167 - Finger table entry 44: process5
2025-04-16 15:19:05 INFO  ChordProtocols:167 - Finger table entry 45: process5
2025-04-16 15:19:05 INFO  ChordProtocols:167 - Finger table entry 46: process5
2025-04-16 15:19:05 INFO  ChordProtocols:167 - Finger table entry 47: process5
2025-04-16 15:19:05 INFO  ChordProtocols:167 - Finger table entry 48: process5
2025-04-16 15:19:05 INFO  ChordProtocols:167 - Finger table entry 49: process5
2025-04-16 15:19:05 INFO  ChordProtocols:167 - Finger table entry 50: process5
2025-04-16 15:19:05 INFO  ChordProtocols:167 - Finger table entry 51: process5
2025-04-16 15:19:05 INFO  ChordProtocols:167 - Finger table entry 52: process5
2025-04-16 15:19:05 INFO  ChordProtocols:167 - Finger table entry 53: process5
2025-04-16 15:19:05 INFO  ChordProtocols:167 - Finger table entry 54: process5
2025-04-16 15:19:05 INFO  ChordProtocols:167 - Finger table entry 55: process5
2025-04-16 15:19:05 INFO  ChordProtocols:167 - Finger table entry 56: process5
2025-04-16 15:19:05 INFO  ChordProtocols:167 - Finger table entry 57: process5
2025-04-16 15:19:05 INFO  ChordProtocols:167 - Finger table entry 58: process5
2025-04-16 15:19:05 INFO  ChordProtocols:167 - Finger table entry 59: process5
2025-04-16 15:19:05 INFO  ChordProtocols:167 - Finger table entry 60: process5
2025-04-16 15:19:05 INFO  ChordProtocols:167 - Finger table entry 61: process5
2025-04-16 15:19:05 INFO  ChordProtocols:167 - Finger table entry 62: process5
2025-04-16 15:19:05 INFO  ChordProtocols:167 - Finger table entry 63: process5
2025-04-16 15:19:05 INFO  ChordProtocols:167 - Finger table entry 64: process5
2025-04-16 15:19:05 INFO  ChordProtocols:167 - Finger table entry 65: process5
2025-04-16 15:19:05 INFO  ChordProtocols:167 - Finger table entry 66: process5
2025-04-16 15:19:05 INFO  ChordProtocols:167 - Finger table entry 67: process5
2025-04-16 15:19:05 INFO  ChordProtocols:167 - Finger table entry 68: process5
2025-04-16 15:19:05 INFO  ChordProtocols:167 - Finger table entry 69: process5
2025-04-16 15:19:05 INFO  ChordProtocols:167 - Finger table entry 70: process5
2025-04-16 15:19:05 INFO  ChordProtocols:167 - Finger table entry 71: process5
2025-04-16 15:19:05 INFO  ChordProtocols:167 - Finger table entry 72: process5
2025-04-16 15:19:05 INFO  ChordProtocols:167 - Finger table entry 73: process5
2025-04-16 15:19:05 INFO  ChordProtocols:167 - Finger table entry 74: process5
2025-04-16 15:19:05 INFO  ChordProtocols:167 - Finger table entry 75: process5
2025-04-16 15:19:05 INFO  ChordProtocols:167 - Finger table entry 76: process5
2025-04-16 15:19:05 INFO  ChordProtocols:167 - Finger table entry 77: process5
2025-04-16 15:19:05 INFO  ChordProtocols:167 - Finger table entry 78: process5
2025-04-16 15:19:05 INFO  ChordProtocols:167 - Finger table entry 79: process5
2025-04-16 15:19:05 INFO  ChordProtocols:167 - Finger table entry 80: process5
2025-04-16 15:19:05 INFO  ChordProtocols:167 - Finger table entry 81: process5
2025-04-16 15:19:05 INFO  ChordProtocols:167 - Finger table entry 82: process5
2025-04-16 15:19:05 INFO  ChordProtocols:167 - Finger table entry 83: process5
2025-04-16 15:19:05 INFO  ChordProtocols:167 - Finger table entry 84: process5
2025-04-16 15:19:05 INFO  ChordProtocols:167 - Finger table entry 85: process5
2025-04-16 15:19:05 INFO  ChordProtocols:167 - Finger table entry 86: process5
2025-04-16 15:19:05 INFO  ChordProtocols:167 - Finger table entry 87: process5
2025-04-16 15:19:05 INFO  ChordProtocols:167 - Finger table entry 88: process5
2025-04-16 15:19:05 INFO  ChordProtocols:167 - Finger table entry 89: process5
2025-04-16 15:19:05 INFO  ChordProtocols:167 - Finger table entry 90: process5
2025-04-16 15:19:05 INFO  ChordProtocols:167 - Finger table entry 91: process5
2025-04-16 15:19:05 INFO  ChordProtocols:167 - Finger table entry 92: process5
2025-04-16 15:19:05 INFO  ChordProtocols:167 - Finger table entry 93: process5
2025-04-16 15:19:05 INFO  ChordProtocols:167 - Finger table entry 94: process5
2025-04-16 15:19:05 INFO  ChordProtocols:167 - Finger table entry 95: process5
2025-04-16 15:19:05 INFO  ChordProtocols:167 - Finger table entry 96: process5
2025-04-16 15:19:05 INFO  ChordProtocols:167 - Finger table entry 97: process5
2025-04-16 15:19:05 INFO  ChordProtocols:167 - Finger table entry 98: process5
2025-04-16 15:19:05 INFO  ChordProtocols:167 - Finger table entry 99: process5
2025-04-16 15:19:05 INFO  ChordProtocols:167 - Finger table entry 100: process5
2025-04-16 15:19:05 INFO  ChordProtocols:167 - Finger table entry 101: process5
2025-04-16 15:19:05 INFO  ChordProtocols:167 - Finger table entry 102: process5
2025-04-16 15:19:05 INFO  ChordProtocols:167 - Finger table entry 103: process5
2025-04-16 15:19:05 INFO  ChordProtocols:167 - Finger table entry 104: process5
2025-04-16 15:19:05 INFO  ChordProtocols:167 - Finger table entry 105: process5
2025-04-16 15:19:05 INFO  ChordProtocols:167 - Finger table entry 106: process5
2025-04-16 15:19:05 INFO  ChordProtocols:167 - Finger table entry 107: process5
2025-04-16 15:19:05 INFO  ChordProtocols:167 - Finger table entry 108: process5
2025-04-16 15:19:05 INFO  ChordProtocols:167 - Finger table entry 109: process5
2025-04-16 15:19:05 INFO  ChordProtocols:167 - Finger table entry 110: process5
2025-04-16 15:19:05 INFO  ChordProtocols:167 - Finger table entry 111: process5
2025-04-16 15:19:05 INFO  ChordProtocols:167 - Finger table entry 112: process5
2025-04-16 15:19:05 INFO  ChordProtocols:167 - Finger table entry 113: process5
2025-04-16 15:19:05 INFO  ChordProtocols:167 - Finger table entry 114: process5
2025-04-16 15:19:05 INFO  ChordProtocols:167 - Finger table entry 115: process5
2025-04-16 15:19:05 INFO  ChordProtocols:167 - Finger table entry 116: process5
2025-04-16 15:19:05 INFO  ChordProtocols:167 - Finger table entry 117: process5
2025-04-16 15:19:05 INFO  ChordProtocols:167 - Finger table entry 118: process5
2025-04-16 15:19:05 INFO  ChordProtocols:167 - Finger table entry 119: process5
2025-04-16 15:19:05 INFO  ChordProtocols:167 - Finger table entry 120: process5
2025-04-16 15:19:05 INFO  ChordProtocols:167 - Finger table entry 121: process5
2025-04-16 15:19:05 INFO  ChordProtocols:167 - Finger table entry 122: process5
2025-04-16 15:19:05 INFO  ChordProtocols:167 - Finger table entry 123: process5
2025-04-16 15:19:05 INFO  ChordProtocols:167 - Finger table entry 124: process5
2025-04-16 15:19:05 INFO  ChordProtocols:167 - Finger table entry 125: process5
2025-04-16 15:19:05 INFO  ChordProtocols:167 - Finger table entry 126: process5
2025-04-16 15:19:05 INFO  ChordProtocols:167 - Finger table entry 127: process5
2025-04-16 15:19:05 INFO  ChordProtocols:167 - Finger table entry 128: process5
2025-04-16 15:19:05 INFO  ChordProtocols:167 - Finger table entry 129: process5
2025-04-16 15:19:05 INFO  ChordProtocols:167 - Finger table entry 130: process5
2025-04-16 15:19:05 INFO  ChordProtocols:167 - Finger table entry 131: process5
2025-04-16 15:19:05 INFO  ChordProtocols:167 - Finger table entry 132: process5
2025-04-16 15:19:05 INFO  ChordProtocols:167 - Finger table entry 133: process5
2025-04-16 15:19:05 INFO  ChordProtocols:167 - Finger table entry 134: process5
2025-04-16 15:19:05 INFO  ChordProtocols:167 - Finger table entry 135: process5
2025-04-16 15:19:05 INFO  ChordProtocols:167 - Finger table entry 136: process5
2025-04-16 15:19:05 INFO  ChordProtocols:167 - Finger table entry 137: process5
2025-04-16 15:19:05 INFO  ChordProtocols:167 - Finger table entry 138: process5
2025-04-16 15:19:05 INFO  ChordProtocols:167 - Finger table entry 139: process5
2025-04-16 15:19:05 INFO  ChordProtocols:167 - Finger table entry 140: process5
2025-04-16 15:19:05 INFO  ChordProtocols:167 - Finger table entry 141: process5
2025-04-16 15:19:05 INFO  ChordProtocols:167 - Finger table entry 142: process5
2025-04-16 15:19:05 INFO  ChordProtocols:167 - Finger table entry 143: process5
2025-04-16 15:19:05 INFO  ChordProtocols:167 - Finger table entry 144: process5
2025-04-16 15:19:05 INFO  ChordProtocols:167 - Finger table entry 145: process5
2025-04-16 15:19:05 INFO  ChordProtocols:167 - Finger table entry 146: process5
2025-04-16 15:19:05 INFO  ChordProtocols:167 - Finger table entry 147: process5
2025-04-16 15:19:05 INFO  ChordProtocols:167 - Finger table entry 148: process5
2025-04-16 15:19:05 INFO  ChordProtocols:167 - Finger table entry 149: process5
2025-04-16 15:19:05 INFO  ChordProtocols:167 - Finger table entry 150: process5
2025-04-16 15:19:05 INFO  ChordProtocols:167 - Finger table entry 151: process5
2025-04-16 15:19:05 INFO  ChordProtocols:167 - Finger table entry 152: process5
2025-04-16 15:19:05 INFO  ChordProtocols:167 - Finger table entry 153: process5
2025-04-16 15:19:05 INFO  ChordProtocols:167 - Finger table entry 154: process5
2025-04-16 15:19:05 INFO  ChordProtocols:167 - Finger table entry 155: process5
2025-04-16 15:19:05 INFO  ChordProtocols:167 - Finger table entry 156: process5
2025-04-16 15:19:05 INFO  ChordProtocols:167 - Finger table entry 157: process5
2025-04-16 15:19:05 INFO  ChordProtocols:167 - Finger table entry 158: process5
2025-04-16 15:19:05 INFO  ChordProtocols:167 - Finger table entry 159: process5
2025-04-16 15:19:05 INFO  StabilizationProtocols:60 - Checking the predecessor for Node: process3
==================================
Node Identifier = 66910184482037901621933403444034052414
Node IP address = process3
successor(process3) = process5
predecessor(process3) = process3
Current File keys for process3 => []
==================================
2025-04-16 15:19:05 INFO  StabilizationProtocols:130 - Updating the successor for Node: process4
2025-04-16 15:19:05 INFO  StabilizationProtocols:84 - Stabilizing ring from process4...
2025-04-16 15:19:05 INFO  StabilizationProtocols:91 - Stabilize ring: succnode = process2
2025-04-16 15:19:05 INFO  StabilizationProtocols:113 - Finished stabilizing chordring from process4
2025-04-16 15:19:05 INFO  ChordProtocols:157 - Fixing the FingerTable for Node: process4
2025-04-16 15:19:05 INFO  ChordProtocols:167 - Finger table entry 0: process2
2025-04-16 15:19:05 INFO  ChordProtocols:167 - Finger table entry 1: process2
2025-04-16 15:19:05 INFO  ChordProtocols:167 - Finger table entry 2: process2
2025-04-16 15:19:05 INFO  ChordProtocols:167 - Finger table entry 3: process2
2025-04-16 15:19:05 INFO  ChordProtocols:167 - Finger table entry 4: process2
2025-04-16 15:19:05 INFO  ChordProtocols:167 - Finger table entry 5: process2
2025-04-16 15:19:05 INFO  ChordProtocols:167 - Finger table entry 6: process2
2025-04-16 15:19:05 INFO  ChordProtocols:167 - Finger table entry 7: process2
2025-04-16 15:19:05 INFO  ChordProtocols:167 - Finger table entry 8: process2
2025-04-16 15:19:05 INFO  ChordProtocols:167 - Finger table entry 9: process2
2025-04-16 15:19:05 INFO  ChordProtocols:167 - Finger table entry 10: process2
2025-04-16 15:19:05 INFO  ChordProtocols:167 - Finger table entry 11: process2
2025-04-16 15:19:05 INFO  ChordProtocols:167 - Finger table entry 12: process2
2025-04-16 15:19:05 INFO  ChordProtocols:167 - Finger table entry 13: process2
2025-04-16 15:19:05 INFO  ChordProtocols:167 - Finger table entry 14: process2
2025-04-16 15:19:05 INFO  ChordProtocols:167 - Finger table entry 15: process2
2025-04-16 15:19:05 INFO  ChordProtocols:167 - Finger table entry 16: process2
2025-04-16 15:19:05 INFO  ChordProtocols:167 - Finger table entry 17: process2
2025-04-16 15:19:05 INFO  ChordProtocols:167 - Finger table entry 18: process2
2025-04-16 15:19:05 INFO  ChordProtocols:167 - Finger table entry 19: process2
2025-04-16 15:19:05 INFO  ChordProtocols:167 - Finger table entry 20: process2
2025-04-16 15:19:05 INFO  ChordProtocols:167 - Finger table entry 21: process2
2025-04-16 15:19:05 INFO  ChordProtocols:167 - Finger table entry 22: process2
2025-04-16 15:19:05 INFO  ChordProtocols:167 - Finger table entry 23: process2
2025-04-16 15:19:05 INFO  ChordProtocols:167 - Finger table entry 24: process2
2025-04-16 15:19:05 INFO  ChordProtocols:167 - Finger table entry 25: process2
2025-04-16 15:19:05 INFO  ChordProtocols:167 - Finger table entry 26: process2
2025-04-16 15:19:05 INFO  ChordProtocols:167 - Finger table entry 27: process2
2025-04-16 15:19:05 INFO  ChordProtocols:167 - Finger table entry 28: process2
2025-04-16 15:19:05 INFO  ChordProtocols:167 - Finger table entry 29: process2
2025-04-16 15:19:05 INFO  ChordProtocols:167 - Finger table entry 30: process2
2025-04-16 15:19:05 INFO  ChordProtocols:167 - Finger table entry 31: process2
2025-04-16 15:19:05 INFO  ChordProtocols:167 - Finger table entry 32: process2
2025-04-16 15:19:05 INFO  ChordProtocols:167 - Finger table entry 33: process2
2025-04-16 15:19:05 INFO  ChordProtocols:167 - Finger table entry 34: process2
2025-04-16 15:19:05 INFO  ChordProtocols:167 - Finger table entry 35: process2
2025-04-16 15:19:05 INFO  ChordProtocols:167 - Finger table entry 36: process2
2025-04-16 15:19:05 INFO  ChordProtocols:167 - Finger table entry 37: process2
2025-04-16 15:19:05 INFO  ChordProtocols:167 - Finger table entry 38: process2
2025-04-16 15:19:05 INFO  ChordProtocols:167 - Finger table entry 39: process2
2025-04-16 15:19:05 INFO  ChordProtocols:167 - Finger table entry 40: process2
2025-04-16 15:19:05 INFO  ChordProtocols:167 - Finger table entry 41: process2
2025-04-16 15:19:05 INFO  ChordProtocols:167 - Finger table entry 42: process2
2025-04-16 15:19:05 INFO  ChordProtocols:167 - Finger table entry 43: process2
2025-04-16 15:19:05 INFO  ChordProtocols:167 - Finger table entry 44: process2
2025-04-16 15:19:05 INFO  ChordProtocols:167 - Finger table entry 45: process2
2025-04-16 15:19:05 INFO  ChordProtocols:167 - Finger table entry 46: process2
2025-04-16 15:19:05 INFO  ChordProtocols:167 - Finger table entry 47: process2
2025-04-16 15:19:05 INFO  ChordProtocols:167 - Finger table entry 48: process2
2025-04-16 15:19:05 INFO  ChordProtocols:167 - Finger table entry 49: process2
2025-04-16 15:19:05 INFO  ChordProtocols:167 - Finger table entry 50: process2
2025-04-16 15:19:05 INFO  ChordProtocols:167 - Finger table entry 51: process2
2025-04-16 15:19:05 INFO  ChordProtocols:167 - Finger table entry 52: process2
2025-04-16 15:19:05 INFO  ChordProtocols:167 - Finger table entry 53: process2
2025-04-16 15:19:05 INFO  ChordProtocols:167 - Finger table entry 54: process2
2025-04-16 15:19:05 INFO  ChordProtocols:167 - Finger table entry 55: process2
2025-04-16 15:19:05 INFO  ChordProtocols:167 - Finger table entry 56: process2
2025-04-16 15:19:05 INFO  ChordProtocols:167 - Finger table entry 57: process2
2025-04-16 15:19:05 INFO  ChordProtocols:167 - Finger table entry 58: process2
2025-04-16 15:19:05 INFO  ChordProtocols:167 - Finger table entry 59: process2
2025-04-16 15:19:05 INFO  ChordProtocols:167 - Finger table entry 60: process2
2025-04-16 15:19:05 INFO  ChordProtocols:167 - Finger table entry 61: process2
2025-04-16 15:19:05 INFO  ChordProtocols:167 - Finger table entry 62: process2
2025-04-16 15:19:05 INFO  ChordProtocols:167 - Finger table entry 63: process2
2025-04-16 15:19:05 INFO  ChordProtocols:167 - Finger table entry 64: process2
2025-04-16 15:19:05 INFO  ChordProtocols:167 - Finger table entry 65: process2
2025-04-16 15:19:05 INFO  ChordProtocols:167 - Finger table entry 66: process2
2025-04-16 15:19:05 INFO  ChordProtocols:167 - Finger table entry 67: process2
2025-04-16 15:19:05 INFO  ChordProtocols:167 - Finger table entry 68: process2
2025-04-16 15:19:05 INFO  ChordProtocols:167 - Finger table entry 69: process2
2025-04-16 15:19:05 INFO  ChordProtocols:167 - Finger table entry 70: process2
2025-04-16 15:19:05 INFO  ChordProtocols:167 - Finger table entry 71: process2
2025-04-16 15:19:05 INFO  ChordProtocols:167 - Finger table entry 72: process2
2025-04-16 15:19:05 INFO  ChordProtocols:167 - Finger table entry 73: process2
2025-04-16 15:19:05 INFO  ChordProtocols:167 - Finger table entry 74: process2
2025-04-16 15:19:05 INFO  ChordProtocols:167 - Finger table entry 75: process2
2025-04-16 15:19:05 INFO  ChordProtocols:167 - Finger table entry 76: process2
2025-04-16 15:19:05 INFO  ChordProtocols:167 - Finger table entry 77: process2
2025-04-16 15:19:05 INFO  ChordProtocols:167 - Finger table entry 78: process2
2025-04-16 15:19:05 INFO  ChordProtocols:167 - Finger table entry 79: process2
2025-04-16 15:19:05 INFO  ChordProtocols:167 - Finger table entry 80: process2
2025-04-16 15:19:05 INFO  ChordProtocols:167 - Finger table entry 81: process2
2025-04-16 15:19:05 INFO  ChordProtocols:167 - Finger table entry 82: process2
2025-04-16 15:19:05 INFO  ChordProtocols:167 - Finger table entry 83: process2
2025-04-16 15:19:05 INFO  ChordProtocols:167 - Finger table entry 84: process2
2025-04-16 15:19:05 INFO  ChordProtocols:167 - Finger table entry 85: process2
2025-04-16 15:19:05 INFO  ChordProtocols:167 - Finger table entry 86: process2
2025-04-16 15:19:05 INFO  ChordProtocols:167 - Finger table entry 87: process2
2025-04-16 15:19:05 INFO  ChordProtocols:167 - Finger table entry 88: process2
2025-04-16 15:19:05 INFO  ChordProtocols:167 - Finger table entry 89: process2
2025-04-16 15:19:05 INFO  ChordProtocols:167 - Finger table entry 90: process2
2025-04-16 15:19:05 INFO  ChordProtocols:167 - Finger table entry 91: process2
2025-04-16 15:19:05 INFO  ChordProtocols:167 - Finger table entry 92: process2
2025-04-16 15:19:05 INFO  ChordProtocols:167 - Finger table entry 93: process2
2025-04-16 15:19:05 INFO  ChordProtocols:167 - Finger table entry 94: process2
2025-04-16 15:19:05 INFO  ChordProtocols:167 - Finger table entry 95: process2
2025-04-16 15:19:05 INFO  ChordProtocols:167 - Finger table entry 96: process2
2025-04-16 15:19:05 INFO  ChordProtocols:167 - Finger table entry 97: process2
2025-04-16 15:19:05 INFO  ChordProtocols:167 - Finger table entry 98: process2
2025-04-16 15:19:05 INFO  ChordProtocols:167 - Finger table entry 99: process2
2025-04-16 15:19:05 INFO  ChordProtocols:167 - Finger table entry 100: process2
2025-04-16 15:19:05 INFO  ChordProtocols:167 - Finger table entry 101: process2
2025-04-16 15:19:05 INFO  ChordProtocols:167 - Finger table entry 102: process2
2025-04-16 15:19:05 INFO  ChordProtocols:167 - Finger table entry 103: process2
2025-04-16 15:19:05 INFO  ChordProtocols:167 - Finger table entry 104: process2
2025-04-16 15:19:05 INFO  ChordProtocols:167 - Finger table entry 105: process2
2025-04-16 15:19:05 INFO  ChordProtocols:167 - Finger table entry 106: process2
2025-04-16 15:19:05 INFO  ChordProtocols:167 - Finger table entry 107: process2
2025-04-16 15:19:05 INFO  ChordProtocols:167 - Finger table entry 108: process2
2025-04-16 15:19:05 INFO  ChordProtocols:167 - Finger table entry 109: process2
2025-04-16 15:19:05 INFO  ChordProtocols:167 - Finger table entry 110: process2
2025-04-16 15:19:05 INFO  ChordProtocols:167 - Finger table entry 111: process2
2025-04-16 15:19:05 INFO  ChordProtocols:167 - Finger table entry 112: process2
2025-04-16 15:19:05 INFO  ChordProtocols:167 - Finger table entry 113: process2
2025-04-16 15:19:05 INFO  ChordProtocols:167 - Finger table entry 114: process2
2025-04-16 15:19:05 INFO  ChordProtocols:167 - Finger table entry 115: process2
2025-04-16 15:19:05 INFO  ChordProtocols:167 - Finger table entry 116: process2
2025-04-16 15:19:05 INFO  ChordProtocols:167 - Finger table entry 117: process2
2025-04-16 15:19:05 INFO  ChordProtocols:167 - Finger table entry 118: process2
2025-04-16 15:19:05 INFO  ChordProtocols:167 - Finger table entry 119: process2
2025-04-16 15:19:05 INFO  ChordProtocols:167 - Finger table entry 120: process2
2025-04-16 15:19:05 INFO  ChordProtocols:167 - Finger table entry 121: process2
2025-04-16 15:19:05 INFO  ChordProtocols:167 - Finger table entry 122: process2
2025-04-16 15:19:05 INFO  ChordProtocols:167 - Finger table entry 123: process2
2025-04-16 15:19:05 INFO  ChordProtocols:167 - Finger table entry 124: process2
2025-04-16 15:19:05 INFO  ChordProtocols:167 - Finger table entry 125: process2
2025-04-16 15:19:05 INFO  ChordProtocols:167 - Finger table entry 126: process2
2025-04-16 15:19:05 INFO  ChordProtocols:167 - Finger table entry 127: process2
2025-04-16 15:19:05 INFO  ChordProtocols:167 - Finger table entry 128: process2
2025-04-16 15:19:05 INFO  ChordProtocols:167 - Finger table entry 129: process2
2025-04-16 15:19:05 INFO  ChordProtocols:167 - Finger table entry 130: process2
2025-04-16 15:19:05 INFO  ChordProtocols:167 - Finger table entry 131: process2
2025-04-16 15:19:05 INFO  ChordProtocols:167 - Finger table entry 132: process2
2025-04-16 15:19:05 INFO  ChordProtocols:167 - Finger table entry 133: process2
2025-04-16 15:19:05 INFO  ChordProtocols:167 - Finger table entry 134: process2
2025-04-16 15:19:05 INFO  ChordProtocols:167 - Finger table entry 135: process2
2025-04-16 15:19:05 INFO  ChordProtocols:167 - Finger table entry 136: process2
2025-04-16 15:19:05 INFO  ChordProtocols:167 - Finger table entry 137: process2
2025-04-16 15:19:05 INFO  ChordProtocols:167 - Finger table entry 138: process2
2025-04-16 15:19:05 INFO  ChordProtocols:167 - Finger table entry 139: process2
2025-04-16 15:19:05 INFO  ChordProtocols:167 - Finger table entry 140: process2
2025-04-16 15:19:05 INFO  ChordProtocols:167 - Finger table entry 141: process2
2025-04-16 15:19:05 INFO  ChordProtocols:167 - Finger table entry 142: process2
2025-04-16 15:19:05 INFO  ChordProtocols:167 - Finger table entry 143: process2
2025-04-16 15:19:05 INFO  ChordProtocols:167 - Finger table entry 144: process2
2025-04-16 15:19:05 INFO  ChordProtocols:167 - Finger table entry 145: process2
2025-04-16 15:19:05 INFO  ChordProtocols:167 - Finger table entry 146: process2
2025-04-16 15:19:05 INFO  ChordProtocols:167 - Finger table entry 147: process2
2025-04-16 15:19:05 INFO  ChordProtocols:167 - Finger table entry 148: process2
2025-04-16 15:19:05 INFO  ChordProtocols:167 - Finger table entry 149: process2
2025-04-16 15:19:05 INFO  ChordProtocols:167 - Finger table entry 150: process2
2025-04-16 15:19:05 INFO  ChordProtocols:167 - Finger table entry 151: process2
2025-04-16 15:19:05 INFO  ChordProtocols:167 - Finger table entry 152: process2
2025-04-16 15:19:05 INFO  ChordProtocols:167 - Finger table entry 153: process2
2025-04-16 15:19:05 INFO  ChordProtocols:167 - Finger table entry 154: process2
2025-04-16 15:19:05 INFO  ChordProtocols:167 - Finger table entry 155: process2
2025-04-16 15:19:05 INFO  ChordProtocols:167 - Finger table entry 156: process2
2025-04-16 15:19:05 INFO  ChordProtocols:167 - Finger table entry 157: process2
2025-04-16 15:19:05 INFO  ChordProtocols:167 - Finger table entry 158: process2
2025-04-16 15:19:05 INFO  ChordProtocols:167 - Finger table entry 159: process2
2025-04-16 15:19:05 INFO  StabilizationProtocols:60 - Checking the predecessor for Node: process4
==================================
Node Identifier = 210821560651360572675896360671414673172
Node IP address = process4
successor(process4) = process2
predecessor(process4) = process5
Current File keys for process4 => []
==================================
2025-04-16 15:19:05 INFO  StabilizationProtocols:130 - Updating the successor for Node: process5
2025-04-16 15:19:05 INFO  StabilizationProtocols:84 - Stabilizing ring from process5...
2025-04-16 15:19:05 INFO  StabilizationProtocols:91 - Stabilize ring: succnode = process4
2025-04-16 15:19:05 INFO  StabilizationProtocols:113 - Finished stabilizing chordring from process5
2025-04-16 15:19:05 INFO  ChordProtocols:157 - Fixing the FingerTable for Node: process5
2025-04-16 15:19:05 INFO  ChordProtocols:167 - Finger table entry 0: process4
2025-04-16 15:19:05 INFO  ChordProtocols:167 - Finger table entry 1: process4
2025-04-16 15:19:05 INFO  ChordProtocols:167 - Finger table entry 2: process4
2025-04-16 15:19:05 INFO  ChordProtocols:167 - Finger table entry 3: process4
2025-04-16 15:19:05 INFO  ChordProtocols:167 - Finger table entry 4: process4
2025-04-16 15:19:05 INFO  ChordProtocols:167 - Finger table entry 5: process4
2025-04-16 15:19:05 INFO  ChordProtocols:167 - Finger table entry 6: process4
2025-04-16 15:19:05 INFO  ChordProtocols:167 - Finger table entry 7: process4
2025-04-16 15:19:05 INFO  ChordProtocols:167 - Finger table entry 8: process4
2025-04-16 15:19:05 INFO  ChordProtocols:167 - Finger table entry 9: process4
2025-04-16 15:19:05 INFO  ChordProtocols:167 - Finger table entry 10: process4
2025-04-16 15:19:05 INFO  ChordProtocols:167 - Finger table entry 11: process4
2025-04-16 15:19:05 INFO  ChordProtocols:167 - Finger table entry 12: process4
2025-04-16 15:19:05 INFO  ChordProtocols:167 - Finger table entry 13: process4
2025-04-16 15:19:05 INFO  ChordProtocols:167 - Finger table entry 14: process4
2025-04-16 15:19:05 INFO  ChordProtocols:167 - Finger table entry 15: process4
2025-04-16 15:19:05 INFO  ChordProtocols:167 - Finger table entry 16: process4
2025-04-16 15:19:05 INFO  ChordProtocols:167 - Finger table entry 17: process4
2025-04-16 15:19:05 INFO  ChordProtocols:167 - Finger table entry 18: process4
2025-04-16 15:19:05 INFO  ChordProtocols:167 - Finger table entry 19: process4
2025-04-16 15:19:05 INFO  ChordProtocols:167 - Finger table entry 20: process4
2025-04-16 15:19:05 INFO  ChordProtocols:167 - Finger table entry 21: process4
2025-04-16 15:19:05 INFO  ChordProtocols:167 - Finger table entry 22: process4
2025-04-16 15:19:05 INFO  ChordProtocols:167 - Finger table entry 23: process4
2025-04-16 15:19:05 INFO  ChordProtocols:167 - Finger table entry 24: process4
2025-04-16 15:19:05 INFO  ChordProtocols:167 - Finger table entry 25: process4
2025-04-16 15:19:05 INFO  ChordProtocols:167 - Finger table entry 26: process4
2025-04-16 15:19:05 INFO  ChordProtocols:167 - Finger table entry 27: process4
2025-04-16 15:19:05 INFO  ChordProtocols:167 - Finger table entry 28: process4
2025-04-16 15:19:05 INFO  ChordProtocols:167 - Finger table entry 29: process4
2025-04-16 15:19:05 INFO  ChordProtocols:167 - Finger table entry 30: process4
2025-04-16 15:19:05 INFO  ChordProtocols:167 - Finger table entry 31: process4
2025-04-16 15:19:05 INFO  ChordProtocols:167 - Finger table entry 32: process4
2025-04-16 15:19:05 INFO  ChordProtocols:167 - Finger table entry 33: process4
2025-04-16 15:19:05 INFO  ChordProtocols:167 - Finger table entry 34: process4
2025-04-16 15:19:05 INFO  ChordProtocols:167 - Finger table entry 35: process4
2025-04-16 15:19:05 INFO  ChordProtocols:167 - Finger table entry 36: process4
2025-04-16 15:19:05 INFO  ChordProtocols:167 - Finger table entry 37: process4
2025-04-16 15:19:05 INFO  ChordProtocols:167 - Finger table entry 38: process4
2025-04-16 15:19:05 INFO  ChordProtocols:167 - Finger table entry 39: process4
2025-04-16 15:19:05 INFO  ChordProtocols:167 - Finger table entry 40: process4
2025-04-16 15:19:05 INFO  ChordProtocols:167 - Finger table entry 41: process4
2025-04-16 15:19:05 INFO  ChordProtocols:167 - Finger table entry 42: process4
2025-04-16 15:19:05 INFO  ChordProtocols:167 - Finger table entry 43: process4
2025-04-16 15:19:05 INFO  ChordProtocols:167 - Finger table entry 44: process4
2025-04-16 15:19:05 INFO  ChordProtocols:167 - Finger table entry 45: process4
2025-04-16 15:19:05 INFO  ChordProtocols:167 - Finger table entry 46: process4
2025-04-16 15:19:05 INFO  ChordProtocols:167 - Finger table entry 47: process4
2025-04-16 15:19:05 INFO  ChordProtocols:167 - Finger table entry 48: process4
2025-04-16 15:19:05 INFO  ChordProtocols:167 - Finger table entry 49: process4
2025-04-16 15:19:05 INFO  ChordProtocols:167 - Finger table entry 50: process4
2025-04-16 15:19:05 INFO  ChordProtocols:167 - Finger table entry 51: process4
2025-04-16 15:19:05 INFO  ChordProtocols:167 - Finger table entry 52: process4
2025-04-16 15:19:05 INFO  ChordProtocols:167 - Finger table entry 53: process4
2025-04-16 15:19:05 INFO  ChordProtocols:167 - Finger table entry 54: process4
2025-04-16 15:19:05 INFO  ChordProtocols:167 - Finger table entry 55: process4
2025-04-16 15:19:05 INFO  ChordProtocols:167 - Finger table entry 56: process4
2025-04-16 15:19:05 INFO  ChordProtocols:167 - Finger table entry 57: process4
2025-04-16 15:19:05 INFO  ChordProtocols:167 - Finger table entry 58: process4
2025-04-16 15:19:05 INFO  ChordProtocols:167 - Finger table entry 59: process4
2025-04-16 15:19:05 INFO  ChordProtocols:167 - Finger table entry 60: process4
2025-04-16 15:19:05 INFO  ChordProtocols:167 - Finger table entry 61: process4
2025-04-16 15:19:05 INFO  ChordProtocols:167 - Finger table entry 62: process4
2025-04-16 15:19:05 INFO  ChordProtocols:167 - Finger table entry 63: process4
2025-04-16 15:19:05 INFO  ChordProtocols:167 - Finger table entry 64: process4
2025-04-16 15:19:05 INFO  ChordProtocols:167 - Finger table entry 65: process4
2025-04-16 15:19:05 INFO  ChordProtocols:167 - Finger table entry 66: process4
2025-04-16 15:19:05 INFO  ChordProtocols:167 - Finger table entry 67: process4
2025-04-16 15:19:05 INFO  ChordProtocols:167 - Finger table entry 68: process4
2025-04-16 15:19:05 INFO  ChordProtocols:167 - Finger table entry 69: process4
2025-04-16 15:19:05 INFO  ChordProtocols:167 - Finger table entry 70: process4
2025-04-16 15:19:05 INFO  ChordProtocols:167 - Finger table entry 71: process4
2025-04-16 15:19:05 INFO  ChordProtocols:167 - Finger table entry 72: process4
2025-04-16 15:19:05 INFO  ChordProtocols:167 - Finger table entry 73: process4
2025-04-16 15:19:05 INFO  ChordProtocols:167 - Finger table entry 74: process4
2025-04-16 15:19:05 INFO  ChordProtocols:167 - Finger table entry 75: process4
2025-04-16 15:19:05 INFO  ChordProtocols:167 - Finger table entry 76: process4
2025-04-16 15:19:05 INFO  ChordProtocols:167 - Finger table entry 77: process4
2025-04-16 15:19:05 INFO  ChordProtocols:167 - Finger table entry 78: process4
2025-04-16 15:19:05 INFO  ChordProtocols:167 - Finger table entry 79: process4
2025-04-16 15:19:05 INFO  ChordProtocols:167 - Finger table entry 80: process4
2025-04-16 15:19:05 INFO  ChordProtocols:167 - Finger table entry 81: process4
2025-04-16 15:19:05 INFO  ChordProtocols:167 - Finger table entry 82: process4
2025-04-16 15:19:05 INFO  ChordProtocols:167 - Finger table entry 83: process4
2025-04-16 15:19:05 INFO  ChordProtocols:167 - Finger table entry 84: process4
2025-04-16 15:19:05 INFO  ChordProtocols:167 - Finger table entry 85: process4
2025-04-16 15:19:05 INFO  ChordProtocols:167 - Finger table entry 86: process4
2025-04-16 15:19:05 INFO  ChordProtocols:167 - Finger table entry 87: process4
2025-04-16 15:19:05 INFO  ChordProtocols:167 - Finger table entry 88: process4
2025-04-16 15:19:05 INFO  ChordProtocols:167 - Finger table entry 89: process4
2025-04-16 15:19:05 INFO  ChordProtocols:167 - Finger table entry 90: process4
2025-04-16 15:19:05 INFO  ChordProtocols:167 - Finger table entry 91: process4
2025-04-16 15:19:05 INFO  ChordProtocols:167 - Finger table entry 92: process4
2025-04-16 15:19:05 INFO  ChordProtocols:167 - Finger table entry 93: process4
2025-04-16 15:19:05 INFO  ChordProtocols:167 - Finger table entry 94: process4
2025-04-16 15:19:05 INFO  ChordProtocols:167 - Finger table entry 95: process4
2025-04-16 15:19:05 INFO  ChordProtocols:167 - Finger table entry 96: process4
2025-04-16 15:19:05 INFO  ChordProtocols:167 - Finger table entry 97: process4
2025-04-16 15:19:05 INFO  ChordProtocols:167 - Finger table entry 98: process4
2025-04-16 15:19:05 INFO  ChordProtocols:167 - Finger table entry 99: process4
2025-04-16 15:19:05 INFO  ChordProtocols:167 - Finger table entry 100: process4
2025-04-16 15:19:05 INFO  ChordProtocols:167 - Finger table entry 101: process4
2025-04-16 15:19:05 INFO  ChordProtocols:167 - Finger table entry 102: process4
2025-04-16 15:19:05 INFO  ChordProtocols:167 - Finger table entry 103: process4
2025-04-16 15:19:05 INFO  ChordProtocols:167 - Finger table entry 104: process4
2025-04-16 15:19:05 INFO  ChordProtocols:167 - Finger table entry 105: process4
2025-04-16 15:19:05 INFO  ChordProtocols:167 - Finger table entry 106: process4
2025-04-16 15:19:05 INFO  ChordProtocols:167 - Finger table entry 107: process4
2025-04-16 15:19:05 INFO  ChordProtocols:167 - Finger table entry 108: process4
2025-04-16 15:19:05 INFO  ChordProtocols:167 - Finger table entry 109: process4
2025-04-16 15:19:05 INFO  ChordProtocols:167 - Finger table entry 110: process4
2025-04-16 15:19:05 INFO  ChordProtocols:167 - Finger table entry 111: process4
2025-04-16 15:19:05 INFO  ChordProtocols:167 - Finger table entry 112: process4
2025-04-16 15:19:05 INFO  ChordProtocols:167 - Finger table entry 113: process4
2025-04-16 15:19:05 INFO  ChordProtocols:167 - Finger table entry 114: process4
2025-04-16 15:19:05 INFO  ChordProtocols:167 - Finger table entry 115: process4
2025-04-16 15:19:05 INFO  ChordProtocols:167 - Finger table entry 116: process4
2025-04-16 15:19:05 INFO  ChordProtocols:167 - Finger table entry 117: process4
2025-04-16 15:19:05 INFO  ChordProtocols:167 - Finger table entry 118: process4
2025-04-16 15:19:05 INFO  ChordProtocols:167 - Finger table entry 119: process4
2025-04-16 15:19:05 INFO  ChordProtocols:167 - Finger table entry 120: process4
2025-04-16 15:19:05 INFO  ChordProtocols:167 - Finger table entry 121: process4
2025-04-16 15:19:05 INFO  ChordProtocols:167 - Finger table entry 122: process4
2025-04-16 15:19:05 INFO  ChordProtocols:167 - Finger table entry 123: process4
2025-04-16 15:19:05 INFO  ChordProtocols:167 - Finger table entry 124: process4
2025-04-16 15:19:05 INFO  ChordProtocols:167 - Finger table entry 125: process4
2025-04-16 15:19:05 INFO  ChordProtocols:167 - Finger table entry 126: process4
2025-04-16 15:19:05 INFO  ChordProtocols:167 - Finger table entry 127: process4
2025-04-16 15:19:05 INFO  ChordProtocols:167 - Finger table entry 128: process4
2025-04-16 15:19:05 INFO  ChordProtocols:167 - Finger table entry 129: process4
2025-04-16 15:19:05 INFO  ChordProtocols:167 - Finger table entry 130: process4
2025-04-16 15:19:05 INFO  ChordProtocols:167 - Finger table entry 131: process4
2025-04-16 15:19:05 INFO  ChordProtocols:167 - Finger table entry 132: process4
2025-04-16 15:19:05 INFO  ChordProtocols:167 - Finger table entry 133: process4
2025-04-16 15:19:05 INFO  ChordProtocols:167 - Finger table entry 134: process4
2025-04-16 15:19:05 INFO  ChordProtocols:167 - Finger table entry 135: process4
2025-04-16 15:19:05 INFO  ChordProtocols:167 - Finger table entry 136: process4
2025-04-16 15:19:05 INFO  ChordProtocols:167 - Finger table entry 137: process4
2025-04-16 15:19:05 INFO  ChordProtocols:167 - Finger table entry 138: process4
2025-04-16 15:19:05 INFO  ChordProtocols:167 - Finger table entry 139: process4
2025-04-16 15:19:05 INFO  ChordProtocols:167 - Finger table entry 140: process4
2025-04-16 15:19:05 INFO  ChordProtocols:167 - Finger table entry 141: process4
2025-04-16 15:19:05 INFO  ChordProtocols:167 - Finger table entry 142: process4
2025-04-16 15:19:05 INFO  ChordProtocols:167 - Finger table entry 143: process4
2025-04-16 15:19:05 INFO  ChordProtocols:167 - Finger table entry 144: process4
2025-04-16 15:19:05 INFO  ChordProtocols:167 - Finger table entry 145: process4
2025-04-16 15:19:05 INFO  ChordProtocols:167 - Finger table entry 146: process4
2025-04-16 15:19:05 INFO  ChordProtocols:167 - Finger table entry 147: process4
2025-04-16 15:19:05 INFO  ChordProtocols:167 - Finger table entry 148: process4
2025-04-16 15:19:05 INFO  ChordProtocols:167 - Finger table entry 149: process4
2025-04-16 15:19:05 INFO  ChordProtocols:167 - Finger table entry 150: process4
2025-04-16 15:19:05 INFO  ChordProtocols:167 - Finger table entry 151: process4
2025-04-16 15:19:05 INFO  ChordProtocols:167 - Finger table entry 152: process4
2025-04-16 15:19:05 INFO  ChordProtocols:167 - Finger table entry 153: process4
2025-04-16 15:19:05 INFO  ChordProtocols:167 - Finger table entry 154: process4
2025-04-16 15:19:05 INFO  ChordProtocols:167 - Finger table entry 155: process4
2025-04-16 15:19:05 INFO  ChordProtocols:167 - Finger table entry 156: process4
2025-04-16 15:19:05 INFO  ChordProtocols:167 - Finger table entry 157: process4
2025-04-16 15:19:05 INFO  ChordProtocols:167 - Finger table entry 158: process4
2025-04-16 15:19:05 INFO  ChordProtocols:167 - Finger table entry 159: process4
2025-04-16 15:19:05 INFO  StabilizationProtocols:60 - Checking the predecessor for Node: process5
==================================
Node Identifier = 121411138451101288395601026024677976156
Node IP address = process5
successor(process5) = process4
predecessor(process5) = process3
Current File keys for process5 => []
==================================
2025-04-16 15:19:06 INFO  StabilizationProtocols:130 - Updating the successor for Node: process1
2025-04-16 15:19:06 INFO  StabilizationProtocols:165 - Finished updating the successor for Node: process1
2025-04-16 15:19:06 INFO  StabilizationProtocols:84 - Stabilizing ring from process1...
2025-04-16 15:19:06 INFO  StabilizationProtocols:91 - Stabilize ring: succnode = process1
2025-04-16 15:19:06 INFO  StabilizationProtocols:113 - Finished stabilizing chordring from process1
2025-04-16 15:19:06 INFO  ChordProtocols:157 - Fixing the FingerTable for Node: process1
2025-04-16 15:19:06 INFO  ChordProtocols:167 - Finger table entry 0: process1
2025-04-16 15:19:06 INFO  ChordProtocols:167 - Finger table entry 1: process1
2025-04-16 15:19:06 INFO  ChordProtocols:167 - Finger table entry 2: process1
2025-04-16 15:19:06 INFO  ChordProtocols:167 - Finger table entry 3: process1
2025-04-16 15:19:06 INFO  ChordProtocols:167 - Finger table entry 4: process1
2025-04-16 15:19:06 INFO  ChordProtocols:167 - Finger table entry 5: process1
2025-04-16 15:19:06 INFO  ChordProtocols:167 - Finger table entry 6: process1
2025-04-16 15:19:06 INFO  ChordProtocols:167 - Finger table entry 7: process1
2025-04-16 15:19:06 INFO  ChordProtocols:167 - Finger table entry 8: process1
2025-04-16 15:19:06 INFO  ChordProtocols:167 - Finger table entry 9: process1
2025-04-16 15:19:06 INFO  ChordProtocols:167 - Finger table entry 10: process1
2025-04-16 15:19:06 INFO  ChordProtocols:167 - Finger table entry 11: process1
2025-04-16 15:19:06 INFO  ChordProtocols:167 - Finger table entry 12: process1
2025-04-16 15:19:06 INFO  ChordProtocols:167 - Finger table entry 13: process1
2025-04-16 15:19:06 INFO  ChordProtocols:167 - Finger table entry 14: process1
2025-04-16 15:19:06 INFO  ChordProtocols:167 - Finger table entry 15: process1
2025-04-16 15:19:06 INFO  ChordProtocols:167 - Finger table entry 16: process1
2025-04-16 15:19:06 INFO  ChordProtocols:167 - Finger table entry 17: process1
2025-04-16 15:19:06 INFO  ChordProtocols:167 - Finger table entry 18: process1
2025-04-16 15:19:06 INFO  ChordProtocols:167 - Finger table entry 19: process1
2025-04-16 15:19:06 INFO  ChordProtocols:167 - Finger table entry 20: process1
2025-04-16 15:19:06 INFO  ChordProtocols:167 - Finger table entry 21: process1
2025-04-16 15:19:06 INFO  ChordProtocols:167 - Finger table entry 22: process1
2025-04-16 15:19:06 INFO  ChordProtocols:167 - Finger table entry 23: process1
2025-04-16 15:19:06 INFO  ChordProtocols:167 - Finger table entry 24: process1
2025-04-16 15:19:06 INFO  ChordProtocols:167 - Finger table entry 25: process1
2025-04-16 15:19:06 INFO  ChordProtocols:167 - Finger table entry 26: process1
2025-04-16 15:19:06 INFO  ChordProtocols:167 - Finger table entry 27: process1
2025-04-16 15:19:06 INFO  ChordProtocols:167 - Finger table entry 28: process1
2025-04-16 15:19:06 INFO  ChordProtocols:167 - Finger table entry 29: process1
2025-04-16 15:19:06 INFO  ChordProtocols:167 - Finger table entry 30: process1
2025-04-16 15:19:06 INFO  ChordProtocols:167 - Finger table entry 31: process1
2025-04-16 15:19:06 INFO  ChordProtocols:167 - Finger table entry 32: process1
2025-04-16 15:19:06 INFO  ChordProtocols:167 - Finger table entry 33: process1
2025-04-16 15:19:06 INFO  ChordProtocols:167 - Finger table entry 34: process1
2025-04-16 15:19:06 INFO  ChordProtocols:167 - Finger table entry 35: process1
2025-04-16 15:19:06 INFO  ChordProtocols:167 - Finger table entry 36: process1
2025-04-16 15:19:06 INFO  ChordProtocols:167 - Finger table entry 37: process1
2025-04-16 15:19:06 INFO  ChordProtocols:167 - Finger table entry 38: process1
2025-04-16 15:19:06 INFO  ChordProtocols:167 - Finger table entry 39: process1
2025-04-16 15:19:06 INFO  ChordProtocols:167 - Finger table entry 40: process1
2025-04-16 15:19:06 INFO  ChordProtocols:167 - Finger table entry 41: process1
2025-04-16 15:19:06 INFO  ChordProtocols:167 - Finger table entry 42: process1
2025-04-16 15:19:06 INFO  ChordProtocols:167 - Finger table entry 43: process1
2025-04-16 15:19:06 INFO  ChordProtocols:167 - Finger table entry 44: process1
2025-04-16 15:19:06 INFO  ChordProtocols:167 - Finger table entry 45: process1
2025-04-16 15:19:06 INFO  ChordProtocols:167 - Finger table entry 46: process1
2025-04-16 15:19:06 INFO  ChordProtocols:167 - Finger table entry 47: process1
2025-04-16 15:19:06 INFO  ChordProtocols:167 - Finger table entry 48: process1
2025-04-16 15:19:06 INFO  ChordProtocols:167 - Finger table entry 49: process1
2025-04-16 15:19:06 INFO  ChordProtocols:167 - Finger table entry 50: process1
2025-04-16 15:19:06 INFO  ChordProtocols:167 - Finger table entry 51: process1
2025-04-16 15:19:06 INFO  ChordProtocols:167 - Finger table entry 52: process1
2025-04-16 15:19:06 INFO  ChordProtocols:167 - Finger table entry 53: process1
2025-04-16 15:19:06 INFO  ChordProtocols:167 - Finger table entry 54: process1
2025-04-16 15:19:06 INFO  ChordProtocols:167 - Finger table entry 55: process1
2025-04-16 15:19:06 INFO  ChordProtocols:167 - Finger table entry 56: process1
2025-04-16 15:19:06 INFO  ChordProtocols:167 - Finger table entry 57: process1
2025-04-16 15:19:06 INFO  ChordProtocols:167 - Finger table entry 58: process1
2025-04-16 15:19:06 INFO  ChordProtocols:167 - Finger table entry 59: process1
2025-04-16 15:19:06 INFO  ChordProtocols:167 - Finger table entry 60: process1
2025-04-16 15:19:06 INFO  ChordProtocols:167 - Finger table entry 61: process1
2025-04-16 15:19:06 INFO  ChordProtocols:167 - Finger table entry 62: process1
2025-04-16 15:19:06 INFO  ChordProtocols:167 - Finger table entry 63: process1
2025-04-16 15:19:06 INFO  ChordProtocols:167 - Finger table entry 64: process1
2025-04-16 15:19:06 INFO  ChordProtocols:167 - Finger table entry 65: process1
2025-04-16 15:19:06 INFO  ChordProtocols:167 - Finger table entry 66: process1
2025-04-16 15:19:06 INFO  ChordProtocols:167 - Finger table entry 67: process1
2025-04-16 15:19:06 INFO  ChordProtocols:167 - Finger table entry 68: process1
2025-04-16 15:19:06 INFO  ChordProtocols:167 - Finger table entry 69: process1
2025-04-16 15:19:06 INFO  ChordProtocols:167 - Finger table entry 70: process1
2025-04-16 15:19:06 INFO  ChordProtocols:167 - Finger table entry 71: process1
2025-04-16 15:19:06 INFO  ChordProtocols:167 - Finger table entry 72: process1
2025-04-16 15:19:06 INFO  ChordProtocols:167 - Finger table entry 73: process1
2025-04-16 15:19:06 INFO  ChordProtocols:167 - Finger table entry 74: process1
2025-04-16 15:19:06 INFO  ChordProtocols:167 - Finger table entry 75: process1
2025-04-16 15:19:06 INFO  ChordProtocols:167 - Finger table entry 76: process1
2025-04-16 15:19:06 INFO  ChordProtocols:167 - Finger table entry 77: process1
2025-04-16 15:19:06 INFO  ChordProtocols:167 - Finger table entry 78: process1
2025-04-16 15:19:06 INFO  ChordProtocols:167 - Finger table entry 79: process1
2025-04-16 15:19:06 INFO  ChordProtocols:167 - Finger table entry 80: process1
2025-04-16 15:19:06 INFO  ChordProtocols:167 - Finger table entry 81: process1
2025-04-16 15:19:06 INFO  ChordProtocols:167 - Finger table entry 82: process1
2025-04-16 15:19:06 INFO  ChordProtocols:167 - Finger table entry 83: process1
2025-04-16 15:19:06 INFO  ChordProtocols:167 - Finger table entry 84: process1
2025-04-16 15:19:06 INFO  ChordProtocols:167 - Finger table entry 85: process1
2025-04-16 15:19:06 INFO  ChordProtocols:167 - Finger table entry 86: process1
2025-04-16 15:19:06 INFO  ChordProtocols:167 - Finger table entry 87: process1
2025-04-16 15:19:06 INFO  ChordProtocols:167 - Finger table entry 88: process1
2025-04-16 15:19:06 INFO  ChordProtocols:167 - Finger table entry 89: process1
2025-04-16 15:19:06 INFO  ChordProtocols:167 - Finger table entry 90: process1
2025-04-16 15:19:06 INFO  ChordProtocols:167 - Finger table entry 91: process1
2025-04-16 15:19:06 INFO  ChordProtocols:167 - Finger table entry 92: process1
2025-04-16 15:19:06 INFO  ChordProtocols:167 - Finger table entry 93: process1
2025-04-16 15:19:06 INFO  ChordProtocols:167 - Finger table entry 94: process1
2025-04-16 15:19:06 INFO  ChordProtocols:167 - Finger table entry 95: process1
2025-04-16 15:19:06 INFO  ChordProtocols:167 - Finger table entry 96: process1
2025-04-16 15:19:06 INFO  ChordProtocols:167 - Finger table entry 97: process1
2025-04-16 15:19:06 INFO  ChordProtocols:167 - Finger table entry 98: process1
2025-04-16 15:19:06 INFO  ChordProtocols:167 - Finger table entry 99: process1
2025-04-16 15:19:06 INFO  ChordProtocols:167 - Finger table entry 100: process1
2025-04-16 15:19:06 INFO  ChordProtocols:167 - Finger table entry 101: process1
2025-04-16 15:19:06 INFO  ChordProtocols:167 - Finger table entry 102: process1
2025-04-16 15:19:06 INFO  ChordProtocols:167 - Finger table entry 103: process1
2025-04-16 15:19:06 INFO  ChordProtocols:167 - Finger table entry 104: process1
2025-04-16 15:19:06 INFO  ChordProtocols:167 - Finger table entry 105: process1
2025-04-16 15:19:06 INFO  ChordProtocols:167 - Finger table entry 106: process1
2025-04-16 15:19:06 INFO  ChordProtocols:167 - Finger table entry 107: process1
2025-04-16 15:19:06 INFO  ChordProtocols:167 - Finger table entry 108: process1
2025-04-16 15:19:06 INFO  ChordProtocols:167 - Finger table entry 109: process1
2025-04-16 15:19:06 INFO  ChordProtocols:167 - Finger table entry 110: process1
2025-04-16 15:19:06 INFO  ChordProtocols:167 - Finger table entry 111: process1
2025-04-16 15:19:06 INFO  ChordProtocols:167 - Finger table entry 112: process1
2025-04-16 15:19:06 INFO  ChordProtocols:167 - Finger table entry 113: process1
2025-04-16 15:19:06 INFO  ChordProtocols:167 - Finger table entry 114: process1
2025-04-16 15:19:06 INFO  ChordProtocols:167 - Finger table entry 115: process1
2025-04-16 15:19:06 INFO  ChordProtocols:167 - Finger table entry 116: process1
2025-04-16 15:19:06 INFO  ChordProtocols:167 - Finger table entry 117: process1
2025-04-16 15:19:06 INFO  ChordProtocols:167 - Finger table entry 118: process1
2025-04-16 15:19:06 INFO  ChordProtocols:167 - Finger table entry 119: process1
2025-04-16 15:19:06 INFO  ChordProtocols:167 - Finger table entry 120: process1
2025-04-16 15:19:06 INFO  ChordProtocols:167 - Finger table entry 121: process1
2025-04-16 15:19:06 INFO  ChordProtocols:167 - Finger table entry 122: process1
2025-04-16 15:19:06 INFO  ChordProtocols:167 - Finger table entry 123: process1
2025-04-16 15:19:06 INFO  ChordProtocols:167 - Finger table entry 124: process1
2025-04-16 15:19:06 INFO  ChordProtocols:167 - Finger table entry 125: process1
2025-04-16 15:19:06 INFO  ChordProtocols:167 - Finger table entry 126: process1
2025-04-16 15:19:06 INFO  ChordProtocols:167 - Finger table entry 127: process1
2025-04-16 15:19:06 INFO  ChordProtocols:167 - Finger table entry 128: process1
2025-04-16 15:19:06 INFO  ChordProtocols:167 - Finger table entry 129: process1
2025-04-16 15:19:06 INFO  ChordProtocols:167 - Finger table entry 130: process1
2025-04-16 15:19:06 INFO  ChordProtocols:167 - Finger table entry 131: process1
2025-04-16 15:19:06 INFO  ChordProtocols:167 - Finger table entry 132: process1
2025-04-16 15:19:06 INFO  ChordProtocols:167 - Finger table entry 133: process1
2025-04-16 15:19:06 INFO  ChordProtocols:167 - Finger table entry 134: process1
2025-04-16 15:19:06 INFO  ChordProtocols:167 - Finger table entry 135: process1
2025-04-16 15:19:06 INFO  ChordProtocols:167 - Finger table entry 136: process1
2025-04-16 15:19:06 INFO  ChordProtocols:167 - Finger table entry 137: process1
2025-04-16 15:19:06 INFO  ChordProtocols:167 - Finger table entry 138: process1
2025-04-16 15:19:06 INFO  ChordProtocols:167 - Finger table entry 139: process1
2025-04-16 15:19:06 INFO  ChordProtocols:167 - Finger table entry 140: process1
2025-04-16 15:19:06 INFO  ChordProtocols:167 - Finger table entry 141: process1
2025-04-16 15:19:06 INFO  ChordProtocols:167 - Finger table entry 142: process1
2025-04-16 15:19:06 INFO  ChordProtocols:167 - Finger table entry 143: process1
2025-04-16 15:19:06 INFO  ChordProtocols:167 - Finger table entry 144: process1
2025-04-16 15:19:06 INFO  ChordProtocols:167 - Finger table entry 145: process1
2025-04-16 15:19:06 INFO  ChordProtocols:167 - Finger table entry 146: process1
2025-04-16 15:19:06 INFO  ChordProtocols:167 - Finger table entry 147: process1
2025-04-16 15:19:06 INFO  ChordProtocols:167 - Finger table entry 148: process1
2025-04-16 15:19:06 INFO  ChordProtocols:167 - Finger table entry 149: process1
2025-04-16 15:19:06 INFO  ChordProtocols:167 - Finger table entry 150: process1
2025-04-16 15:19:06 INFO  ChordProtocols:167 - Finger table entry 151: process1
2025-04-16 15:19:06 INFO  ChordProtocols:167 - Finger table entry 152: process1
2025-04-16 15:19:06 INFO  ChordProtocols:167 - Finger table entry 153: process1
2025-04-16 15:19:06 INFO  ChordProtocols:167 - Finger table entry 154: process1
2025-04-16 15:19:06 INFO  ChordProtocols:167 - Finger table entry 155: process1
2025-04-16 15:19:06 INFO  ChordProtocols:167 - Finger table entry 156: process1
2025-04-16 15:19:06 INFO  ChordProtocols:167 - Finger table entry 157: process1
2025-04-16 15:19:06 INFO  ChordProtocols:167 - Finger table entry 158: process1
2025-04-16 15:19:06 INFO  ChordProtocols:167 - Finger table entry 159: process1
2025-04-16 15:19:06 INFO  StabilizationProtocols:60 - Checking the predecessor for Node: process1
==================================
Node Identifier = 53937554629190552131995290006614509577
Node IP address = process1
successor(process1) = process1
predecessor(process1) = process2
Current File keys for process1 => [74562840026045028124153328040251671929, 29575379716128161744015795330688223041, 233967213630821084202594656734220443007, 186687894749398084687532899812448214112, 281996937096954112005216067880900766479, 243045117273536917610085544788968257188, 335039714883865487253378294380022372736, 224787814043382533461252738668132702309, 11109457821295383599675955552842910011, 167456874872593751079347553104905917097, 239468046468678799468702753622523462573, 142820278093378998684259892376706304558, 200193767313542181310664967621541439055, 134876162486085576908332736946454226319, 252989321785078311399608286968694554648, 219109341706441288265070987815669215081, 338118628222534603315295789424213798414, 225516283356764104664520683716052595796, 8982529450358818515335315941103837007, 256799875824926708015752771336265639949]
==================================
2025-04-16 15:19:06 INFO  FileManager:65 - Replica created for file: file2_replica_0 with hash: 167456874872593751079347553104905917097
2025-04-16 15:19:06 INFO  FileManager:65 - Replica created for file: file2_replica_1 with hash: 338118628222534603315295789424213798414
2025-04-16 15:19:06 INFO  FileManager:65 - Replica created for file: file2_replica_2 with hash: 29575379716128161744015795330688223041
2025-04-16 15:19:06 INFO  FileManager:65 - Replica created for file: file2_replica_3 with hash: 200193767313542181310664967621541439055
]]></system-out>
  </testcase>
</testsuite>